#
# A fatal error has been detected by the Java Runtime Environment:
#
#  EXCEPTION_ACCESS_VIOLATION (0xc0000005) at pc=0x00007ffac58a1d3c, pid=11924, tid=9724
#
# JRE version: Java(TM) SE Runtime Environment (15.0.2+7) (build 15.0.2+7-27)
# Java VM: Java HotSpot(TM) 64-Bit Server VM (15.0.2+7-27, mixed mode, sharing, tiered, compressed oops, g1 gc, windows-amd64)
# Problematic frame:
# C  [OpenCL.dll+0x1d3c]
#
# No core dump will be written. Minidumps are not enabled by default on client versions of Windows
#
# If you would like to submit a bug report, please visit:
#   https://bugreport.java.com/bugreport/crash.jsp
# The crash happened outside the Java Virtual Machine in native code.
# See problematic frame for where to report the bug.
#

---------------  S U M M A R Y ------------

Command Line: Launcher

Host: AMD Ryzen 5 3600 6-Core Processor              , 12 cores, 15G,  Windows 10 , 64 bit Build 19041 (10.0.19041.804)
Time: Tue Feb 16 01:14:04 2021 Romance Standard Time elapsed time: 2.010399 seconds (0d 0h 0m 2s)

---------------  T H R E A D  ---------------

Current thread (0x000002247cc34200):  JavaThread "game_loop_thread" daemon [_thread_in_native, id=9724, stack(0x0000008ebb400000,0x0000008ebb500000)]

Stack: [0x0000008ebb400000,0x0000008ebb500000],  sp=0x0000008ebb4fed98,  free space=1019k
Native frames: (J=compiled Java code, j=interpreted, Vv=VM code, C=native code)
C  [OpenCL.dll+0x1d3c]

Java frames: (J=compiled Java code, j=interpreted, Vv=VM code)
J 2520  org.jocl.CL.clSetKernelArgNative(Lorg/jocl/cl_kernel;IJLorg/jocl/Pointer;)I (0 bytes) @ 0x000002245e60f223 [0x000002245e60f1a0+0x0000000000000083]
J 2519 c1 org.jocl.CL.clSetKernelArg(Lorg/jocl/cl_kernel;IJLorg/jocl/Pointer;)I (12 bytes) @ 0x000002245743bfac [0x000002245743bf60+0x000000000000004c]
J 2567 c1 engine.render2d.OpenCL.XXX(Ljava/awt/image/BufferedImage;Ljava/awt/image/BufferedImage;FF)V (312 bytes) @ 0x00000224574486b4 [0x00000224574481c0+0x00000000000004f4]
j  engine.scene.Scene.CL_render()V+89
j  engine.stage.Stage.run()V+134
j  java.lang.Thread.run()V+11 java.base@15.0.2
v  ~StubRoutines::call_stub

siginfo: EXCEPTION_ACCESS_VIOLATION (0xc0000005), reading address 0x0000000000000130


Register to memory mapping:

RIP=0x00007ffac58a1d3c OpenCL.dll
RAX=0x0 is NULL
RBX=0x0000008ebb4fee10 is pointing into the stack for thread: 0x000002247cc34200
RCX=0x000002247d3105e0 points into unknown readable memory: 0x0000000000000000 | 00 00 00 00 00 00 00 00
RDX=0x0 is NULL
RSP=0x0000008ebb4fed98 is pointing into the stack for thread: 0x000002247cc34200
RBP=0x0 is NULL
RSI=0x000002247d3105e0 points into unknown readable memory: 0x0000000000000000 | 00 00 00 00 00 00 00 00
RDI=0x000002247cc34528 points into unknown readable memory: 0x00007ffaaaf6de40 | 40 de f6 aa fa 7f 00 00
R8 =0x0000000000000008 is an unknown value
R9 =0x000002247bdf5aa0 points into unknown readable memory: 0x000002247cd1a720 | 20 a7 d1 7c 24 02 00 00
R10=0x00007ffaab00c720 jvm.dll
R11=0x0000000000000010 is an unknown value
R12=0x0 is NULL
R13=0x0000000710e00558 is an oop: java.lang.Class 
{0x0000000710e00558} - klass: 'java/lang/Class'
R14=0x0000008ebb4fee40 is pointing into the stack for thread: 0x000002247cc34200
R15=0x000002247cc34200 is a thread


Registers:
RAX=0x0000000000000000, RBX=0x0000008ebb4fee10, RCX=0x000002247d3105e0, RDX=0x0000000000000000
RSP=0x0000008ebb4fed98, RBP=0x0000000000000000, RSI=0x000002247d3105e0, RDI=0x000002247cc34528
R8 =0x0000000000000008, R9 =0x000002247bdf5aa0, R10=0x00007ffaab00c720, R11=0x0000000000000010
R12=0x0000000000000000, R13=0x0000000710e00558, R14=0x0000008ebb4fee40, R15=0x000002247cc34200
RIP=0x00007ffac58a1d3c, EFLAGS=0x0000000000010202

Top of Stack: (sp=0x0000008ebb4fed98)
0x0000008ebb4fed98:   00007ffada62ceb5 0000000000000000
0x0000008ebb4feda8:   00007ffada642be0 0000008e00000001
0x0000008ebb4fedb8:   0000000000000000 000002247bd07c50
0x0000008ebb4fedc8:   000002247cd18a40 0000000714258018
0x0000008ebb4fedd8:   000002245e60f2c3 000002247d94fbd8
0x0000008ebb4fede8:   0000000000000152 0000008ebb4fee50
0x0000008ebb4fedf8:   000002247cd18a40 0000000000000008
0x0000008ebb4fee08:   0000008ebb4fee28 000000071457e300
0x0000008ebb4fee18:   0000000714257fd8 0000000710ef5980
0x0000008ebb4fee28:   0000000714258018 0000008ebb4ff0d0
0x0000008ebb4fee38:   0000022457444c14 0000000710ef5980
0x0000008ebb4fee48:   0000000000000000 0000008ebb4ff0d0
0x0000008ebb4fee58:   000002245743bfac 0000000000000bc3
0x0000008ebb4fee68:   000002245e61001e 000002247f8a7a38
0x0000008ebb4fee78:   0000000701dc5630 0000008ebb4ff0d0
0x0000008ebb4fee88:   000002245743d194 0000000714257d18 

Instructions: (pc=0x00007ffac58a1d3c)
0x00007ffac58a1c3c:   c0 ff 15 65 04 05 00 48 85 db 75 09 8d 43 e0 48
0x00007ffac58a1c4c:   83 c4 20 5b c3 48 8b 03 48 8b cb 48 83 c4 20 5b
0x00007ffac58a1c5c:   48 ff a0 20 03 00 00 cc cc cc cc cc cc cc cc cc
0x00007ffac58a1c6c:   cc cc cc cc 48 85 c9 75 04 8d 41 d4 c3 4c 8b 11
0x00007ffac58a1c7c:   49 ff a2 00 01 00 00 cc cc cc cc cc cc cc cc cc
0x00007ffac58a1c8c:   cc cc cc cc 48 85 c9 75 04 8d 41 d4 c3 4c 8b 11
0x00007ffac58a1c9c:   49 ff a2 08 01 00 00 cc cc cc cc cc cc cc cc cc
0x00007ffac58a1cac:   cc cc cc cc 48 85 c9 75 0f 4d 85 c0 74 07 41 c7
0x00007ffac58a1cbc:   00 d4 ff ff ff 33 c0 c3 48 8b 01 48 ff a0 10 01
0x00007ffac58a1ccc:   00 00 cc cc 48 85 c9 75 04 8d 41 d4 c3 48 8b 01
0x00007ffac58a1cdc:   48 ff a0 18 01 00 00 cc cc cc cc cc cc cc cc cc
0x00007ffac58a1cec:   cc cc cc cc 48 85 c9 75 04 8d 41 d0 c3 48 8b 01
0x00007ffac58a1cfc:   48 ff a0 20 01 00 00 cc cc cc cc cc cc cc cc cc
0x00007ffac58a1d0c:   cc cc cc cc 48 85 c9 75 04 8d 41 d0 c3 48 8b 01
0x00007ffac58a1d1c:   48 ff a0 28 01 00 00 cc cc cc cc cc cc cc cc cc
0x00007ffac58a1d2c:   cc cc cc cc 48 85 c9 75 04 8d 41 d0 c3 48 8b 01
0x00007ffac58a1d3c:   48 ff a0 30 01 00 00 cc cc cc cc cc cc cc cc cc
0x00007ffac58a1d4c:   cc cc cc cc 48 85 c9 75 04 8d 41 d0 c3 4c 8b 11
0x00007ffac58a1d5c:   49 ff a2 38 01 00 00 cc cc cc cc cc cc cc cc cc
0x00007ffac58a1d6c:   cc cc cc cc 48 85 c9 75 04 8d 41 d0 c3 4c 8b 11
0x00007ffac58a1d7c:   49 ff a2 28 03 00 00 cc cc cc cc cc cc cc cc cc
0x00007ffac58a1d8c:   cc cc cc cc 48 85 c9 75 04 8d 41 d0 c3 4c 8b 11
0x00007ffac58a1d9c:   49 ff a2 40 01 00 00 cc cc cc cc cc cc cc cc cc
0x00007ffac58a1dac:   cc cc cc cc 85 c9 74 1d 48 85 d2 74 18 48 8b 02
0x00007ffac58a1dbc:   48 85 c0 75 06 b8 c6 ff ff ff c3 48 8b 00 48 ff
0x00007ffac58a1dcc:   a0 48 01 00 00 b8 e2 ff ff ff c3 cc cc cc cc cc
0x00007ffac58a1ddc:   cc cc cc cc 48 85 c9 75 04 8d 41 c6 c3 4c 8b 11
0x00007ffac58a1dec:   49 ff a2 50 01 00 00 cc cc cc cc cc cc cc cc cc
0x00007ffac58a1dfc:   cc cc cc cc 48 85 c9 75 04 8d 41 c6 c3 48 8b 01
0x00007ffac58a1e0c:   48 ff a0 58 01 00 00 cc cc cc cc cc cc cc cc cc
0x00007ffac58a1e1c:   cc cc cc cc 48 85 c9 75 04 8d 41 c6 c3 48 8b 01
0x00007ffac58a1e2c:   48 ff a0 60 01 00 00 cc cc cc cc cc cc cc cc cc 


Stack slot to memory mapping:
stack at sp + 0 slots: 0x00007ffada62ceb5 JOCL_2_0_2-windows-x86_64.dll
stack at sp + 1 slots: 0x0 is NULL
stack at sp + 2 slots: 0x00007ffada642be0 JOCL_2_0_2-windows-x86_64.dll
stack at sp + 3 slots: 0x0000008e00000001 is an unknown value
stack at sp + 4 slots: 0x0 is NULL
stack at sp + 5 slots: 0x000002247bd07c50 points into unknown readable memory: 0x000002247b17a178 | 78 a1 17 7b 24 02 00 00
stack at sp + 6 slots: 0x000002247cd18a40 points into unknown readable memory: 0x0057005c003a0043 | 43 00 3a 00 5c 00 57 00
stack at sp + 7 slots: 0x0000000714258018 is an oop: org.jocl.Pointer 
{0x0000000714258018} - klass: 'org/jocl/Pointer'


---------------  P R O C E S S  ---------------

Threads class SMR info:
_java_thread_list=0x00000224733dc520, length=16, elements={
0x00000224723778d0, 0x00000224723784a0, 0x0000022472b90c10, 0x0000022472b935e0,
0x0000022472b94090, 0x0000022472b96f40, 0x0000022472ba46f0, 0x0000022472b99c90,
0x0000022472cf6ce0, 0x0000022472d1c6c0, 0x0000022472d1a040, 0x000002247cc34200,
0x000002247cc39d70, 0x000002247cc36d50, 0x000002247cc37220, 0x000002247cc38560
}

Java Threads: ( => current thread )
  0x00000224723778d0 JavaThread "Reference Handler" daemon [_thread_blocked, id=6168, stack(0x0000008eba200000,0x0000008eba300000)]
  0x00000224723784a0 JavaThread "Finalizer" daemon [_thread_blocked, id=1328, stack(0x0000008eba300000,0x0000008eba400000)]
  0x0000022472b90c10 JavaThread "Signal Dispatcher" daemon [_thread_blocked, id=12048, stack(0x0000008eba400000,0x0000008eba500000)]
  0x0000022472b935e0 JavaThread "Attach Listener" daemon [_thread_blocked, id=12484, stack(0x0000008eba500000,0x0000008eba600000)]
  0x0000022472b94090 JavaThread "Service Thread" daemon [_thread_blocked, id=4104, stack(0x0000008eba600000,0x0000008eba700000)]
  0x0000022472b96f40 JavaThread "C2 CompilerThread0" daemon [_thread_blocked, id=8984, stack(0x0000008eba700000,0x0000008eba800000)]
  0x0000022472ba46f0 JavaThread "C1 CompilerThread0" daemon [_thread_blocked, id=7412, stack(0x0000008eba800000,0x0000008eba900000)]
  0x0000022472b99c90 JavaThread "Sweeper thread" daemon [_thread_blocked, id=13160, stack(0x0000008eba900000,0x0000008ebaa00000)]
  0x0000022472cf6ce0 JavaThread "Notification Thread" daemon [_thread_blocked, id=3900, stack(0x0000008ebaa00000,0x0000008ebab00000)]
  0x0000022472d1c6c0 JavaThread "Common-Cleaner" daemon [_thread_blocked, id=2044, stack(0x0000008ebac00000,0x0000008ebad00000)]
  0x0000022472d1a040 JavaThread "Java2D Disposer" daemon [_thread_blocked, id=11856, stack(0x0000008ebad00000,0x0000008ebae00000)]
=>0x000002247cc34200 JavaThread "game_loop_thread" daemon [_thread_in_native, id=9724, stack(0x0000008ebb400000,0x0000008ebb500000)]
  0x000002247cc39d70 JavaThread "AWT-Shutdown" [_thread_blocked, id=5472, stack(0x0000008ebc700000,0x0000008ebc800000)]
  0x000002247cc36d50 JavaThread "AWT-EventQueue-0" [_thread_blocked, id=12444, stack(0x0000008ebc800000,0x0000008ebc900000)]
  0x000002247cc37220 JavaThread "DestroyJavaVM" [_thread_blocked, id=2344, stack(0x0000008eb9b00000,0x0000008eb9c00000)]
  0x000002247cc38560 JavaThread "ToolkitShutdown" daemon [_thread_in_native, id=8364, stack(0x0000008ebca00000,0x0000008ebcb00000)]

Other Threads:
  0x0000022472374040 VMThread "VM Thread" [stack: 0x0000008eba100000,0x0000008eba200000] [id=3356]
  0x0000022472cf1720 WatcherThread [stack: 0x0000008ebab00000,0x0000008ebac00000] [id=1216]
  0x000002244e822680 GCTaskThread "GC Thread#0" [stack: 0x0000008eb9c00000,0x0000008eb9d00000] [id=6024]
  0x00000224733bf7a0 GCTaskThread "GC Thread#1" [stack: 0x0000008ebb600000,0x0000008ebb700000] [id=12952]
  0x00000224733bfad0 GCTaskThread "GC Thread#2" [stack: 0x0000008ebb700000,0x0000008ebb800000] [id=11628]
  0x00000224733c0460 GCTaskThread "GC Thread#3" [stack: 0x0000008ebb800000,0x0000008ebb900000] [id=13064]
  0x00000224733c0790 GCTaskThread "GC Thread#4" [stack: 0x0000008ebb900000,0x0000008ebba00000] [id=13232]
  0x00000224733bd160 GCTaskThread "GC Thread#5" [stack: 0x0000008ebba00000,0x0000008ebbb00000] [id=12876]
  0x00000224733be7b0 GCTaskThread "GC Thread#6" [stack: 0x0000008ebbb00000,0x0000008ebbc00000] [id=4624]
  0x00000224733bd490 GCTaskThread "GC Thread#7" [stack: 0x0000008ebbc00000,0x0000008ebbd00000] [id=6568]
  0x000002244e8336a0 ConcurrentGCThread "G1 Main Marker" [stack: 0x0000008eb9d00000,0x0000008eb9e00000] [id=9832]
  0x000002244e834a30 ConcurrentGCThread "G1 Conc#0" [stack: 0x0000008eb9e00000,0x0000008eb9f00000] [id=10500]
  0x00000224733be150 ConcurrentGCThread "G1 Conc#1" [stack: 0x0000008ebb200000,0x0000008ebb300000] [id=4644]
  0x00000224733be480 ConcurrentGCThread "G1 Conc#2" [stack: 0x0000008ebc100000,0x0000008ebc200000] [id=2456]
  0x000002244e8adb00 ConcurrentGCThread "G1 Refine#0" [stack: 0x0000008eb9f00000,0x0000008eba000000] [id=5300]
  0x0000022473a92340 ConcurrentGCThread "G1 Refine#1" [stack: 0x0000008ebbd00000,0x0000008ebbe00000] [id=9440]
  0x0000022473acec10 ConcurrentGCThread "G1 Refine#2" [stack: 0x0000008ebbe00000,0x0000008ebbf00000] [id=12208]
  0x0000022473a72fc0 ConcurrentGCThread "G1 Refine#3" [stack: 0x0000008ebbf00000,0x0000008ebc000000] [id=9068]
  0x000002247b268cb0 ConcurrentGCThread "G1 Refine#4" [stack: 0x0000008ebc000000,0x0000008ebc100000] [id=5744]
  0x000002244e8ae700 ConcurrentGCThread "G1 Young RemSet Sampling" [stack: 0x0000008eba000000,0x0000008eba100000] [id=8912]

Threads with active compile tasks:

VM state: not at safepoint (normal execution)

VM Mutex/Monitor currently owned by a thread: None

Heap address: 0x0000000701200000, size: 4078 MB, Compressed Oops mode: Zero based, Oop shift amount: 3
CDS archive(s) mapped at: [0x0000000800000000-0x0000000800b50000-0x0000000800b50000), size 11862016, SharedBaseAddress: 0x0000000800000000, ArchiveRelocationMode: 0.
Compressed class space mapped at: 0x0000000800b50000-0x0000000840b50000, size: 1073741824
Narrow klass base: 0x0000000800000000, Narrow klass shift: 3, Narrow klass range: 0x100000000

GC Precious Log:
 CPUs: 12 total, 12 available
 Memory: 16311M
 Large Page Support: Disabled
 NUMA Support: Disabled
 Compressed Oops: Enabled (Zero based)
 Heap Region Size: 2M
 Heap Min Capacity: 8M
 Heap Initial Capacity: 256M
 Heap Max Capacity: 4078M
 Pre-touch: Disabled
 Parallel Workers: 10
 Concurrent Workers: 3
 Concurrent Refinement Workers: 10
 Periodic GC: Disabled

Heap:
 garbage-first heap   total 315392K, used 97709K [0x0000000701200000, 0x0000000800000000)
  region size 2048K, 6 young (12288K), 1 survivors (2048K)
 Metaspace       used 21297K, capacity 21462K, committed 21632K, reserved 1069056K
  class space    used 2278K, capacity 2323K, committed 2432K, reserved 1048576K

Heap Regions: E=young(eden), S=young(survivor), O=old, HS=humongous(starts), HC=humongous(continues), CS=collection set, F=free, OA=open archive, CA=closed archive, TAMS=top-at-mark-start (previous, next)
|   0|0x0000000701200000, 0x0000000701400000, 0x0000000701400000|100%|HS|  |TAMS 0x0000000701400000, 0x0000000701200000| Complete 
|   1|0x0000000701400000, 0x0000000701600000, 0x0000000701600000|100%| O|  |TAMS 0x0000000701400000, 0x0000000701400000| Untracked 
|   2|0x0000000701600000, 0x0000000701800000, 0x0000000701800000|100%|HS|  |TAMS 0x0000000701800000, 0x0000000701600000| Complete 
|   3|0x0000000701800000, 0x0000000701a00000, 0x0000000701a00000|100%| O|  |TAMS 0x0000000701839000, 0x0000000701800000| Untracked 
|   4|0x0000000701a00000, 0x0000000701c00000, 0x0000000701c00000|100%| O|  |TAMS 0x0000000701c00000, 0x0000000701a00000| Untracked 
|   5|0x0000000701c00000, 0x0000000701e00000, 0x0000000701e00000|100%| O|  |TAMS 0x0000000701e00000, 0x0000000701c00000| Untracked 
|   6|0x0000000701e00000, 0x0000000702000000, 0x0000000702000000|100%| O|  |TAMS 0x0000000701e00000, 0x0000000701e00000| Untracked 
|   7|0x0000000702000000, 0x0000000702200000, 0x0000000702200000|100%| O|  |TAMS 0x0000000702200000, 0x0000000702000000| Untracked 
|   8|0x0000000702200000, 0x0000000702400000, 0x0000000702400000|100%| O|  |TAMS 0x0000000702400000, 0x0000000702200000| Untracked 
|   9|0x0000000702400000, 0x0000000702600000, 0x0000000702600000|100%|HS|  |TAMS 0x0000000702400000, 0x0000000702400000| Complete 
|  10|0x0000000702600000, 0x0000000702800000, 0x0000000702800000|100%|HC|  |TAMS 0x0000000702600000, 0x0000000702600000| Complete 
|  11|0x0000000702800000, 0x0000000702a00000, 0x0000000702a00000|100%|HC|  |TAMS 0x0000000702800000, 0x0000000702800000| Complete 
|  12|0x0000000702a00000, 0x0000000702c00000, 0x0000000702c00000|100%|HC|  |TAMS 0x0000000702a00000, 0x0000000702a00000| Complete 
|  13|0x0000000702c00000, 0x0000000702c00000, 0x0000000702e00000|  0%| F|  |TAMS 0x0000000702c00000, 0x0000000702c00000| Untracked 
|  14|0x0000000702e00000, 0x0000000702e00000, 0x0000000703000000|  0%| F|  |TAMS 0x0000000702e00000, 0x0000000702e00000| Untracked 
|  15|0x0000000703000000, 0x0000000703000000, 0x0000000703200000|  0%| F|  |TAMS 0x0000000703000000, 0x0000000703000000| Untracked 
|  16|0x0000000703200000, 0x0000000703400000, 0x0000000703400000|100%|HS|  |TAMS 0x0000000703400000, 0x0000000703200000| Complete 
|  17|0x0000000703400000, 0x0000000703600000, 0x0000000703600000|100%|HC|  |TAMS 0x0000000703600000, 0x0000000703400000| Complete 
|  18|0x0000000703600000, 0x0000000703800000, 0x0000000703800000|100%|HC|  |TAMS 0x0000000703800000, 0x0000000703600000| Complete 
|  19|0x0000000703800000, 0x0000000703800000, 0x0000000703a00000|  0%| F|  |TAMS 0x0000000703800000, 0x0000000703800000| Untracked 
|  20|0x0000000703a00000, 0x0000000703c00000, 0x0000000703c00000|100%|HS|  |TAMS 0x0000000703c00000, 0x0000000703a00000| Complete 
|  21|0x0000000703c00000, 0x0000000703c00000, 0x0000000703e00000|  0%| F|  |TAMS 0x0000000703c00000, 0x0000000703c00000| Untracked 
|  22|0x0000000703e00000, 0x0000000704000000, 0x0000000704000000|100%| O|  |TAMS 0x0000000703e00000, 0x0000000703e00000| Untracked 
|  23|0x0000000704000000, 0x0000000704200000, 0x0000000704200000|100%| O|  |TAMS 0x0000000704000000, 0x0000000704000000| Untracked 
|  24|0x0000000704200000, 0x0000000704400000, 0x0000000704400000|100%| O|  |TAMS 0x0000000704200000, 0x0000000704200000| Untracked 
|  25|0x0000000704400000, 0x0000000704600000, 0x0000000704600000|100%| O|  |TAMS 0x0000000704400000, 0x0000000704400000| Untracked 
|  26|0x0000000704600000, 0x0000000704783e00, 0x0000000704800000| 75%| O|  |TAMS 0x0000000704600000, 0x0000000704600000| Untracked 
|  27|0x0000000704800000, 0x0000000704a00000, 0x0000000704a00000|100%|HS|  |TAMS 0x0000000704800000, 0x0000000704800000| Complete 
|  28|0x0000000704a00000, 0x0000000704c00000, 0x0000000704c00000|100%|HC|  |TAMS 0x0000000704a00000, 0x0000000704a00000| Complete 
|  29|0x0000000704c00000, 0x0000000704e00000, 0x0000000704e00000|100%|HC|  |TAMS 0x0000000704c00000, 0x0000000704c00000| Complete 
|  30|0x0000000704e00000, 0x0000000705000000, 0x0000000705000000|100%|HC|  |TAMS 0x0000000704e00000, 0x0000000704e00000| Complete 
|  31|0x0000000705000000, 0x0000000705000000, 0x0000000705200000|  0%| F|  |TAMS 0x0000000705000000, 0x0000000705000000| Untracked 
|  32|0x0000000705200000, 0x0000000705200000, 0x0000000705400000|  0%| F|  |TAMS 0x0000000705200000, 0x0000000705200000| Untracked 
|  33|0x0000000705400000, 0x0000000705400000, 0x0000000705600000|  0%| F|  |TAMS 0x0000000705400000, 0x0000000705400000| Untracked 
|  34|0x0000000705600000, 0x0000000705600000, 0x0000000705800000|  0%| F|  |TAMS 0x0000000705600000, 0x0000000705600000| Untracked 
|  35|0x0000000705800000, 0x0000000705800000, 0x0000000705a00000|  0%| F|  |TAMS 0x0000000705800000, 0x0000000705800000| Untracked 
|  36|0x0000000705a00000, 0x0000000705a00000, 0x0000000705c00000|  0%| F|  |TAMS 0x0000000705a00000, 0x0000000705a00000| Untracked 
|  37|0x0000000705c00000, 0x0000000705c00000, 0x0000000705e00000|  0%| F|  |TAMS 0x0000000705c00000, 0x0000000705c00000| Untracked 
|  38|0x0000000705e00000, 0x0000000705e00000, 0x0000000706000000|  0%| F|  |TAMS 0x0000000705e00000, 0x0000000705e00000| Untracked 
|  39|0x0000000706000000, 0x0000000706000000, 0x0000000706200000|  0%| F|  |TAMS 0x0000000706000000, 0x0000000706000000| Untracked 
|  40|0x0000000706200000, 0x0000000706200000, 0x0000000706400000|  0%| F|  |TAMS 0x0000000706200000, 0x0000000706200000| Untracked 
|  41|0x0000000706400000, 0x0000000706400000, 0x0000000706600000|  0%| F|  |TAMS 0x0000000706400000, 0x0000000706400000| Untracked 
|  42|0x0000000706600000, 0x0000000706600000, 0x0000000706800000|  0%| F|  |TAMS 0x0000000706600000, 0x0000000706600000| Untracked 
|  43|0x0000000706800000, 0x0000000706800000, 0x0000000706a00000|  0%| F|  |TAMS 0x0000000706800000, 0x0000000706800000| Untracked 
|  44|0x0000000706a00000, 0x0000000706a00000, 0x0000000706c00000|  0%| F|  |TAMS 0x0000000706a00000, 0x0000000706a00000| Untracked 
|  45|0x0000000706c00000, 0x0000000706c00000, 0x0000000706e00000|  0%| F|  |TAMS 0x0000000706c00000, 0x0000000706c00000| Untracked 
|  46|0x0000000706e00000, 0x0000000706e00000, 0x0000000707000000|  0%| F|  |TAMS 0x0000000706e00000, 0x0000000706e00000| Untracked 
|  47|0x0000000707000000, 0x0000000707000000, 0x0000000707200000|  0%| F|  |TAMS 0x0000000707000000, 0x0000000707000000| Untracked 
|  48|0x0000000707200000, 0x0000000707200000, 0x0000000707400000|  0%| F|  |TAMS 0x0000000707200000, 0x0000000707200000| Untracked 
|  49|0x0000000707400000, 0x0000000707400000, 0x0000000707600000|  0%| F|  |TAMS 0x0000000707400000, 0x0000000707400000| Untracked 
|  50|0x0000000707600000, 0x0000000707600000, 0x0000000707800000|  0%| F|  |TAMS 0x0000000707600000, 0x0000000707600000| Untracked 
|  51|0x0000000707800000, 0x0000000707800000, 0x0000000707a00000|  0%| F|  |TAMS 0x0000000707800000, 0x0000000707800000| Untracked 
|  52|0x0000000707a00000, 0x0000000707a00000, 0x0000000707c00000|  0%| F|  |TAMS 0x0000000707a00000, 0x0000000707a00000| Untracked 
|  53|0x0000000707c00000, 0x0000000707c00000, 0x0000000707e00000|  0%| F|  |TAMS 0x0000000707c00000, 0x0000000707c00000| Untracked 
|  54|0x0000000707e00000, 0x0000000707e00000, 0x0000000708000000|  0%| F|  |TAMS 0x0000000707e00000, 0x0000000707e00000| Untracked 
|  55|0x0000000708000000, 0x0000000708000000, 0x0000000708200000|  0%| F|  |TAMS 0x0000000708000000, 0x0000000708000000| Untracked 
|  56|0x0000000708200000, 0x0000000708200000, 0x0000000708400000|  0%| F|  |TAMS 0x0000000708200000, 0x0000000708200000| Untracked 
|  57|0x0000000708400000, 0x0000000708400000, 0x0000000708600000|  0%| F|  |TAMS 0x0000000708400000, 0x0000000708400000| Untracked 
|  58|0x0000000708600000, 0x0000000708600000, 0x0000000708800000|  0%| F|  |TAMS 0x0000000708600000, 0x0000000708600000| Untracked 
|  59|0x0000000708800000, 0x0000000708800000, 0x0000000708a00000|  0%| F|  |TAMS 0x0000000708800000, 0x0000000708800000| Untracked 
|  60|0x0000000708a00000, 0x0000000708a00000, 0x0000000708c00000|  0%| F|  |TAMS 0x0000000708a00000, 0x0000000708a00000| Untracked 
|  61|0x0000000708c00000, 0x0000000708c00000, 0x0000000708e00000|  0%| F|  |TAMS 0x0000000708c00000, 0x0000000708c00000| Untracked 
|  62|0x0000000708e00000, 0x0000000708e00000, 0x0000000709000000|  0%| F|  |TAMS 0x0000000708e00000, 0x0000000708e00000| Untracked 
|  63|0x0000000709000000, 0x0000000709000000, 0x0000000709200000|  0%| F|  |TAMS 0x0000000709000000, 0x0000000709000000| Untracked 
|  64|0x0000000709200000, 0x0000000709200000, 0x0000000709400000|  0%| F|  |TAMS 0x0000000709200000, 0x0000000709200000| Untracked 
|  65|0x0000000709400000, 0x0000000709400000, 0x0000000709600000|  0%| F|  |TAMS 0x0000000709400000, 0x0000000709400000| Untracked 
|  66|0x0000000709600000, 0x0000000709600000, 0x0000000709800000|  0%| F|  |TAMS 0x0000000709600000, 0x0000000709600000| Untracked 
|  67|0x0000000709800000, 0x0000000709800000, 0x0000000709a00000|  0%| F|  |TAMS 0x0000000709800000, 0x0000000709800000| Untracked 
|  68|0x0000000709a00000, 0x0000000709a00000, 0x0000000709c00000|  0%| F|  |TAMS 0x0000000709a00000, 0x0000000709a00000| Untracked 
|  69|0x0000000709c00000, 0x0000000709c00000, 0x0000000709e00000|  0%| F|  |TAMS 0x0000000709c00000, 0x0000000709c00000| Untracked 
|  70|0x0000000709e00000, 0x0000000709e00000, 0x000000070a000000|  0%| F|  |TAMS 0x0000000709e00000, 0x0000000709e00000| Untracked 
|  71|0x000000070a000000, 0x000000070a200000, 0x000000070a200000|100%|HS|  |TAMS 0x000000070a000000, 0x000000070a000000| Complete 
|  72|0x000000070a200000, 0x000000070a400000, 0x000000070a400000|100%|HC|  |TAMS 0x000000070a200000, 0x000000070a200000| Complete 
|  73|0x000000070a400000, 0x000000070a600000, 0x000000070a600000|100%|HC|  |TAMS 0x000000070a400000, 0x000000070a400000| Complete 
|  74|0x000000070a600000, 0x000000070a800000, 0x000000070a800000|100%|HC|  |TAMS 0x000000070a600000, 0x000000070a600000| Complete 
|  75|0x000000070a800000, 0x000000070aa00000, 0x000000070aa00000|100%|HC|  |TAMS 0x000000070a800000, 0x000000070a800000| Complete 
|  76|0x000000070aa00000, 0x000000070ac00000, 0x000000070ac00000|100%|HC|  |TAMS 0x000000070aa00000, 0x000000070aa00000| Complete 
|  77|0x000000070ac00000, 0x000000070ae00000, 0x000000070ae00000|100%|HC|  |TAMS 0x000000070ac00000, 0x000000070ac00000| Complete 
|  78|0x000000070ae00000, 0x000000070b000000, 0x000000070b000000|100%|HC|  |TAMS 0x000000070ae00000, 0x000000070ae00000| Complete 
|  79|0x000000070b000000, 0x000000070b200000, 0x000000070b200000|100%|HC|  |TAMS 0x000000070b000000, 0x000000070b000000| Complete 
|  80|0x000000070b200000, 0x000000070b400000, 0x000000070b400000|100%|HC|  |TAMS 0x000000070b200000, 0x000000070b200000| Complete 
|  81|0x000000070b400000, 0x000000070b600000, 0x000000070b600000|100%|HC|  |TAMS 0x000000070b400000, 0x000000070b400000| Complete 
|  82|0x000000070b600000, 0x000000070b800000, 0x000000070b800000|100%|HC|  |TAMS 0x000000070b600000, 0x000000070b600000| Complete 
|  83|0x000000070b800000, 0x000000070ba00000, 0x000000070ba00000|100%|HC|  |TAMS 0x000000070b800000, 0x000000070b800000| Complete 
|  84|0x000000070ba00000, 0x000000070bc00000, 0x000000070bc00000|100%|HC|  |TAMS 0x000000070ba00000, 0x000000070ba00000| Complete 
|  85|0x000000070bc00000, 0x000000070be00000, 0x000000070be00000|100%|HC|  |TAMS 0x000000070bc00000, 0x000000070bc00000| Complete 
|  86|0x000000070be00000, 0x000000070c000000, 0x000000070c000000|100%|HC|  |TAMS 0x000000070be00000, 0x000000070be00000| Complete 
|  87|0x000000070c000000, 0x000000070c200000, 0x000000070c200000|100%|HC|  |TAMS 0x000000070c000000, 0x000000070c000000| Complete 
|  88|0x000000070c200000, 0x000000070c200000, 0x000000070c400000|  0%| F|  |TAMS 0x000000070c200000, 0x000000070c200000| Untracked 
|  89|0x000000070c400000, 0x000000070c400000, 0x000000070c600000|  0%| F|  |TAMS 0x000000070c400000, 0x000000070c400000| Untracked 
|  90|0x000000070c600000, 0x000000070c600000, 0x000000070c800000|  0%| F|  |TAMS 0x000000070c600000, 0x000000070c600000| Untracked 
|  91|0x000000070c800000, 0x000000070c800000, 0x000000070ca00000|  0%| F|  |TAMS 0x000000070c800000, 0x000000070c800000| Untracked 
|  92|0x000000070ca00000, 0x000000070ca00000, 0x000000070cc00000|  0%| F|  |TAMS 0x000000070ca00000, 0x000000070ca00000| Untracked 
|  93|0x000000070cc00000, 0x000000070cc00000, 0x000000070ce00000|  0%| F|  |TAMS 0x000000070cc00000, 0x000000070cc00000| Untracked 
|  94|0x000000070ce00000, 0x000000070ce00000, 0x000000070d000000|  0%| F|  |TAMS 0x000000070ce00000, 0x000000070ce00000| Untracked 
|  95|0x000000070d000000, 0x000000070d000000, 0x000000070d200000|  0%| F|  |TAMS 0x000000070d000000, 0x000000070d000000| Untracked 
|  96|0x000000070d200000, 0x000000070d200000, 0x000000070d400000|  0%| F|  |TAMS 0x000000070d200000, 0x000000070d200000| Untracked 
|  97|0x000000070d400000, 0x000000070d400000, 0x000000070d600000|  0%| F|  |TAMS 0x000000070d400000, 0x000000070d400000| Untracked 
|  98|0x000000070d600000, 0x000000070d600000, 0x000000070d800000|  0%| F|  |TAMS 0x000000070d600000, 0x000000070d600000| Untracked 
|  99|0x000000070d800000, 0x000000070d800000, 0x000000070da00000|  0%| F|  |TAMS 0x000000070d800000, 0x000000070d800000| Untracked 
| 100|0x000000070da00000, 0x000000070da00000, 0x000000070dc00000|  0%| F|  |TAMS 0x000000070da00000, 0x000000070da00000| Untracked 
| 101|0x000000070dc00000, 0x000000070dc00000, 0x000000070de00000|  0%| F|  |TAMS 0x000000070dc00000, 0x000000070dc00000| Untracked 
| 102|0x000000070de00000, 0x000000070de00000, 0x000000070e000000|  0%| F|  |TAMS 0x000000070de00000, 0x000000070de00000| Untracked 
| 103|0x000000070e000000, 0x000000070e000000, 0x000000070e200000|  0%| F|  |TAMS 0x000000070e000000, 0x000000070e000000| Untracked 
| 104|0x000000070e200000, 0x000000070e200000, 0x000000070e400000|  0%| F|  |TAMS 0x000000070e200000, 0x000000070e200000| Untracked 
| 105|0x000000070e400000, 0x000000070e400000, 0x000000070e600000|  0%| F|  |TAMS 0x000000070e400000, 0x000000070e400000| Untracked 
| 106|0x000000070e600000, 0x000000070e600000, 0x000000070e800000|  0%| F|  |TAMS 0x000000070e600000, 0x000000070e600000| Untracked 
| 107|0x000000070e800000, 0x000000070e800000, 0x000000070ea00000|  0%| F|  |TAMS 0x000000070e800000, 0x000000070e800000| Untracked 
| 108|0x000000070ea00000, 0x000000070ea00000, 0x000000070ec00000|  0%| F|  |TAMS 0x000000070ea00000, 0x000000070ea00000| Untracked 
| 109|0x000000070ec00000, 0x000000070ec00000, 0x000000070ee00000|  0%| F|  |TAMS 0x000000070ec00000, 0x000000070ec00000| Untracked 
| 110|0x000000070ee00000, 0x000000070ee00000, 0x000000070f000000|  0%| F|  |TAMS 0x000000070ee00000, 0x000000070ee00000| Untracked 
| 111|0x000000070f000000, 0x000000070f000000, 0x000000070f200000|  0%| F|  |TAMS 0x000000070f000000, 0x000000070f000000| Untracked 
| 112|0x000000070f200000, 0x000000070f200000, 0x000000070f400000|  0%| F|  |TAMS 0x000000070f200000, 0x000000070f200000| Untracked 
| 113|0x000000070f400000, 0x000000070f400000, 0x000000070f600000|  0%| F|  |TAMS 0x000000070f400000, 0x000000070f400000| Untracked 
| 114|0x000000070f600000, 0x000000070f600000, 0x000000070f800000|  0%| F|  |TAMS 0x000000070f600000, 0x000000070f600000| Untracked 
| 115|0x000000070f800000, 0x000000070f800000, 0x000000070fa00000|  0%| F|  |TAMS 0x000000070f800000, 0x000000070f800000| Untracked 
| 116|0x000000070fa00000, 0x000000070fa00000, 0x000000070fc00000|  0%| F|  |TAMS 0x000000070fa00000, 0x000000070fa00000| Untracked 
| 117|0x000000070fc00000, 0x000000070fc00000, 0x000000070fe00000|  0%| F|  |TAMS 0x000000070fc00000, 0x000000070fc00000| Untracked 
| 118|0x000000070fe00000, 0x000000070fe00000, 0x0000000710000000|  0%| F|  |TAMS 0x000000070fe00000, 0x000000070fe00000| Untracked 
| 119|0x0000000710000000, 0x0000000710000000, 0x0000000710200000|  0%| F|  |TAMS 0x0000000710000000, 0x0000000710000000| Untracked 
| 120|0x0000000710200000, 0x0000000710200000, 0x0000000710400000|  0%| F|  |TAMS 0x0000000710200000, 0x0000000710200000| Untracked 
| 121|0x0000000710400000, 0x0000000710400000, 0x0000000710600000|  0%| F|  |TAMS 0x0000000710400000, 0x0000000710400000| Untracked 
| 122|0x0000000710600000, 0x0000000710600000, 0x0000000710800000|  0%| F|  |TAMS 0x0000000710600000, 0x0000000710600000| Untracked 
| 123|0x0000000710800000, 0x0000000710800000, 0x0000000710a00000|  0%| F|  |TAMS 0x0000000710800000, 0x0000000710800000| Untracked 
| 124|0x0000000710a00000, 0x0000000710a00000, 0x0000000710c00000|  0%| F|  |TAMS 0x0000000710a00000, 0x0000000710a00000| Untracked 
| 125|0x0000000710c00000, 0x0000000710c00000, 0x0000000710e00000|  0%| F|  |TAMS 0x0000000710c00000, 0x0000000710c00000| Untracked 
| 126|0x0000000710e00000, 0x0000000710fe7680, 0x0000000711000000| 95%| S|CS|TAMS 0x0000000710e00000, 0x0000000710e00000| Complete 
| 127|0x0000000711000000, 0x0000000711000000, 0x0000000711200000|  0%| F|  |TAMS 0x0000000711000000, 0x0000000711000000| Untracked 
| 128|0x0000000711200000, 0x0000000711200000, 0x0000000711400000|  0%| F|  |TAMS 0x0000000711200000, 0x0000000711200000| Untracked 
| 129|0x0000000711400000, 0x0000000711400000, 0x0000000711600000|  0%| F|  |TAMS 0x0000000711400000, 0x0000000711400000| Untracked 
| 130|0x0000000711600000, 0x0000000711600000, 0x0000000711800000|  0%| F|  |TAMS 0x0000000711600000, 0x0000000711600000| Untracked 
| 131|0x0000000711800000, 0x0000000711800000, 0x0000000711a00000|  0%| F|  |TAMS 0x0000000711800000, 0x0000000711800000| Untracked 
| 132|0x0000000711a00000, 0x0000000711a00000, 0x0000000711c00000|  0%| F|  |TAMS 0x0000000711a00000, 0x0000000711a00000| Untracked 
| 133|0x0000000711c00000, 0x0000000711c00000, 0x0000000711e00000|  0%| F|  |TAMS 0x0000000711c00000, 0x0000000711c00000| Untracked 
| 134|0x0000000711e00000, 0x0000000711e00000, 0x0000000712000000|  0%| F|  |TAMS 0x0000000711e00000, 0x0000000711e00000| Untracked 
| 135|0x0000000712000000, 0x0000000712000000, 0x0000000712200000|  0%| F|  |TAMS 0x0000000712000000, 0x0000000712000000| Untracked 
| 136|0x0000000712200000, 0x0000000712200000, 0x0000000712400000|  0%| F|  |TAMS 0x0000000712200000, 0x0000000712200000| Untracked 
| 137|0x0000000712400000, 0x0000000712400000, 0x0000000712600000|  0%| F|  |TAMS 0x0000000712400000, 0x0000000712400000| Untracked 
| 138|0x0000000712600000, 0x0000000712600000, 0x0000000712800000|  0%| F|  |TAMS 0x0000000712600000, 0x0000000712600000| Untracked 
| 139|0x0000000712800000, 0x0000000712800000, 0x0000000712a00000|  0%| F|  |TAMS 0x0000000712800000, 0x0000000712800000| Untracked 
| 140|0x0000000712a00000, 0x0000000712a00000, 0x0000000712c00000|  0%| F|  |TAMS 0x0000000712a00000, 0x0000000712a00000| Untracked 
| 141|0x0000000712c00000, 0x0000000712c00000, 0x0000000712e00000|  0%| F|  |TAMS 0x0000000712c00000, 0x0000000712c00000| Untracked 
| 142|0x0000000712e00000, 0x0000000712e00000, 0x0000000713000000|  0%| F|  |TAMS 0x0000000712e00000, 0x0000000712e00000| Untracked 
| 143|0x0000000713000000, 0x0000000713000000, 0x0000000713200000|  0%| F|  |TAMS 0x0000000713000000, 0x0000000713000000| Untracked 
| 144|0x0000000713200000, 0x0000000713200000, 0x0000000713400000|  0%| F|  |TAMS 0x0000000713200000, 0x0000000713200000| Untracked 
| 145|0x0000000713400000, 0x0000000713400000, 0x0000000713600000|  0%| F|  |TAMS 0x0000000713400000, 0x0000000713400000| Untracked 
| 146|0x0000000713600000, 0x0000000713600000, 0x0000000713800000|  0%| F|  |TAMS 0x0000000713600000, 0x0000000713600000| Untracked 
| 147|0x0000000713800000, 0x0000000713800000, 0x0000000713a00000|  0%| F|  |TAMS 0x0000000713800000, 0x0000000713800000| Untracked 
| 148|0x0000000713a00000, 0x0000000713a00000, 0x0000000713c00000|  0%| F|  |TAMS 0x0000000713a00000, 0x0000000713a00000| Untracked 
| 149|0x0000000713c00000, 0x0000000713c00800, 0x0000000713e00000|  0%| E|  |TAMS 0x0000000713c00000, 0x0000000713c00000| Complete 
| 150|0x0000000713e00000, 0x0000000714000000, 0x0000000714000000|100%| E|CS|TAMS 0x0000000713e00000, 0x0000000713e00000| Complete 
| 151|0x0000000714000000, 0x0000000714200000, 0x0000000714200000|100%| E|CS|TAMS 0x0000000714000000, 0x0000000714000000| Complete 
| 152|0x0000000714200000, 0x0000000714400000, 0x0000000714400000|100%| E|CS|TAMS 0x0000000714200000, 0x0000000714200000| Complete 
| 153|0x0000000714400000, 0x0000000714600000, 0x0000000714600000|100%| E|CS|TAMS 0x0000000714400000, 0x0000000714400000| Complete 

Card table byte_map: [0x0000022466760000,0x0000022466f60000] _byte_map_base: 0x0000022462f57000

Marking Bits (Prev, Next): (CMBitMap*) 0x000002244e822eb0, (CMBitMap*) 0x000002244e822e70
 Prev Bits: [0x000002246b720000, 0x000002246f6d8000)
 Next Bits: [0x0000022467760000, 0x000002246b718000)

Polling page: 0x000002244c620000

Metaspace:

Usage:
  Non-class:     18.69 MB capacity,    18.57 MB (>99%) used,    95.62 KB ( <1%) free+waste,    24.31 KB ( <1%) overhead. 
      Class:      2.27 MB capacity,     2.23 MB ( 98%) used,    36.02 KB (  2%) free+waste,     8.31 KB ( <1%) overhead. 
       Both:     20.96 MB capacity,    20.80 MB (>99%) used,   131.65 KB ( <1%) free+waste,    32.62 KB ( <1%) overhead. 

Virtual space:
  Non-class space:       20.00 MB reserved,      18.75 MB ( 94%) committed 
      Class space:        1.00 GB reserved,       2.38 MB ( <1%) committed 
             Both:        1.02 GB reserved,      21.12 MB (  2%) committed 

Chunk freelists:
   Non-Class:  61.00 KB
       Class:  13.00 KB
        Both:  74.00 KB

MaxMetaspaceSize: 17179869184.00 GB
CompressedClassSpaceSize: 1.00 GB

CodeHeap 'non-profiled nmethods': size=120000Kb used=1232Kb max_used=1232Kb free=118767Kb
 bounds [0x000002245e4e0000, 0x000002245e750000, 0x0000022465a10000]
CodeHeap 'profiled nmethods': size=120000Kb used=4752Kb max_used=4752Kb free=115248Kb
 bounds [0x0000022456fb0000, 0x0000022457460000, 0x000002245e4e0000]
CodeHeap 'non-nmethods': size=5760Kb used=1419Kb max_used=1433Kb free=4341Kb
 bounds [0x0000022456a10000, 0x0000022456c80000, 0x0000022456fb0000]
 total_blobs=3341 nmethods=2593 adapters=661
 compilation: enabled
              stopped_count=0, restarted_count=0
 full_count=0

Compilation events (20 events):
Event: 1.999 Thread 0x0000022472b96f40 2581       4       java.util.ArrayList$Itr::next (66 bytes)
Event: 2.000 Thread 0x0000022472ba46f0 2582       3       sun.java2d.pipe.RenderBuffer::putInt (26 bytes)
Event: 2.000 Thread 0x0000022472ba46f0 nmethod 2582 0x000002245744eb90 code [0x000002245744ed20, 0x000002245744eeb8]
Event: 2.000 Thread 0x0000022472ba46f0 2583       3       jdk.internal.misc.Unsafe::putInt (8 bytes)
Event: 2.000 Thread 0x0000022472ba46f0 nmethod 2583 0x000002245744ef90 code [0x000002245744f120, 0x000002245744f238]
Event: 2.000 Thread 0x0000022472b96f40 nmethod 2581 0x000002245e612390 code [0x000002245e612520, 0x000002245e612638]
Event: 2.000 Thread 0x0000022472ba46f0 2584       3       java.util.HashMap::afterNodeRemoval (1 bytes)
Event: 2.000 Thread 0x0000022472ba46f0 nmethod 2584 0x000002245744f310 code [0x000002245744f4a0, 0x000002245744f598]
Event: 2.000 Thread 0x0000022472b96f40 2585       4       sandbox.collission.BoxTest::update (1 bytes)
Event: 2.000 Thread 0x0000022472b96f40 nmethod 2585 0x000002245e612790 code [0x000002245e612900, 0x000002245e612958]
Event: 2.000 Thread 0x0000022472ba46f0 2586 %     3       engine.physics2d.Collisions::detection @ 32 (144 bytes)
Event: 2.001 Thread 0x0000022472ba46f0 nmethod 2586% 0x000002245744f610 code [0x000002245744f8e0, 0x0000022457451038]
Event: 2.001 Thread 0x0000022472ba46f0 2587       3       engine.physics2d.Collisions::detection (144 bytes)
Event: 2.001 Thread 0x0000022472ba46f0 nmethod 2587 0x0000022457451510 code [0x00000224574517e0, 0x0000022457452e98]
Event: 2.001 Thread 0x0000022472ba46f0 2589       3       java.util.TreeMap::successor (66 bytes)
Event: 2.002 Thread 0x0000022472ba46f0 nmethod 2589 0x0000022457453310 code [0x00000224574534c0, 0x00000224574537f8]
Event: 2.002 Thread 0x0000022472ba46f0 2588       3       java.util.TreeMap$PrivateEntryIterator::nextEntry (54 bytes)
Event: 2.002 Thread 0x0000022472ba46f0 nmethod 2588 0x0000022457453990 code [0x0000022457453b60, 0x0000022457453ee8]
Event: 2.005 Thread 0x0000022472b96f40 2590       4       jdk.internal.misc.Unsafe::allocateUninitializedArray (55 bytes)
Event: 2.006 Thread 0x0000022472b96f40 nmethod 2590 0x000002245e612a90 code [0x000002245e612c20, 0x000002245e612db8]

GC Heap History (10 events):
Event: 0.329 GC heap before
{Heap before GC invocations=0 (full 0):
 garbage-first heap   total 262144K, used 28672K [0x0000000701200000, 0x0000000800000000)
  region size 2048K, 11 young (22528K), 0 survivors (0K)
 Metaspace       used 4687K, capacity 4854K, committed 4992K, reserved 1056768K
  class space    used 515K, capacity 574K, committed 640K, reserved 1048576K
}
Event: 0.333 GC heap after
{Heap after GC invocations=1 (full 0):
 garbage-first heap   total 262144K, used 12050K [0x0000000701200000, 0x0000000800000000)
  region size 2048K, 2 young (4096K), 2 survivors (4096K)
 Metaspace       used 4687K, capacity 4854K, committed 4992K, reserved 1056768K
  class space    used 515K, capacity 574K, committed 640K, reserved 1048576K
}
Event: 0.452 GC heap before
{Heap before GC invocations=1 (full 0):
 garbage-first heap   total 262144K, used 38674K [0x0000000701200000, 0x0000000800000000)
  region size 2048K, 12 young (24576K), 2 survivors (4096K)
 Metaspace       used 7697K, capacity 7854K, committed 8064K, reserved 1056768K
  class space    used 798K, capacity 865K, committed 896K, reserved 1048576K
}
Event: 0.455 GC heap after
{Heap after GC invocations=2 (full 0):
 garbage-first heap   total 262144K, used 13498K [0x0000000701200000, 0x0000000800000000)
  region size 2048K, 2 young (4096K), 2 survivors (4096K)
 Metaspace       used 7697K, capacity 7854K, committed 8064K, reserved 1056768K
  class space    used 798K, capacity 865K, committed 896K, reserved 1048576K
}
Event: 0.557 GC heap before
{Heap before GC invocations=2 (full 0):
 garbage-first heap   total 262144K, used 54458K [0x0000000701200000, 0x0000000800000000)
  region size 2048K, 19 young (38912K), 2 survivors (4096K)
 Metaspace       used 10512K, capacity 10708K, committed 11008K, reserved 1058816K
  class space    used 1095K, capacity 1155K, committed 1280K, reserved 1048576K
}
Event: 0.559 GC heap after
{Heap after GC invocations=3 (full 0):
 garbage-first heap   total 262144K, used 24804K [0x0000000701200000, 0x0000000800000000)
  region size 2048K, 3 young (6144K), 3 survivors (6144K)
 Metaspace       used 10512K, capacity 10708K, committed 11008K, reserved 1058816K
  class space    used 1095K, capacity 1155K, committed 1280K, reserved 1048576K
}
Event: 1.113 GC heap before
{Heap before GC invocations=3 (full 0):
 garbage-first heap   total 262144K, used 219364K [0x0000000701200000, 0x0000000800000000)
  region size 2048K, 57 young (116736K), 3 survivors (6144K)
 Metaspace       used 19009K, capacity 19184K, committed 19328K, reserved 1067008K
  class space    used 1993K, capacity 2057K, committed 2176K, reserved 1048576K
}
Event: 1.120 GC heap after
{Heap after GC invocations=4 (full 0):
 garbage-first heap   total 262144K, used 76004K [0x0000000701200000, 0x0000000800000000)
  region size 2048K, 8 young (16384K), 8 survivors (16384K)
 Metaspace       used 19009K, capacity 19184K, committed 19328K, reserved 1067008K
  class space    used 1993K, capacity 2057K, committed 2176K, reserved 1048576K
}
Event: 1.245 GC heap before
{Heap before GC invocations=5 (full 0):
 garbage-first heap   total 262144K, used 123108K [0x0000000701200000, 0x0000000800000000)
  region size 2048K, 9 young (18432K), 8 survivors (16384K)
 Metaspace       used 19404K, capacity 19632K, committed 19840K, reserved 1067008K
  class space    used 2035K, capacity 2121K, committed 2176K, reserved 1048576K
}
Event: 1.269 GC heap after
{Heap after GC invocations=6 (full 0):
 garbage-first heap   total 315392K, used 73133K [0x0000000701200000, 0x0000000800000000)
  region size 2048K, 1 young (2048K), 1 survivors (2048K)
 Metaspace       used 19404K, capacity 19632K, committed 19840K, reserved 1067008K
  class space    used 2035K, capacity 2121K, committed 2176K, reserved 1048576K
}

Deoptimization events (20 events):
Event: 1.466 Thread 0x000002247cc36d50 DEOPT PACKING pc=0x000002245e60cc2c sp=0x0000008ebc8fd890
Event: 1.466 Thread 0x000002247cc36d50 DEOPT UNPACKING pc=0x0000022456a5e42f sp=0x0000008ebc8fd818 mode 2
Event: 1.466 Thread 0x000002247cc36d50 Uncommon trap: trap_request=0xffffffde fr.pc=0x000002245e60cc2c relative=0x000000000000010c
Event: 1.466 Thread 0x000002247cc36d50 Uncommon trap: reason=class_check action=maybe_recompile pc=0x000002245e60cc2c method=jdk.internal.misc.Unsafe.allocateUninitializedArray(Ljava/lang/Class;I)Ljava/lang/Object; @ 51 c2
Event: 1.466 Thread 0x000002247cc36d50 DEOPT PACKING pc=0x000002245e60cc2c sp=0x0000008ebc8fd9e0
Event: 1.466 Thread 0x000002247cc36d50 DEOPT UNPACKING pc=0x0000022456a5e42f sp=0x0000008ebc8fd968 mode 2
Event: 1.711 Thread 0x000002247cc34200 Uncommon trap: trap_request=0xffffff45 fr.pc=0x000002245e51a914 relative=0x00000000000004f4
Event: 1.711 Thread 0x000002247cc34200 Uncommon trap: reason=unstable_if action=reinterpret pc=0x000002245e51a914 method=java.util.ArrayList.grow(I)[Ljava/lang/Object; @ 17 c2
Event: 1.711 Thread 0x000002247cc34200 DEOPT PACKING pc=0x000002245e51a914 sp=0x0000008ebb4fef80
Event: 1.711 Thread 0x000002247cc34200 DEOPT UNPACKING pc=0x0000022456a5e42f sp=0x0000008ebb4fef38 mode 2
Event: 2.001 Thread 0x000002247cc34200 DEOPT PACKING pc=0x0000022457450eef sp=0x0000008ebb4fefc0
Event: 2.001 Thread 0x000002247cc34200 DEOPT UNPACKING pc=0x0000022456a5e23f sp=0x0000008ebb4fe4b0 mode 0
Event: 2.005 Thread 0x000002247cc36d50 Uncommon trap: trap_request=0xffffffc6 fr.pc=0x000002245e5e5b2c relative=0x00000000000003ec
Event: 2.005 Thread 0x000002247cc36d50 Uncommon trap: reason=bimorphic_or_optimized_type_check action=maybe_recompile pc=0x000002245e5e5b2c method=java.util.HashMap.getNode(Ljava/lang/Object;)Ljava/util/HashMap$Node; @ 128 c2
Event: 2.005 Thread 0x000002247cc36d50 DEOPT PACKING pc=0x000002245e5e5b2c sp=0x0000008ebc8fe560
Event: 2.005 Thread 0x000002247cc36d50 DEOPT UNPACKING pc=0x0000022456a5e42f sp=0x0000008ebc8fe468 mode 2
Event: 2.006 Thread 0x000002247cc36d50 Uncommon trap: trap_request=0xffffffc6 fr.pc=0x000002245e5e5b2c relative=0x00000000000003ec
Event: 2.006 Thread 0x000002247cc36d50 Uncommon trap: reason=bimorphic_or_optimized_type_check action=maybe_recompile pc=0x000002245e5e5b2c method=java.util.HashMap.getNode(Ljava/lang/Object;)Ljava/util/HashMap$Node; @ 128 c2
Event: 2.006 Thread 0x000002247cc36d50 DEOPT PACKING pc=0x000002245e5e5b2c sp=0x0000008ebc8fe5b0
Event: 2.006 Thread 0x000002247cc36d50 DEOPT UNPACKING pc=0x0000022456a5e42f sp=0x0000008ebc8fe4b8 mode 2

Classes unloaded (0 events):
No events

Classes redefined (0 events):
No events

Internal exceptions (20 events):
Event: 0.106 Thread 0x000002244e7d1760 Exception <a 'java/lang/NoSuchMethodError'{0x0000000710832d90}: 'java.lang.Object java.lang.invoke.DirectMethodHandle$Holder.invokeStatic(java.lang.Object)'> (0x0000000710832d90) 
thrown [./open/src/hotspot/share/interpreter/linkResolver.cpp, line 782]
Event: 0.127 Thread 0x000002244e7d1760 Exception <a 'java/lang/NoSuchMethodError'{0x000000071088fcb0}: 'java.lang.Object java.lang.invoke.DirectMethodHandle$Holder.invokeStaticInit(java.lang.Object)'> (0x000000071088fcb0) 
thrown [./open/src/hotspot/share/interpreter/linkResolver.cpp, line 782]
Event: 0.264 Thread 0x000002244e7d1760 Exception <a 'java/lang/NoSuchMethodError'{0x00000007109748b8}: 'java.lang.Object java.lang.invoke.DirectMethodHandle$Holder.newInvokeSpecial(java.lang.Object, java.lang.Object, java.lang.Object, java.lang.Object, java.lang.Object)'> (0x00000007109748b8) 
thrown [./open/src/hotspot/share/interpreter/linkResolver.cpp, line 782]
Event: 0.265 Thread 0x000002244e7d1760 Exception <a 'java/lang/NoSuchMethodError'{0x0000000710980348}: 'java.lang.Object java.lang.invoke.DirectMethodHandle$Holder.invokeStatic(java.lang.Object, int, java.lang.Object, java.lang.Object, java.lang.Object, java.lang.Object)'> (0x0000000710980348) 
thrown [./open/src/hotspot/share/interpreter/linkResolver.cpp, line 782]
Event: 0.267 Thread 0x000002244e7d1760 Exception <a 'java/lang/NoSuchMethodError'{0x00000007109a65f0}: 'java.lang.Object java.lang.invoke.DirectMethodHandle$Holder.invokeStatic(java.lang.Object, int, java.lang.Object)'> (0x00000007109a65f0) 
thrown [./open/src/hotspot/share/interpreter/linkResolver.cpp, line 782]
Event: 0.279 Thread 0x000002244e7d1760 Exception <a 'java/lang/ClassNotFoundException'{0x000000071065ea68}: com/sun/swing/internal/plaf/metal/resources/spi/metalProvider> (0x000000071065ea68) 
thrown [./open/src/hotspot/share/classfile/systemDictionary.cpp, line 295]
Event: 0.279 Thread 0x000002244e7d1760 Exception <a 'java/lang/ClassNotFoundException'{0x0000000710662e98}: com/sun/swing/internal/plaf/basic/resources/spi/basicProvider> (0x0000000710662e98) 
thrown [./open/src/hotspot/share/classfile/systemDictionary.cpp, line 295]
Event: 0.363 Thread 0x0000022472d1cb90 Exception <a 'java/lang/NoSuchMethodError'{0x000000071086eb58}: 'void java.lang.invoke.DirectMethodHandle$Holder.invokeStatic(java.lang.Object, java.lang.Object)'> (0x000000071086eb58) 
thrown [./open/src/hotspot/share/interpreter/linkResolver.cpp, line 782]
Event: 0.363 Thread 0x0000022472d1cb90 Exception <a 'java/lang/NoSuchMethodError'{0x0000000710872560}: 'void java.lang.invoke.DirectMethodHandle$Holder.invokeStaticInit(java.lang.Object, java.lang.Object)'> (0x0000000710872560) 
thrown [./open/src/hotspot/share/interpreter/linkResolver.cpp, line 782]
Event: 0.383 Thread 0x0000022472d1cb90 Implicit null exception at 0x000002245e511f75 to 0x000002245e512050
Event: 0.538 Thread 0x0000022472d1cb90 Exception <a 'java/lang/NoSuchMethodError'{0x000000070f1d98c8}: 'java.lang.Object java.lang.invoke.DirectMethodHandle$Holder.invokeStaticInit(java.lang.Object, int, int, int, int)'> (0x000000070f1d98c8) 
thrown [./open/src/hotspot/share/interpreter/linkResolver.cpp, line 782]
Event: 0.560 Thread 0x0000022472d1cb90 Exception <a 'java/lang/NoSuchMethodError'{0x000000071100de38}: 'java.lang.Object java.lang.invoke.DirectMethodHandle$Holder.invokeStaticInit(java.lang.Object, java.lang.Object, int, int, int, int)'> (0x000000071100de38) 
thrown [./open/src/hotspot/share/interpreter/linkResolver.cpp, line 782]
Event: 0.689 Thread 0x0000022472d1cb90 Implicit null exception at 0x000002245e521353 to 0x000002245e521eb4
Event: 0.954 Thread 0x0000022472d1cb90 Exception <a 'java/lang/NoSuchMethodError'{0x000000070ada7538}: 'void java.lang.invoke.DirectMethodHandle$Holder.invokeStaticInit(java.lang.Object)'> (0x000000070ada7538) 
thrown [./open/src/hotspot/share/interpreter/linkResolver.cpp, line 782]
Event: 1.000 Thread 0x0000022472d1cb90 Implicit null exception at 0x000002245e5d3476 to 0x000002245e5d3538
Event: 1.093 Thread 0x0000022472d1cb90 Implicit null exception at 0x000002245e5f0a3c to 0x000002245e5f1180
Event: 1.093 Thread 0x0000022472d1cb90 Implicit null exception at 0x000002245e5f22e2 to 0x000002245e5f2c7c
Event: 1.093 Thread 0x0000022472d1cb90 Implicit null exception at 0x000002245e5ef8f6 to 0x000002245e5efc0c
Event: 1.093 Thread 0x0000022472d1cb90 Implicit null exception at 0x000002245e5f3fe4 to 0x000002245e5f46b8
Event: 1.713 Thread 0x000002247cc34200 Exception <a 'java/lang/NoSuchMethodError'{0x0000000714229900}: 'void java.lang.invoke.DirectMethodHandle$Holder.invokeStatic(java.lang.Object, java.lang.Object, java.lang.Object)'> (0x0000000714229900) 
thrown [./open/src/hotspot/share/interpreter/linkResolver.cpp, line 782]

Events (20 events):
Event: 1.472 loading class java/text/AttributedCharacterIterator done
Event: 1.472 loading class java/text/AttributedString$AttributedStringIterator done
Event: 1.472 loading class java/util/concurrent/locks/AbstractQueuedSynchronizer$ExclusiveNode
Event: 1.472 loading class java/util/concurrent/locks/AbstractQueuedSynchronizer$Node
Event: 1.472 loading class java/util/concurrent/locks/AbstractQueuedSynchronizer$Node done
Event: 1.472 loading class java/util/concurrent/locks/AbstractQueuedSynchronizer$ExclusiveNode done
Event: 1.489 loading class java/util/concurrent/locks/AbstractQueuedSynchronizer$ConditionNode
Event: 1.489 loading class java/util/concurrent/ForkJoinPool$ManagedBlocker
Event: 1.489 loading class java/util/concurrent/ForkJoinPool$ManagedBlocker done
Event: 1.489 loading class java/util/concurrent/locks/AbstractQueuedSynchronizer$ConditionNode done
Event: 1.711 loading class java/applet/Applet
Event: 1.711 loading class java/awt/Panel
Event: 1.711 loading class java/awt/Panel done
Event: 1.711 loading class java/applet/Applet done
Event: 2.005 loading class sun/awt/DebugSettings
Event: 2.005 loading class sun/awt/DebugSettings done
Event: 2.005 loading class javax/swing/JComponent$KeyboardState
Event: 2.006 loading class javax/swing/JComponent$KeyboardState done
Event: 2.006 loading class javax/swing/JComponent$IntVector
Event: 2.006 loading class javax/swing/JComponent$IntVector done


Dynamic libraries:
0x00007ff614ca0000 - 0x00007ff614caf000 	C:\Program Files\Java\jdk-15.0.2\bin\java.exe
0x00007ffaf02f0000 - 0x00007ffaf04e6000 	C:\Windows\SYSTEM32\ntdll.dll
0x00007ffaee760000 - 0x00007ffaee81d000 	C:\Windows\System32\KERNEL32.DLL
0x00007ffaedd60000 - 0x00007ffaee029000 	C:\Windows\System32\KERNELBASE.dll
0x00007ffaee140000 - 0x00007ffaee240000 	C:\Windows\System32\ucrtbase.dll
0x00007ffae8c40000 - 0x00007ffae8c58000 	C:\Program Files\Java\jdk-15.0.2\bin\jli.dll
0x00007ffaab510000 - 0x00007ffaab529000 	C:\Program Files\Java\jdk-15.0.2\bin\VCRUNTIME140.dll
0x00007ffaeef80000 - 0x00007ffaef02c000 	C:\Windows\System32\ADVAPI32.dll
0x00007ffaee400000 - 0x00007ffaee49e000 	C:\Windows\System32\msvcrt.dll
0x00007ffaef030000 - 0x00007ffaef0cc000 	C:\Windows\System32\sechost.dll
0x00007ffaef8c0000 - 0x00007ffaef9eb000 	C:\Windows\System32\RPCRT4.dll
0x00007ffaef480000 - 0x00007ffaef620000 	C:\Windows\System32\USER32.dll
0x00007ffaee0b0000 - 0x00007ffaee0d2000 	C:\Windows\System32\win32u.dll
0x00007ffad8870000 - 0x00007ffad8b0b000 	C:\Windows\WinSxS\amd64_microsoft.windows.common-controls_6595b64144ccf1df_6.0.19041.746_none_ca02b4b61b8320a4\COMCTL32.dll
0x00007ffaef0e0000 - 0x00007ffaef10a000 	C:\Windows\System32\GDI32.dll
0x00007ffaee240000 - 0x00007ffaee34b000 	C:\Windows\System32\gdi32full.dll
0x00007ffaedb90000 - 0x00007ffaedc2d000 	C:\Windows\System32\msvcp_win.dll
0x00007ffae8c10000 - 0x00007ffae8c1a000 	C:\Windows\SYSTEM32\VERSION.dll
0x00007ffaef190000 - 0x00007ffaef1c0000 	C:\Windows\System32\IMM32.DLL
0x00007ffacbaf0000 - 0x00007ffacbafc000 	C:\Program Files\Java\jdk-15.0.2\bin\vcruntime140_1.dll
0x00007ffaab0d0000 - 0x00007ffaab161000 	C:\Program Files\Java\jdk-15.0.2\bin\msvcp140.dll
0x00007ffaaa570000 - 0x00007ffaab0ce000 	C:\Program Files\Java\jdk-15.0.2\bin\server\jvm.dll
0x00007ffaee820000 - 0x00007ffaee828000 	C:\Windows\System32\PSAPI.DLL
0x00007ffae2730000 - 0x00007ffae2757000 	C:\Windows\SYSTEM32\WINMM.dll
0x00007ffac5920000 - 0x00007ffac5929000 	C:\Windows\SYSTEM32\WSOCK32.dll
0x00007ffaef620000 - 0x00007ffaef68b000 	C:\Windows\System32\WS2_32.dll
0x00007ffaeb9a0000 - 0x00007ffaeb9b2000 	C:\Windows\SYSTEM32\kernel.appcore.dll
0x00007ffabc9f0000 - 0x00007ffabc9fa000 	C:\Program Files\Java\jdk-15.0.2\bin\jimage.dll
0x00007ffad8f10000 - 0x00007ffad90f4000 	C:\Windows\SYSTEM32\DBGHELP.DLL
0x00007ffad8ee0000 - 0x00007ffad8f0c000 	C:\Windows\SYSTEM32\dbgcore.DLL
0x00007ffaee030000 - 0x00007ffaee0b0000 	C:\Windows\System32\bcryptPrimitives.dll
0x00007ffaab170000 - 0x00007ffaab195000 	C:\Program Files\Java\jdk-15.0.2\bin\java.dll
0x00007ffaee830000 - 0x00007ffaeef72000 	C:\Windows\System32\SHELL32.dll
0x00007ffaebba0000 - 0x00007ffaec330000 	C:\Windows\SYSTEM32\windows.storage.dll
0x00007ffaef9f0000 - 0x00007ffaefd46000 	C:\Windows\System32\combase.dll
0x00007ffaed490000 - 0x00007ffaed4bc000 	C:\Windows\SYSTEM32\Wldp.dll
0x00007ffaee350000 - 0x00007ffaee3fe000 	C:\Windows\System32\SHCORE.dll
0x00007ffaef130000 - 0x00007ffaef185000 	C:\Windows\System32\shlwapi.dll
0x00007ffaed960000 - 0x00007ffaed986000 	C:\Windows\SYSTEM32\profapi.dll
0x00007ffaab6a0000 - 0x00007ffaab6b9000 	C:\Program Files\Java\jdk-15.0.2\bin\net.dll
0x00007ffae3d70000 - 0x00007ffae3e70000 	C:\Windows\SYSTEM32\WINHTTP.dll
0x00007ffaed210000 - 0x00007ffaed27a000 	C:\Windows\system32\mswsock.dll
0x00007ffaab680000 - 0x00007ffaab692000 	C:\Program Files\Java\jdk-15.0.2\bin\nio.dll
0x00007ffaab660000 - 0x00007ffaab678000 	C:\Program Files\Java\jdk-15.0.2\bin\zip.dll
0x00007ffad4240000 - 0x00007ffad43c0000 	C:\Program Files\Java\jdk-15.0.2\bin\awt.dll
0x00007ffaee4a0000 - 0x00007ffaee56d000 	C:\Windows\System32\OLEAUT32.dll
0x00007ffaeb3e0000 - 0x00007ffaeb470000 	C:\Windows\SYSTEM32\apphelp.dll
0x00007ffaeb6b0000 - 0x00007ffaeb6df000 	C:\Windows\system32\DWMAPI.DLL
0x00007ffaeb4c0000 - 0x00007ffaeb55e000 	C:\Windows\system32\uxtheme.dll
0x00007ffad2800000 - 0x00007ffad2925000 	C:\Windows\system32\opengl32.dll
0x00007ffae5a50000 - 0x00007ffae5a7c000 	C:\Windows\SYSTEM32\GLU32.dll
0x00007ffaef1c0000 - 0x00007ffaef2d5000 	C:\Windows\System32\MSCTF.dll
0x00007ffaef350000 - 0x00007ffaef47a000 	C:\Windows\System32\ole32.dll
0x00007ffaed610000 - 0x00007ffaed622000 	C:\Windows\SYSTEM32\msasn1.dll
0x00007ffae8bd0000 - 0x00007ffae8c01000 	C:\Windows\SYSTEM32\cryptnet.dll
0x00007ffaeda30000 - 0x00007ffaedb86000 	C:\Windows\System32\CRYPT32.dll
0x00007ffaed400000 - 0x00007ffaed40c000 	C:\Windows\SYSTEM32\cryptbase.dll
0x00007ffaee0e0000 - 0x00007ffaee140000 	C:\Windows\System32\WINTRUST.DLL
0x00007ffaef110000 - 0x00007ffaef12d000 	C:\Windows\System32\imagehlp.dll
0x00007ffaed3e0000 - 0x00007ffaed3f8000 	C:\Windows\SYSTEM32\CRYPTSP.dll
0x00007ffaecb40000 - 0x00007ffaecb74000 	C:\Windows\system32\rsaenh.dll
0x00007ffaedd30000 - 0x00007ffaedd57000 	C:\Windows\System32\bcrypt.dll
0x00007ffaec340000 - 0x00007ffaec363000 	C:\Windows\SYSTEM32\gpapi.dll
0x00007ffae60e0000 - 0x00007ffae611b000 	C:\Windows\SYSTEM32\dxcore.dll
0x00007ffaedc30000 - 0x00007ffaedc7e000 	C:\Windows\System32\cfgmgr32.dll
0x00007ffada8c0000 - 0x00007ffada8ed000 	C:\Program Files\Java\jdk-15.0.2\bin\javajpeg.dll
0x00007ffada7f0000 - 0x00007ffada82f000 	C:\Program Files\Java\jdk-15.0.2\bin\lcms.dll
0x00007ffaed920000 - 0x00007ffaed94e000 	C:\Windows\SYSTEM32\USERENV.dll
0x00007ffaeceb0000 - 0x00007ffaeceeb000 	C:\Windows\SYSTEM32\IPHLPAPI.DLL
0x00007ffaef340000 - 0x00007ffaef348000 	C:\Windows\System32\NSI.dll
0x00007ffae8b40000 - 0x00007ffae8b57000 	C:\Windows\SYSTEM32\dhcpcsvc6.DLL
0x00007ffae4de0000 - 0x00007ffae4dfd000 	C:\Windows\SYSTEM32\dhcpcsvc.DLL
0x00007ffaecf00000 - 0x00007ffaecfcb000 	C:\Windows\SYSTEM32\DNSAPI.dll
0x00007ffad2990000 - 0x00007ffad2a15000 	C:\Program Files\Java\jdk-15.0.2\bin\freetype.dll
0x00007ffad2750000 - 0x00007ffad27f9000 	C:\Program Files\Java\jdk-15.0.2\bin\fontmanager.dll
0x00007ffada620000 - 0x00007ffada65d000 	C:\Users\amaur\AppData\Local\Temp\JOCL_2_0_2-windows-x86_64.dll
0x00007ffac58a0000 - 0x00007ffac5911000 	C:\Windows\SYSTEM32\OpenCL.dll
0x00007ffa9e330000 - 0x00007ffaa0914000 	C:\Windows\System32\DriverStore\FileRepository\nvmd.inf_amd64_1408eaf9a25ed64f\nvopencl64.dll
0x00007ffadf770000 - 0x00007ffadfe46000 	C:\Windows\SYSTEM32\nvapi64.dll
0x00007ffaefdb0000 - 0x00007ffaf0217000 	C:\Windows\System32\SETUPAPI.DLL
0x00007ffae01e0000 - 0x00007ffae02db000 	C:\Windows\SYSTEM32\textinputframework.dll
0x00007ffaeb1b0000 - 0x00007ffaeb2a2000 	C:\Windows\System32\CoreMessaging.dll
0x00007ffaeaad0000 - 0x00007ffaeae2e000 	C:\Windows\System32\CoreUIComponents.dll
0x00007ffaec770000 - 0x00007ffaec7a3000 	C:\Windows\SYSTEM32\ntmarta.dll
0x00007ffae99c0000 - 0x00007ffae9b14000 	C:\Windows\SYSTEM32\wintypes.dll

dbghelp: loaded successfully - version: 4.0.5 - missing functions: none
symbol engine: initialized successfully - sym options: 0x614 - pdb path: .;C:\Program Files\Java\jdk-15.0.2\bin;C:\Windows\SYSTEM32;C:\Windows\WinSxS\amd64_microsoft.windows.common-controls_6595b64144ccf1df_6.0.19041.746_none_ca02b4b61b8320a4;C:\Program Files\Java\jdk-15.0.2\bin\server;C:\Windows\System32\DriverStore\FileRepository\nvmd.inf_amd64_1408eaf9a25ed64f;C:\Users\amaur\AppData\Local\Temp

VM Arguments:
java_command: Launcher
java_class_path (initial): C:\Users\amaur\Desktop\roguelike-proto\lib\runtime\scala-compiler-2.12.2.jar;C:\Users\amaur\Desktop\roguelike-proto\lib\runtime\scala-library-2.12.2.jar;C:\Users\amaur\Desktop\roguelike-proto\lib\runtime\scala-reflect-2.12.2.jar;C:\Users\amaur\Desktop\roguelike-proto\bin;C:\Users\amaur\Desktop\roguelike-proto\lib\third-party\aspose\aspose-psd-20.9-jdk16.jar;C:\Users\amaur\Desktop\roguelike-proto\lib\third-party\jocl\jocl-2.0.2.jar;C:\Users\amaur\Desktop\roguelike-proto\lib\third-party\jxinput\jxinput-0.3.4.jar
Launcher Type: SUN_STANDARD

[Global flags]
     intx CICompilerCount                          = 4                                         {product} {ergonomic}
     uint ConcGCThreads                            = 3                                         {product} {ergonomic}
     uint G1ConcRefinementThreads                  = 10                                        {product} {ergonomic}
   size_t G1HeapRegionSize                         = 2097152                                   {product} {ergonomic}
    uintx GCDrainStackTargetSize                   = 64                                        {product} {ergonomic}
   size_t InitialHeapSize                          = 268435456                                 {product} {ergonomic}
   size_t MarkStackSize                            = 4194304                                   {product} {ergonomic}
   size_t MaxHeapSize                              = 4276092928                                {product} {ergonomic}
   size_t MaxNewSize                               = 2564816896                                {product} {ergonomic}
   size_t MinHeapDeltaBytes                        = 2097152                                   {product} {ergonomic}
   size_t MinHeapSize                              = 8388608                                   {product} {ergonomic}
    uintx NonNMethodCodeHeapSize                   = 5839372                                {pd product} {ergonomic}
    uintx NonProfiledCodeHeapSize                  = 122909434                              {pd product} {ergonomic}
    uintx ProfiledCodeHeapSize                     = 122909434                              {pd product} {ergonomic}
    uintx ReservedCodeCacheSize                    = 251658240                              {pd product} {ergonomic}
     bool SegmentedCodeCache                       = true                                      {product} {ergonomic}
   size_t SoftMaxHeapSize                          = 4276092928                             {manageable} {ergonomic}
     bool UseCompressedClassPointers               = true                                 {lp64_product} {ergonomic}
     bool UseCompressedOops                        = true                                 {lp64_product} {ergonomic}
     bool UseG1GC                                  = true                                      {product} {ergonomic}
     bool UseLargePagesIndividualAllocation        = false                                  {pd product} {ergonomic}

Logging:
Log output configuration:
 #0: stdout all=warning uptime,level,tags
 #1: stderr all=off uptime,level,tags

Environment Variables:
JAVA_HOME=C:/Program Files/Java/jdk-15.0.2
PATH=C:\Program Files\Git\mingw64\bin;C:\Program Files\Git\usr\bin;C:\Users\amaur\bin;C:\Python39\Scripts;C:\Python39;C:\Program Files\Common Files\Oracle\Java\javapath;C:\Program Files (x86)\Common Files\Oracle\Java\javapath;C:\Windows\system32;C:\Windows;C:\Windows\System32\Wbem;C:\Windows\System32\WindowsPowerShell\v1.0;C:\Windows\System32\OpenSSH;C:\Program Files\nodejs;C:\ProgramData\chocolatey\bin;C:\Program Files\Java\jdk-15.0.2\bin;C:\Program Files\Ant\apache-ant-1.10.9\bin;C:\Users\amaur\AppData\Local\Microsoft\WindowsApps;C:\Users\amaur\AppData\Local\Programs\Microsoft VS Code\bin;C:\Users\amaur\AppData\Roaming\npm
USERNAME=amaur
LANG=en_GB.UTF-8
OS=Windows_NT
PROCESSOR_IDENTIFIER=AMD64 Family 23 Model 113 Stepping 0, AuthenticAMD



---------------  S Y S T E M  ---------------

OS:
 Windows 10 , 64 bit Build 19041 (10.0.19041.804)
OS uptime: 0 days 8:21 hours

CPU: total 12 (initial active 12) (12 cores per cpu, 2 threads per core) family 23 model 113 stepping 0 microcode 0x0, cmov, cx8, fxsr, mmx, sse, sse2, sse3, ssse3, sse4.1, sse4.2, popcnt, vzeroupper, avx, avx2, aes, clmul, 3dnowpref, lzcnt, sse4a, ht, tsc, tscinvbit, tscinv, bmi1, bmi2, adx, sha, fma, clflush, clflushopt

Memory: 4k page, system-wide physical 16311M (9769M free)
TotalPageFile size 18743M (AvailPageFile size 8748M)
current process WorkingSet (physical memory assigned to process): 420M, peak: 439M
current process commit charge ("private bytes"): 880M, peak: 919M

vm_info: Java HotSpot(TM) 64-Bit Server VM (15.0.2+7-27) for windows-amd64 JRE (15.0.2+7-27), built on Dec  7 2020 20:07:01 by "mach5one" with unknown MS VC++:1925

END.
