#
# A fatal error has been detected by the Java Runtime Environment:
#
#  EXCEPTION_ACCESS_VIOLATION (0xc0000005) at pc=0x00007ffad29a1d3c, pid=5036, tid=12068
#
# JRE version: Java(TM) SE Runtime Environment (15.0.2+7) (build 15.0.2+7-27)
# Java VM: Java HotSpot(TM) 64-Bit Server VM (15.0.2+7-27, mixed mode, sharing, tiered, compressed oops, g1 gc, windows-amd64)
# Problematic frame:
# C  [OpenCL.dll+0x1d3c]
#
# No core dump will be written. Minidumps are not enabled by default on client versions of Windows
#
# If you would like to submit a bug report, please visit:
#   https://bugreport.java.com/bugreport/crash.jsp
# The crash happened outside the Java Virtual Machine in native code.
# See problematic frame for where to report the bug.
#

---------------  S U M M A R Y ------------

Command Line: Launcher

Host: AMD Ryzen 5 3600 6-Core Processor              , 12 cores, 15G,  Windows 10 , 64 bit Build 19041 (10.0.19041.804)
Time: Tue Feb 16 00:01:08 2021 Romance Standard Time elapsed time: 4.788584 seconds (0d 0h 0m 4s)

---------------  T H R E A D  ---------------

Current thread (0x000002aad9d9ce10):  JavaThread "game_loop_thread" daemon [_thread_in_native, id=12068, stack(0x000000bfc2200000,0x000000bfc2300000)]

Stack: [0x000000bfc2200000,0x000000bfc2300000],  sp=0x000000bfc22febd8,  free space=1018k
Native frames: (J=compiled Java code, j=interpreted, Vv=VM code, C=native code)
C  [OpenCL.dll+0x1d3c]

Java frames: (J=compiled Java code, j=interpreted, Vv=VM code)
J 2516  org.jocl.CL.clSetKernelArgNative(Lorg/jocl/cl_kernel;IJLorg/jocl/Pointer;)I (0 bytes) @ 0x000002aaba4037a3 [0x000002aaba403720+0x0000000000000083]
J 2515 c1 org.jocl.CL.clSetKernelArg(Lorg/jocl/cl_kernel;IJLorg/jocl/Pointer;)I (12 bytes) @ 0x000002aab323352c [0x000002aab32334e0+0x000000000000004c]
J 2574 c1 engine.render2d.OpenCL.XXX(Ljava/awt/image/BufferedImage;Ljava/awt/image/BufferedImage;FF)V (376 bytes) @ 0x000002aab32434b4 [0x000002aab3242fc0+0x00000000000004f4]
j  engine.scene.Scene.CL_render()V+89
j  engine.stage.Stage.run()V+134
j  java.lang.Thread.run()V+11 java.base@15.0.2
v  ~StubRoutines::call_stub

siginfo: EXCEPTION_ACCESS_VIOLATION (0xc0000005), reading address 0x0000000000000130


Register to memory mapping:

RIP=0x00007ffad29a1d3c OpenCL.dll
RAX=0x0 is NULL
RBX=0x000000bfc22fec50 is pointing into the stack for thread: 0x000002aad9d9ce10
RCX=0x000002aad9b7d800 points into unknown readable memory: 0x000002aace95b500 | 00 b5 95 ce aa 02 00 00
RDX=0x0 is NULL
RSP=0x000000bfc22febd8 is pointing into the stack for thread: 0x000002aad9d9ce10
RBP=0x0 is NULL
RSI=0x000002aad9b7d800 points into unknown readable memory: 0x000002aace95b500 | 00 b5 95 ce aa 02 00 00
RDI=0x000002aad9d9d138 points into unknown readable memory: 0x00007ffaaaf6de40 | 40 de f6 aa fa 7f 00 00
R8 =0x0000000000000008 is an unknown value
R9 =0x000002aad79f6640 points into unknown readable memory: 0x000002aad7d1c900 | 00 c9 d1 d7 aa 02 00 00
R10=0x00007ffaab00c720 jvm.dll
R11=0x0000000000000014 is an unknown value
R12=0x0 is NULL
R13=0x00000007145033f0 is an oop: java.lang.Class 
{0x00000007145033f0} - klass: 'java/lang/Class'
R14=0x000000bfc22fec80 is pointing into the stack for thread: 0x000002aad9d9ce10
R15=0x000002aad9d9ce10 is a thread


Registers:
RAX=0x0000000000000000, RBX=0x000000bfc22fec50, RCX=0x000002aad9b7d800, RDX=0x0000000000000000
RSP=0x000000bfc22febd8, RBP=0x0000000000000000, RSI=0x000002aad9b7d800, RDI=0x000002aad9d9d138
R8 =0x0000000000000008, R9 =0x000002aad79f6640, R10=0x00007ffaab00c720, R11=0x0000000000000014
R12=0x0000000000000000, R13=0x00000007145033f0, R14=0x000000bfc22fec80, R15=0x000002aad9d9ce10
RIP=0x00007ffad29a1d3c, EFLAGS=0x0000000000010206

Top of Stack: (sp=0x000000bfc22febd8)
0x000000bfc22febd8:   00007ffada7eceb5 0000000000000000
0x000000bfc22febe8:   00007ffada802be0 000000bf00000001
0x000000bfc22febf8:   0000000000000000 000002aad783b670
0x000000bfc22fec08:   000002aad7d1db90 00000007143a6648
0x000000bfc22fec18:   000002aaba403843 000002aad9f0de70
0x000000bfc22fec28:   00000000000001fa 000000bfc22fec90
0x000000bfc22fec38:   000002aad7d1db90 0000000000000008
0x000000bfc22fec48:   000000bfc22fec68 0000000714232240
0x000000bfc22fec58:   00000007143a6608 000000071453fe78
0x000000bfc22fec68:   00000007143a6648 000000bfc22fef60
0x000000bfc22fec78:   000002aab3235f14 000000071453fe78
0x000000bfc22fec88:   0000000000000000 000000bfc22fef60
0x000000bfc22fec98:   000002aab323352c 0000000000001800
0x000000bfc22feca8:   000002aaba40511e 0000000000000000
0x000000bfc22fecb8:   000002aab3240f9c 000000bfc22fef60
0x000000bfc22fecc8:   000002aab3235594 00000007143a6298 

Instructions: (pc=0x00007ffad29a1d3c)
0x00007ffad29a1c3c:   c0 ff 15 65 04 05 00 48 85 db 75 09 8d 43 e0 48
0x00007ffad29a1c4c:   83 c4 20 5b c3 48 8b 03 48 8b cb 48 83 c4 20 5b
0x00007ffad29a1c5c:   48 ff a0 20 03 00 00 cc cc cc cc cc cc cc cc cc
0x00007ffad29a1c6c:   cc cc cc cc 48 85 c9 75 04 8d 41 d4 c3 4c 8b 11
0x00007ffad29a1c7c:   49 ff a2 00 01 00 00 cc cc cc cc cc cc cc cc cc
0x00007ffad29a1c8c:   cc cc cc cc 48 85 c9 75 04 8d 41 d4 c3 4c 8b 11
0x00007ffad29a1c9c:   49 ff a2 08 01 00 00 cc cc cc cc cc cc cc cc cc
0x00007ffad29a1cac:   cc cc cc cc 48 85 c9 75 0f 4d 85 c0 74 07 41 c7
0x00007ffad29a1cbc:   00 d4 ff ff ff 33 c0 c3 48 8b 01 48 ff a0 10 01
0x00007ffad29a1ccc:   00 00 cc cc 48 85 c9 75 04 8d 41 d4 c3 48 8b 01
0x00007ffad29a1cdc:   48 ff a0 18 01 00 00 cc cc cc cc cc cc cc cc cc
0x00007ffad29a1cec:   cc cc cc cc 48 85 c9 75 04 8d 41 d0 c3 48 8b 01
0x00007ffad29a1cfc:   48 ff a0 20 01 00 00 cc cc cc cc cc cc cc cc cc
0x00007ffad29a1d0c:   cc cc cc cc 48 85 c9 75 04 8d 41 d0 c3 48 8b 01
0x00007ffad29a1d1c:   48 ff a0 28 01 00 00 cc cc cc cc cc cc cc cc cc
0x00007ffad29a1d2c:   cc cc cc cc 48 85 c9 75 04 8d 41 d0 c3 48 8b 01
0x00007ffad29a1d3c:   48 ff a0 30 01 00 00 cc cc cc cc cc cc cc cc cc
0x00007ffad29a1d4c:   cc cc cc cc 48 85 c9 75 04 8d 41 d0 c3 4c 8b 11
0x00007ffad29a1d5c:   49 ff a2 38 01 00 00 cc cc cc cc cc cc cc cc cc
0x00007ffad29a1d6c:   cc cc cc cc 48 85 c9 75 04 8d 41 d0 c3 4c 8b 11
0x00007ffad29a1d7c:   49 ff a2 28 03 00 00 cc cc cc cc cc cc cc cc cc
0x00007ffad29a1d8c:   cc cc cc cc 48 85 c9 75 04 8d 41 d0 c3 4c 8b 11
0x00007ffad29a1d9c:   49 ff a2 40 01 00 00 cc cc cc cc cc cc cc cc cc
0x00007ffad29a1dac:   cc cc cc cc 85 c9 74 1d 48 85 d2 74 18 48 8b 02
0x00007ffad29a1dbc:   48 85 c0 75 06 b8 c6 ff ff ff c3 48 8b 00 48 ff
0x00007ffad29a1dcc:   a0 48 01 00 00 b8 e2 ff ff ff c3 cc cc cc cc cc
0x00007ffad29a1ddc:   cc cc cc cc 48 85 c9 75 04 8d 41 c6 c3 4c 8b 11
0x00007ffad29a1dec:   49 ff a2 50 01 00 00 cc cc cc cc cc cc cc cc cc
0x00007ffad29a1dfc:   cc cc cc cc 48 85 c9 75 04 8d 41 c6 c3 48 8b 01
0x00007ffad29a1e0c:   48 ff a0 58 01 00 00 cc cc cc cc cc cc cc cc cc
0x00007ffad29a1e1c:   cc cc cc cc 48 85 c9 75 04 8d 41 c6 c3 48 8b 01
0x00007ffad29a1e2c:   48 ff a0 60 01 00 00 cc cc cc cc cc cc cc cc cc 


Stack slot to memory mapping:
stack at sp + 0 slots: 0x00007ffada7eceb5 JOCL_2_0_2-windows-x86_64.dll
stack at sp + 1 slots: 0x0 is NULL
stack at sp + 2 slots: 0x00007ffada802be0 JOCL_2_0_2-windows-x86_64.dll
stack at sp + 3 slots: 0x000000bf00000001 is an unknown value
stack at sp + 4 slots: 0x0 is NULL
stack at sp + 5 slots: 0x000002aad783b670 points into unknown readable memory: 0x000002aad7b42ba8 | a8 2b b4 d7 aa 02 00 00
stack at sp + 6 slots: 0x000002aad7d1db90 points into unknown readable memory: 0x0057005c003a0043 | 43 00 3a 00 5c 00 57 00
stack at sp + 7 slots: 0x00000007143a6648 is an oop: org.jocl.Pointer 
{0x00000007143a6648} - klass: 'org/jocl/Pointer'


---------------  P R O C E S S  ---------------

Threads class SMR info:
_java_thread_list=0x000002aad7fe75d0, length=15, elements={
0x000002aace95b500, 0x000002aace95bfd0, 0x000002aacf175300, 0x000002aacf177cc0,
0x000002aacf178670, 0x000002aacf17d830, 0x000002aacf1817d0, 0x000002aacf18a1d0,
0x000002aacf2a6450, 0x000002aacf2af440, 0x000002aacf558830, 0x000002aad9d9ce10,
0x000002aaeabcd010, 0x000002aacffee400, 0x000002aad95daf50
}

Java Threads: ( => current thread )
  0x000002aace95b500 JavaThread "Reference Handler" daemon [_thread_blocked, id=13068, stack(0x000000bfc1000000,0x000000bfc1100000)]
  0x000002aace95bfd0 JavaThread "Finalizer" daemon [_thread_blocked, id=8144, stack(0x000000bfc1100000,0x000000bfc1200000)]
  0x000002aacf175300 JavaThread "Signal Dispatcher" daemon [_thread_blocked, id=11524, stack(0x000000bfc1200000,0x000000bfc1300000)]
  0x000002aacf177cc0 JavaThread "Attach Listener" daemon [_thread_blocked, id=6540, stack(0x000000bfc1300000,0x000000bfc1400000)]
  0x000002aacf178670 JavaThread "Service Thread" daemon [_thread_blocked, id=2228, stack(0x000000bfc1400000,0x000000bfc1500000)]
  0x000002aacf17d830 JavaThread "C2 CompilerThread0" daemon [_thread_blocked, id=8524, stack(0x000000bfc1500000,0x000000bfc1600000)]
  0x000002aacf1817d0 JavaThread "C1 CompilerThread0" daemon [_thread_blocked, id=3836, stack(0x000000bfc1600000,0x000000bfc1700000)]
  0x000002aacf18a1d0 JavaThread "Sweeper thread" daemon [_thread_blocked, id=5772, stack(0x000000bfc1700000,0x000000bfc1800000)]
  0x000002aacf2a6450 JavaThread "Notification Thread" daemon [_thread_blocked, id=12392, stack(0x000000bfc1800000,0x000000bfc1900000)]
  0x000002aacf2af440 JavaThread "Common-Cleaner" daemon [_thread_blocked, id=12308, stack(0x000000bfc1a00000,0x000000bfc1b00000)]
  0x000002aacf558830 JavaThread "Java2D Disposer" daemon [_thread_blocked, id=11312, stack(0x000000bfc1b00000,0x000000bfc1c00000)]
=>0x000002aad9d9ce10 JavaThread "game_loop_thread" daemon [_thread_in_native, id=12068, stack(0x000000bfc2200000,0x000000bfc2300000)]
  0x000002aaeabcd010 JavaThread "AWT-Shutdown" [_thread_blocked, id=12744, stack(0x000000bfc2300000,0x000000bfc2400000)]
  0x000002aacffee400 JavaThread "AWT-EventQueue-0" [_thread_blocked, id=12016, stack(0x000000bfc3700000,0x000000bfc3800000)]
  0x000002aad95daf50 JavaThread "DestroyJavaVM" [_thread_blocked, id=3580, stack(0x000000bfc0900000,0x000000bfc0a00000)]

Other Threads:
  0x000002aace955d60 VMThread "VM Thread" [stack: 0x000000bfc0f00000,0x000000bfc1000000] [id=8800]
  0x000002aacf2ae910 WatcherThread [stack: 0x000000bfc1900000,0x000000bfc1a00000] [id=1132]
  0x000002aaa8e48ac0 GCTaskThread "GC Thread#0" [stack: 0x000000bfc0a00000,0x000000bfc0b00000] [id=12352]
  0x000002aacf8ef6c0 GCTaskThread "GC Thread#1" [stack: 0x000000bfc2400000,0x000000bfc2500000] [id=11528]
  0x000002aacf8ef9f0 GCTaskThread "GC Thread#2" [stack: 0x000000bfc2500000,0x000000bfc2600000] [id=11696]
  0x000002aacf8f1d00 GCTaskThread "GC Thread#3" [stack: 0x000000bfc2600000,0x000000bfc2700000] [id=8984]
  0x000002aacf8f16a0 GCTaskThread "GC Thread#4" [stack: 0x000000bfc2700000,0x000000bfc2800000] [id=12220]
  0x000002aacf8efd20 GCTaskThread "GC Thread#5" [stack: 0x000000bfc2800000,0x000000bfc2900000] [id=11748]
  0x000002aacf8f0380 GCTaskThread "GC Thread#6" [stack: 0x000000bfc2900000,0x000000bfc2a00000] [id=5224]
  0x000002aacf8f2030 GCTaskThread "GC Thread#7" [stack: 0x000000bfc2a00000,0x000000bfc2b00000] [id=296]
  0x000002aaa8e599e0 ConcurrentGCThread "G1 Main Marker" [stack: 0x000000bfc0b00000,0x000000bfc0c00000] [id=1632]
  0x000002aaa8e5ac70 ConcurrentGCThread "G1 Conc#0" [stack: 0x000000bfc0c00000,0x000000bfc0d00000] [id=8172]
  0x000002aacf8f29c0 ConcurrentGCThread "G1 Conc#1" [stack: 0x000000bfc1c00000,0x000000bfc1d00000] [id=6900]
  0x000002aad7f93770 ConcurrentGCThread "G1 Conc#2" [stack: 0x000000bfc2000000,0x000000bfc2100000] [id=7092]
  0x000002aaa8eb9680 ConcurrentGCThread "G1 Refine#0" [stack: 0x000000bfc0d00000,0x000000bfc0e00000] [id=8620]
  0x000002aad784f630 ConcurrentGCThread "G1 Refine#1" [stack: 0x000000bfc2b00000,0x000000bfc2c00000] [id=9336]
  0x000002aad780fc10 ConcurrentGCThread "G1 Refine#2" [stack: 0x000000bfc2c00000,0x000000bfc2d00000] [id=5380]
  0x000002aacfff18b0 ConcurrentGCThread "G1 Refine#3" [stack: 0x000000bfc2d00000,0x000000bfc2e00000] [id=12152]
  0x000002aad002e830 ConcurrentGCThread "G1 Refine#4" [stack: 0x000000bfc2e00000,0x000000bfc2f00000] [id=11436]
  0x000002aad7a2fa20 ConcurrentGCThread "G1 Refine#5" [stack: 0x000000bfc2f00000,0x000000bfc3000000] [id=5256]
  0x000002aaa8eba180 ConcurrentGCThread "G1 Young RemSet Sampling" [stack: 0x000000bfc0e00000,0x000000bfc0f00000] [id=8888]

Threads with active compile tasks:

VM state: not at safepoint (normal execution)

VM Mutex/Monitor currently owned by a thread: None

Heap address: 0x0000000701200000, size: 4078 MB, Compressed Oops mode: Zero based, Oop shift amount: 3
CDS archive(s) mapped at: [0x0000000800000000-0x0000000800b50000-0x0000000800b50000), size 11862016, SharedBaseAddress: 0x0000000800000000, ArchiveRelocationMode: 0.
Compressed class space mapped at: 0x0000000800b50000-0x0000000840b50000, size: 1073741824
Narrow klass base: 0x0000000800000000, Narrow klass shift: 3, Narrow klass range: 0x100000000

GC Precious Log:
 CPUs: 12 total, 12 available
 Memory: 16311M
 Large Page Support: Disabled
 NUMA Support: Disabled
 Compressed Oops: Enabled (Zero based)
 Heap Region Size: 2M
 Heap Min Capacity: 8M
 Heap Initial Capacity: 256M
 Heap Max Capacity: 4078M
 Pre-touch: Disabled
 Parallel Workers: 10
 Concurrent Workers: 3
 Concurrent Refinement Workers: 10
 Periodic GC: Disabled

Heap:
 garbage-first heap   total 315392K, used 138315K [0x0000000701200000, 0x0000000800000000)
  region size 2048K, 10 young (20480K), 5 survivors (10240K)
 Metaspace       used 21318K, capacity 21498K, committed 21632K, reserved 1069056K
  class space    used 2283K, capacity 2355K, committed 2432K, reserved 1048576K

Heap Regions: E=young(eden), S=young(survivor), O=old, HS=humongous(starts), HC=humongous(continues), CS=collection set, F=free, OA=open archive, CA=closed archive, TAMS=top-at-mark-start (previous, next)
|   0|0x0000000701200000, 0x0000000701400000, 0x0000000701400000|100%|HS|  |TAMS 0x0000000701400000, 0x0000000701200000| Complete 
|   1|0x0000000701400000, 0x0000000701600000, 0x0000000701600000|100%| O|  |TAMS 0x0000000701400000, 0x0000000701400000| Untracked 
|   2|0x0000000701600000, 0x0000000701800000, 0x0000000701800000|100%|HS|  |TAMS 0x0000000701800000, 0x0000000701600000| Complete 
|   3|0x0000000701800000, 0x0000000701a00000, 0x0000000701a00000|100%| O|  |TAMS 0x0000000701985600, 0x0000000701800000| Untracked 
|   4|0x0000000701a00000, 0x0000000701c00000, 0x0000000701c00000|100%| O|  |TAMS 0x0000000701c00000, 0x0000000701a00000| Untracked 
|   5|0x0000000701c00000, 0x0000000701e00000, 0x0000000701e00000|100%| O|  |TAMS 0x0000000701e00000, 0x0000000701c00000| Untracked 
|   6|0x0000000701e00000, 0x0000000702000000, 0x0000000702000000|100%| O|  |TAMS 0x0000000701e00000, 0x0000000701e00000| Untracked 
|   7|0x0000000702000000, 0x0000000702200000, 0x0000000702200000|100%| O|  |TAMS 0x0000000702200000, 0x0000000702000000| Untracked 
|   8|0x0000000702200000, 0x0000000702400000, 0x0000000702400000|100%| O|  |TAMS 0x0000000702400000, 0x0000000702200000| Untracked 
|   9|0x0000000702400000, 0x0000000702600000, 0x0000000702600000|100%|HS|  |TAMS 0x0000000702400000, 0x0000000702400000| Complete 
|  10|0x0000000702600000, 0x0000000702800000, 0x0000000702800000|100%|HC|  |TAMS 0x0000000702600000, 0x0000000702600000| Complete 
|  11|0x0000000702800000, 0x0000000702a00000, 0x0000000702a00000|100%|HC|  |TAMS 0x0000000702800000, 0x0000000702800000| Complete 
|  12|0x0000000702a00000, 0x0000000702c00000, 0x0000000702c00000|100%|HC|  |TAMS 0x0000000702a00000, 0x0000000702a00000| Complete 
|  13|0x0000000702c00000, 0x0000000702e00000, 0x0000000702e00000|100%|HC|  |TAMS 0x0000000702c00000, 0x0000000702c00000| Complete 
|  14|0x0000000702e00000, 0x0000000702e00000, 0x0000000703000000|  0%| F|  |TAMS 0x0000000702e00000, 0x0000000702e00000| Untracked 
|  15|0x0000000703000000, 0x0000000703000000, 0x0000000703200000|  0%| F|  |TAMS 0x0000000703000000, 0x0000000703000000| Untracked 
|  16|0x0000000703200000, 0x0000000703400000, 0x0000000703400000|100%|HS|  |TAMS 0x0000000703400000, 0x0000000703200000| Complete 
|  17|0x0000000703400000, 0x0000000703600000, 0x0000000703600000|100%|HC|  |TAMS 0x0000000703600000, 0x0000000703400000| Complete 
|  18|0x0000000703600000, 0x0000000703800000, 0x0000000703800000|100%|HC|  |TAMS 0x0000000703800000, 0x0000000703600000| Complete 
|  19|0x0000000703800000, 0x0000000703800000, 0x0000000703a00000|  0%| F|  |TAMS 0x0000000703800000, 0x0000000703800000| Untracked 
|  20|0x0000000703a00000, 0x0000000703c00000, 0x0000000703c00000|100%|HS|  |TAMS 0x0000000703c00000, 0x0000000703a00000| Complete 
|  21|0x0000000703c00000, 0x0000000703e00000, 0x0000000703e00000|100%|HS|  |TAMS 0x0000000703c00000, 0x0000000703c00000| Complete 
|  22|0x0000000703e00000, 0x0000000704000000, 0x0000000704000000|100%|HC|  |TAMS 0x0000000703e00000, 0x0000000703e00000| Complete 
|  23|0x0000000704000000, 0x0000000704200000, 0x0000000704200000|100%|HC|  |TAMS 0x0000000704000000, 0x0000000704000000| Complete 
|  24|0x0000000704200000, 0x0000000704400000, 0x0000000704400000|100%|HC|  |TAMS 0x0000000704200000, 0x0000000704200000| Complete 
|  25|0x0000000704400000, 0x0000000704600000, 0x0000000704600000|100%|HS|  |TAMS 0x0000000704400000, 0x0000000704400000| Complete 
|  26|0x0000000704600000, 0x0000000704800000, 0x0000000704800000|100%|HC|  |TAMS 0x0000000704600000, 0x0000000704600000| Complete 
|  27|0x0000000704800000, 0x0000000704a00000, 0x0000000704a00000|100%|HC|  |TAMS 0x0000000704800000, 0x0000000704800000| Complete 
|  28|0x0000000704a00000, 0x0000000704c00000, 0x0000000704c00000|100%|HC|  |TAMS 0x0000000704a00000, 0x0000000704a00000| Complete 
|  29|0x0000000704c00000, 0x0000000704c00000, 0x0000000704e00000|  0%| F|  |TAMS 0x0000000704c00000, 0x0000000704c00000| Untracked 
|  30|0x0000000704e00000, 0x0000000704e00000, 0x0000000705000000|  0%| F|  |TAMS 0x0000000704e00000, 0x0000000704e00000| Untracked 
|  31|0x0000000705000000, 0x0000000705000000, 0x0000000705200000|  0%| F|  |TAMS 0x0000000705000000, 0x0000000705000000| Untracked 
|  32|0x0000000705200000, 0x0000000705400000, 0x0000000705400000|100%|HS|  |TAMS 0x0000000705400000, 0x0000000705200000| Complete 
|  33|0x0000000705400000, 0x0000000705600000, 0x0000000705600000|100%|HC|  |TAMS 0x0000000705600000, 0x0000000705400000| Complete 
|  34|0x0000000705600000, 0x0000000705800000, 0x0000000705800000|100%|HC|  |TAMS 0x0000000705800000, 0x0000000705600000| Complete 
|  35|0x0000000705800000, 0x0000000705a00000, 0x0000000705a00000|100%|HC|  |TAMS 0x0000000705a00000, 0x0000000705800000| Complete 
|  36|0x0000000705a00000, 0x0000000705c00000, 0x0000000705c00000|100%|HC|  |TAMS 0x0000000705c00000, 0x0000000705a00000| Complete 
|  37|0x0000000705c00000, 0x0000000705e00000, 0x0000000705e00000|100%|HS|  |TAMS 0x0000000705e00000, 0x0000000705c00000| Complete 
|  38|0x0000000705e00000, 0x0000000706000000, 0x0000000706000000|100%|HC|  |TAMS 0x0000000706000000, 0x0000000705e00000| Complete 
|  39|0x0000000706000000, 0x0000000706200000, 0x0000000706200000|100%|HC|  |TAMS 0x0000000706200000, 0x0000000706000000| Complete 
|  40|0x0000000706200000, 0x0000000706400000, 0x0000000706400000|100%|HC|  |TAMS 0x0000000706400000, 0x0000000706200000| Complete 
|  41|0x0000000706400000, 0x0000000706600000, 0x0000000706600000|100%|HC|  |TAMS 0x0000000706600000, 0x0000000706400000| Complete 
|  42|0x0000000706600000, 0x0000000706800000, 0x0000000706800000|100%|HS|  |TAMS 0x0000000706800000, 0x0000000706600000| Complete 
|  43|0x0000000706800000, 0x0000000706a00000, 0x0000000706a00000|100%|HC|  |TAMS 0x0000000706a00000, 0x0000000706800000| Complete 
|  44|0x0000000706a00000, 0x0000000706c00000, 0x0000000706c00000|100%|HC|  |TAMS 0x0000000706c00000, 0x0000000706a00000| Complete 
|  45|0x0000000706c00000, 0x0000000706e00000, 0x0000000706e00000|100%|HC|  |TAMS 0x0000000706e00000, 0x0000000706c00000| Complete 
|  46|0x0000000706e00000, 0x0000000707000000, 0x0000000707000000|100%|HC|  |TAMS 0x0000000707000000, 0x0000000706e00000| Complete 
|  47|0x0000000707000000, 0x0000000707172e00, 0x0000000707200000| 72%| O|  |TAMS 0x0000000707000000, 0x0000000707000000| Untracked 
|  48|0x0000000707200000, 0x0000000707400000, 0x0000000707400000|100%|HS|  |TAMS 0x0000000707200000, 0x0000000707200000| Complete 
|  49|0x0000000707400000, 0x0000000707600000, 0x0000000707600000|100%|HC|  |TAMS 0x0000000707400000, 0x0000000707400000| Complete 
|  50|0x0000000707600000, 0x0000000707800000, 0x0000000707800000|100%|HC|  |TAMS 0x0000000707600000, 0x0000000707600000| Complete 
|  51|0x0000000707800000, 0x0000000707a00000, 0x0000000707a00000|100%|HC|  |TAMS 0x0000000707800000, 0x0000000707800000| Complete 
|  52|0x0000000707a00000, 0x0000000707c00000, 0x0000000707c00000|100%|HC|  |TAMS 0x0000000707a00000, 0x0000000707a00000| Complete 
|  53|0x0000000707c00000, 0x0000000707e00000, 0x0000000707e00000|100%|HC|  |TAMS 0x0000000707c00000, 0x0000000707c00000| Complete 
|  54|0x0000000707e00000, 0x0000000708000000, 0x0000000708000000|100%|HC|  |TAMS 0x0000000707e00000, 0x0000000707e00000| Complete 
|  55|0x0000000708000000, 0x0000000708200000, 0x0000000708200000|100%|HC|  |TAMS 0x0000000708000000, 0x0000000708000000| Complete 
|  56|0x0000000708200000, 0x0000000708400000, 0x0000000708400000|100%|HC|  |TAMS 0x0000000708200000, 0x0000000708200000| Complete 
|  57|0x0000000708400000, 0x0000000708600000, 0x0000000708600000|100%|HC|  |TAMS 0x0000000708400000, 0x0000000708400000| Complete 
|  58|0x0000000708600000, 0x0000000708800000, 0x0000000708800000|100%|HC|  |TAMS 0x0000000708600000, 0x0000000708600000| Complete 
|  59|0x0000000708800000, 0x0000000708a00000, 0x0000000708a00000|100%|HC|  |TAMS 0x0000000708800000, 0x0000000708800000| Complete 
|  60|0x0000000708a00000, 0x0000000708c00000, 0x0000000708c00000|100%|HC|  |TAMS 0x0000000708a00000, 0x0000000708a00000| Complete 
|  61|0x0000000708c00000, 0x0000000708e00000, 0x0000000708e00000|100%|HC|  |TAMS 0x0000000708c00000, 0x0000000708c00000| Complete 
|  62|0x0000000708e00000, 0x0000000709000000, 0x0000000709000000|100%|HC|  |TAMS 0x0000000708e00000, 0x0000000708e00000| Complete 
|  63|0x0000000709000000, 0x0000000709200000, 0x0000000709200000|100%|HC|  |TAMS 0x0000000709000000, 0x0000000709000000| Complete 
|  64|0x0000000709200000, 0x0000000709400000, 0x0000000709400000|100%|HC|  |TAMS 0x0000000709200000, 0x0000000709200000| Complete 
|  65|0x0000000709400000, 0x0000000709400000, 0x0000000709600000|  0%| F|  |TAMS 0x0000000709400000, 0x0000000709400000| Untracked 
|  66|0x0000000709600000, 0x0000000709600000, 0x0000000709800000|  0%| F|  |TAMS 0x0000000709600000, 0x0000000709600000| Untracked 
|  67|0x0000000709800000, 0x0000000709800000, 0x0000000709a00000|  0%| F|  |TAMS 0x0000000709800000, 0x0000000709800000| Untracked 
|  68|0x0000000709a00000, 0x0000000709a00000, 0x0000000709c00000|  0%| F|  |TAMS 0x0000000709a00000, 0x0000000709a00000| Untracked 
|  69|0x0000000709c00000, 0x0000000709c00000, 0x0000000709e00000|  0%| F|  |TAMS 0x0000000709c00000, 0x0000000709c00000| Untracked 
|  70|0x0000000709e00000, 0x0000000709e00000, 0x000000070a000000|  0%| F|  |TAMS 0x0000000709e00000, 0x0000000709e00000| Untracked 
|  71|0x000000070a000000, 0x000000070a000000, 0x000000070a200000|  0%| F|  |TAMS 0x000000070a000000, 0x000000070a000000| Untracked 
|  72|0x000000070a200000, 0x000000070a200000, 0x000000070a400000|  0%| F|  |TAMS 0x000000070a200000, 0x000000070a200000| Untracked 
|  73|0x000000070a400000, 0x000000070a400000, 0x000000070a600000|  0%| F|  |TAMS 0x000000070a400000, 0x000000070a400000| Untracked 
|  74|0x000000070a600000, 0x000000070a600000, 0x000000070a800000|  0%| F|  |TAMS 0x000000070a600000, 0x000000070a600000| Untracked 
|  75|0x000000070a800000, 0x000000070a800000, 0x000000070aa00000|  0%| F|  |TAMS 0x000000070a800000, 0x000000070a800000| Untracked 
|  76|0x000000070aa00000, 0x000000070aa00000, 0x000000070ac00000|  0%| F|  |TAMS 0x000000070aa00000, 0x000000070aa00000| Untracked 
|  77|0x000000070ac00000, 0x000000070ac00000, 0x000000070ae00000|  0%| F|  |TAMS 0x000000070ac00000, 0x000000070ac00000| Untracked 
|  78|0x000000070ae00000, 0x000000070ae00000, 0x000000070b000000|  0%| F|  |TAMS 0x000000070ae00000, 0x000000070ae00000| Untracked 
|  79|0x000000070b000000, 0x000000070b000000, 0x000000070b200000|  0%| F|  |TAMS 0x000000070b000000, 0x000000070b000000| Untracked 
|  80|0x000000070b200000, 0x000000070b200000, 0x000000070b400000|  0%| F|  |TAMS 0x000000070b200000, 0x000000070b200000| Untracked 
|  81|0x000000070b400000, 0x000000070b400000, 0x000000070b600000|  0%| F|  |TAMS 0x000000070b400000, 0x000000070b400000| Untracked 
|  82|0x000000070b600000, 0x000000070b600000, 0x000000070b800000|  0%| F|  |TAMS 0x000000070b600000, 0x000000070b600000| Untracked 
|  83|0x000000070b800000, 0x000000070b800000, 0x000000070ba00000|  0%| F|  |TAMS 0x000000070b800000, 0x000000070b800000| Untracked 
|  84|0x000000070ba00000, 0x000000070ba00000, 0x000000070bc00000|  0%| F|  |TAMS 0x000000070ba00000, 0x000000070ba00000| Untracked 
|  85|0x000000070bc00000, 0x000000070bc00000, 0x000000070be00000|  0%| F|  |TAMS 0x000000070bc00000, 0x000000070bc00000| Untracked 
|  86|0x000000070be00000, 0x000000070be00000, 0x000000070c000000|  0%| F|  |TAMS 0x000000070be00000, 0x000000070be00000| Untracked 
|  87|0x000000070c000000, 0x000000070c000000, 0x000000070c200000|  0%| F|  |TAMS 0x000000070c000000, 0x000000070c000000| Untracked 
|  88|0x000000070c200000, 0x000000070c200000, 0x000000070c400000|  0%| F|  |TAMS 0x000000070c200000, 0x000000070c200000| Untracked 
|  89|0x000000070c400000, 0x000000070c400000, 0x000000070c600000|  0%| F|  |TAMS 0x000000070c400000, 0x000000070c400000| Untracked 
|  90|0x000000070c600000, 0x000000070c600000, 0x000000070c800000|  0%| F|  |TAMS 0x000000070c600000, 0x000000070c600000| Untracked 
|  91|0x000000070c800000, 0x000000070c800000, 0x000000070ca00000|  0%| F|  |TAMS 0x000000070c800000, 0x000000070c800000| Untracked 
|  92|0x000000070ca00000, 0x000000070ca00000, 0x000000070cc00000|  0%| F|  |TAMS 0x000000070ca00000, 0x000000070ca00000| Untracked 
|  93|0x000000070cc00000, 0x000000070cc00000, 0x000000070ce00000|  0%| F|  |TAMS 0x000000070cc00000, 0x000000070cc00000| Untracked 
|  94|0x000000070ce00000, 0x000000070ce00000, 0x000000070d000000|  0%| F|  |TAMS 0x000000070ce00000, 0x000000070ce00000| Untracked 
|  95|0x000000070d000000, 0x000000070d000000, 0x000000070d200000|  0%| F|  |TAMS 0x000000070d000000, 0x000000070d000000| Untracked 
|  96|0x000000070d200000, 0x000000070d200000, 0x000000070d400000|  0%| F|  |TAMS 0x000000070d200000, 0x000000070d200000| Untracked 
|  97|0x000000070d400000, 0x000000070d400000, 0x000000070d600000|  0%| F|  |TAMS 0x000000070d400000, 0x000000070d400000| Untracked 
|  98|0x000000070d600000, 0x000000070d600000, 0x000000070d800000|  0%| F|  |TAMS 0x000000070d600000, 0x000000070d600000| Untracked 
|  99|0x000000070d800000, 0x000000070d800000, 0x000000070da00000|  0%| F|  |TAMS 0x000000070d800000, 0x000000070d800000| Untracked 
| 100|0x000000070da00000, 0x000000070da00000, 0x000000070dc00000|  0%| F|  |TAMS 0x000000070da00000, 0x000000070da00000| Untracked 
| 101|0x000000070dc00000, 0x000000070dc00000, 0x000000070de00000|  0%| F|  |TAMS 0x000000070dc00000, 0x000000070dc00000| Untracked 
| 102|0x000000070de00000, 0x000000070de00000, 0x000000070e000000|  0%| F|  |TAMS 0x000000070de00000, 0x000000070de00000| Untracked 
| 103|0x000000070e000000, 0x000000070e000000, 0x000000070e200000|  0%| F|  |TAMS 0x000000070e000000, 0x000000070e000000| Untracked 
| 104|0x000000070e200000, 0x000000070e200000, 0x000000070e400000|  0%| F|  |TAMS 0x000000070e200000, 0x000000070e200000| Untracked 
| 105|0x000000070e400000, 0x000000070e400000, 0x000000070e600000|  0%| F|  |TAMS 0x000000070e400000, 0x000000070e400000| Untracked 
| 106|0x000000070e600000, 0x000000070e600000, 0x000000070e800000|  0%| F|  |TAMS 0x000000070e600000, 0x000000070e600000| Untracked 
| 107|0x000000070e800000, 0x000000070e800000, 0x000000070ea00000|  0%| F|  |TAMS 0x000000070e800000, 0x000000070e800000| Untracked 
| 108|0x000000070ea00000, 0x000000070ea00000, 0x000000070ec00000|  0%| F|  |TAMS 0x000000070ea00000, 0x000000070ea00000| Untracked 
| 109|0x000000070ec00000, 0x000000070ec00000, 0x000000070ee00000|  0%| F|  |TAMS 0x000000070ec00000, 0x000000070ec00000| Untracked 
| 110|0x000000070ee00000, 0x000000070ee00000, 0x000000070f000000|  0%| F|  |TAMS 0x000000070ee00000, 0x000000070ee00000| Untracked 
| 111|0x000000070f000000, 0x000000070f000000, 0x000000070f200000|  0%| F|  |TAMS 0x000000070f000000, 0x000000070f000000| Untracked 
| 112|0x000000070f200000, 0x000000070f200000, 0x000000070f400000|  0%| F|  |TAMS 0x000000070f200000, 0x000000070f200000| Untracked 
| 113|0x000000070f400000, 0x000000070f400000, 0x000000070f600000|  0%| F|  |TAMS 0x000000070f400000, 0x000000070f400000| Untracked 
| 114|0x000000070f600000, 0x000000070f600000, 0x000000070f800000|  0%| F|  |TAMS 0x000000070f600000, 0x000000070f600000| Untracked 
| 115|0x000000070f800000, 0x000000070f800000, 0x000000070fa00000|  0%| F|  |TAMS 0x000000070f800000, 0x000000070f800000| Untracked 
| 116|0x000000070fa00000, 0x000000070fa00000, 0x000000070fc00000|  0%| F|  |TAMS 0x000000070fa00000, 0x000000070fa00000| Untracked 
| 117|0x000000070fc00000, 0x000000070fd9fe30, 0x000000070fe00000| 81%| S|CS|TAMS 0x000000070fc00000, 0x000000070fc00000| Complete 
| 118|0x000000070fe00000, 0x0000000710000000, 0x0000000710000000|100%| S|CS|TAMS 0x000000070fe00000, 0x000000070fe00000| Complete 
| 119|0x0000000710000000, 0x0000000710200000, 0x0000000710200000|100%| S|CS|TAMS 0x0000000710000000, 0x0000000710000000| Complete 
| 120|0x0000000710200000, 0x0000000710400000, 0x0000000710400000|100%| S|CS|TAMS 0x0000000710200000, 0x0000000710200000| Complete 
| 121|0x0000000710400000, 0x0000000710600000, 0x0000000710600000|100%| S|CS|TAMS 0x0000000710400000, 0x0000000710400000| Complete 
| 122|0x0000000710600000, 0x0000000710600000, 0x0000000710800000|  0%| F|  |TAMS 0x0000000710600000, 0x0000000710600000| Untracked 
| 123|0x0000000710800000, 0x0000000710800000, 0x0000000710a00000|  0%| F|  |TAMS 0x0000000710800000, 0x0000000710800000| Untracked 
| 124|0x0000000710a00000, 0x0000000710a00000, 0x0000000710c00000|  0%| F|  |TAMS 0x0000000710a00000, 0x0000000710a00000| Untracked 
| 125|0x0000000710c00000, 0x0000000710c00000, 0x0000000710e00000|  0%| F|  |TAMS 0x0000000710c00000, 0x0000000710c00000| Untracked 
| 126|0x0000000710e00000, 0x0000000710e00000, 0x0000000711000000|  0%| F|  |TAMS 0x0000000710e00000, 0x0000000710e00000| Untracked 
| 127|0x0000000711000000, 0x0000000711000000, 0x0000000711200000|  0%| F|  |TAMS 0x0000000711000000, 0x0000000711000000| Untracked 
| 128|0x0000000711200000, 0x0000000711200000, 0x0000000711400000|  0%| F|  |TAMS 0x0000000711200000, 0x0000000711200000| Untracked 
| 129|0x0000000711400000, 0x0000000711400000, 0x0000000711600000|  0%| F|  |TAMS 0x0000000711400000, 0x0000000711400000| Untracked 
| 130|0x0000000711600000, 0x0000000711600000, 0x0000000711800000|  0%| F|  |TAMS 0x0000000711600000, 0x0000000711600000| Untracked 
| 131|0x0000000711800000, 0x0000000711800000, 0x0000000711a00000|  0%| F|  |TAMS 0x0000000711800000, 0x0000000711800000| Untracked 
| 132|0x0000000711a00000, 0x0000000711a00000, 0x0000000711c00000|  0%| F|  |TAMS 0x0000000711a00000, 0x0000000711a00000| Untracked 
| 133|0x0000000711c00000, 0x0000000711c00000, 0x0000000711e00000|  0%| F|  |TAMS 0x0000000711c00000, 0x0000000711c00000| Untracked 
| 134|0x0000000711e00000, 0x0000000711e00000, 0x0000000712000000|  0%| F|  |TAMS 0x0000000711e00000, 0x0000000711e00000| Untracked 
| 135|0x0000000712000000, 0x0000000712000000, 0x0000000712200000|  0%| F|  |TAMS 0x0000000712000000, 0x0000000712000000| Untracked 
| 136|0x0000000712200000, 0x0000000712200000, 0x0000000712400000|  0%| F|  |TAMS 0x0000000712200000, 0x0000000712200000| Untracked 
| 137|0x0000000712400000, 0x0000000712400000, 0x0000000712600000|  0%| F|  |TAMS 0x0000000712400000, 0x0000000712400000| Untracked 
| 138|0x0000000712600000, 0x0000000712600000, 0x0000000712800000|  0%| F|  |TAMS 0x0000000712600000, 0x0000000712600000| Untracked 
| 139|0x0000000712800000, 0x0000000712800000, 0x0000000712a00000|  0%| F|  |TAMS 0x0000000712800000, 0x0000000712800000| Untracked 
| 140|0x0000000712a00000, 0x0000000712a00000, 0x0000000712c00000|  0%| F|  |TAMS 0x0000000712a00000, 0x0000000712a00000| Untracked 
| 141|0x0000000712c00000, 0x0000000712c00000, 0x0000000712e00000|  0%| F|  |TAMS 0x0000000712c00000, 0x0000000712c00000| Untracked 
| 142|0x0000000712e00000, 0x0000000712e00000, 0x0000000713000000|  0%| F|  |TAMS 0x0000000712e00000, 0x0000000712e00000| Untracked 
| 143|0x0000000713000000, 0x0000000713000000, 0x0000000713200000|  0%| F|  |TAMS 0x0000000713000000, 0x0000000713000000| Untracked 
| 144|0x0000000713200000, 0x0000000713200000, 0x0000000713400000|  0%| F|  |TAMS 0x0000000713200000, 0x0000000713200000| Untracked 
| 145|0x0000000713400000, 0x0000000713400000, 0x0000000713600000|  0%| F|  |TAMS 0x0000000713400000, 0x0000000713400000| Untracked 
| 146|0x0000000713600000, 0x0000000713600000, 0x0000000713800000|  0%| F|  |TAMS 0x0000000713600000, 0x0000000713600000| Untracked 
| 147|0x0000000713800000, 0x0000000713800000, 0x0000000713a00000|  0%| F|  |TAMS 0x0000000713800000, 0x0000000713800000| Untracked 
| 148|0x0000000713a00000, 0x0000000713a00000, 0x0000000713c00000|  0%| F|  |TAMS 0x0000000713a00000, 0x0000000713a00000| Untracked 
| 149|0x0000000713c00000, 0x0000000713c00800, 0x0000000713e00000|  0%| E|  |TAMS 0x0000000713c00000, 0x0000000713c00000| Complete 
| 150|0x0000000713e00000, 0x0000000714000000, 0x0000000714000000|100%| E|CS|TAMS 0x0000000713e00000, 0x0000000713e00000| Complete 
| 151|0x0000000714000000, 0x0000000714200000, 0x0000000714200000|100%| E|CS|TAMS 0x0000000714000000, 0x0000000714000000| Complete 
| 152|0x0000000714200000, 0x0000000714400000, 0x0000000714400000|100%| E|CS|TAMS 0x0000000714200000, 0x0000000714200000| Complete 
| 153|0x0000000714400000, 0x0000000714600000, 0x0000000714600000|100%| E|CS|TAMS 0x0000000714400000, 0x0000000714400000| Complete 

Card table byte_map: [0x000002aac2ca0000,0x000002aac34a0000] _byte_map_base: 0x000002aabf497000

Marking Bits (Prev, Next): (CMBitMap*) 0x000002aaa8e491f0, (CMBitMap*) 0x000002aaa8e491b0
 Prev Bits: [0x000002aac7c60000, 0x000002aacbc18000)
 Next Bits: [0x000002aac3ca0000, 0x000002aac7c58000)

Polling page: 0x000002aaa8ed0000

Metaspace:

Usage:
  Non-class:     18.69 MB capacity,    18.59 MB (>99%) used,    83.82 KB ( <1%) free+waste,    24.38 KB ( <1%) overhead. 
      Class:      2.30 MB capacity,     2.23 MB ( 97%) used,    63.05 KB (  3%) free+waste,     8.38 KB ( <1%) overhead. 
       Both:     20.99 MB capacity,    20.82 MB (>99%) used,   146.88 KB ( <1%) free+waste,    32.75 KB ( <1%) overhead. 

Virtual space:
  Non-class space:       20.00 MB reserved,      18.75 MB ( 94%) committed 
      Class space:        1.00 GB reserved,       2.38 MB ( <1%) committed 
             Both:        1.02 GB reserved,      21.12 MB (  2%) committed 

Chunk freelists:
   Non-Class:  57.00 KB
       Class:  13.00 KB
        Both:  70.00 KB

MaxMetaspaceSize: 17179869184.00 GB
CompressedClassSpaceSize: 1.00 GB

CodeHeap 'non-profiled nmethods': size=120000Kb used=1264Kb max_used=1264Kb free=118735Kb
 bounds [0x000002aaba2d0000, 0x000002aaba540000, 0x000002aac1800000]
CodeHeap 'profiled nmethods': size=120000Kb used=4808Kb max_used=4808Kb free=115192Kb
 bounds [0x000002aab2da0000, 0x000002aab3260000, 0x000002aaba2d0000]
CodeHeap 'non-nmethods': size=5760Kb used=1418Kb max_used=1435Kb free=4341Kb
 bounds [0x000002aab2800000, 0x000002aab2a70000, 0x000002aab2da0000]
 total_blobs=3356 nmethods=2608 adapters=661
 compilation: enabled
              stopped_count=0, restarted_count=0
 full_count=0

Compilation events (20 events):
Event: 4.492 Thread 0x000002aacf1817d0 nmethod 2600 0x000002aab3250690 code [0x000002aab3250880, 0x000002aab3250ee8]
Event: 4.492 Thread 0x000002aacf1817d0 2599       3       java.util.TreeMap::get (19 bytes)
Event: 4.492 Thread 0x000002aacf1817d0 nmethod 2599 0x000002aab3251110 code [0x000002aab32512c0, 0x000002aab3251468]
Event: 4.495 Thread 0x000002aacf17d830 nmethod 2598% 0x000002aaba40a290 code [0x000002aaba40a460, 0x000002aaba40a918]
Event: 4.496 Thread 0x000002aacf1817d0 2601       1       sun.java2d.SurfaceData::getSurfaceType (5 bytes)
Event: 4.496 Thread 0x000002aacf1817d0 nmethod 2601 0x000002aaba40ad10 code [0x000002aaba40aea0, 0x000002aaba40af58]
Event: 4.737 Thread 0x000002aacf17d830 2602       4       java.util.StringTokenizer::scanToken (179 bytes)
Event: 4.741 Thread 0x000002aacf17d830 nmethod 2602 0x000002aaba40b010 code [0x000002aaba40b1a0, 0x000002aaba40b498]
Event: 4.741 Thread 0x000002aacf1817d0 2604       3       java.lang.StringBuilder::<init> (6 bytes)
Event: 4.741 Thread 0x000002aacf17d830 2603       4       java.util.HashSet::add (20 bytes)
Event: 4.741 Thread 0x000002aacf1817d0 nmethod 2604 0x000002aab3251590 code [0x000002aab3251740, 0x000002aab3251868]
Event: 4.742 Thread 0x000002aacf1817d0 2605       1       java.util.EventObject::getSource (5 bytes)
Event: 4.742 Thread 0x000002aacf1817d0 nmethod 2605 0x000002aaba40b710 code [0x000002aaba40b8a0, 0x000002aaba40b958]
Event: 4.742 Thread 0x000002aacf1817d0 2606       3       java.util.concurrent.locks.AbstractQueuedSynchronizer::compareAndSetState (13 bytes)
Event: 4.742 Thread 0x000002aacf1817d0 nmethod 2606 0x000002aab3251910 code [0x000002aab3251aa0, 0x000002aab3251bb8]
Event: 4.742 Thread 0x000002aacf17d830 nmethod 2603 0x000002aaba40ba10 code [0x000002aaba40bbc0, 0x000002aaba40be18]
Event: 4.743 Thread 0x000002aacf1817d0 2607       1       java.util.concurrent.CopyOnWriteArrayList::getArray (5 bytes)
Event: 4.744 Thread 0x000002aacf1817d0 nmethod 2607 0x000002aaba40c010 code [0x000002aaba40c1a0, 0x000002aaba40c258]
Event: 4.744 Thread 0x000002aacf1817d0 2608       3       java.util.HashMap::isEmpty (13 bytes)
Event: 4.744 Thread 0x000002aacf1817d0 nmethod 2608 0x000002aab3251c90 code [0x000002aab3251e20, 0x000002aab3251f78]

GC Heap History (10 events):
Event: 0.556 GC heap before
{Heap before GC invocations=0 (full 0):
 garbage-first heap   total 262144K, used 28672K [0x0000000701200000, 0x0000000800000000)
  region size 2048K, 11 young (22528K), 0 survivors (0K)
 Metaspace       used 4694K, capacity 4854K, committed 4992K, reserved 1056768K
  class space    used 515K, capacity 574K, committed 640K, reserved 1048576K
}
Event: 0.560 GC heap after
{Heap after GC invocations=1 (full 0):
 garbage-first heap   total 262144K, used 12054K [0x0000000701200000, 0x0000000800000000)
  region size 2048K, 2 young (4096K), 2 survivors (4096K)
 Metaspace       used 4694K, capacity 4854K, committed 4992K, reserved 1056768K
  class space    used 515K, capacity 574K, committed 640K, reserved 1048576K
}
Event: 0.679 GC heap before
{Heap before GC invocations=1 (full 0):
 garbage-first heap   total 262144K, used 36630K [0x0000000701200000, 0x0000000800000000)
  region size 2048K, 11 young (22528K), 2 survivors (4096K)
 Metaspace       used 6990K, capacity 7122K, committed 7296K, reserved 1056768K
  class space    used 727K, capacity 769K, committed 896K, reserved 1048576K
}
Event: 0.682 GC heap after
{Heap after GC invocations=2 (full 0):
 garbage-first heap   total 262144K, used 12979K [0x0000000701200000, 0x0000000800000000)
  region size 2048K, 2 young (4096K), 2 survivors (4096K)
 Metaspace       used 6990K, capacity 7122K, committed 7296K, reserved 1056768K
  class space    used 727K, capacity 769K, committed 896K, reserved 1048576K
}
Event: 0.857 GC heap before
{Heap before GC invocations=2 (full 0):
 garbage-first heap   total 262144K, used 58035K [0x0000000701200000, 0x0000000800000000)
  region size 2048K, 21 young (43008K), 2 survivors (4096K)
 Metaspace       used 10482K, capacity 10712K, committed 11008K, reserved 1058816K
  class space    used 1088K, capacity 1155K, committed 1280K, reserved 1048576K
}
Event: 0.859 GC heap after
{Heap after GC invocations=3 (full 0):
 garbage-first heap   total 262144K, used 24654K [0x0000000701200000, 0x0000000800000000)
  region size 2048K, 3 young (6144K), 3 survivors (6144K)
 Metaspace       used 10482K, capacity 10712K, committed 11008K, reserved 1058816K
  class space    used 1088K, capacity 1155K, committed 1280K, reserved 1048576K
}
Event: 1.485 GC heap before
{Heap before GC invocations=3 (full 0):
 garbage-first heap   total 262144K, used 147534K [0x0000000701200000, 0x0000000800000000)
  region size 2048K, 51 young (104448K), 3 survivors (6144K)
 Metaspace       used 16995K, capacity 17172K, committed 17408K, reserved 1064960K
  class space    used 1703K, capacity 1769K, committed 1792K, reserved 1048576K
}
Event: 1.491 GC heap after
{Heap after GC invocations=4 (full 0):
 garbage-first heap   total 262144K, used 44565K [0x0000000701200000, 0x0000000800000000)
  region size 2048K, 7 young (14336K), 7 survivors (14336K)
 Metaspace       used 16995K, capacity 17172K, committed 17408K, reserved 1064960K
  class space    used 1703K, capacity 1769K, committed 1792K, reserved 1048576K
}
Event: 1.659 GC heap before
{Heap before GC invocations=4 (full 0):
 garbage-first heap   total 262144K, used 116245K [0x0000000701200000, 0x0000000800000000)
  region size 2048K, 13 young (26624K), 7 survivors (14336K)
 Metaspace       used 19023K, capacity 19252K, committed 19584K, reserved 1067008K
  class space    used 1994K, capacity 2057K, committed 2176K, reserved 1048576K
}
Event: 1.663 GC heap after
{Heap after GC invocations=5 (full 0):
 garbage-first heap   total 315392K, used 68683K [0x0000000701200000, 0x0000000800000000)
  region size 2048K, 5 young (10240K), 5 survivors (10240K)
 Metaspace       used 19023K, capacity 19252K, committed 19584K, reserved 1067008K
  class space    used 1994K, capacity 2057K, committed 2176K, reserved 1048576K
}

Deoptimization events (20 events):
Event: 3.591 Thread 0x000002aad9d9ce10 DEOPT PACKING pc=0x000002aaba310d14 sp=0x000000bfc22fee10
Event: 3.591 Thread 0x000002aad9d9ce10 DEOPT UNPACKING pc=0x000002aab284e42f sp=0x000000bfc22fedc8 mode 2
Event: 4.062 Thread 0x000002aad9d9ce10 DEOPT PACKING pc=0x000002aab324ac6f sp=0x000000bfc22fee50
Event: 4.062 Thread 0x000002aad9d9ce10 DEOPT UNPACKING pc=0x000002aab284e23f sp=0x000000bfc22fe340 mode 0
Event: 4.491 Thread 0x000002aad9d9ce10 DEOPT PACKING pc=0x000002aab324cae4 sp=0x000000bfc22fee60
Event: 4.491 Thread 0x000002aad9d9ce10 DEOPT UNPACKING pc=0x000002aab284e23f sp=0x000000bfc22fe330 mode 0
Event: 4.491 Thread 0x000002aad9d9ce10 DEOPT PACKING pc=0x000002aab324cae4 sp=0x000000bfc22fee60
Event: 4.491 Thread 0x000002aad9d9ce10 DEOPT UNPACKING pc=0x000002aab284e23f sp=0x000000bfc22fe330 mode 0
Event: 4.491 Thread 0x000002aad9d9ce10 DEOPT PACKING pc=0x000002aab324cae4 sp=0x000000bfc22fee60
Event: 4.491 Thread 0x000002aad9d9ce10 DEOPT UNPACKING pc=0x000002aab284e23f sp=0x000000bfc22fe330 mode 0
Event: 4.492 Thread 0x000002aad9d9ce10 DEOPT PACKING pc=0x000002aab324cae4 sp=0x000000bfc22fee60
Event: 4.492 Thread 0x000002aad9d9ce10 DEOPT UNPACKING pc=0x000002aab284e23f sp=0x000000bfc22fe330 mode 0
Event: 4.727 Thread 0x000002aacffee400 Uncommon trap: trap_request=0xffffffc6 fr.pc=0x000002aaba3cebb4 relative=0x00000000000003f4
Event: 4.727 Thread 0x000002aacffee400 Uncommon trap: reason=bimorphic_or_optimized_type_check action=maybe_recompile pc=0x000002aaba3cebb4 method=java.util.HashMap.getNode(Ljava/lang/Object;)Ljava/util/HashMap$Node; @ 128 c2
Event: 4.727 Thread 0x000002aacffee400 DEOPT PACKING pc=0x000002aaba3cebb4 sp=0x000000bfc37fdf80
Event: 4.727 Thread 0x000002aacffee400 DEOPT UNPACKING pc=0x000002aab284e42f sp=0x000000bfc37fde88 mode 2
Event: 4.728 Thread 0x000002aacffee400 Uncommon trap: trap_request=0xffffffc6 fr.pc=0x000002aaba3cebb4 relative=0x00000000000003f4
Event: 4.728 Thread 0x000002aacffee400 Uncommon trap: reason=bimorphic_or_optimized_type_check action=maybe_recompile pc=0x000002aaba3cebb4 method=java.util.HashMap.getNode(Ljava/lang/Object;)Ljava/util/HashMap$Node; @ 128 c2
Event: 4.728 Thread 0x000002aacffee400 DEOPT PACKING pc=0x000002aaba3cebb4 sp=0x000000bfc37fdfd0
Event: 4.728 Thread 0x000002aacffee400 DEOPT UNPACKING pc=0x000002aab284e42f sp=0x000000bfc37fded8 mode 2

Classes unloaded (0 events):
No events

Classes redefined (0 events):
No events

Internal exceptions (20 events):
Event: 0.138 Thread 0x000002aaa8df8d10 Exception <a 'java/lang/NoSuchMethodError'{0x0000000710832df8}: 'java.lang.Object java.lang.invoke.DirectMethodHandle$Holder.invokeStatic(java.lang.Object)'> (0x0000000710832df8) 
thrown [./open/src/hotspot/share/interpreter/linkResolver.cpp, line 782]
Event: 0.224 Thread 0x000002aaa8df8d10 Exception <a 'java/lang/NoSuchMethodError'{0x000000071088fd20}: 'java.lang.Object java.lang.invoke.DirectMethodHandle$Holder.invokeStaticInit(java.lang.Object)'> (0x000000071088fd20) 
thrown [./open/src/hotspot/share/interpreter/linkResolver.cpp, line 782]
Event: 0.484 Thread 0x000002aaa8df8d10 Exception <a 'java/lang/NoSuchMethodError'{0x00000007109748c8}: 'java.lang.Object java.lang.invoke.DirectMethodHandle$Holder.newInvokeSpecial(java.lang.Object, java.lang.Object, java.lang.Object, java.lang.Object, java.lang.Object)'> (0x00000007109748c8) 
thrown [./open/src/hotspot/share/interpreter/linkResolver.cpp, line 782]
Event: 0.484 Thread 0x000002aaa8df8d10 Exception <a 'java/lang/NoSuchMethodError'{0x0000000710980358}: 'java.lang.Object java.lang.invoke.DirectMethodHandle$Holder.invokeStatic(java.lang.Object, int, java.lang.Object, java.lang.Object, java.lang.Object, java.lang.Object)'> (0x0000000710980358) 
thrown [./open/src/hotspot/share/interpreter/linkResolver.cpp, line 782]
Event: 0.487 Thread 0x000002aaa8df8d10 Exception <a 'java/lang/NoSuchMethodError'{0x00000007109a6600}: 'java.lang.Object java.lang.invoke.DirectMethodHandle$Holder.invokeStatic(java.lang.Object, int, java.lang.Object)'> (0x00000007109a6600) 
thrown [./open/src/hotspot/share/interpreter/linkResolver.cpp, line 782]
Event: 0.500 Thread 0x000002aaa8df8d10 Exception <a 'java/lang/ClassNotFoundException'{0x000000071065eb10}: com/sun/swing/internal/plaf/metal/resources/spi/metalProvider> (0x000000071065eb10) 
thrown [./open/src/hotspot/share/classfile/systemDictionary.cpp, line 295]
Event: 0.500 Thread 0x000002aaa8df8d10 Exception <a 'java/lang/ClassNotFoundException'{0x0000000710662f40}: com/sun/swing/internal/plaf/basic/resources/spi/basicProvider> (0x0000000710662f40) 
thrown [./open/src/hotspot/share/classfile/systemDictionary.cpp, line 295]
Event: 0.586 Thread 0x000002aacffc3910 Exception <a 'java/lang/NoSuchMethodError'{0x000000071086eb58}: 'void java.lang.invoke.DirectMethodHandle$Holder.invokeStatic(java.lang.Object, java.lang.Object)'> (0x000000071086eb58) 
thrown [./open/src/hotspot/share/interpreter/linkResolver.cpp, line 782]
Event: 0.586 Thread 0x000002aacffc3910 Exception <a 'java/lang/NoSuchMethodError'{0x0000000710872560}: 'void java.lang.invoke.DirectMethodHandle$Holder.invokeStaticInit(java.lang.Object, java.lang.Object)'> (0x0000000710872560) 
thrown [./open/src/hotspot/share/interpreter/linkResolver.cpp, line 782]
Event: 0.606 Thread 0x000002aacffc3910 Implicit null exception at 0x000002aaba3015f5 to 0x000002aaba3016d0
Event: 0.848 Thread 0x000002aacffc3910 Exception <a 'java/lang/NoSuchMethodError'{0x000000070e847b30}: 'java.lang.Object java.lang.invoke.DirectMethodHandle$Holder.invokeStaticInit(java.lang.Object, int, int, int, int)'> (0x000000070e847b30) 
thrown [./open/src/hotspot/share/interpreter/linkResolver.cpp, line 782]
Event: 0.868 Thread 0x000002aacffc3910 Exception <a 'java/lang/NoSuchMethodError'{0x0000000710e38f70}: 'java.lang.Object java.lang.invoke.DirectMethodHandle$Holder.invokeStaticInit(java.lang.Object, java.lang.Object, int, int, int, int)'> (0x0000000710e38f70) 
thrown [./open/src/hotspot/share/interpreter/linkResolver.cpp, line 782]
Event: 1.030 Thread 0x000002aacffc3910 Implicit null exception at 0x000002aaba311f53 to 0x000002aaba312ab4
Event: 1.464 Thread 0x000002aacffc3910 Exception <a 'java/lang/NoSuchMethodError'{0x000000070acf3d80}: 'void java.lang.invoke.DirectMethodHandle$Holder.invokeStaticInit(java.lang.Object)'> (0x000000070acf3d80) 
thrown [./open/src/hotspot/share/interpreter/linkResolver.cpp, line 782]
Event: 1.530 Thread 0x000002aacffc3910 Implicit null exception at 0x000002aaba3c9e2c to 0x000002aaba3c9f4c
Event: 1.640 Thread 0x000002aacffc3910 Implicit null exception at 0x000002aaba3e2b3c to 0x000002aaba3e3280
Event: 1.640 Thread 0x000002aacffc3910 Implicit null exception at 0x000002aaba3e19f6 to 0x000002aaba3e1d0c
Event: 1.641 Thread 0x000002aacffc3910 Implicit null exception at 0x000002aaba3e43e4 to 0x000002aaba3e4ab8
Event: 1.641 Thread 0x000002aacffc3910 Implicit null exception at 0x000002aaba3e5b62 to 0x000002aaba3e64fc
Event: 3.593 Thread 0x000002aad9d9ce10 Exception <a 'java/lang/NoSuchMethodError'{0x0000000714331520}: 'void java.lang.invoke.DirectMethodHandle$Holder.invokeStatic(java.lang.Object, java.lang.Object, java.lang.Object)'> (0x0000000714331520) 
thrown [./open/src/hotspot/share/interpreter/linkResolver.cpp, line 782]

Events (20 events):
Event: 4.740 loading class sun/util/resources/TimeZoneNames done
Event: 4.740 loading class sun/util/resources/TimeZoneNames_en
Event: 4.740 loading class sun/util/resources/TimeZoneNames_en done
Event: 4.741 loading class java/io/FileOutputStream$1
Event: 4.741 loading class java/io/FileOutputStream$1 done
Event: 4.741 loading class java/awt/Window$1DisposeAction
Event: 4.741 loading class java/awt/Window$1DisposeAction done
Event: 4.742 loading class java/awt/LightweightDispatcher$2
Event: 4.742 loading class java/awt/LightweightDispatcher$2 done
Event: 4.742 loading class java/awt/event/AWTEventListenerProxy
Event: 4.742 loading class java/awt/event/AWTEventListenerProxy done
Event: 4.742 loading class java/awt/Toolkit$ToolkitEventMulticaster
Event: 4.742 loading class java/awt/Toolkit$ToolkitEventMulticaster done
Event: 4.743 Thread 0x000002aad95d6720 Thread added: 0x000002aad95d6720
Event: 4.743 Thread 0x000002aad95da0e0 Thread added: 0x000002aad95da0e0
Event: 4.743 Thread 0x000002aad95d6bf0 Thread added: 0x000002aad95d6bf0
Event: 4.744 Thread 0x000002aad95d6bf0 Thread exited: 0x000002aad95d6bf0
Event: 4.744 Thread 0x000002aad95db420 Thread exited: 0x000002aad95db420
Event: 4.744 Thread 0x000002aad95da0e0 Thread exited: 0x000002aad95da0e0
Event: 4.759 Thread 0x000002aacf832090 Thread exited: 0x000002aacf832090


Dynamic libraries:
0x00007ff614ca0000 - 0x00007ff614caf000 	C:\Program Files\Java\jdk-15.0.2\bin\java.exe
0x00007ffaf02f0000 - 0x00007ffaf04e6000 	C:\Windows\SYSTEM32\ntdll.dll
0x00007ffaee760000 - 0x00007ffaee81d000 	C:\Windows\System32\KERNEL32.DLL
0x00007ffaedd60000 - 0x00007ffaee029000 	C:\Windows\System32\KERNELBASE.dll
0x00007ffaee140000 - 0x00007ffaee240000 	C:\Windows\System32\ucrtbase.dll
0x00007ffae8c40000 - 0x00007ffae8c58000 	C:\Program Files\Java\jdk-15.0.2\bin\jli.dll
0x00007ffaab510000 - 0x00007ffaab529000 	C:\Program Files\Java\jdk-15.0.2\bin\VCRUNTIME140.dll
0x00007ffaeef80000 - 0x00007ffaef02c000 	C:\Windows\System32\ADVAPI32.dll
0x00007ffaee400000 - 0x00007ffaee49e000 	C:\Windows\System32\msvcrt.dll
0x00007ffaef030000 - 0x00007ffaef0cc000 	C:\Windows\System32\sechost.dll
0x00007ffaef8c0000 - 0x00007ffaef9eb000 	C:\Windows\System32\RPCRT4.dll
0x00007ffaef480000 - 0x00007ffaef620000 	C:\Windows\System32\USER32.dll
0x00007ffaee0b0000 - 0x00007ffaee0d2000 	C:\Windows\System32\win32u.dll
0x00007ffad8870000 - 0x00007ffad8b0b000 	C:\Windows\WinSxS\amd64_microsoft.windows.common-controls_6595b64144ccf1df_6.0.19041.746_none_ca02b4b61b8320a4\COMCTL32.dll
0x00007ffaef0e0000 - 0x00007ffaef10a000 	C:\Windows\System32\GDI32.dll
0x00007ffaee240000 - 0x00007ffaee34b000 	C:\Windows\System32\gdi32full.dll
0x00007ffaedb90000 - 0x00007ffaedc2d000 	C:\Windows\System32\msvcp_win.dll
0x00007ffae8c10000 - 0x00007ffae8c1a000 	C:\Windows\SYSTEM32\VERSION.dll
0x00007ffaef190000 - 0x00007ffaef1c0000 	C:\Windows\System32\IMM32.DLL
0x00007ffacbaf0000 - 0x00007ffacbafc000 	C:\Program Files\Java\jdk-15.0.2\bin\vcruntime140_1.dll
0x00007ffaab0d0000 - 0x00007ffaab161000 	C:\Program Files\Java\jdk-15.0.2\bin\msvcp140.dll
0x00007ffaaa570000 - 0x00007ffaab0ce000 	C:\Program Files\Java\jdk-15.0.2\bin\server\jvm.dll
0x00007ffaee820000 - 0x00007ffaee828000 	C:\Windows\System32\PSAPI.DLL
0x00007ffac5920000 - 0x00007ffac5929000 	C:\Windows\SYSTEM32\WSOCK32.dll
0x00007ffae2730000 - 0x00007ffae2757000 	C:\Windows\SYSTEM32\WINMM.dll
0x00007ffaef620000 - 0x00007ffaef68b000 	C:\Windows\System32\WS2_32.dll
0x00007ffaeb9a0000 - 0x00007ffaeb9b2000 	C:\Windows\SYSTEM32\kernel.appcore.dll
0x00007ffabc9f0000 - 0x00007ffabc9fa000 	C:\Program Files\Java\jdk-15.0.2\bin\jimage.dll
0x00007ffad8f10000 - 0x00007ffad90f4000 	C:\Windows\SYSTEM32\DBGHELP.DLL
0x00007ffad8ee0000 - 0x00007ffad8f0c000 	C:\Windows\SYSTEM32\dbgcore.DLL
0x00007ffaee030000 - 0x00007ffaee0b0000 	C:\Windows\System32\bcryptPrimitives.dll
0x00007ffaab170000 - 0x00007ffaab195000 	C:\Program Files\Java\jdk-15.0.2\bin\java.dll
0x00007ffaee830000 - 0x00007ffaeef72000 	C:\Windows\System32\SHELL32.dll
0x00007ffaebba0000 - 0x00007ffaec330000 	C:\Windows\SYSTEM32\windows.storage.dll
0x00007ffaef9f0000 - 0x00007ffaefd46000 	C:\Windows\System32\combase.dll
0x00007ffaed490000 - 0x00007ffaed4bc000 	C:\Windows\SYSTEM32\Wldp.dll
0x00007ffaee350000 - 0x00007ffaee3fe000 	C:\Windows\System32\SHCORE.dll
0x00007ffaef130000 - 0x00007ffaef185000 	C:\Windows\System32\shlwapi.dll
0x00007ffaed960000 - 0x00007ffaed986000 	C:\Windows\SYSTEM32\profapi.dll
0x00007ffaab6a0000 - 0x00007ffaab6b9000 	C:\Program Files\Java\jdk-15.0.2\bin\net.dll
0x00007ffae3d70000 - 0x00007ffae3e70000 	C:\Windows\SYSTEM32\WINHTTP.dll
0x00007ffaed210000 - 0x00007ffaed27a000 	C:\Windows\system32\mswsock.dll
0x00007ffaab680000 - 0x00007ffaab692000 	C:\Program Files\Java\jdk-15.0.2\bin\nio.dll
0x00007ffaab660000 - 0x00007ffaab678000 	C:\Program Files\Java\jdk-15.0.2\bin\zip.dll
0x00007ffad27b0000 - 0x00007ffad2930000 	C:\Program Files\Java\jdk-15.0.2\bin\awt.dll
0x00007ffaee4a0000 - 0x00007ffaee56d000 	C:\Windows\System32\OLEAUT32.dll
0x00007ffaeb3e0000 - 0x00007ffaeb470000 	C:\Windows\SYSTEM32\apphelp.dll
0x00007ffaeb6b0000 - 0x00007ffaeb6df000 	C:\Windows\system32\DWMAPI.DLL
0x00007ffaeb4c0000 - 0x00007ffaeb55e000 	C:\Windows\system32\uxtheme.dll
0x00007ffac57f0000 - 0x00007ffac5915000 	C:\Windows\system32\opengl32.dll
0x00007ffada8c0000 - 0x00007ffada8ec000 	C:\Windows\SYSTEM32\GLU32.dll
0x00007ffaef1c0000 - 0x00007ffaef2d5000 	C:\Windows\System32\MSCTF.dll
0x00007ffaef350000 - 0x00007ffaef47a000 	C:\Windows\System32\ole32.dll
0x00007ffaed610000 - 0x00007ffaed622000 	C:\Windows\SYSTEM32\msasn1.dll
0x00007ffae8bd0000 - 0x00007ffae8c01000 	C:\Windows\SYSTEM32\cryptnet.dll
0x00007ffaeda30000 - 0x00007ffaedb86000 	C:\Windows\System32\CRYPT32.dll
0x00007ffaed400000 - 0x00007ffaed40c000 	C:\Windows\SYSTEM32\cryptbase.dll
0x00007ffaee0e0000 - 0x00007ffaee140000 	C:\Windows\System32\WINTRUST.DLL
0x00007ffaef110000 - 0x00007ffaef12d000 	C:\Windows\System32\imagehlp.dll
0x00007ffaed3e0000 - 0x00007ffaed3f8000 	C:\Windows\SYSTEM32\CRYPTSP.dll
0x00007ffaecb40000 - 0x00007ffaecb74000 	C:\Windows\system32\rsaenh.dll
0x00007ffaedd30000 - 0x00007ffaedd57000 	C:\Windows\System32\bcrypt.dll
0x00007ffaec340000 - 0x00007ffaec363000 	C:\Windows\SYSTEM32\gpapi.dll
0x00007ffae60e0000 - 0x00007ffae611b000 	C:\Windows\SYSTEM32\dxcore.dll
0x00007ffaedc30000 - 0x00007ffaedc7e000 	C:\Windows\System32\cfgmgr32.dll
0x00007ffada860000 - 0x00007ffada88d000 	C:\Program Files\Java\jdk-15.0.2\bin\javajpeg.dll
0x00007ffada820000 - 0x00007ffada85f000 	C:\Program Files\Java\jdk-15.0.2\bin\lcms.dll
0x00007ffaed920000 - 0x00007ffaed94e000 	C:\Windows\SYSTEM32\USERENV.dll
0x00007ffaeceb0000 - 0x00007ffaeceeb000 	C:\Windows\SYSTEM32\IPHLPAPI.DLL
0x00007ffaef340000 - 0x00007ffaef348000 	C:\Windows\System32\NSI.dll
0x00007ffae8b40000 - 0x00007ffae8b57000 	C:\Windows\SYSTEM32\dhcpcsvc6.DLL
0x00007ffae4de0000 - 0x00007ffae4dfd000 	C:\Windows\SYSTEM32\dhcpcsvc.DLL
0x00007ffaecf00000 - 0x00007ffaecfcb000 	C:\Windows\SYSTEM32\DNSAPI.dll
0x00007ffad42a0000 - 0x00007ffad4325000 	C:\Program Files\Java\jdk-15.0.2\bin\freetype.dll
0x00007ffad2700000 - 0x00007ffad27a9000 	C:\Program Files\Java\jdk-15.0.2\bin\fontmanager.dll
0x00007ffada7e0000 - 0x00007ffada81d000 	C:\Users\amaur\AppData\Local\Temp\JOCL_2_0_2-windows-x86_64.dll
0x00007ffad29a0000 - 0x00007ffad2a11000 	C:\Windows\SYSTEM32\OpenCL.dll
0x00007ffa9e330000 - 0x00007ffaa0914000 	C:\Windows\System32\DriverStore\FileRepository\nvmd.inf_amd64_1408eaf9a25ed64f\nvopencl64.dll
0x00007ffadf770000 - 0x00007ffadfe46000 	C:\Windows\SYSTEM32\nvapi64.dll
0x00007ffaefdb0000 - 0x00007ffaf0217000 	C:\Windows\System32\SETUPAPI.DLL
0x00007ffab9d40000 - 0x00007ffaba603000 	C:\Windows\System32\DriverStore\FileRepository\nvmd.inf_amd64_1408eaf9a25ed64f\nvptxJitCompiler64.dll
0x00007ffae01e0000 - 0x00007ffae02db000 	C:\Windows\SYSTEM32\textinputframework.dll
0x00007ffaeaad0000 - 0x00007ffaeae2e000 	C:\Windows\System32\CoreUIComponents.dll
0x00007ffaeb1b0000 - 0x00007ffaeb2a2000 	C:\Windows\System32\CoreMessaging.dll
0x00007ffaec770000 - 0x00007ffaec7a3000 	C:\Windows\SYSTEM32\ntmarta.dll
0x00007ffae99c0000 - 0x00007ffae9b14000 	C:\Windows\SYSTEM32\wintypes.dll

dbghelp: loaded successfully - version: 4.0.5 - missing functions: none
symbol engine: initialized successfully - sym options: 0x614 - pdb path: .;C:\Program Files\Java\jdk-15.0.2\bin;C:\Windows\SYSTEM32;C:\Windows\WinSxS\amd64_microsoft.windows.common-controls_6595b64144ccf1df_6.0.19041.746_none_ca02b4b61b8320a4;C:\Program Files\Java\jdk-15.0.2\bin\server;C:\Windows\System32\DriverStore\FileRepository\nvmd.inf_amd64_1408eaf9a25ed64f;C:\Users\amaur\AppData\Local\Temp

VM Arguments:
java_command: Launcher
java_class_path (initial): C:\Users\amaur\Desktop\roguelike-proto\lib\runtime\scala-compiler-2.12.2.jar;C:\Users\amaur\Desktop\roguelike-proto\lib\runtime\scala-library-2.12.2.jar;C:\Users\amaur\Desktop\roguelike-proto\lib\runtime\scala-reflect-2.12.2.jar;C:\Users\amaur\Desktop\roguelike-proto\bin;C:\Users\amaur\Desktop\roguelike-proto\lib\third-party\aspose\aspose-psd-20.9-jdk16.jar;C:\Users\amaur\Desktop\roguelike-proto\lib\third-party\jocl\jocl-2.0.2.jar;C:\Users\amaur\Desktop\roguelike-proto\lib\third-party\jxinput\jxinput-0.3.4.jar
Launcher Type: SUN_STANDARD

[Global flags]
     intx CICompilerCount                          = 4                                         {product} {ergonomic}
     uint ConcGCThreads                            = 3                                         {product} {ergonomic}
     uint G1ConcRefinementThreads                  = 10                                        {product} {ergonomic}
   size_t G1HeapRegionSize                         = 2097152                                   {product} {ergonomic}
    uintx GCDrainStackTargetSize                   = 64                                        {product} {ergonomic}
   size_t InitialHeapSize                          = 268435456                                 {product} {ergonomic}
   size_t MarkStackSize                            = 4194304                                   {product} {ergonomic}
   size_t MaxHeapSize                              = 4276092928                                {product} {ergonomic}
   size_t MaxNewSize                               = 2564816896                                {product} {ergonomic}
   size_t MinHeapDeltaBytes                        = 2097152                                   {product} {ergonomic}
   size_t MinHeapSize                              = 8388608                                   {product} {ergonomic}
    uintx NonNMethodCodeHeapSize                   = 5839372                                {pd product} {ergonomic}
    uintx NonProfiledCodeHeapSize                  = 122909434                              {pd product} {ergonomic}
    uintx ProfiledCodeHeapSize                     = 122909434                              {pd product} {ergonomic}
    uintx ReservedCodeCacheSize                    = 251658240                              {pd product} {ergonomic}
     bool SegmentedCodeCache                       = true                                      {product} {ergonomic}
   size_t SoftMaxHeapSize                          = 4276092928                             {manageable} {ergonomic}
     bool UseCompressedClassPointers               = true                                 {lp64_product} {ergonomic}
     bool UseCompressedOops                        = true                                 {lp64_product} {ergonomic}
     bool UseG1GC                                  = true                                      {product} {ergonomic}
     bool UseLargePagesIndividualAllocation        = false                                  {pd product} {ergonomic}

Logging:
Log output configuration:
 #0: stdout all=warning uptime,level,tags
 #1: stderr all=off uptime,level,tags

Environment Variables:
JAVA_HOME=C:/Program Files/Java/jdk-15.0.2
PATH=C:\Program Files\Git\mingw64\bin;C:\Program Files\Git\usr\bin;C:\Users\amaur\bin;C:\Python39\Scripts;C:\Python39;C:\Program Files\Common Files\Oracle\Java\javapath;C:\Program Files (x86)\Common Files\Oracle\Java\javapath;C:\Windows\system32;C:\Windows;C:\Windows\System32\Wbem;C:\Windows\System32\WindowsPowerShell\v1.0;C:\Windows\System32\OpenSSH;C:\Program Files\nodejs;C:\ProgramData\chocolatey\bin;C:\Program Files\Java\jdk-15.0.2\bin;C:\Program Files\Ant\apache-ant-1.10.9\bin;C:\Users\amaur\AppData\Local\Microsoft\WindowsApps;C:\Users\amaur\AppData\Local\Programs\Microsoft VS Code\bin;C:\Users\amaur\AppData\Roaming\npm
USERNAME=amaur
LANG=en_GB.UTF-8
OS=Windows_NT
PROCESSOR_IDENTIFIER=AMD64 Family 23 Model 113 Stepping 0, AuthenticAMD



---------------  S Y S T E M  ---------------

OS:
 Windows 10 , 64 bit Build 19041 (10.0.19041.804)
OS uptime: 0 days 7:08 hours

CPU: total 12 (initial active 12) (12 cores per cpu, 2 threads per core) family 23 model 113 stepping 0 microcode 0x0, cmov, cx8, fxsr, mmx, sse, sse2, sse3, ssse3, sse4.1, sse4.2, popcnt, vzeroupper, avx, avx2, aes, clmul, 3dnowpref, lzcnt, sse4a, ht, tsc, tscinvbit, tscinv, bmi1, bmi2, adx, sha, fma, clflush, clflushopt

Memory: 4k page, system-wide physical 16311M (10258M free)
TotalPageFile size 18743M (AvailPageFile size 9102M)
current process WorkingSet (physical memory assigned to process): 445M, peak: 480M
current process commit charge ("private bytes"): 792M, peak: 834M

vm_info: Java HotSpot(TM) 64-Bit Server VM (15.0.2+7-27) for windows-amd64 JRE (15.0.2+7-27), built on Dec  7 2020 20:07:01 by "mach5one" with unknown MS VC++:1925

END.
