#
# A fatal error has been detected by the Java Runtime Environment:
#
#  EXCEPTION_ACCESS_VIOLATION (0xc0000005) at pc=0x00007ffad29a1e8c, pid=3844, tid=6492
#
# JRE version: Java(TM) SE Runtime Environment (15.0.2+7) (build 15.0.2+7-27)
# Java VM: Java HotSpot(TM) 64-Bit Server VM (15.0.2+7-27, mixed mode, sharing, tiered, compressed oops, g1 gc, windows-amd64)
# Problematic frame:
# C  [OpenCL.dll+0x1e8c]
#
# No core dump will be written. Minidumps are not enabled by default on client versions of Windows
#
# If you would like to submit a bug report, please visit:
#   https://bugreport.java.com/bugreport/crash.jsp
# The crash happened outside the Java Virtual Machine in native code.
# See problematic frame for where to report the bug.
#

---------------  S U M M A R Y ------------

Command Line: Launcher

Host: AMD Ryzen 5 3600 6-Core Processor              , 12 cores, 15G,  Windows 10 , 64 bit Build 19041 (10.0.19041.804)
Time: Tue Feb 16 01:23:25 2021 Romance Standard Time elapsed time: 2.943560 seconds (0d 0h 0m 2s)

---------------  T H R E A D  ---------------

Current thread (0x000002021fbc6c40):  JavaThread "game_loop_thread" daemon [_thread_in_native, id=6492, stack(0x0000001e1f100000,0x0000001e1f200000)]

Stack: [0x0000001e1f100000,0x0000001e1f200000],  sp=0x0000001e1f1ff318,  free space=1020k
Native frames: (J=compiled Java code, j=interpreted, Vv=VM code, C=native code)
C  [OpenCL.dll+0x1e8c]

Java frames: (J=compiled Java code, j=interpreted, Vv=VM code)
J 2577  org.jocl.CL.clFinishNative(Lorg/jocl/cl_command_queue;)I (0 bytes) @ 0x000002020fd65f02 [0x000002020fd65ea0+0x0000000000000062]
J 2548 c1 engine.render2d.OpenCL.XXX(Ljava/awt/image/BufferedImage;Ljava/awt/image/BufferedImage;FF)V (319 bytes) @ 0x0000020208b973ec [0x0000020208b95da0+0x000000000000164c]
j  engine.scene.Scene.CL_render()V+89
j  engine.stage.Stage.run()V+134
j  java.lang.Thread.run()V+11 java.base@15.0.2
v  ~StubRoutines::call_stub

siginfo: EXCEPTION_ACCESS_VIOLATION (0xc0000005), reading address 0x0000000000000178


Register to memory mapping:

RIP=0x00007ffad29a1e8c OpenCL.dll
RAX=0x0 is NULL
RBX=0x0 is NULL
RCX=0x00000202291a5c30 points into unknown readable memory: 0x0000000000000000 | 00 00 00 00 00 00 00 00
RDX=0x0000001e1f1ff340 is pointing into the stack for thread: 0x000002021fbc6c40
RSP=0x0000001e1f1ff318 is pointing into the stack for thread: 0x000002021fbc6c40
RBP=0x0000001e1f1ff380 is pointing into the stack for thread: 0x000002021fbc6c40
RSI=0x000002023e5b4bc0 is pointing into metadata
RDI=0x00000000000005ea is an unknown value
R8 =0x0000000000000042 is an unknown value
R9 =0x0000000714504fc8 is an oop: org.jocl.cl_command_queue 
{0x0000000714504fc8} - klass: 'org/jocl/cl_command_queue'
R10=0x00007ffaab00c720 jvm.dll
R11=0x0000000000000012 is an unknown value
R12=0x0 is NULL
R13=0x0000000710e00600 is an oop: java.lang.Class 
{0x0000000710e00600} - klass: 'java/lang/Class'
R14=0x0000001e1f1ff370 is pointing into the stack for thread: 0x000002021fbc6c40
R15=0x000002021fbc6c40 is a thread


Registers:
RAX=0x0000000000000000, RBX=0x0000000000000000, RCX=0x00000202291a5c30, RDX=0x0000001e1f1ff340
RSP=0x0000001e1f1ff318, RBP=0x0000001e1f1ff380, RSI=0x000002023e5b4bc0, RDI=0x00000000000005ea
R8 =0x0000000000000042, R9 =0x0000000714504fc8, R10=0x00007ffaab00c720, R11=0x0000000000000012
R12=0x0000000000000000, R13=0x0000000710e00600, R14=0x0000001e1f1ff370, R15=0x000002021fbc6c40
RIP=0x00007ffad29a1e8c, EFLAGS=0x0000000000010206

Top of Stack: (sp=0x0000001e1f1ff318)
0x0000001e1f1ff318:   000002020fd65f9e 0000000000000000
0x0000001e1f1ff328:   0000020208b9959c 0000001e1f1ff590
0x0000001e1f1ff338:   0000020208b8aa14 0000000714504fc8
0x0000001e1f1ff348:   0000000000000000 0000000000002668
0x0000001e1f1ff358:   00000007142d0748 000002021fbc6c40
0x0000001e1f1ff368:   00000007142d0880 0000000710ef2e20
0x0000001e1f1ff378:   000002021fbc6c40 0000001e1f1ff590
0x0000001e1f1ff388:   0000020208b973ec 0000000000000000
0x0000001e1f1ff398:   0000000000000000 0000000000000000
0x0000001e1f1ff3a8:   000002021fbc6c40 0000000000000000
0x0000001e1f1ff3b8:   000002027f4ca6c0 0000000000000000
0x0000001e1f1ff3c8:   000000070208c868 000002027f4c9ef8
0x0000001e1f1ff3d8:   0000001e1f1ff548 0000020208179c49
0x0000001e1f1ff3e8:   0000020208168a90 0000000000000000
0x0000001e1f1ff3f8:   0000001e1f1ff590 0000001e1f1ff548
0x0000001e1f1ff408:   0000001e1f1ff548 0000020208179c49 

Instructions: (pc=0x00007ffad29a1e8c)
0x00007ffad29a1d8c:   cc cc cc cc 48 85 c9 75 04 8d 41 d0 c3 4c 8b 11
0x00007ffad29a1d9c:   49 ff a2 40 01 00 00 cc cc cc cc cc cc cc cc cc
0x00007ffad29a1dac:   cc cc cc cc 85 c9 74 1d 48 85 d2 74 18 48 8b 02
0x00007ffad29a1dbc:   48 85 c0 75 06 b8 c6 ff ff ff c3 48 8b 00 48 ff
0x00007ffad29a1dcc:   a0 48 01 00 00 b8 e2 ff ff ff c3 cc cc cc cc cc
0x00007ffad29a1ddc:   cc cc cc cc 48 85 c9 75 04 8d 41 c6 c3 4c 8b 11
0x00007ffad29a1dec:   49 ff a2 50 01 00 00 cc cc cc cc cc cc cc cc cc
0x00007ffad29a1dfc:   cc cc cc cc 48 85 c9 75 04 8d 41 c6 c3 48 8b 01
0x00007ffad29a1e0c:   48 ff a0 58 01 00 00 cc cc cc cc cc cc cc cc cc
0x00007ffad29a1e1c:   cc cc cc cc 48 85 c9 75 04 8d 41 c6 c3 48 8b 01
0x00007ffad29a1e2c:   48 ff a0 60 01 00 00 cc cc cc cc cc cc cc cc cc
0x00007ffad29a1e3c:   cc cc cc cc 48 85 c9 75 04 8d 41 c6 c3 4c 8b 11
0x00007ffad29a1e4c:   49 ff a2 68 01 00 00 cc cc cc cc cc cc cc cc cc
0x00007ffad29a1e5c:   cc cc cc cc 48 85 c9 75 04 8d 41 dc c3 48 8b 01
0x00007ffad29a1e6c:   48 ff a0 70 01 00 00 cc cc cc cc cc cc cc cc cc
0x00007ffad29a1e7c:   cc cc cc cc 48 85 c9 75 04 8d 41 dc c3 48 8b 01
0x00007ffad29a1e8c:   48 ff a0 78 01 00 00 cc cc cc cc cc cc cc cc cc
0x00007ffad29a1e9c:   cc cc cc cc 48 85 c9 75 04 8d 41 dc c3 4c 8b 11
0x00007ffad29a1eac:   49 ff a2 80 01 00 00 cc cc cc cc cc cc cc cc cc
0x00007ffad29a1ebc:   cc cc cc cc 48 85 c9 75 04 8d 41 dc c3 4c 8b 11
0x00007ffad29a1ecc:   49 ff a2 b0 02 00 00 cc cc cc cc cc cc cc cc cc
0x00007ffad29a1edc:   cc cc cc cc 48 85 c9 75 04 8d 41 dc c3 4c 8b 11
0x00007ffad29a1eec:   49 ff a2 88 01 00 00 cc cc cc cc cc cc cc cc cc
0x00007ffad29a1efc:   cc cc cc cc 48 85 c9 75 04 8d 41 dc c3 4c 8b 11
0x00007ffad29a1f0c:   49 ff a2 b8 02 00 00 cc cc cc cc cc cc cc cc cc
0x00007ffad29a1f1c:   cc cc cc cc 48 85 c9 75 04 8d 41 dc c3 4c 8b 11
0x00007ffad29a1f2c:   49 ff a2 30 03 00 00 cc cc cc cc cc cc cc cc cc
0x00007ffad29a1f3c:   cc cc cc cc 48 85 c9 75 04 8d 41 dc c3 4c 8b 11
0x00007ffad29a1f4c:   49 ff a2 90 01 00 00 cc cc cc cc cc cc cc cc cc
0x00007ffad29a1f5c:   cc cc cc cc 48 85 c9 75 04 8d 41 dc c3 4c 8b 11
0x00007ffad29a1f6c:   49 ff a2 c0 02 00 00 cc cc cc cc cc cc cc cc cc
0x00007ffad29a1f7c:   cc cc cc cc 48 85 c9 75 04 8d 41 dc c3 4c 8b 11 


Stack slot to memory mapping:
stack at sp + 0 slots: 0x000002020fd65f9e is at entry_point+254 in (nmethod*)0x000002020fd65d10
stack at sp + 1 slots: 0x0 is NULL
stack at sp + 2 slots: 0x0000020208b9959c is at entry_point+220 in (nmethod*)0x0000020208b99310
stack at sp + 3 slots: 0x0000001e1f1ff590 is pointing into the stack for thread: 0x000002021fbc6c40
stack at sp + 4 slots: 0x0000020208b8aa14 is at entry_point+596 in (nmethod*)0x0000020208b8a610
stack at sp + 5 slots: 0x0000000714504fc8 is an oop: org.jocl.cl_command_queue 
{0x0000000714504fc8} - klass: 'org/jocl/cl_command_queue'
stack at sp + 6 slots: 0x0 is NULL
stack at sp + 7 slots: 0x0000000000002668 is an unknown value


---------------  P R O C E S S  ---------------

Threads class SMR info:
_java_thread_list=0x0000020227d227d0, length=16, elements={
0x000002027f30ab80, 0x000002027f30b660, 0x000002027fb23ed0, 0x000002027fb268a0,
0x000002027fb27260, 0x000002027fb28000, 0x000002027fb2dec0, 0x000002027fb367d0,
0x000002027fc65ad0, 0x000002027fc79f90, 0x000002027fea86f0, 0x000002021fbc6c40,
0x000002021fbb8f20, 0x000002021fbd8540, 0x0000020228be95e0, 0x0000020228be7900
}

Java Threads: ( => current thread )
  0x000002027f30ab80 JavaThread "Reference Handler" daemon [_thread_blocked, id=13036, stack(0x0000001e1df00000,0x0000001e1e000000)]
  0x000002027f30b660 JavaThread "Finalizer" daemon [_thread_blocked, id=2704, stack(0x0000001e1e000000,0x0000001e1e100000)]
  0x000002027fb23ed0 JavaThread "Signal Dispatcher" daemon [_thread_blocked, id=2160, stack(0x0000001e1e100000,0x0000001e1e200000)]
  0x000002027fb268a0 JavaThread "Attach Listener" daemon [_thread_blocked, id=2220, stack(0x0000001e1e200000,0x0000001e1e300000)]
  0x000002027fb27260 JavaThread "Service Thread" daemon [_thread_blocked, id=8524, stack(0x0000001e1e300000,0x0000001e1e400000)]
  0x000002027fb28000 JavaThread "C2 CompilerThread0" daemon [_thread_blocked, id=12960, stack(0x0000001e1e400000,0x0000001e1e500000)]
  0x000002027fb2dec0 JavaThread "C1 CompilerThread0" daemon [_thread_blocked, id=12096, stack(0x0000001e1e500000,0x0000001e1e600000)]
  0x000002027fb367d0 JavaThread "Sweeper thread" daemon [_thread_blocked, id=13168, stack(0x0000001e1e600000,0x0000001e1e700000)]
  0x000002027fc65ad0 JavaThread "Notification Thread" daemon [_thread_blocked, id=10064, stack(0x0000001e1e700000,0x0000001e1e800000)]
  0x000002027fc79f90 JavaThread "Common-Cleaner" daemon [_thread_blocked, id=5500, stack(0x0000001e1e900000,0x0000001e1ea00000)]
  0x000002027fea86f0 JavaThread "Java2D Disposer" daemon [_thread_blocked, id=10888, stack(0x0000001e1ea00000,0x0000001e1eb00000)]
=>0x000002021fbc6c40 JavaThread "game_loop_thread" daemon [_thread_in_native, id=6492, stack(0x0000001e1f100000,0x0000001e1f200000)]
  0x000002021fbb8f20 JavaThread "AWT-Shutdown" [_thread_blocked, id=2372, stack(0x0000001e1f200000,0x0000001e1f300000)]
  0x000002021fbd8540 JavaThread "AWT-EventQueue-0" [_thread_blocked, id=2284, stack(0x0000001e20600000,0x0000001e20700000)]
  0x0000020228be95e0 JavaThread "DestroyJavaVM" [_thread_blocked, id=1372, stack(0x0000001e1d800000,0x0000001e1d900000)]
  0x0000020228be7900 JavaThread "ToolkitShutdown" daemon [_thread_in_native, id=12528, stack(0x0000001e20800000,0x0000001e20900000)]

Other Threads:
  0x000002027f3073e0 VMThread "VM Thread" [stack: 0x0000001e1de00000,0x0000001e1df00000] [id=11876]
  0x000002027fc7ce70 WatcherThread [stack: 0x0000001e1e800000,0x0000001e1e900000] [id=4716]
  0x00000202788d3030 GCTaskThread "GC Thread#0" [stack: 0x0000001e1d900000,0x0000001e1da00000] [id=2992]
  0x000002021f494cd0 GCTaskThread "GC Thread#1" [stack: 0x0000001e1f300000,0x0000001e1f400000] [id=12944]
  0x000002021f497fd0 GCTaskThread "GC Thread#2" [stack: 0x0000001e1f400000,0x0000001e1f500000] [id=1512]
  0x000002021f494670 GCTaskThread "GC Thread#3" [stack: 0x0000001e1f500000,0x0000001e1f600000] [id=12128]
  0x000002021f496fe0 GCTaskThread "GC Thread#4" [stack: 0x0000001e1f600000,0x0000001e1f700000] [id=13176]
  0x000002021f495330 GCTaskThread "GC Thread#5" [stack: 0x0000001e1f700000,0x0000001e1f800000] [id=9948]
  0x000002021f497310 GCTaskThread "GC Thread#6" [stack: 0x0000001e1f800000,0x0000001e1f900000] [id=4008]
  0x000002021f495cc0 GCTaskThread "GC Thread#7" [stack: 0x0000001e1f900000,0x0000001e1fa00000] [id=12492]
  0x00000202788e6f90 ConcurrentGCThread "G1 Main Marker" [stack: 0x0000001e1da00000,0x0000001e1db00000] [id=8092]
  0x00000202788e8230 ConcurrentGCThread "G1 Conc#0" [stack: 0x0000001e1db00000,0x0000001e1dc00000] [id=11904]
  0x000002021f497970 ConcurrentGCThread "G1 Conc#1" [stack: 0x0000001e1ef00000,0x0000001e1f000000] [id=9052]
  0x000002021f497ca0 ConcurrentGCThread "G1 Conc#2" [stack: 0x0000001e1ff00000,0x0000001e20000000] [id=11312]
  0x000002027895e5e0 ConcurrentGCThread "G1 Refine#0" [stack: 0x0000001e1dc00000,0x0000001e1dd00000] [id=5756]
  0x000002022757b3c0 ConcurrentGCThread "G1 Refine#1" [stack: 0x0000001e1fa00000,0x0000001e1fb00000] [id=2352]
  0x00000202274990d0 ConcurrentGCThread "G1 Refine#2" [stack: 0x0000001e1fb00000,0x0000001e1fc00000] [id=9880]
  0x00000202275009a0 ConcurrentGCThread "G1 Refine#3" [stack: 0x0000001e1fc00000,0x0000001e1fd00000] [id=6940]
  0x00000202273f1760 ConcurrentGCThread "G1 Refine#4" [stack: 0x0000001e1fd00000,0x0000001e1fe00000] [id=12624]
  0x000002021fc04ce0 ConcurrentGCThread "G1 Refine#5" [stack: 0x0000001e1fe00000,0x0000001e1ff00000] [id=8748]
  0x000002027f17a260 ConcurrentGCThread "G1 Young RemSet Sampling" [stack: 0x0000001e1dd00000,0x0000001e1de00000] [id=10400]

Threads with active compile tasks:

VM state: not at safepoint (normal execution)

VM Mutex/Monitor currently owned by a thread: None

Heap address: 0x0000000701200000, size: 4078 MB, Compressed Oops mode: Zero based, Oop shift amount: 3
CDS archive(s) mapped at: [0x0000000800000000-0x0000000800b50000-0x0000000800b50000), size 11862016, SharedBaseAddress: 0x0000000800000000, ArchiveRelocationMode: 0.
Compressed class space mapped at: 0x0000000800b50000-0x0000000840b50000, size: 1073741824
Narrow klass base: 0x0000000800000000, Narrow klass shift: 3, Narrow klass range: 0x100000000

GC Precious Log:
 CPUs: 12 total, 12 available
 Memory: 16311M
 Large Page Support: Disabled
 NUMA Support: Disabled
 Compressed Oops: Enabled (Zero based)
 Heap Region Size: 2M
 Heap Min Capacity: 8M
 Heap Initial Capacity: 256M
 Heap Max Capacity: 4078M
 Pre-touch: Disabled
 Parallel Workers: 10
 Concurrent Workers: 3
 Concurrent Refinement Workers: 10
 Periodic GC: Disabled

Heap:
 garbage-first heap   total 315392K, used 97789K [0x0000000701200000, 0x0000000800000000)
  region size 2048K, 6 young (12288K), 1 survivors (2048K)
 Metaspace       used 21297K, capacity 21462K, committed 21632K, reserved 1069056K
  class space    used 2280K, capacity 2323K, committed 2432K, reserved 1048576K

Heap Regions: E=young(eden), S=young(survivor), O=old, HS=humongous(starts), HC=humongous(continues), CS=collection set, F=free, OA=open archive, CA=closed archive, TAMS=top-at-mark-start (previous, next)
|   0|0x0000000701200000, 0x0000000701400000, 0x0000000701400000|100%|HS|  |TAMS 0x0000000701400000, 0x0000000701200000| Complete 
|   1|0x0000000701400000, 0x0000000701600000, 0x0000000701600000|100%| O|  |TAMS 0x0000000701400000, 0x0000000701400000| Untracked 
|   2|0x0000000701600000, 0x0000000701800000, 0x0000000701800000|100%|HS|  |TAMS 0x0000000701800000, 0x0000000701600000| Complete 
|   3|0x0000000701800000, 0x0000000701a00000, 0x0000000701a00000|100%| O|  |TAMS 0x0000000701800000, 0x0000000701800000| Untracked 
|   4|0x0000000701a00000, 0x0000000701c00000, 0x0000000701c00000|100%| O|  |TAMS 0x0000000701c00000, 0x0000000701a00000| Untracked 
|   5|0x0000000701c00000, 0x0000000701e00000, 0x0000000701e00000|100%| O|  |TAMS 0x0000000701e00000, 0x0000000701c00000| Untracked 
|   6|0x0000000701e00000, 0x0000000702000000, 0x0000000702000000|100%| O|  |TAMS 0x0000000701e00000, 0x0000000701e00000| Untracked 
|   7|0x0000000702000000, 0x0000000702200000, 0x0000000702200000|100%| O|  |TAMS 0x0000000702200000, 0x0000000702000000| Untracked 
|   8|0x0000000702200000, 0x0000000702400000, 0x0000000702400000|100%| O|  |TAMS 0x0000000702400000, 0x0000000702200000| Untracked 
|   9|0x0000000702400000, 0x0000000702600000, 0x0000000702600000|100%| O|  |TAMS 0x0000000702482800, 0x0000000702400000| Untracked 
|  10|0x0000000702600000, 0x0000000702600000, 0x0000000702800000|  0%| F|  |TAMS 0x0000000702600000, 0x0000000702600000| Untracked 
|  11|0x0000000702800000, 0x0000000702800000, 0x0000000702a00000|  0%| F|  |TAMS 0x0000000702800000, 0x0000000702800000| Untracked 
|  12|0x0000000702a00000, 0x0000000702c00000, 0x0000000702c00000|100%| O|  |TAMS 0x0000000702a00000, 0x0000000702a00000| Untracked 
|  13|0x0000000702c00000, 0x0000000702e00000, 0x0000000702e00000|100%| O|  |TAMS 0x0000000702c00000, 0x0000000702c00000| Untracked 
|  14|0x0000000702e00000, 0x0000000703000000, 0x0000000703000000|100%| O|  |TAMS 0x0000000702e00000, 0x0000000702e00000| Untracked 
|  15|0x0000000703000000, 0x00000007031f2800, 0x0000000703200000| 97%| O|  |TAMS 0x0000000703000000, 0x0000000703000000| Untracked 
|  16|0x0000000703200000, 0x0000000703400000, 0x0000000703400000|100%|HS|  |TAMS 0x0000000703400000, 0x0000000703200000| Complete 
|  17|0x0000000703400000, 0x0000000703600000, 0x0000000703600000|100%|HC|  |TAMS 0x0000000703600000, 0x0000000703400000| Complete 
|  18|0x0000000703600000, 0x0000000703800000, 0x0000000703800000|100%|HC|  |TAMS 0x0000000703800000, 0x0000000703600000| Complete 
|  19|0x0000000703800000, 0x0000000703800000, 0x0000000703a00000|  0%| F|  |TAMS 0x0000000703800000, 0x0000000703800000| Untracked 
|  20|0x0000000703a00000, 0x0000000703c00000, 0x0000000703c00000|100%|HS|  |TAMS 0x0000000703c00000, 0x0000000703a00000| Complete 
|  21|0x0000000703c00000, 0x0000000703e00000, 0x0000000703e00000|100%|HS|  |TAMS 0x0000000703c00000, 0x0000000703c00000| Complete 
|  22|0x0000000703e00000, 0x0000000704000000, 0x0000000704000000|100%|HC|  |TAMS 0x0000000703e00000, 0x0000000703e00000| Complete 
|  23|0x0000000704000000, 0x0000000704200000, 0x0000000704200000|100%|HC|  |TAMS 0x0000000704000000, 0x0000000704000000| Complete 
|  24|0x0000000704200000, 0x0000000704400000, 0x0000000704400000|100%|HC|  |TAMS 0x0000000704200000, 0x0000000704200000| Complete 
|  25|0x0000000704400000, 0x0000000704600000, 0x0000000704600000|100%|HS|  |TAMS 0x0000000704400000, 0x0000000704400000| Complete 
|  26|0x0000000704600000, 0x0000000704800000, 0x0000000704800000|100%|HC|  |TAMS 0x0000000704600000, 0x0000000704600000| Complete 
|  27|0x0000000704800000, 0x0000000704a00000, 0x0000000704a00000|100%|HC|  |TAMS 0x0000000704800000, 0x0000000704800000| Complete 
|  28|0x0000000704a00000, 0x0000000704c00000, 0x0000000704c00000|100%|HC|  |TAMS 0x0000000704a00000, 0x0000000704a00000| Complete 
|  29|0x0000000704c00000, 0x0000000704c00000, 0x0000000704e00000|  0%| F|  |TAMS 0x0000000704c00000, 0x0000000704c00000| Untracked 
|  30|0x0000000704e00000, 0x0000000704e00000, 0x0000000705000000|  0%| F|  |TAMS 0x0000000704e00000, 0x0000000704e00000| Untracked 
|  31|0x0000000705000000, 0x0000000705000000, 0x0000000705200000|  0%| F|  |TAMS 0x0000000705000000, 0x0000000705000000| Untracked 
|  32|0x0000000705200000, 0x0000000705200000, 0x0000000705400000|  0%| F|  |TAMS 0x0000000705200000, 0x0000000705200000| Untracked 
|  33|0x0000000705400000, 0x0000000705400000, 0x0000000705600000|  0%| F|  |TAMS 0x0000000705400000, 0x0000000705400000| Untracked 
|  34|0x0000000705600000, 0x0000000705600000, 0x0000000705800000|  0%| F|  |TAMS 0x0000000705600000, 0x0000000705600000| Untracked 
|  35|0x0000000705800000, 0x0000000705800000, 0x0000000705a00000|  0%| F|  |TAMS 0x0000000705800000, 0x0000000705800000| Untracked 
|  36|0x0000000705a00000, 0x0000000705a00000, 0x0000000705c00000|  0%| F|  |TAMS 0x0000000705a00000, 0x0000000705a00000| Untracked 
|  37|0x0000000705c00000, 0x0000000705c00000, 0x0000000705e00000|  0%| F|  |TAMS 0x0000000705c00000, 0x0000000705c00000| Untracked 
|  38|0x0000000705e00000, 0x0000000705e00000, 0x0000000706000000|  0%| F|  |TAMS 0x0000000705e00000, 0x0000000705e00000| Untracked 
|  39|0x0000000706000000, 0x0000000706000000, 0x0000000706200000|  0%| F|  |TAMS 0x0000000706000000, 0x0000000706000000| Untracked 
|  40|0x0000000706200000, 0x0000000706200000, 0x0000000706400000|  0%| F|  |TAMS 0x0000000706200000, 0x0000000706200000| Untracked 
|  41|0x0000000706400000, 0x0000000706400000, 0x0000000706600000|  0%| F|  |TAMS 0x0000000706400000, 0x0000000706400000| Untracked 
|  42|0x0000000706600000, 0x0000000706600000, 0x0000000706800000|  0%| F|  |TAMS 0x0000000706600000, 0x0000000706600000| Untracked 
|  43|0x0000000706800000, 0x0000000706800000, 0x0000000706a00000|  0%| F|  |TAMS 0x0000000706800000, 0x0000000706800000| Untracked 
|  44|0x0000000706a00000, 0x0000000706a00000, 0x0000000706c00000|  0%| F|  |TAMS 0x0000000706a00000, 0x0000000706a00000| Untracked 
|  45|0x0000000706c00000, 0x0000000706c00000, 0x0000000706e00000|  0%| F|  |TAMS 0x0000000706c00000, 0x0000000706c00000| Untracked 
|  46|0x0000000706e00000, 0x0000000706e00000, 0x0000000707000000|  0%| F|  |TAMS 0x0000000706e00000, 0x0000000706e00000| Untracked 
|  47|0x0000000707000000, 0x0000000707000000, 0x0000000707200000|  0%| F|  |TAMS 0x0000000707000000, 0x0000000707000000| Untracked 
|  48|0x0000000707200000, 0x0000000707200000, 0x0000000707400000|  0%| F|  |TAMS 0x0000000707200000, 0x0000000707200000| Untracked 
|  49|0x0000000707400000, 0x0000000707400000, 0x0000000707600000|  0%| F|  |TAMS 0x0000000707400000, 0x0000000707400000| Untracked 
|  50|0x0000000707600000, 0x0000000707600000, 0x0000000707800000|  0%| F|  |TAMS 0x0000000707600000, 0x0000000707600000| Untracked 
|  51|0x0000000707800000, 0x0000000707800000, 0x0000000707a00000|  0%| F|  |TAMS 0x0000000707800000, 0x0000000707800000| Untracked 
|  52|0x0000000707a00000, 0x0000000707a00000, 0x0000000707c00000|  0%| F|  |TAMS 0x0000000707a00000, 0x0000000707a00000| Untracked 
|  53|0x0000000707c00000, 0x0000000707c00000, 0x0000000707e00000|  0%| F|  |TAMS 0x0000000707c00000, 0x0000000707c00000| Untracked 
|  54|0x0000000707e00000, 0x0000000707e00000, 0x0000000708000000|  0%| F|  |TAMS 0x0000000707e00000, 0x0000000707e00000| Untracked 
|  55|0x0000000708000000, 0x0000000708000000, 0x0000000708200000|  0%| F|  |TAMS 0x0000000708000000, 0x0000000708000000| Untracked 
|  56|0x0000000708200000, 0x0000000708200000, 0x0000000708400000|  0%| F|  |TAMS 0x0000000708200000, 0x0000000708200000| Untracked 
|  57|0x0000000708400000, 0x0000000708400000, 0x0000000708600000|  0%| F|  |TAMS 0x0000000708400000, 0x0000000708400000| Untracked 
|  58|0x0000000708600000, 0x0000000708600000, 0x0000000708800000|  0%| F|  |TAMS 0x0000000708600000, 0x0000000708600000| Untracked 
|  59|0x0000000708800000, 0x0000000708800000, 0x0000000708a00000|  0%| F|  |TAMS 0x0000000708800000, 0x0000000708800000| Untracked 
|  60|0x0000000708a00000, 0x0000000708a00000, 0x0000000708c00000|  0%| F|  |TAMS 0x0000000708a00000, 0x0000000708a00000| Untracked 
|  61|0x0000000708c00000, 0x0000000708c00000, 0x0000000708e00000|  0%| F|  |TAMS 0x0000000708c00000, 0x0000000708c00000| Untracked 
|  62|0x0000000708e00000, 0x0000000708e00000, 0x0000000709000000|  0%| F|  |TAMS 0x0000000708e00000, 0x0000000708e00000| Untracked 
|  63|0x0000000709000000, 0x0000000709000000, 0x0000000709200000|  0%| F|  |TAMS 0x0000000709000000, 0x0000000709000000| Untracked 
|  64|0x0000000709200000, 0x0000000709200000, 0x0000000709400000|  0%| F|  |TAMS 0x0000000709200000, 0x0000000709200000| Untracked 
|  65|0x0000000709400000, 0x0000000709400000, 0x0000000709600000|  0%| F|  |TAMS 0x0000000709400000, 0x0000000709400000| Untracked 
|  66|0x0000000709600000, 0x0000000709600000, 0x0000000709800000|  0%| F|  |TAMS 0x0000000709600000, 0x0000000709600000| Untracked 
|  67|0x0000000709800000, 0x0000000709800000, 0x0000000709a00000|  0%| F|  |TAMS 0x0000000709800000, 0x0000000709800000| Untracked 
|  68|0x0000000709a00000, 0x0000000709a00000, 0x0000000709c00000|  0%| F|  |TAMS 0x0000000709a00000, 0x0000000709a00000| Untracked 
|  69|0x0000000709c00000, 0x0000000709c00000, 0x0000000709e00000|  0%| F|  |TAMS 0x0000000709c00000, 0x0000000709c00000| Untracked 
|  70|0x0000000709e00000, 0x000000070a000000, 0x000000070a000000|100%|HS|  |TAMS 0x0000000709e00000, 0x0000000709e00000| Complete 
|  71|0x000000070a000000, 0x000000070a200000, 0x000000070a200000|100%|HC|  |TAMS 0x000000070a000000, 0x000000070a000000| Complete 
|  72|0x000000070a200000, 0x000000070a400000, 0x000000070a400000|100%|HC|  |TAMS 0x000000070a200000, 0x000000070a200000| Complete 
|  73|0x000000070a400000, 0x000000070a600000, 0x000000070a600000|100%|HC|  |TAMS 0x000000070a400000, 0x000000070a400000| Complete 
|  74|0x000000070a600000, 0x000000070a800000, 0x000000070a800000|100%|HC|  |TAMS 0x000000070a600000, 0x000000070a600000| Complete 
|  75|0x000000070a800000, 0x000000070aa00000, 0x000000070aa00000|100%|HC|  |TAMS 0x000000070a800000, 0x000000070a800000| Complete 
|  76|0x000000070aa00000, 0x000000070ac00000, 0x000000070ac00000|100%|HC|  |TAMS 0x000000070aa00000, 0x000000070aa00000| Complete 
|  77|0x000000070ac00000, 0x000000070ae00000, 0x000000070ae00000|100%|HC|  |TAMS 0x000000070ac00000, 0x000000070ac00000| Complete 
|  78|0x000000070ae00000, 0x000000070b000000, 0x000000070b000000|100%|HC|  |TAMS 0x000000070ae00000, 0x000000070ae00000| Complete 
|  79|0x000000070b000000, 0x000000070b200000, 0x000000070b200000|100%|HC|  |TAMS 0x000000070b000000, 0x000000070b000000| Complete 
|  80|0x000000070b200000, 0x000000070b400000, 0x000000070b400000|100%|HC|  |TAMS 0x000000070b200000, 0x000000070b200000| Complete 
|  81|0x000000070b400000, 0x000000070b600000, 0x000000070b600000|100%|HC|  |TAMS 0x000000070b400000, 0x000000070b400000| Complete 
|  82|0x000000070b600000, 0x000000070b800000, 0x000000070b800000|100%|HC|  |TAMS 0x000000070b600000, 0x000000070b600000| Complete 
|  83|0x000000070b800000, 0x000000070ba00000, 0x000000070ba00000|100%|HC|  |TAMS 0x000000070b800000, 0x000000070b800000| Complete 
|  84|0x000000070ba00000, 0x000000070bc00000, 0x000000070bc00000|100%|HC|  |TAMS 0x000000070ba00000, 0x000000070ba00000| Complete 
|  85|0x000000070bc00000, 0x000000070be00000, 0x000000070be00000|100%|HC|  |TAMS 0x000000070bc00000, 0x000000070bc00000| Complete 
|  86|0x000000070be00000, 0x000000070c000000, 0x000000070c000000|100%|HC|  |TAMS 0x000000070be00000, 0x000000070be00000| Complete 
|  87|0x000000070c000000, 0x000000070c000000, 0x000000070c200000|  0%| F|  |TAMS 0x000000070c000000, 0x000000070c000000| Untracked 
|  88|0x000000070c200000, 0x000000070c200000, 0x000000070c400000|  0%| F|  |TAMS 0x000000070c200000, 0x000000070c200000| Untracked 
|  89|0x000000070c400000, 0x000000070c400000, 0x000000070c600000|  0%| F|  |TAMS 0x000000070c400000, 0x000000070c400000| Untracked 
|  90|0x000000070c600000, 0x000000070c600000, 0x000000070c800000|  0%| F|  |TAMS 0x000000070c600000, 0x000000070c600000| Untracked 
|  91|0x000000070c800000, 0x000000070c800000, 0x000000070ca00000|  0%| F|  |TAMS 0x000000070c800000, 0x000000070c800000| Untracked 
|  92|0x000000070ca00000, 0x000000070ca00000, 0x000000070cc00000|  0%| F|  |TAMS 0x000000070ca00000, 0x000000070ca00000| Untracked 
|  93|0x000000070cc00000, 0x000000070cc00000, 0x000000070ce00000|  0%| F|  |TAMS 0x000000070cc00000, 0x000000070cc00000| Untracked 
|  94|0x000000070ce00000, 0x000000070ce00000, 0x000000070d000000|  0%| F|  |TAMS 0x000000070ce00000, 0x000000070ce00000| Untracked 
|  95|0x000000070d000000, 0x000000070d000000, 0x000000070d200000|  0%| F|  |TAMS 0x000000070d000000, 0x000000070d000000| Untracked 
|  96|0x000000070d200000, 0x000000070d200000, 0x000000070d400000|  0%| F|  |TAMS 0x000000070d200000, 0x000000070d200000| Untracked 
|  97|0x000000070d400000, 0x000000070d400000, 0x000000070d600000|  0%| F|  |TAMS 0x000000070d400000, 0x000000070d400000| Untracked 
|  98|0x000000070d600000, 0x000000070d600000, 0x000000070d800000|  0%| F|  |TAMS 0x000000070d600000, 0x000000070d600000| Untracked 
|  99|0x000000070d800000, 0x000000070d800000, 0x000000070da00000|  0%| F|  |TAMS 0x000000070d800000, 0x000000070d800000| Untracked 
| 100|0x000000070da00000, 0x000000070da00000, 0x000000070dc00000|  0%| F|  |TAMS 0x000000070da00000, 0x000000070da00000| Untracked 
| 101|0x000000070dc00000, 0x000000070dc00000, 0x000000070de00000|  0%| F|  |TAMS 0x000000070dc00000, 0x000000070dc00000| Untracked 
| 102|0x000000070de00000, 0x000000070de00000, 0x000000070e000000|  0%| F|  |TAMS 0x000000070de00000, 0x000000070de00000| Untracked 
| 103|0x000000070e000000, 0x000000070e000000, 0x000000070e200000|  0%| F|  |TAMS 0x000000070e000000, 0x000000070e000000| Untracked 
| 104|0x000000070e200000, 0x000000070e200000, 0x000000070e400000|  0%| F|  |TAMS 0x000000070e200000, 0x000000070e200000| Untracked 
| 105|0x000000070e400000, 0x000000070e400000, 0x000000070e600000|  0%| F|  |TAMS 0x000000070e400000, 0x000000070e400000| Untracked 
| 106|0x000000070e600000, 0x000000070e600000, 0x000000070e800000|  0%| F|  |TAMS 0x000000070e600000, 0x000000070e600000| Untracked 
| 107|0x000000070e800000, 0x000000070e800000, 0x000000070ea00000|  0%| F|  |TAMS 0x000000070e800000, 0x000000070e800000| Untracked 
| 108|0x000000070ea00000, 0x000000070ea00000, 0x000000070ec00000|  0%| F|  |TAMS 0x000000070ea00000, 0x000000070ea00000| Untracked 
| 109|0x000000070ec00000, 0x000000070ec00000, 0x000000070ee00000|  0%| F|  |TAMS 0x000000070ec00000, 0x000000070ec00000| Untracked 
| 110|0x000000070ee00000, 0x000000070ee00000, 0x000000070f000000|  0%| F|  |TAMS 0x000000070ee00000, 0x000000070ee00000| Untracked 
| 111|0x000000070f000000, 0x000000070f000000, 0x000000070f200000|  0%| F|  |TAMS 0x000000070f000000, 0x000000070f000000| Untracked 
| 112|0x000000070f200000, 0x000000070f200000, 0x000000070f400000|  0%| F|  |TAMS 0x000000070f200000, 0x000000070f200000| Untracked 
| 113|0x000000070f400000, 0x000000070f400000, 0x000000070f600000|  0%| F|  |TAMS 0x000000070f400000, 0x000000070f400000| Untracked 
| 114|0x000000070f600000, 0x000000070f600000, 0x000000070f800000|  0%| F|  |TAMS 0x000000070f600000, 0x000000070f600000| Untracked 
| 115|0x000000070f800000, 0x000000070f800000, 0x000000070fa00000|  0%| F|  |TAMS 0x000000070f800000, 0x000000070f800000| Untracked 
| 116|0x000000070fa00000, 0x000000070fa00000, 0x000000070fc00000|  0%| F|  |TAMS 0x000000070fa00000, 0x000000070fa00000| Untracked 
| 117|0x000000070fc00000, 0x000000070fc00000, 0x000000070fe00000|  0%| F|  |TAMS 0x000000070fc00000, 0x000000070fc00000| Untracked 
| 118|0x000000070fe00000, 0x000000070fe00000, 0x0000000710000000|  0%| F|  |TAMS 0x000000070fe00000, 0x000000070fe00000| Untracked 
| 119|0x0000000710000000, 0x0000000710000000, 0x0000000710200000|  0%| F|  |TAMS 0x0000000710000000, 0x0000000710000000| Untracked 
| 120|0x0000000710200000, 0x0000000710200000, 0x0000000710400000|  0%| F|  |TAMS 0x0000000710200000, 0x0000000710200000| Untracked 
| 121|0x0000000710400000, 0x0000000710400000, 0x0000000710600000|  0%| F|  |TAMS 0x0000000710400000, 0x0000000710400000| Untracked 
| 122|0x0000000710600000, 0x0000000710600000, 0x0000000710800000|  0%| F|  |TAMS 0x0000000710600000, 0x0000000710600000| Untracked 
| 123|0x0000000710800000, 0x0000000710800000, 0x0000000710a00000|  0%| F|  |TAMS 0x0000000710800000, 0x0000000710800000| Untracked 
| 124|0x0000000710a00000, 0x0000000710a00000, 0x0000000710c00000|  0%| F|  |TAMS 0x0000000710a00000, 0x0000000710a00000| Untracked 
| 125|0x0000000710c00000, 0x0000000710c00000, 0x0000000710e00000|  0%| F|  |TAMS 0x0000000710c00000, 0x0000000710c00000| Untracked 
| 126|0x0000000710e00000, 0x0000000710f8cd38, 0x0000000711000000| 77%| S|CS|TAMS 0x0000000710e00000, 0x0000000710e00000| Complete 
| 127|0x0000000711000000, 0x0000000711000000, 0x0000000711200000|  0%| F|  |TAMS 0x0000000711000000, 0x0000000711000000| Untracked 
| 128|0x0000000711200000, 0x0000000711200000, 0x0000000711400000|  0%| F|  |TAMS 0x0000000711200000, 0x0000000711200000| Untracked 
| 129|0x0000000711400000, 0x0000000711400000, 0x0000000711600000|  0%| F|  |TAMS 0x0000000711400000, 0x0000000711400000| Untracked 
| 130|0x0000000711600000, 0x0000000711600000, 0x0000000711800000|  0%| F|  |TAMS 0x0000000711600000, 0x0000000711600000| Untracked 
| 131|0x0000000711800000, 0x0000000711800000, 0x0000000711a00000|  0%| F|  |TAMS 0x0000000711800000, 0x0000000711800000| Untracked 
| 132|0x0000000711a00000, 0x0000000711a00000, 0x0000000711c00000|  0%| F|  |TAMS 0x0000000711a00000, 0x0000000711a00000| Untracked 
| 133|0x0000000711c00000, 0x0000000711c00000, 0x0000000711e00000|  0%| F|  |TAMS 0x0000000711c00000, 0x0000000711c00000| Untracked 
| 134|0x0000000711e00000, 0x0000000711e00000, 0x0000000712000000|  0%| F|  |TAMS 0x0000000711e00000, 0x0000000711e00000| Untracked 
| 135|0x0000000712000000, 0x0000000712000000, 0x0000000712200000|  0%| F|  |TAMS 0x0000000712000000, 0x0000000712000000| Untracked 
| 136|0x0000000712200000, 0x0000000712200000, 0x0000000712400000|  0%| F|  |TAMS 0x0000000712200000, 0x0000000712200000| Untracked 
| 137|0x0000000712400000, 0x0000000712400000, 0x0000000712600000|  0%| F|  |TAMS 0x0000000712400000, 0x0000000712400000| Untracked 
| 138|0x0000000712600000, 0x0000000712600000, 0x0000000712800000|  0%| F|  |TAMS 0x0000000712600000, 0x0000000712600000| Untracked 
| 139|0x0000000712800000, 0x0000000712800000, 0x0000000712a00000|  0%| F|  |TAMS 0x0000000712800000, 0x0000000712800000| Untracked 
| 140|0x0000000712a00000, 0x0000000712a00000, 0x0000000712c00000|  0%| F|  |TAMS 0x0000000712a00000, 0x0000000712a00000| Untracked 
| 141|0x0000000712c00000, 0x0000000712c00000, 0x0000000712e00000|  0%| F|  |TAMS 0x0000000712c00000, 0x0000000712c00000| Untracked 
| 142|0x0000000712e00000, 0x0000000712e00000, 0x0000000713000000|  0%| F|  |TAMS 0x0000000712e00000, 0x0000000712e00000| Untracked 
| 143|0x0000000713000000, 0x0000000713000000, 0x0000000713200000|  0%| F|  |TAMS 0x0000000713000000, 0x0000000713000000| Untracked 
| 144|0x0000000713200000, 0x0000000713200000, 0x0000000713400000|  0%| F|  |TAMS 0x0000000713200000, 0x0000000713200000| Untracked 
| 145|0x0000000713400000, 0x0000000713400000, 0x0000000713600000|  0%| F|  |TAMS 0x0000000713400000, 0x0000000713400000| Untracked 
| 146|0x0000000713600000, 0x0000000713600000, 0x0000000713800000|  0%| F|  |TAMS 0x0000000713600000, 0x0000000713600000| Untracked 
| 147|0x0000000713800000, 0x0000000713800000, 0x0000000713a00000|  0%| F|  |TAMS 0x0000000713800000, 0x0000000713800000| Untracked 
| 148|0x0000000713a00000, 0x0000000713a00000, 0x0000000713c00000|  0%| F|  |TAMS 0x0000000713a00000, 0x0000000713a00000| Untracked 
| 149|0x0000000713c00000, 0x0000000713c00800, 0x0000000713e00000|  0%| E|  |TAMS 0x0000000713c00000, 0x0000000713c00000| Complete 
| 150|0x0000000713e00000, 0x0000000714000000, 0x0000000714000000|100%| E|CS|TAMS 0x0000000713e00000, 0x0000000713e00000| Complete 
| 151|0x0000000714000000, 0x0000000714200000, 0x0000000714200000|100%| E|CS|TAMS 0x0000000714000000, 0x0000000714000000| Complete 
| 152|0x0000000714200000, 0x0000000714400000, 0x0000000714400000|100%| E|CS|TAMS 0x0000000714200000, 0x0000000714200000| Complete 
| 153|0x0000000714400000, 0x0000000714600000, 0x0000000714600000|100%| E|CS|TAMS 0x0000000714400000, 0x0000000714400000| Complete 

Card table byte_map: [0x000002027b5e0000,0x000002027bde0000] _byte_map_base: 0x0000020277dd7000

Marking Bits (Prev, Next): (CMBitMap*) 0x00000202788d4780, (CMBitMap*) 0x00000202788d4740
 Prev Bits: [0x000002021b120000, 0x000002021f0d8000)
 Next Bits: [0x0000020217160000, 0x000002021b118000)

Polling page: 0x0000020278660000

Metaspace:

Usage:
  Non-class:     18.69 MB capacity,    18.57 MB (>99%) used,    97.89 KB ( <1%) free+waste,    24.31 KB ( <1%) overhead. 
      Class:      2.27 MB capacity,     2.23 MB ( 98%) used,    34.15 KB (  1%) free+waste,     8.31 KB ( <1%) overhead. 
       Both:     20.96 MB capacity,    20.80 MB (>99%) used,   132.04 KB ( <1%) free+waste,    32.62 KB ( <1%) overhead. 

Virtual space:
  Non-class space:       20.00 MB reserved,      18.75 MB ( 94%) committed 
      Class space:        1.00 GB reserved,       2.38 MB ( <1%) committed 
             Both:        1.02 GB reserved,      21.12 MB (  2%) committed 

Chunk freelists:
   Non-Class:  61.00 KB
       Class:  13.00 KB
        Both:  74.00 KB

MaxMetaspaceSize: 17179869184.00 GB
CompressedClassSpaceSize: 1.00 GB

CodeHeap 'non-profiled nmethods': size=120000Kb used=1258Kb max_used=1258Kb free=118741Kb
 bounds [0x000002020fc30000, 0x000002020fea0000, 0x0000020217160000]
CodeHeap 'profiled nmethods': size=120000Kb used=4766Kb max_used=4766Kb free=115233Kb
 bounds [0x0000020208700000, 0x0000020208bb0000, 0x000002020fc30000]
CodeHeap 'non-nmethods': size=5760Kb used=1423Kb max_used=1440Kb free=4336Kb
 bounds [0x0000020208160000, 0x00000202083d0000, 0x0000020208700000]
 total_blobs=3350 nmethods=2601 adapters=661
 compilation: enabled
              stopped_count=0, restarted_count=0
 full_count=0

Compilation events (20 events):
Event: 2.276 Thread 0x000002027fb2dec0 nmethod 2582 0x000002020fd66610 code [0x000002020fd667a0, 0x000002020fd66858]
Event: 2.278 Thread 0x000002027fb28000 nmethod 2579% 0x000002020fd66910 code [0x000002020fd66ae0, 0x000002020fd66f98]
Event: 2.526 Thread 0x000002027fb28000 2583       4       engine.physics2d.Collisions::detection (144 bytes)
Event: 2.528 Thread 0x000002027fb28000 nmethod 2583 0x000002020fd67390 code [0x000002020fd67520, 0x000002020fd675f8]
Event: 2.529 Thread 0x000002027fb2dec0 2584       3       java.util.concurrent.locks.AbstractQueuedSynchronizer::compareAndSetState (13 bytes)
Event: 2.529 Thread 0x000002027fb2dec0 nmethod 2584 0x0000020208ba4f90 code [0x0000020208ba5120, 0x0000020208ba5238]
Event: 2.780 Thread 0x000002027fb2dec0 2585       3       java.util.concurrent.locks.ReentrantLock$NonfairSync::initialTryLock (58 bytes)
Event: 2.780 Thread 0x000002027fb2dec0 nmethod 2585 0x0000020208ba5310 code [0x0000020208ba54e0, 0x0000020208ba58d8]
Event: 2.780 Thread 0x000002027fb2dec0 2586       1       java.awt.Component::getWidth (5 bytes)
Event: 2.780 Thread 0x000002027fb2dec0 nmethod 2586 0x000002020fd67710 code [0x000002020fd678a0, 0x000002020fd67958]
Event: 2.780 Thread 0x000002027fb2dec0 2587       1       java.awt.Component::getHeight (5 bytes)
Event: 2.780 Thread 0x000002027fb2dec0 nmethod 2587 0x000002020fd67a10 code [0x000002020fd67ba0, 0x000002020fd67c58]
Event: 2.780 Thread 0x000002027fb2dec0 2588       1       sun.java2d.SurfaceData::isValid (5 bytes)
Event: 2.780 Thread 0x000002027fb2dec0 nmethod 2588 0x000002020fd67d10 code [0x000002020fd67ea0, 0x000002020fd67f58]
Event: 2.781 Thread 0x000002027fb2dec0 2589       3       engine.physics2d.Vector::<init> (11 bytes)
Event: 2.781 Thread 0x000002027fb2dec0 nmethod 2589 0x0000020208ba5a10 code [0x0000020208ba5bc0, 0x0000020208ba5d98]
Event: 2.781 Thread 0x000002027fb28000 2590       4       engine.physics2d.Collisions::detection (144 bytes)
Event: 2.784 Thread 0x000002027fb28000 nmethod 2590 0x000002020fd68010 code [0x000002020fd681e0, 0x000002020fd68618]
Event: 2.938 Thread 0x000002027fb2dec0 2591       3       sun.awt.AWTAutoShutdown::getInstance (4 bytes)
Event: 2.938 Thread 0x000002027fb2dec0 nmethod 2591 0x0000020208ba5e90 code [0x0000020208ba6020, 0x0000020208ba6118]

GC Heap History (10 events):
Event: 0.323 GC heap before
{Heap before GC invocations=0 (full 0):
 garbage-first heap   total 262144K, used 28672K [0x0000000701200000, 0x0000000800000000)
  region size 2048K, 11 young (22528K), 0 survivors (0K)
 Metaspace       used 4687K, capacity 4854K, committed 4992K, reserved 1056768K
  class space    used 515K, capacity 574K, committed 640K, reserved 1048576K
}
Event: 0.328 GC heap after
{Heap after GC invocations=1 (full 0):
 garbage-first heap   total 262144K, used 12050K [0x0000000701200000, 0x0000000800000000)
  region size 2048K, 2 young (4096K), 2 survivors (4096K)
 Metaspace       used 4687K, capacity 4854K, committed 4992K, reserved 1056768K
  class space    used 515K, capacity 574K, committed 640K, reserved 1048576K
}
Event: 0.446 GC heap before
{Heap before GC invocations=1 (full 0):
 garbage-first heap   total 262144K, used 38674K [0x0000000701200000, 0x0000000800000000)
  region size 2048K, 12 young (24576K), 2 survivors (4096K)
 Metaspace       used 7700K, capacity 7854K, committed 8064K, reserved 1056768K
  class space    used 799K, capacity 865K, committed 896K, reserved 1048576K
}
Event: 0.449 GC heap after
{Heap after GC invocations=2 (full 0):
 garbage-first heap   total 262144K, used 13688K [0x0000000701200000, 0x0000000800000000)
  region size 2048K, 2 young (4096K), 2 survivors (4096K)
 Metaspace       used 7700K, capacity 7854K, committed 8064K, reserved 1056768K
  class space    used 799K, capacity 865K, committed 896K, reserved 1048576K
}
Event: 0.550 GC heap before
{Heap before GC invocations=2 (full 0):
 garbage-first heap   total 262144K, used 54648K [0x0000000701200000, 0x0000000800000000)
  region size 2048K, 19 young (38912K), 2 survivors (4096K)
 Metaspace       used 10516K, capacity 10708K, committed 11008K, reserved 1058816K
  class space    used 1095K, capacity 1155K, committed 1280K, reserved 1048576K
}
Event: 0.552 GC heap after
{Heap after GC invocations=3 (full 0):
 garbage-first heap   total 262144K, used 25098K [0x0000000701200000, 0x0000000800000000)
  region size 2048K, 3 young (6144K), 3 survivors (6144K)
 Metaspace       used 10516K, capacity 10708K, committed 11008K, reserved 1058816K
  class space    used 1095K, capacity 1155K, committed 1280K, reserved 1048576K
}
Event: 1.117 GC heap before
{Heap before GC invocations=3 (full 0):
 garbage-first heap   total 262144K, used 221706K [0x0000000701200000, 0x0000000800000000)
  region size 2048K, 58 young (118784K), 3 survivors (6144K)
 Metaspace       used 19006K, capacity 19184K, committed 19328K, reserved 1067008K
  class space    used 1993K, capacity 2057K, committed 2176K, reserved 1048576K
}
Event: 1.123 GC heap after
{Heap after GC invocations=4 (full 0):
 garbage-first heap   total 262144K, used 76387K [0x0000000701200000, 0x0000000800000000)
  region size 2048K, 8 young (16384K), 8 survivors (16384K)
 Metaspace       used 19006K, capacity 19184K, committed 19328K, reserved 1067008K
  class space    used 1993K, capacity 2057K, committed 2176K, reserved 1048576K
}
Event: 1.245 GC heap before
{Heap before GC invocations=5 (full 0):
 garbage-first heap   total 262144K, used 123491K [0x0000000701200000, 0x0000000800000000)
  region size 2048K, 9 young (18432K), 8 survivors (16384K)
 Metaspace       used 19408K, capacity 19632K, committed 19840K, reserved 1067008K
  class space    used 2037K, capacity 2121K, committed 2176K, reserved 1048576K
}
Event: 1.267 GC heap after
{Heap after GC invocations=6 (full 0):
 garbage-first heap   total 315392K, used 73213K [0x0000000701200000, 0x0000000800000000)
  region size 2048K, 1 young (2048K), 1 survivors (2048K)
 Metaspace       used 19408K, capacity 19632K, committed 19840K, reserved 1067008K
  class space    used 2037K, capacity 2121K, committed 2176K, reserved 1048576K
}

Deoptimization events (20 events):
Event: 2.780 Thread 0x000002021fbc6c40 Uncommon trap: trap_request=0xffffffbe fr.pc=0x000002020fd67580 relative=0x0000000000000060
Event: 2.780 Thread 0x000002021fbc6c40 Uncommon trap: reason=profile_predicate action=maybe_recompile pc=0x000002020fd67580 method=engine.physics2d.Collisions.detection(Ljava/util/List;)V @ 9 c2
Event: 2.780 Thread 0x000002021fbc6c40 DEOPT PACKING pc=0x000002020fd67580 sp=0x0000001e1f1ff4e0
Event: 2.780 Thread 0x000002021fbc6c40 DEOPT UNPACKING pc=0x00000202081ae42f sp=0x0000001e1f1ff460 mode 2
Event: 2.780 Thread 0x000002021fbc6c40 Uncommon trap: trap_request=0xffffffbe fr.pc=0x000002020fd67580 relative=0x0000000000000060
Event: 2.781 Thread 0x000002021fbc6c40 Uncommon trap: reason=profile_predicate action=maybe_recompile pc=0x000002020fd67580 method=engine.physics2d.Collisions.detection(Ljava/util/List;)V @ 9 c2
Event: 2.781 Thread 0x000002021fbc6c40 DEOPT PACKING pc=0x000002020fd67580 sp=0x0000001e1f1ff4e0
Event: 2.781 Thread 0x000002021fbc6c40 DEOPT UNPACKING pc=0x00000202081ae42f sp=0x0000001e1f1ff460 mode 2
Event: 2.781 Thread 0x000002021fbc6c40 Uncommon trap: trap_request=0xffffffbe fr.pc=0x000002020fd67580 relative=0x0000000000000060
Event: 2.781 Thread 0x000002021fbc6c40 Uncommon trap: reason=profile_predicate action=maybe_recompile pc=0x000002020fd67580 method=engine.physics2d.Collisions.detection(Ljava/util/List;)V @ 9 c2
Event: 2.781 Thread 0x000002021fbc6c40 DEOPT PACKING pc=0x000002020fd67580 sp=0x0000001e1f1ff4e0
Event: 2.781 Thread 0x000002021fbc6c40 DEOPT UNPACKING pc=0x00000202081ae42f sp=0x0000001e1f1ff460 mode 2
Event: 2.938 Thread 0x000002021fbd8540 Uncommon trap: trap_request=0xffffffc6 fr.pc=0x000002020fd2d234 relative=0x00000000000003f4
Event: 2.938 Thread 0x000002021fbd8540 Uncommon trap: reason=bimorphic_or_optimized_type_check action=maybe_recompile pc=0x000002020fd2d234 method=java.util.HashMap.getNode(Ljava/lang/Object;)Ljava/util/HashMap$Node; @ 128 c2
Event: 2.938 Thread 0x000002021fbd8540 DEOPT PACKING pc=0x000002020fd2d234 sp=0x0000001e206fdd50
Event: 2.938 Thread 0x000002021fbd8540 DEOPT UNPACKING pc=0x00000202081ae42f sp=0x0000001e206fdc58 mode 2
Event: 2.939 Thread 0x000002021fbd8540 Uncommon trap: trap_request=0xffffffc6 fr.pc=0x000002020fd2d234 relative=0x00000000000003f4
Event: 2.939 Thread 0x000002021fbd8540 Uncommon trap: reason=bimorphic_or_optimized_type_check action=maybe_recompile pc=0x000002020fd2d234 method=java.util.HashMap.getNode(Ljava/lang/Object;)Ljava/util/HashMap$Node; @ 128 c2
Event: 2.939 Thread 0x000002021fbd8540 DEOPT PACKING pc=0x000002020fd2d234 sp=0x0000001e206fdda0
Event: 2.939 Thread 0x000002021fbd8540 DEOPT UNPACKING pc=0x00000202081ae42f sp=0x0000001e206fdca8 mode 2

Classes unloaded (0 events):
No events

Classes redefined (0 events):
No events

Internal exceptions (20 events):
Event: 0.257 Thread 0x0000020278880230 Exception <a 'java/lang/NoSuchMethodError'{0x0000000710980348}: 'java.lang.Object java.lang.invoke.DirectMethodHandle$Holder.invokeStatic(java.lang.Object, int, java.lang.Object, java.lang.Object, java.lang.Object, java.lang.Object)'> (0x0000000710980348) 
thrown [./open/src/hotspot/share/interpreter/linkResolver.cpp, line 782]
Event: 0.259 Thread 0x0000020278880230 Exception <a 'java/lang/NoSuchMethodError'{0x00000007109a65f0}: 'java.lang.Object java.lang.invoke.DirectMethodHandle$Holder.invokeStatic(java.lang.Object, int, java.lang.Object)'> (0x00000007109a65f0) 
thrown [./open/src/hotspot/share/interpreter/linkResolver.cpp, line 782]
Event: 0.271 Thread 0x0000020278880230 Exception <a 'java/lang/ClassNotFoundException'{0x000000071065ea68}: com/sun/swing/internal/plaf/metal/resources/spi/metalProvider> (0x000000071065ea68) 
thrown [./open/src/hotspot/share/classfile/systemDictionary.cpp, line 295]
Event: 0.272 Thread 0x0000020278880230 Exception <a 'java/lang/ClassNotFoundException'{0x0000000710662e98}: com/sun/swing/internal/plaf/basic/resources/spi/basicProvider> (0x0000000710662e98) 
thrown [./open/src/hotspot/share/classfile/systemDictionary.cpp, line 295]
Event: 0.355 Thread 0x000002021fbb0940 Exception <a 'java/lang/NoSuchMethodError'{0x000000071086ed88}: 'void java.lang.invoke.DirectMethodHandle$Holder.invokeStatic(java.lang.Object, java.lang.Object)'> (0x000000071086ed88) 
thrown [./open/src/hotspot/share/interpreter/linkResolver.cpp, line 782]
Event: 0.355 Thread 0x000002021fbb0940 Exception <a 'java/lang/NoSuchMethodError'{0x0000000710872790}: 'void java.lang.invoke.DirectMethodHandle$Holder.invokeStaticInit(java.lang.Object, java.lang.Object)'> (0x0000000710872790) 
thrown [./open/src/hotspot/share/interpreter/linkResolver.cpp, line 782]
Event: 0.374 Thread 0x000002021fbb0940 Implicit null exception at 0x000002020fc5a5f5 to 0x000002020fc5a6d0
Event: 0.531 Thread 0x000002021fbb0940 Exception <a 'java/lang/NoSuchMethodError'{0x000000070f0cfdb8}: 'java.lang.Object java.lang.invoke.DirectMethodHandle$Holder.invokeStaticInit(java.lang.Object, int, int, int, int)'> (0x000000070f0cfdb8) 
thrown [./open/src/hotspot/share/interpreter/linkResolver.cpp, line 782]
Event: 0.553 Thread 0x000002021fbb0940 Exception <a 'java/lang/NoSuchMethodError'{0x0000000711011678}: 'java.lang.Object java.lang.invoke.DirectMethodHandle$Holder.invokeStaticInit(java.lang.Object, java.lang.Object, int, int, int, int)'> (0x0000000711011678) 
thrown [./open/src/hotspot/share/interpreter/linkResolver.cpp, line 782]
Event: 0.688 Thread 0x000002021fbb0940 Implicit null exception at 0x000002020fc74353 to 0x000002020fc74eb4
Event: 0.958 Thread 0x000002021fbb0940 Exception <a 'java/lang/NoSuchMethodError'{0x000000070add1a50}: 'void java.lang.invoke.DirectMethodHandle$Holder.invokeStaticInit(java.lang.Object)'> (0x000000070add1a50) 
thrown [./open/src/hotspot/share/interpreter/linkResolver.cpp, line 782]
Event: 1.017 Thread 0x000002021fbb0940 Implicit null exception at 0x000002020fd2a92c to 0x000002020fd2aa4c
Event: 1.017 Thread 0x000002021fbb0940 Implicit null exception at 0x000002020fd29d76 to 0x000002020fd29e38
Event: 1.017 Thread 0x000002021fbb0940 Implicit null exception at 0x000002020fd2a306 to 0x000002020fd2a3f4
Event: 1.017 Thread 0x000002021fbb0940 Implicit null exception at 0x000002020fd2b234 to 0x000002020fd2b2e0
Event: 1.098 Thread 0x000002021fbb0940 Implicit null exception at 0x000002020fd436f6 to 0x000002020fd43a0c
Event: 1.098 Thread 0x000002021fbb0940 Implicit null exception at 0x000002020fd4483c to 0x000002020fd44f80
Event: 1.099 Thread 0x000002021fbb0940 Implicit null exception at 0x000002020fd460e2 to 0x000002020fd46a7c
Event: 1.099 Thread 0x000002021fbb0940 Implicit null exception at 0x000002020fd47de4 to 0x000002020fd484b8
Event: 1.709 Thread 0x000002021fbc6c40 Exception <a 'java/lang/NoSuchMethodError'{0x00000007142298e0}: 'void java.lang.invoke.DirectMethodHandle$Holder.invokeStatic(java.lang.Object, java.lang.Object, java.lang.Object)'> (0x00000007142298e0) 
thrown [./open/src/hotspot/share/interpreter/linkResolver.cpp, line 782]

Events (20 events):
Event: 1.464 loading class javax/swing/Scrollable done
Event: 1.464 loading class javax/swing/text/JTextComponent done
Event: 1.480 loading class java/awt/event/MouseWheelEvent
Event: 1.480 loading class java/awt/event/MouseWheelEvent done
Event: 1.706 loading class java/applet/Applet
Event: 1.706 loading class java/awt/Panel
Event: 1.706 loading class java/awt/Panel done
Event: 1.706 loading class java/applet/Applet done
Event: 2.429 Executing VM operation: HandshakeAllThreads
Event: 2.429 Executing VM operation: HandshakeAllThreads done
Event: 2.938 loading class sun/awt/DebugSettings
Event: 2.938 loading class sun/awt/DebugSettings done
Event: 2.939 loading class javax/swing/JComponent$KeyboardState
Event: 2.939 loading class javax/swing/JComponent$KeyboardState done
Event: 2.939 loading class javax/swing/JComponent$IntVector
Event: 2.939 loading class javax/swing/JComponent$IntVector done
Event: 2.939 loading class java/awt/KeyboardFocusManager$2
Event: 2.939 loading class java/awt/KeyboardFocusManager$2 done
Event: 2.939 loading class sun/awt/SunToolkit$1
Event: 2.939 loading class sun/awt/SunToolkit$1 done


Dynamic libraries:
0x00007ff614ca0000 - 0x00007ff614caf000 	C:\Program Files\Java\jdk-15.0.2\bin\java.exe
0x00007ffaf02f0000 - 0x00007ffaf04e6000 	C:\Windows\SYSTEM32\ntdll.dll
0x00007ffaee760000 - 0x00007ffaee81d000 	C:\Windows\System32\KERNEL32.DLL
0x00007ffaedd60000 - 0x00007ffaee029000 	C:\Windows\System32\KERNELBASE.dll
0x00007ffaee140000 - 0x00007ffaee240000 	C:\Windows\System32\ucrtbase.dll
0x00007ffae8c40000 - 0x00007ffae8c58000 	C:\Program Files\Java\jdk-15.0.2\bin\jli.dll
0x00007ffaab510000 - 0x00007ffaab529000 	C:\Program Files\Java\jdk-15.0.2\bin\VCRUNTIME140.dll
0x00007ffaeef80000 - 0x00007ffaef02c000 	C:\Windows\System32\ADVAPI32.dll
0x00007ffaee400000 - 0x00007ffaee49e000 	C:\Windows\System32\msvcrt.dll
0x00007ffaef030000 - 0x00007ffaef0cc000 	C:\Windows\System32\sechost.dll
0x00007ffaef8c0000 - 0x00007ffaef9eb000 	C:\Windows\System32\RPCRT4.dll
0x00007ffaef480000 - 0x00007ffaef620000 	C:\Windows\System32\USER32.dll
0x00007ffaee0b0000 - 0x00007ffaee0d2000 	C:\Windows\System32\win32u.dll
0x00007ffad8870000 - 0x00007ffad8b0b000 	C:\Windows\WinSxS\amd64_microsoft.windows.common-controls_6595b64144ccf1df_6.0.19041.746_none_ca02b4b61b8320a4\COMCTL32.dll
0x00007ffaef0e0000 - 0x00007ffaef10a000 	C:\Windows\System32\GDI32.dll
0x00007ffaee240000 - 0x00007ffaee34b000 	C:\Windows\System32\gdi32full.dll
0x00007ffaedb90000 - 0x00007ffaedc2d000 	C:\Windows\System32\msvcp_win.dll
0x00007ffae8c10000 - 0x00007ffae8c1a000 	C:\Windows\SYSTEM32\VERSION.dll
0x00007ffaef190000 - 0x00007ffaef1c0000 	C:\Windows\System32\IMM32.DLL
0x00007ffacbaf0000 - 0x00007ffacbafc000 	C:\Program Files\Java\jdk-15.0.2\bin\vcruntime140_1.dll
0x00007ffaab0d0000 - 0x00007ffaab161000 	C:\Program Files\Java\jdk-15.0.2\bin\msvcp140.dll
0x00007ffaaa570000 - 0x00007ffaab0ce000 	C:\Program Files\Java\jdk-15.0.2\bin\server\jvm.dll
0x00007ffaee820000 - 0x00007ffaee828000 	C:\Windows\System32\PSAPI.DLL
0x00007ffac5920000 - 0x00007ffac5929000 	C:\Windows\SYSTEM32\WSOCK32.dll
0x00007ffae2730000 - 0x00007ffae2757000 	C:\Windows\SYSTEM32\WINMM.dll
0x00007ffaef620000 - 0x00007ffaef68b000 	C:\Windows\System32\WS2_32.dll
0x00007ffaeb9a0000 - 0x00007ffaeb9b2000 	C:\Windows\SYSTEM32\kernel.appcore.dll
0x00007ffabc9f0000 - 0x00007ffabc9fa000 	C:\Program Files\Java\jdk-15.0.2\bin\jimage.dll
0x00007ffad8f10000 - 0x00007ffad90f4000 	C:\Windows\SYSTEM32\DBGHELP.DLL
0x00007ffad8ee0000 - 0x00007ffad8f0c000 	C:\Windows\SYSTEM32\dbgcore.DLL
0x00007ffaee030000 - 0x00007ffaee0b0000 	C:\Windows\System32\bcryptPrimitives.dll
0x00007ffaab170000 - 0x00007ffaab195000 	C:\Program Files\Java\jdk-15.0.2\bin\java.dll
0x00007ffaee830000 - 0x00007ffaeef72000 	C:\Windows\System32\SHELL32.dll
0x00007ffaebba0000 - 0x00007ffaec330000 	C:\Windows\SYSTEM32\windows.storage.dll
0x00007ffaef9f0000 - 0x00007ffaefd46000 	C:\Windows\System32\combase.dll
0x00007ffaed490000 - 0x00007ffaed4bc000 	C:\Windows\SYSTEM32\Wldp.dll
0x00007ffaee350000 - 0x00007ffaee3fe000 	C:\Windows\System32\SHCORE.dll
0x00007ffaef130000 - 0x00007ffaef185000 	C:\Windows\System32\shlwapi.dll
0x00007ffaed960000 - 0x00007ffaed986000 	C:\Windows\SYSTEM32\profapi.dll
0x00007ffaab6a0000 - 0x00007ffaab6b9000 	C:\Program Files\Java\jdk-15.0.2\bin\net.dll
0x00007ffae3d70000 - 0x00007ffae3e70000 	C:\Windows\SYSTEM32\WINHTTP.dll
0x00007ffaed210000 - 0x00007ffaed27a000 	C:\Windows\system32\mswsock.dll
0x00007ffaab680000 - 0x00007ffaab692000 	C:\Program Files\Java\jdk-15.0.2\bin\nio.dll
0x00007ffaab660000 - 0x00007ffaab678000 	C:\Program Files\Java\jdk-15.0.2\bin\zip.dll
0x00007ffad4240000 - 0x00007ffad43c0000 	C:\Program Files\Java\jdk-15.0.2\bin\awt.dll
0x00007ffaee4a0000 - 0x00007ffaee56d000 	C:\Windows\System32\OLEAUT32.dll
0x00007ffaeb3e0000 - 0x00007ffaeb470000 	C:\Windows\SYSTEM32\apphelp.dll
0x00007ffaeb6b0000 - 0x00007ffaeb6df000 	C:\Windows\system32\DWMAPI.DLL
0x00007ffaeb4c0000 - 0x00007ffaeb55e000 	C:\Windows\system32\uxtheme.dll
0x00007ffad2800000 - 0x00007ffad2925000 	C:\Windows\system32\opengl32.dll
0x00007ffae5a50000 - 0x00007ffae5a7c000 	C:\Windows\SYSTEM32\GLU32.dll
0x00007ffaef1c0000 - 0x00007ffaef2d5000 	C:\Windows\System32\MSCTF.dll
0x00007ffaef350000 - 0x00007ffaef47a000 	C:\Windows\System32\ole32.dll
0x00007ffaed610000 - 0x00007ffaed622000 	C:\Windows\SYSTEM32\msasn1.dll
0x00007ffae8bd0000 - 0x00007ffae8c01000 	C:\Windows\SYSTEM32\cryptnet.dll
0x00007ffaeda30000 - 0x00007ffaedb86000 	C:\Windows\System32\CRYPT32.dll
0x00007ffaed400000 - 0x00007ffaed40c000 	C:\Windows\SYSTEM32\cryptbase.dll
0x00007ffaee0e0000 - 0x00007ffaee140000 	C:\Windows\System32\WINTRUST.DLL
0x00007ffaef110000 - 0x00007ffaef12d000 	C:\Windows\System32\imagehlp.dll
0x00007ffaed3e0000 - 0x00007ffaed3f8000 	C:\Windows\SYSTEM32\CRYPTSP.dll
0x00007ffaecb40000 - 0x00007ffaecb74000 	C:\Windows\system32\rsaenh.dll
0x00007ffaedd30000 - 0x00007ffaedd57000 	C:\Windows\System32\bcrypt.dll
0x00007ffaec340000 - 0x00007ffaec363000 	C:\Windows\SYSTEM32\gpapi.dll
0x00007ffae60e0000 - 0x00007ffae611b000 	C:\Windows\SYSTEM32\dxcore.dll
0x00007ffaedc30000 - 0x00007ffaedc7e000 	C:\Windows\System32\cfgmgr32.dll
0x00007ffada8c0000 - 0x00007ffada8ed000 	C:\Program Files\Java\jdk-15.0.2\bin\javajpeg.dll
0x00007ffada850000 - 0x00007ffada88f000 	C:\Program Files\Java\jdk-15.0.2\bin\lcms.dll
0x00007ffaed920000 - 0x00007ffaed94e000 	C:\Windows\SYSTEM32\USERENV.dll
0x00007ffaeceb0000 - 0x00007ffaeceeb000 	C:\Windows\SYSTEM32\IPHLPAPI.DLL
0x00007ffaef340000 - 0x00007ffaef348000 	C:\Windows\System32\NSI.dll
0x00007ffae8b40000 - 0x00007ffae8b57000 	C:\Windows\SYSTEM32\dhcpcsvc6.DLL
0x00007ffae4de0000 - 0x00007ffae4dfd000 	C:\Windows\SYSTEM32\dhcpcsvc.DLL
0x00007ffaecf00000 - 0x00007ffaecfcb000 	C:\Windows\SYSTEM32\DNSAPI.dll
0x00007ffad41b0000 - 0x00007ffad4235000 	C:\Program Files\Java\jdk-15.0.2\bin\freetype.dll
0x00007ffad2750000 - 0x00007ffad27f9000 	C:\Program Files\Java\jdk-15.0.2\bin\fontmanager.dll
0x00007ffada810000 - 0x00007ffada84d000 	C:\Users\amaur\AppData\Local\Temp\JOCL_2_0_2-windows-x86_64.dll
0x00007ffad29a0000 - 0x00007ffad2a11000 	C:\Windows\SYSTEM32\OpenCL.dll
0x00007ffa9e330000 - 0x00007ffaa0914000 	C:\Windows\System32\DriverStore\FileRepository\nvmd.inf_amd64_1408eaf9a25ed64f\nvopencl64.dll
0x00007ffadf770000 - 0x00007ffadfe46000 	C:\Windows\SYSTEM32\nvapi64.dll
0x00007ffaefdb0000 - 0x00007ffaf0217000 	C:\Windows\System32\SETUPAPI.DLL
0x00007ffae01e0000 - 0x00007ffae02db000 	C:\Windows\SYSTEM32\textinputframework.dll
0x00007ffaeaad0000 - 0x00007ffaeae2e000 	C:\Windows\System32\CoreUIComponents.dll
0x00007ffaeb1b0000 - 0x00007ffaeb2a2000 	C:\Windows\System32\CoreMessaging.dll
0x00007ffaec770000 - 0x00007ffaec7a3000 	C:\Windows\SYSTEM32\ntmarta.dll
0x00007ffae99c0000 - 0x00007ffae9b14000 	C:\Windows\SYSTEM32\wintypes.dll

dbghelp: loaded successfully - version: 4.0.5 - missing functions: none
symbol engine: initialized successfully - sym options: 0x614 - pdb path: .;C:\Program Files\Java\jdk-15.0.2\bin;C:\Windows\SYSTEM32;C:\Windows\WinSxS\amd64_microsoft.windows.common-controls_6595b64144ccf1df_6.0.19041.746_none_ca02b4b61b8320a4;C:\Program Files\Java\jdk-15.0.2\bin\server;C:\Windows\System32\DriverStore\FileRepository\nvmd.inf_amd64_1408eaf9a25ed64f;C:\Users\amaur\AppData\Local\Temp

VM Arguments:
java_command: Launcher
java_class_path (initial): C:\Users\amaur\Desktop\roguelike-proto\lib\runtime\scala-compiler-2.12.2.jar;C:\Users\amaur\Desktop\roguelike-proto\lib\runtime\scala-library-2.12.2.jar;C:\Users\amaur\Desktop\roguelike-proto\lib\runtime\scala-reflect-2.12.2.jar;C:\Users\amaur\Desktop\roguelike-proto\bin;C:\Users\amaur\Desktop\roguelike-proto\lib\third-party\aspose\aspose-psd-20.9-jdk16.jar;C:\Users\amaur\Desktop\roguelike-proto\lib\third-party\jocl\jocl-2.0.2.jar;C:\Users\amaur\Desktop\roguelike-proto\lib\third-party\jxinput\jxinput-0.3.4.jar
Launcher Type: SUN_STANDARD

[Global flags]
     intx CICompilerCount                          = 4                                         {product} {ergonomic}
     uint ConcGCThreads                            = 3                                         {product} {ergonomic}
     uint G1ConcRefinementThreads                  = 10                                        {product} {ergonomic}
   size_t G1HeapRegionSize                         = 2097152                                   {product} {ergonomic}
    uintx GCDrainStackTargetSize                   = 64                                        {product} {ergonomic}
   size_t InitialHeapSize                          = 268435456                                 {product} {ergonomic}
   size_t MarkStackSize                            = 4194304                                   {product} {ergonomic}
   size_t MaxHeapSize                              = 4276092928                                {product} {ergonomic}
   size_t MaxNewSize                               = 2564816896                                {product} {ergonomic}
   size_t MinHeapDeltaBytes                        = 2097152                                   {product} {ergonomic}
   size_t MinHeapSize                              = 8388608                                   {product} {ergonomic}
    uintx NonNMethodCodeHeapSize                   = 5839372                                {pd product} {ergonomic}
    uintx NonProfiledCodeHeapSize                  = 122909434                              {pd product} {ergonomic}
    uintx ProfiledCodeHeapSize                     = 122909434                              {pd product} {ergonomic}
    uintx ReservedCodeCacheSize                    = 251658240                              {pd product} {ergonomic}
     bool SegmentedCodeCache                       = true                                      {product} {ergonomic}
   size_t SoftMaxHeapSize                          = 4276092928                             {manageable} {ergonomic}
     bool UseCompressedClassPointers               = true                                 {lp64_product} {ergonomic}
     bool UseCompressedOops                        = true                                 {lp64_product} {ergonomic}
     bool UseG1GC                                  = true                                      {product} {ergonomic}
     bool UseLargePagesIndividualAllocation        = false                                  {pd product} {ergonomic}

Logging:
Log output configuration:
 #0: stdout all=warning uptime,level,tags
 #1: stderr all=off uptime,level,tags

Environment Variables:
JAVA_HOME=C:/Program Files/Java/jdk-15.0.2
PATH=C:\Program Files\Git\mingw64\bin;C:\Program Files\Git\usr\bin;C:\Users\amaur\bin;C:\Python39\Scripts;C:\Python39;C:\Program Files\Common Files\Oracle\Java\javapath;C:\Program Files (x86)\Common Files\Oracle\Java\javapath;C:\Windows\system32;C:\Windows;C:\Windows\System32\Wbem;C:\Windows\System32\WindowsPowerShell\v1.0;C:\Windows\System32\OpenSSH;C:\Program Files\nodejs;C:\ProgramData\chocolatey\bin;C:\Program Files\Java\jdk-15.0.2\bin;C:\Program Files\Ant\apache-ant-1.10.9\bin;C:\Users\amaur\AppData\Local\Microsoft\WindowsApps;C:\Users\amaur\AppData\Local\Programs\Microsoft VS Code\bin;C:\Users\amaur\AppData\Roaming\npm
USERNAME=amaur
LANG=en_GB.UTF-8
OS=Windows_NT
PROCESSOR_IDENTIFIER=AMD64 Family 23 Model 113 Stepping 0, AuthenticAMD



---------------  S Y S T E M  ---------------

OS:
 Windows 10 , 64 bit Build 19041 (10.0.19041.804)
OS uptime: 0 days 8:31 hours

CPU: total 12 (initial active 12) (12 cores per cpu, 2 threads per core) family 23 model 113 stepping 0 microcode 0x0, cmov, cx8, fxsr, mmx, sse, sse2, sse3, ssse3, sse4.1, sse4.2, popcnt, vzeroupper, avx, avx2, aes, clmul, 3dnowpref, lzcnt, sse4a, ht, tsc, tscinvbit, tscinv, bmi1, bmi2, adx, sha, fma, clflush, clflushopt

Memory: 4k page, system-wide physical 16311M (9840M free)
TotalPageFile size 18743M (AvailPageFile size 8852M)
current process WorkingSet (physical memory assigned to process): 423M, peak: 443M
current process commit charge ("private bytes"): 863M, peak: 902M

vm_info: Java HotSpot(TM) 64-Bit Server VM (15.0.2+7-27) for windows-amd64 JRE (15.0.2+7-27), built on Dec  7 2020 20:07:01 by "mach5one" with unknown MS VC++:1925

END.
