#
# A fatal error has been detected by the Java Runtime Environment:
#
#  EXCEPTION_ACCESS_VIOLATION (0xc0000005) at pc=0x0000000000000000, pid=2760, tid=12188
#
# JRE version: Java(TM) SE Runtime Environment (15.0.2+7) (build 15.0.2+7-27)
# Java VM: Java HotSpot(TM) 64-Bit Server VM (15.0.2+7-27, mixed mode, sharing, tiered, compressed oops, g1 gc, windows-amd64)
# Problematic frame:
# C  0x0000000000000000
#
# No core dump will be written. Minidumps are not enabled by default on client versions of Windows
#
# If you would like to submit a bug report, please visit:
#   https://bugreport.java.com/bugreport/crash.jsp
# The crash happened outside the Java Virtual Machine in native code.
# See problematic frame for where to report the bug.
#

---------------  S U M M A R Y ------------

Command Line: Launcher

Host: AMD Ryzen 5 3600 6-Core Processor              , 12 cores, 15G,  Windows 10 , 64 bit Build 19041 (10.0.19041.804)
Time: Tue Feb 16 01:01:54 2021 Romance Standard Time elapsed time: 2.881461 seconds (0d 0h 0m 2s)

---------------  T H R E A D  ---------------

Current thread (0x000002189e2a1690):  JavaThread "game_loop_thread" daemon [_thread_in_native, id=12188, stack(0x000000e176100000,0x000000e176200000)]

Stack: [0x000000e176100000,0x000000e176200000],  sp=0x000000e1761feb88,  free space=1018k
Native frames: (J=compiled Java code, j=interpreted, Vv=VM code, C=native code)

Java frames: (J=compiled Java code, j=interpreted, Vv=VM code)
J 2579  org.jocl.CL.clCreateImageNative(Lorg/jocl/cl_context;JLorg/jocl/cl_image_format;Lorg/jocl/cl_image_desc;Lorg/jocl/Pointer;[I)Lorg/jocl/cl_mem; (0 bytes) @ 0x000002188fd6530c [0x000002188fd65240+0x00000000000000cc]
J 2578 c1 org.jocl.CL.clCreateImage(Lorg/jocl/cl_context;JLorg/jocl/cl_image_format;Lorg/jocl/cl_image_desc;Lorg/jocl/Pointer;[I)Lorg/jocl/cl_mem; (47 bytes) @ 0x0000021888b9fa94 [0x0000021888b9f900+0x0000000000000194]
J 2588 c1 engine.render2d.OpenCL.XXX(Ljava/awt/image/BufferedImage;Ljava/awt/image/BufferedImage;FF)V (312 bytes) @ 0x0000021888ba34b4 [0x0000021888ba3040+0x0000000000000474]
j  engine.scene.Scene.CL_render()V+89
j  engine.stage.Stage.run()V+134
j  java.lang.Thread.run()V+11 java.base@15.0.2
v  ~StubRoutines::call_stub

siginfo: EXCEPTION_ACCESS_VIOLATION (0xc0000005), data execution prevention violation at address 0x0000000000000000


Register to memory mapping:

RIP=0x0 is NULL
RAX=0x000000e1761febc0 is pointing into the stack for thread: 0x000002189e2a1690
RBX=0x000002189e2a19b8 points into unknown readable memory: 0x00007ffaaaf6de40 | 40 de f6 aa fa 7f 00 00
RCX=0x00000218a61ca7f0 points into unknown readable memory: 0x00000218ffd2f230 | 30 f2 d2 ff 18 02 00 00
RDX=0x0000000000000002 is an unknown value
RSP=0x000000e1761feb88 is pointing into the stack for thread: 0x000002189e2a1690
RBP=0x0000000000000002 is an unknown value
RSI=0x000000e1761fec80 is pointing into the stack for thread: 0x000002189e2a1690
RDI=0x00000218a61ca7f0 points into unknown readable memory: 0x00000218ffd2f230 | 30 f2 d2 ff 18 02 00 00
R8 =0x000000e1761febc8 is pointing into the stack for thread: 0x000002189e2a1690
R9 =0x000000e1761febe0 is pointing into the stack for thread: 0x000002189e2a1690
R10=0x000002189db31910 points into unknown readable memory: 0x00000218a6151e60 | 60 1e 15 a6 18 02 00 00
R11=0x0d00000000000028 is an unknown value
R12=0x0 is NULL
R13=0x00000007145f2a80 is an oop: org.jocl.cl_image_desc 
{0x00000007145f2a80} - klass: 'org/jocl/cl_image_desc'
R14=0x000000e1761fecb0 is pointing into the stack for thread: 0x000002189e2a1690
R15=0x000002189e2a1690 is a thread


Registers:
RAX=0x000000e1761febc0, RBX=0x000002189e2a19b8, RCX=0x00000218a61ca7f0, RDX=0x0000000000000002
RSP=0x000000e1761feb88, RBP=0x0000000000000002, RSI=0x000000e1761fec80, RDI=0x00000218a61ca7f0
R8 =0x000000e1761febc8, R9 =0x000000e1761febe0, R10=0x000002189db31910, R11=0x0d00000000000028
R12=0x0000000000000000, R13=0x00000007145f2a80, R14=0x000000e1761fecb0, R15=0x000002189e2a1690
RIP=0x0000000000000000, EFLAGS=0x0000000000010206

Top of Stack: (sp=0x000000e1761feb88)
0x000000e1761feb88:   00007ffada6257a0 0000000000000002
0x000000e1761feb98:   000000e1761fec80 000000e1761fec80
0x000000e1761feba8:   0000000000000002 0000000000000000
0x000000e1761febb8:   000000e1761febc0 0000000000000000
0x000000e1761febc8:   000010da000010b5 00000218a61cbef0
0x000000e1761febd8:   0000000000000000 00000000000010f1
0x000000e1761febe8:   0000000000000780 0000000000000438
0x000000e1761febf8:   0000000000000000 0000000000000000
0x000000e1761fec08:   0000000000000000 0000000000000000
0x000000e1761fec18:   0000000000000000 0000000000000000
0x000000e1761fec28:   00000218a61ca701 0000000000000000
0x000000e1761fec38:   000002188fd653ac 00000007145f2a80
0x000000e1761fec48:   00000007145f2ad0 000000e1761fecc0
0x000000e1761fec58:   00000218a722e8b0 000000e1761fec90
0x000000e1761fec68:   000000e1761fec98 0000000000000000
0x000000e1761fec78:   000000e1761feca8 00000007144052b0 

Instructions: (pc=0x0000000000000000)
0xffffffffffffff00:   


Stack slot to memory mapping:
stack at sp + 0 slots: 0x00007ffada6257a0 JOCL_2_0_2-windows-x86_64.dll
stack at sp + 1 slots: 0x0000000000000002 is an unknown value
stack at sp + 2 slots: 0x000000e1761fec80 is pointing into the stack for thread: 0x000002189e2a1690
stack at sp + 3 slots: 0x000000e1761fec80 is pointing into the stack for thread: 0x000002189e2a1690
stack at sp + 4 slots: 0x0000000000000002 is an unknown value
stack at sp + 5 slots: 0x0 is NULL
stack at sp + 6 slots: 0x000000e1761febc0 is pointing into the stack for thread: 0x000002189e2a1690
stack at sp + 7 slots: 0x0 is NULL


---------------  P R O C E S S  ---------------

Threads class SMR info:
_java_thread_list=0x000002189e288020, length=16, elements={
0x00000218ff9792c0, 0x00000218ff979e90, 0x00000218ff9925b0, 0x00000218ff994f80,
0x00000218ff996e40, 0x00000218ff997cd0, 0x00000218ff99bd70, 0x00000218ff9c4880,
0x00000218ffaf6d10, 0x00000218ffb177b0, 0x00000218ffd2e540, 0x000002189e2a1690,
0x000002189e2a7fc0, 0x00000218a76862b0, 0x00000218a7426250, 0x00000218a7423bd0
}

Java Threads: ( => current thread )
  0x00000218ff9792c0 JavaThread "Reference Handler" daemon [_thread_blocked, id=12824, stack(0x000000e174f00000,0x000000e175000000)]
  0x00000218ff979e90 JavaThread "Finalizer" daemon [_thread_blocked, id=7564, stack(0x000000e175000000,0x000000e175100000)]
  0x00000218ff9925b0 JavaThread "Signal Dispatcher" daemon [_thread_blocked, id=12128, stack(0x000000e175100000,0x000000e175200000)]
  0x00000218ff994f80 JavaThread "Attach Listener" daemon [_thread_blocked, id=8568, stack(0x000000e175200000,0x000000e175300000)]
  0x00000218ff996e40 JavaThread "Service Thread" daemon [_thread_blocked, id=13220, stack(0x000000e175300000,0x000000e175400000)]
  0x00000218ff997cd0 JavaThread "C2 CompilerThread0" daemon [_thread_blocked, id=13196, stack(0x000000e175400000,0x000000e175500000)]
  0x00000218ff99bd70 JavaThread "C1 CompilerThread0" daemon [_thread_blocked, id=3904, stack(0x000000e175500000,0x000000e175600000)]
  0x00000218ff9c4880 JavaThread "Sweeper thread" daemon [_thread_blocked, id=6592, stack(0x000000e175600000,0x000000e175700000)]
  0x00000218ffaf6d10 JavaThread "Notification Thread" daemon [_thread_blocked, id=5320, stack(0x000000e175700000,0x000000e175800000)]
  0x00000218ffb177b0 JavaThread "Common-Cleaner" daemon [_thread_blocked, id=13284, stack(0x000000e175900000,0x000000e175a00000)]
  0x00000218ffd2e540 JavaThread "Java2D Disposer" daemon [_thread_blocked, id=11596, stack(0x000000e175a00000,0x000000e175b00000)]
=>0x000002189e2a1690 JavaThread "game_loop_thread" daemon [_thread_in_native, id=12188, stack(0x000000e176100000,0x000000e176200000)]
  0x000002189e2a7fc0 JavaThread "AWT-Shutdown" [_thread_blocked, id=10104, stack(0x000000e176200000,0x000000e176300000)]
  0x00000218a76862b0 JavaThread "AWT-EventQueue-0" [_thread_blocked, id=1600, stack(0x000000e177500000,0x000000e177600000)]
  0x00000218a7426250 JavaThread "DestroyJavaVM" [_thread_blocked, id=6900, stack(0x000000e174800000,0x000000e174900000)]
  0x00000218a7423bd0 JavaThread "ToolkitShutdown" daemon [_thread_in_native, id=11932, stack(0x000000e176f00000,0x000000e177000000)]

Other Threads:
  0x00000218ff973a20 VMThread "VM Thread" [stack: 0x000000e174e00000,0x000000e174f00000] [id=11144]
  0x00000218ffaef750 WatcherThread [stack: 0x000000e175800000,0x000000e175900000] [id=10092]
  0x00000218f8f31c50 GCTaskThread "GC Thread#0" [stack: 0x000000e174900000,0x000000e174a00000] [id=9728]
  0x000002189dbda2b0 GCTaskThread "GC Thread#1" [stack: 0x000000e176300000,0x000000e176400000] [id=12816]
  0x000002189dbda910 GCTaskThread "GC Thread#2" [stack: 0x000000e176400000,0x000000e176500000] [id=13044]
  0x000002189dbdac40 GCTaskThread "GC Thread#3" [stack: 0x000000e176500000,0x000000e176600000] [id=8132]
  0x000002189dbdaf70 GCTaskThread "GC Thread#4" [stack: 0x000000e176600000,0x000000e176700000] [id=11268]
  0x000002189dbd7940 GCTaskThread "GC Thread#5" [stack: 0x000000e176700000,0x000000e176800000] [id=2688]
  0x000002189dbd8600 GCTaskThread "GC Thread#6" [stack: 0x000000e176800000,0x000000e176900000] [id=4284]
  0x000002189dbd7c70 GCTaskThread "GC Thread#7" [stack: 0x000000e176900000,0x000000e176a00000] [id=9944]
  0x00000218f8f43c80 ConcurrentGCThread "G1 Main Marker" [stack: 0x000000e174a00000,0x000000e174b00000] [id=484]
  0x00000218f8f45010 ConcurrentGCThread "G1 Conc#0" [stack: 0x000000e174b00000,0x000000e174c00000] [id=12292]
  0x000002189dbd8930 ConcurrentGCThread "G1 Conc#1" [stack: 0x000000e175f00000,0x000000e176000000] [id=2164]
  0x000002189dbd92c0 ConcurrentGCThread "G1 Conc#2" [stack: 0x000000e176e00000,0x000000e176f00000] [id=3728]
  0x00000218f8fbd4c0 ConcurrentGCThread "G1 Refine#0" [stack: 0x000000e174c00000,0x000000e174d00000] [id=2220]
  0x00000218a5c81cb0 ConcurrentGCThread "G1 Refine#1" [stack: 0x000000e176a00000,0x000000e176b00000] [id=12956]
  0x00000218a583faf0 ConcurrentGCThread "G1 Refine#2" [stack: 0x000000e176b00000,0x000000e176c00000] [id=11672]
  0x000002189e2bfe30 ConcurrentGCThread "G1 Refine#3" [stack: 0x000000e176c00000,0x000000e176d00000] [id=6104]
  0x000002189e2c0bd0 ConcurrentGCThread "G1 Refine#4" [stack: 0x000000e176d00000,0x000000e176e00000] [id=7028]
  0x00000218f8fbe0c0 ConcurrentGCThread "G1 Young RemSet Sampling" [stack: 0x000000e174d00000,0x000000e174e00000] [id=12480]

Threads with active compile tasks:

VM state: not at safepoint (normal execution)

VM Mutex/Monitor currently owned by a thread: None

Heap address: 0x0000000701200000, size: 4078 MB, Compressed Oops mode: Zero based, Oop shift amount: 3
CDS archive(s) mapped at: [0x0000000800000000-0x0000000800b50000-0x0000000800b50000), size 11862016, SharedBaseAddress: 0x0000000800000000, ArchiveRelocationMode: 0.
Compressed class space mapped at: 0x0000000800b50000-0x0000000840b50000, size: 1073741824
Narrow klass base: 0x0000000800000000, Narrow klass shift: 3, Narrow klass range: 0x100000000

GC Precious Log:
 CPUs: 12 total, 12 available
 Memory: 16311M
 Large Page Support: Disabled
 NUMA Support: Disabled
 Compressed Oops: Enabled (Zero based)
 Heap Region Size: 2M
 Heap Min Capacity: 8M
 Heap Initial Capacity: 256M
 Heap Max Capacity: 4078M
 Pre-touch: Disabled
 Parallel Workers: 10
 Concurrent Workers: 3
 Concurrent Refinement Workers: 10
 Periodic GC: Disabled

Heap:
 garbage-first heap   total 315392K, used 95292K [0x0000000701200000, 0x0000000800000000)
  region size 2048K, 5 young (10240K), 1 survivors (2048K)
 Metaspace       used 21315K, capacity 21494K, committed 21632K, reserved 1069056K
  class space    used 2283K, capacity 2355K, committed 2432K, reserved 1048576K

Heap Regions: E=young(eden), S=young(survivor), O=old, HS=humongous(starts), HC=humongous(continues), CS=collection set, F=free, OA=open archive, CA=closed archive, TAMS=top-at-mark-start (previous, next)
|   0|0x0000000701200000, 0x0000000701400000, 0x0000000701400000|100%|HS|  |TAMS 0x0000000701400000, 0x0000000701200000| Complete 
|   1|0x0000000701400000, 0x0000000701600000, 0x0000000701600000|100%| O|  |TAMS 0x0000000701400000, 0x0000000701400000| Untracked 
|   2|0x0000000701600000, 0x0000000701800000, 0x0000000701800000|100%|HS|  |TAMS 0x0000000701800000, 0x0000000701600000| Complete 
|   3|0x0000000701800000, 0x0000000701a00000, 0x0000000701a00000|100%| O|  |TAMS 0x0000000701895e00, 0x0000000701800000| Untracked 
|   4|0x0000000701a00000, 0x0000000701c00000, 0x0000000701c00000|100%| O|  |TAMS 0x0000000701c00000, 0x0000000701a00000| Untracked 
|   5|0x0000000701c00000, 0x0000000701e00000, 0x0000000701e00000|100%| O|  |TAMS 0x0000000701e00000, 0x0000000701c00000| Untracked 
|   6|0x0000000701e00000, 0x0000000702000000, 0x0000000702000000|100%| O|  |TAMS 0x0000000701e00000, 0x0000000701e00000| Untracked 
|   7|0x0000000702000000, 0x0000000702200000, 0x0000000702200000|100%| O|  |TAMS 0x0000000702200000, 0x0000000702000000| Untracked 
|   8|0x0000000702200000, 0x0000000702400000, 0x0000000702400000|100%| O|  |TAMS 0x0000000702400000, 0x0000000702200000| Untracked 
|   9|0x0000000702400000, 0x0000000702600000, 0x0000000702600000|100%|HS|  |TAMS 0x0000000702400000, 0x0000000702400000| Complete 
|  10|0x0000000702600000, 0x0000000702800000, 0x0000000702800000|100%|HC|  |TAMS 0x0000000702600000, 0x0000000702600000| Complete 
|  11|0x0000000702800000, 0x0000000702a00000, 0x0000000702a00000|100%|HC|  |TAMS 0x0000000702800000, 0x0000000702800000| Complete 
|  12|0x0000000702a00000, 0x0000000702c00000, 0x0000000702c00000|100%|HC|  |TAMS 0x0000000702a00000, 0x0000000702a00000| Complete 
|  13|0x0000000702c00000, 0x0000000702c00000, 0x0000000702e00000|  0%| F|  |TAMS 0x0000000702c00000, 0x0000000702c00000| Untracked 
|  14|0x0000000702e00000, 0x0000000702e00000, 0x0000000703000000|  0%| F|  |TAMS 0x0000000702e00000, 0x0000000702e00000| Untracked 
|  15|0x0000000703000000, 0x0000000703000000, 0x0000000703200000|  0%| F|  |TAMS 0x0000000703000000, 0x0000000703000000| Untracked 
|  16|0x0000000703200000, 0x0000000703400000, 0x0000000703400000|100%|HS|  |TAMS 0x0000000703400000, 0x0000000703200000| Complete 
|  17|0x0000000703400000, 0x0000000703600000, 0x0000000703600000|100%|HC|  |TAMS 0x0000000703600000, 0x0000000703400000| Complete 
|  18|0x0000000703600000, 0x0000000703800000, 0x0000000703800000|100%|HC|  |TAMS 0x0000000703800000, 0x0000000703600000| Complete 
|  19|0x0000000703800000, 0x0000000703800000, 0x0000000703a00000|  0%| F|  |TAMS 0x0000000703800000, 0x0000000703800000| Untracked 
|  20|0x0000000703a00000, 0x0000000703c00000, 0x0000000703c00000|100%|HS|  |TAMS 0x0000000703c00000, 0x0000000703a00000| Complete 
|  21|0x0000000703c00000, 0x0000000703c00000, 0x0000000703e00000|  0%| F|  |TAMS 0x0000000703c00000, 0x0000000703c00000| Untracked 
|  22|0x0000000703e00000, 0x0000000704000000, 0x0000000704000000|100%| O|  |TAMS 0x0000000703e00000, 0x0000000703e00000| Untracked 
|  23|0x0000000704000000, 0x0000000704200000, 0x0000000704200000|100%| O|  |TAMS 0x0000000704000000, 0x0000000704000000| Untracked 
|  24|0x0000000704200000, 0x0000000704400000, 0x0000000704400000|100%| O|  |TAMS 0x0000000704200000, 0x0000000704200000| Untracked 
|  25|0x0000000704400000, 0x0000000704600000, 0x0000000704600000|100%| O|  |TAMS 0x0000000704400000, 0x0000000704400000| Untracked 
|  26|0x0000000704600000, 0x00000007047d5800, 0x0000000704800000| 91%| O|  |TAMS 0x0000000704600000, 0x0000000704600000| Untracked 
|  27|0x0000000704800000, 0x0000000704a00000, 0x0000000704a00000|100%|HS|  |TAMS 0x0000000704800000, 0x0000000704800000| Complete 
|  28|0x0000000704a00000, 0x0000000704c00000, 0x0000000704c00000|100%|HC|  |TAMS 0x0000000704a00000, 0x0000000704a00000| Complete 
|  29|0x0000000704c00000, 0x0000000704e00000, 0x0000000704e00000|100%|HC|  |TAMS 0x0000000704c00000, 0x0000000704c00000| Complete 
|  30|0x0000000704e00000, 0x0000000705000000, 0x0000000705000000|100%|HC|  |TAMS 0x0000000704e00000, 0x0000000704e00000| Complete 
|  31|0x0000000705000000, 0x0000000705000000, 0x0000000705200000|  0%| F|  |TAMS 0x0000000705000000, 0x0000000705000000| Untracked 
|  32|0x0000000705200000, 0x0000000705200000, 0x0000000705400000|  0%| F|  |TAMS 0x0000000705200000, 0x0000000705200000| Untracked 
|  33|0x0000000705400000, 0x0000000705400000, 0x0000000705600000|  0%| F|  |TAMS 0x0000000705400000, 0x0000000705400000| Untracked 
|  34|0x0000000705600000, 0x0000000705600000, 0x0000000705800000|  0%| F|  |TAMS 0x0000000705600000, 0x0000000705600000| Untracked 
|  35|0x0000000705800000, 0x0000000705800000, 0x0000000705a00000|  0%| F|  |TAMS 0x0000000705800000, 0x0000000705800000| Untracked 
|  36|0x0000000705a00000, 0x0000000705a00000, 0x0000000705c00000|  0%| F|  |TAMS 0x0000000705a00000, 0x0000000705a00000| Untracked 
|  37|0x0000000705c00000, 0x0000000705c00000, 0x0000000705e00000|  0%| F|  |TAMS 0x0000000705c00000, 0x0000000705c00000| Untracked 
|  38|0x0000000705e00000, 0x0000000705e00000, 0x0000000706000000|  0%| F|  |TAMS 0x0000000705e00000, 0x0000000705e00000| Untracked 
|  39|0x0000000706000000, 0x0000000706000000, 0x0000000706200000|  0%| F|  |TAMS 0x0000000706000000, 0x0000000706000000| Untracked 
|  40|0x0000000706200000, 0x0000000706200000, 0x0000000706400000|  0%| F|  |TAMS 0x0000000706200000, 0x0000000706200000| Untracked 
|  41|0x0000000706400000, 0x0000000706400000, 0x0000000706600000|  0%| F|  |TAMS 0x0000000706400000, 0x0000000706400000| Untracked 
|  42|0x0000000706600000, 0x0000000706600000, 0x0000000706800000|  0%| F|  |TAMS 0x0000000706600000, 0x0000000706600000| Untracked 
|  43|0x0000000706800000, 0x0000000706800000, 0x0000000706a00000|  0%| F|  |TAMS 0x0000000706800000, 0x0000000706800000| Untracked 
|  44|0x0000000706a00000, 0x0000000706a00000, 0x0000000706c00000|  0%| F|  |TAMS 0x0000000706a00000, 0x0000000706a00000| Untracked 
|  45|0x0000000706c00000, 0x0000000706c00000, 0x0000000706e00000|  0%| F|  |TAMS 0x0000000706c00000, 0x0000000706c00000| Untracked 
|  46|0x0000000706e00000, 0x0000000706e00000, 0x0000000707000000|  0%| F|  |TAMS 0x0000000706e00000, 0x0000000706e00000| Untracked 
|  47|0x0000000707000000, 0x0000000707000000, 0x0000000707200000|  0%| F|  |TAMS 0x0000000707000000, 0x0000000707000000| Untracked 
|  48|0x0000000707200000, 0x0000000707200000, 0x0000000707400000|  0%| F|  |TAMS 0x0000000707200000, 0x0000000707200000| Untracked 
|  49|0x0000000707400000, 0x0000000707400000, 0x0000000707600000|  0%| F|  |TAMS 0x0000000707400000, 0x0000000707400000| Untracked 
|  50|0x0000000707600000, 0x0000000707600000, 0x0000000707800000|  0%| F|  |TAMS 0x0000000707600000, 0x0000000707600000| Untracked 
|  51|0x0000000707800000, 0x0000000707800000, 0x0000000707a00000|  0%| F|  |TAMS 0x0000000707800000, 0x0000000707800000| Untracked 
|  52|0x0000000707a00000, 0x0000000707a00000, 0x0000000707c00000|  0%| F|  |TAMS 0x0000000707a00000, 0x0000000707a00000| Untracked 
|  53|0x0000000707c00000, 0x0000000707c00000, 0x0000000707e00000|  0%| F|  |TAMS 0x0000000707c00000, 0x0000000707c00000| Untracked 
|  54|0x0000000707e00000, 0x0000000707e00000, 0x0000000708000000|  0%| F|  |TAMS 0x0000000707e00000, 0x0000000707e00000| Untracked 
|  55|0x0000000708000000, 0x0000000708000000, 0x0000000708200000|  0%| F|  |TAMS 0x0000000708000000, 0x0000000708000000| Untracked 
|  56|0x0000000708200000, 0x0000000708200000, 0x0000000708400000|  0%| F|  |TAMS 0x0000000708200000, 0x0000000708200000| Untracked 
|  57|0x0000000708400000, 0x0000000708400000, 0x0000000708600000|  0%| F|  |TAMS 0x0000000708400000, 0x0000000708400000| Untracked 
|  58|0x0000000708600000, 0x0000000708600000, 0x0000000708800000|  0%| F|  |TAMS 0x0000000708600000, 0x0000000708600000| Untracked 
|  59|0x0000000708800000, 0x0000000708800000, 0x0000000708a00000|  0%| F|  |TAMS 0x0000000708800000, 0x0000000708800000| Untracked 
|  60|0x0000000708a00000, 0x0000000708a00000, 0x0000000708c00000|  0%| F|  |TAMS 0x0000000708a00000, 0x0000000708a00000| Untracked 
|  61|0x0000000708c00000, 0x0000000708c00000, 0x0000000708e00000|  0%| F|  |TAMS 0x0000000708c00000, 0x0000000708c00000| Untracked 
|  62|0x0000000708e00000, 0x0000000708e00000, 0x0000000709000000|  0%| F|  |TAMS 0x0000000708e00000, 0x0000000708e00000| Untracked 
|  63|0x0000000709000000, 0x0000000709000000, 0x0000000709200000|  0%| F|  |TAMS 0x0000000709000000, 0x0000000709000000| Untracked 
|  64|0x0000000709200000, 0x0000000709200000, 0x0000000709400000|  0%| F|  |TAMS 0x0000000709200000, 0x0000000709200000| Untracked 
|  65|0x0000000709400000, 0x0000000709400000, 0x0000000709600000|  0%| F|  |TAMS 0x0000000709400000, 0x0000000709400000| Untracked 
|  66|0x0000000709600000, 0x0000000709600000, 0x0000000709800000|  0%| F|  |TAMS 0x0000000709600000, 0x0000000709600000| Untracked 
|  67|0x0000000709800000, 0x0000000709800000, 0x0000000709a00000|  0%| F|  |TAMS 0x0000000709800000, 0x0000000709800000| Untracked 
|  68|0x0000000709a00000, 0x0000000709a00000, 0x0000000709c00000|  0%| F|  |TAMS 0x0000000709a00000, 0x0000000709a00000| Untracked 
|  69|0x0000000709c00000, 0x0000000709c00000, 0x0000000709e00000|  0%| F|  |TAMS 0x0000000709c00000, 0x0000000709c00000| Untracked 
|  70|0x0000000709e00000, 0x000000070a000000, 0x000000070a000000|100%|HS|  |TAMS 0x0000000709e00000, 0x0000000709e00000| Complete 
|  71|0x000000070a000000, 0x000000070a200000, 0x000000070a200000|100%|HC|  |TAMS 0x000000070a000000, 0x000000070a000000| Complete 
|  72|0x000000070a200000, 0x000000070a400000, 0x000000070a400000|100%|HC|  |TAMS 0x000000070a200000, 0x000000070a200000| Complete 
|  73|0x000000070a400000, 0x000000070a600000, 0x000000070a600000|100%|HC|  |TAMS 0x000000070a400000, 0x000000070a400000| Complete 
|  74|0x000000070a600000, 0x000000070a800000, 0x000000070a800000|100%|HC|  |TAMS 0x000000070a600000, 0x000000070a600000| Complete 
|  75|0x000000070a800000, 0x000000070aa00000, 0x000000070aa00000|100%|HC|  |TAMS 0x000000070a800000, 0x000000070a800000| Complete 
|  76|0x000000070aa00000, 0x000000070ac00000, 0x000000070ac00000|100%|HC|  |TAMS 0x000000070aa00000, 0x000000070aa00000| Complete 
|  77|0x000000070ac00000, 0x000000070ae00000, 0x000000070ae00000|100%|HC|  |TAMS 0x000000070ac00000, 0x000000070ac00000| Complete 
|  78|0x000000070ae00000, 0x000000070b000000, 0x000000070b000000|100%|HC|  |TAMS 0x000000070ae00000, 0x000000070ae00000| Complete 
|  79|0x000000070b000000, 0x000000070b200000, 0x000000070b200000|100%|HC|  |TAMS 0x000000070b000000, 0x000000070b000000| Complete 
|  80|0x000000070b200000, 0x000000070b400000, 0x000000070b400000|100%|HC|  |TAMS 0x000000070b200000, 0x000000070b200000| Complete 
|  81|0x000000070b400000, 0x000000070b600000, 0x000000070b600000|100%|HC|  |TAMS 0x000000070b400000, 0x000000070b400000| Complete 
|  82|0x000000070b600000, 0x000000070b800000, 0x000000070b800000|100%|HC|  |TAMS 0x000000070b600000, 0x000000070b600000| Complete 
|  83|0x000000070b800000, 0x000000070ba00000, 0x000000070ba00000|100%|HC|  |TAMS 0x000000070b800000, 0x000000070b800000| Complete 
|  84|0x000000070ba00000, 0x000000070bc00000, 0x000000070bc00000|100%|HC|  |TAMS 0x000000070ba00000, 0x000000070ba00000| Complete 
|  85|0x000000070bc00000, 0x000000070be00000, 0x000000070be00000|100%|HC|  |TAMS 0x000000070bc00000, 0x000000070bc00000| Complete 
|  86|0x000000070be00000, 0x000000070c000000, 0x000000070c000000|100%|HC|  |TAMS 0x000000070be00000, 0x000000070be00000| Complete 
|  87|0x000000070c000000, 0x000000070c000000, 0x000000070c200000|  0%| F|  |TAMS 0x000000070c000000, 0x000000070c000000| Untracked 
|  88|0x000000070c200000, 0x000000070c200000, 0x000000070c400000|  0%| F|  |TAMS 0x000000070c200000, 0x000000070c200000| Untracked 
|  89|0x000000070c400000, 0x000000070c400000, 0x000000070c600000|  0%| F|  |TAMS 0x000000070c400000, 0x000000070c400000| Untracked 
|  90|0x000000070c600000, 0x000000070c600000, 0x000000070c800000|  0%| F|  |TAMS 0x000000070c600000, 0x000000070c600000| Untracked 
|  91|0x000000070c800000, 0x000000070c800000, 0x000000070ca00000|  0%| F|  |TAMS 0x000000070c800000, 0x000000070c800000| Untracked 
|  92|0x000000070ca00000, 0x000000070ca00000, 0x000000070cc00000|  0%| F|  |TAMS 0x000000070ca00000, 0x000000070ca00000| Untracked 
|  93|0x000000070cc00000, 0x000000070cc00000, 0x000000070ce00000|  0%| F|  |TAMS 0x000000070cc00000, 0x000000070cc00000| Untracked 
|  94|0x000000070ce00000, 0x000000070ce00000, 0x000000070d000000|  0%| F|  |TAMS 0x000000070ce00000, 0x000000070ce00000| Untracked 
|  95|0x000000070d000000, 0x000000070d000000, 0x000000070d200000|  0%| F|  |TAMS 0x000000070d000000, 0x000000070d000000| Untracked 
|  96|0x000000070d200000, 0x000000070d200000, 0x000000070d400000|  0%| F|  |TAMS 0x000000070d200000, 0x000000070d200000| Untracked 
|  97|0x000000070d400000, 0x000000070d400000, 0x000000070d600000|  0%| F|  |TAMS 0x000000070d400000, 0x000000070d400000| Untracked 
|  98|0x000000070d600000, 0x000000070d600000, 0x000000070d800000|  0%| F|  |TAMS 0x000000070d600000, 0x000000070d600000| Untracked 
|  99|0x000000070d800000, 0x000000070d800000, 0x000000070da00000|  0%| F|  |TAMS 0x000000070d800000, 0x000000070d800000| Untracked 
| 100|0x000000070da00000, 0x000000070da00000, 0x000000070dc00000|  0%| F|  |TAMS 0x000000070da00000, 0x000000070da00000| Untracked 
| 101|0x000000070dc00000, 0x000000070dc00000, 0x000000070de00000|  0%| F|  |TAMS 0x000000070dc00000, 0x000000070dc00000| Untracked 
| 102|0x000000070de00000, 0x000000070de00000, 0x000000070e000000|  0%| F|  |TAMS 0x000000070de00000, 0x000000070de00000| Untracked 
| 103|0x000000070e000000, 0x000000070e000000, 0x000000070e200000|  0%| F|  |TAMS 0x000000070e000000, 0x000000070e000000| Untracked 
| 104|0x000000070e200000, 0x000000070e200000, 0x000000070e400000|  0%| F|  |TAMS 0x000000070e200000, 0x000000070e200000| Untracked 
| 105|0x000000070e400000, 0x000000070e400000, 0x000000070e600000|  0%| F|  |TAMS 0x000000070e400000, 0x000000070e400000| Untracked 
| 106|0x000000070e600000, 0x000000070e600000, 0x000000070e800000|  0%| F|  |TAMS 0x000000070e600000, 0x000000070e600000| Untracked 
| 107|0x000000070e800000, 0x000000070e800000, 0x000000070ea00000|  0%| F|  |TAMS 0x000000070e800000, 0x000000070e800000| Untracked 
| 108|0x000000070ea00000, 0x000000070ea00000, 0x000000070ec00000|  0%| F|  |TAMS 0x000000070ea00000, 0x000000070ea00000| Untracked 
| 109|0x000000070ec00000, 0x000000070ec00000, 0x000000070ee00000|  0%| F|  |TAMS 0x000000070ec00000, 0x000000070ec00000| Untracked 
| 110|0x000000070ee00000, 0x000000070ee00000, 0x000000070f000000|  0%| F|  |TAMS 0x000000070ee00000, 0x000000070ee00000| Untracked 
| 111|0x000000070f000000, 0x000000070f000000, 0x000000070f200000|  0%| F|  |TAMS 0x000000070f000000, 0x000000070f000000| Untracked 
| 112|0x000000070f200000, 0x000000070f200000, 0x000000070f400000|  0%| F|  |TAMS 0x000000070f200000, 0x000000070f200000| Untracked 
| 113|0x000000070f400000, 0x000000070f400000, 0x000000070f600000|  0%| F|  |TAMS 0x000000070f400000, 0x000000070f400000| Untracked 
| 114|0x000000070f600000, 0x000000070f600000, 0x000000070f800000|  0%| F|  |TAMS 0x000000070f600000, 0x000000070f600000| Untracked 
| 115|0x000000070f800000, 0x000000070f800000, 0x000000070fa00000|  0%| F|  |TAMS 0x000000070f800000, 0x000000070f800000| Untracked 
| 116|0x000000070fa00000, 0x000000070fa00000, 0x000000070fc00000|  0%| F|  |TAMS 0x000000070fa00000, 0x000000070fa00000| Untracked 
| 117|0x000000070fc00000, 0x000000070fc00000, 0x000000070fe00000|  0%| F|  |TAMS 0x000000070fc00000, 0x000000070fc00000| Untracked 
| 118|0x000000070fe00000, 0x000000070fe00000, 0x0000000710000000|  0%| F|  |TAMS 0x000000070fe00000, 0x000000070fe00000| Untracked 
| 119|0x0000000710000000, 0x0000000710000000, 0x0000000710200000|  0%| F|  |TAMS 0x0000000710000000, 0x0000000710000000| Untracked 
| 120|0x0000000710200000, 0x0000000710200000, 0x0000000710400000|  0%| F|  |TAMS 0x0000000710200000, 0x0000000710200000| Untracked 
| 121|0x0000000710400000, 0x0000000710400000, 0x0000000710600000|  0%| F|  |TAMS 0x0000000710400000, 0x0000000710400000| Untracked 
| 122|0x0000000710600000, 0x0000000710600000, 0x0000000710800000|  0%| F|  |TAMS 0x0000000710600000, 0x0000000710600000| Untracked 
| 123|0x0000000710800000, 0x0000000710800000, 0x0000000710a00000|  0%| F|  |TAMS 0x0000000710800000, 0x0000000710800000| Untracked 
| 124|0x0000000710a00000, 0x0000000710a00000, 0x0000000710c00000|  0%| F|  |TAMS 0x0000000710a00000, 0x0000000710a00000| Untracked 
| 125|0x0000000710c00000, 0x0000000710c00000, 0x0000000710e00000|  0%| F|  |TAMS 0x0000000710c00000, 0x0000000710c00000| Untracked 
| 126|0x0000000710e00000, 0x0000000710f39800, 0x0000000711000000| 61%| S|CS|TAMS 0x0000000710e00000, 0x0000000710e00000| Complete 
| 127|0x0000000711000000, 0x0000000711000000, 0x0000000711200000|  0%| F|  |TAMS 0x0000000711000000, 0x0000000711000000| Untracked 
| 128|0x0000000711200000, 0x0000000711200000, 0x0000000711400000|  0%| F|  |TAMS 0x0000000711200000, 0x0000000711200000| Untracked 
| 129|0x0000000711400000, 0x0000000711400000, 0x0000000711600000|  0%| F|  |TAMS 0x0000000711400000, 0x0000000711400000| Untracked 
| 130|0x0000000711600000, 0x0000000711600000, 0x0000000711800000|  0%| F|  |TAMS 0x0000000711600000, 0x0000000711600000| Untracked 
| 131|0x0000000711800000, 0x0000000711800000, 0x0000000711a00000|  0%| F|  |TAMS 0x0000000711800000, 0x0000000711800000| Untracked 
| 132|0x0000000711a00000, 0x0000000711a00000, 0x0000000711c00000|  0%| F|  |TAMS 0x0000000711a00000, 0x0000000711a00000| Untracked 
| 133|0x0000000711c00000, 0x0000000711c00000, 0x0000000711e00000|  0%| F|  |TAMS 0x0000000711c00000, 0x0000000711c00000| Untracked 
| 134|0x0000000711e00000, 0x0000000711e00000, 0x0000000712000000|  0%| F|  |TAMS 0x0000000711e00000, 0x0000000711e00000| Untracked 
| 135|0x0000000712000000, 0x0000000712000000, 0x0000000712200000|  0%| F|  |TAMS 0x0000000712000000, 0x0000000712000000| Untracked 
| 136|0x0000000712200000, 0x0000000712200000, 0x0000000712400000|  0%| F|  |TAMS 0x0000000712200000, 0x0000000712200000| Untracked 
| 137|0x0000000712400000, 0x0000000712400000, 0x0000000712600000|  0%| F|  |TAMS 0x0000000712400000, 0x0000000712400000| Untracked 
| 138|0x0000000712600000, 0x0000000712600000, 0x0000000712800000|  0%| F|  |TAMS 0x0000000712600000, 0x0000000712600000| Untracked 
| 139|0x0000000712800000, 0x0000000712800000, 0x0000000712a00000|  0%| F|  |TAMS 0x0000000712800000, 0x0000000712800000| Untracked 
| 140|0x0000000712a00000, 0x0000000712a00000, 0x0000000712c00000|  0%| F|  |TAMS 0x0000000712a00000, 0x0000000712a00000| Untracked 
| 141|0x0000000712c00000, 0x0000000712c00000, 0x0000000712e00000|  0%| F|  |TAMS 0x0000000712c00000, 0x0000000712c00000| Untracked 
| 142|0x0000000712e00000, 0x0000000712e00000, 0x0000000713000000|  0%| F|  |TAMS 0x0000000712e00000, 0x0000000712e00000| Untracked 
| 143|0x0000000713000000, 0x0000000713000000, 0x0000000713200000|  0%| F|  |TAMS 0x0000000713000000, 0x0000000713000000| Untracked 
| 144|0x0000000713200000, 0x0000000713200000, 0x0000000713400000|  0%| F|  |TAMS 0x0000000713200000, 0x0000000713200000| Untracked 
| 145|0x0000000713400000, 0x0000000713400000, 0x0000000713600000|  0%| F|  |TAMS 0x0000000713400000, 0x0000000713400000| Untracked 
| 146|0x0000000713600000, 0x0000000713600000, 0x0000000713800000|  0%| F|  |TAMS 0x0000000713600000, 0x0000000713600000| Untracked 
| 147|0x0000000713800000, 0x0000000713800000, 0x0000000713a00000|  0%| F|  |TAMS 0x0000000713800000, 0x0000000713800000| Untracked 
| 148|0x0000000713a00000, 0x0000000713a00000, 0x0000000713c00000|  0%| F|  |TAMS 0x0000000713a00000, 0x0000000713a00000| Untracked 
| 149|0x0000000713c00000, 0x0000000713c00000, 0x0000000713e00000|  0%| F|  |TAMS 0x0000000713c00000, 0x0000000713c00000| Untracked 
| 150|0x0000000713e00000, 0x0000000713e00800, 0x0000000714000000|  0%| E|  |TAMS 0x0000000713e00000, 0x0000000713e00000| Complete 
| 151|0x0000000714000000, 0x0000000714200000, 0x0000000714200000|100%| E|CS|TAMS 0x0000000714000000, 0x0000000714000000| Complete 
| 152|0x0000000714200000, 0x0000000714400000, 0x0000000714400000|100%| E|CS|TAMS 0x0000000714200000, 0x0000000714200000| Complete 
| 153|0x0000000714400000, 0x0000000714600000, 0x0000000714600000|100%| E|CS|TAMS 0x0000000714400000, 0x0000000714400000| Complete 

Card table byte_map: [0x00000218f9d20000,0x00000218fa520000] _byte_map_base: 0x00000218f6517000

Marking Bits (Prev, Next): (CMBitMap*) 0x00000218f8f33490, (CMBitMap*) 0x00000218f8f33450
 Prev Bits: [0x0000021897160000, 0x000002189b118000)
 Next Bits: [0x00000218fad20000, 0x00000218fecd8000)

Polling page: 0x00000218f86c0000

Metaspace:

Usage:
  Non-class:     18.69 MB capacity,    18.59 MB (>99%) used,    82.53 KB ( <1%) free+waste,    24.31 KB ( <1%) overhead. 
      Class:      2.30 MB capacity,     2.23 MB ( 97%) used,    63.07 KB (  3%) free+waste,     8.38 KB ( <1%) overhead. 
       Both:     20.99 MB capacity,    20.82 MB (>99%) used,   145.60 KB ( <1%) free+waste,    32.69 KB ( <1%) overhead. 

Virtual space:
  Non-class space:       20.00 MB reserved,      18.75 MB ( 94%) committed 
      Class space:        1.00 GB reserved,       2.38 MB ( <1%) committed 
             Both:        1.02 GB reserved,      21.12 MB (  2%) committed 

Chunk freelists:
   Non-Class:  61.00 KB
       Class:  13.00 KB
        Both:  74.00 KB

MaxMetaspaceSize: 17179869184.00 GB
CompressedClassSpaceSize: 1.00 GB

CodeHeap 'non-profiled nmethods': size=120000Kb used=1250Kb max_used=1250Kb free=118749Kb
 bounds [0x000002188fc30000, 0x000002188fea0000, 0x0000021897160000]
CodeHeap 'profiled nmethods': size=120000Kb used=4810Kb max_used=4810Kb free=115190Kb
 bounds [0x0000021888700000, 0x0000021888bc0000, 0x000002188fc30000]
CodeHeap 'non-nmethods': size=5760Kb used=1421Kb max_used=1438Kb free=4338Kb
 bounds [0x0000021888160000, 0x00000218883d0000, 0x0000021888700000]
 total_blobs=3377 nmethods=2628 adapters=661
 compilation: enabled
              stopped_count=0, restarted_count=0
 full_count=0

Compilation events (20 events):
Event: 2.432 Thread 0x00000218ff99bd70 nmethod 2619 0x0000021888bb1590 code [0x0000021888bb1740, 0x0000021888bb18e8]
Event: 2.433 Thread 0x00000218ff99bd70 2621       1       sun.java2d.SurfaceData::getSurfaceType (5 bytes)
Event: 2.433 Thread 0x00000218ff99bd70 nmethod 2621 0x000002188fd66690 code [0x000002188fd66820, 0x000002188fd668d8]
Event: 2.435 Thread 0x00000218ff997cd0 nmethod 2618% 0x000002188fd66990 code [0x000002188fd66b60, 0x000002188fd67018]
Event: 2.699 Thread 0x00000218ff997cd0 2622       4       engine.physics2d.Collisions::detection (144 bytes)
Event: 2.701 Thread 0x00000218ff997cd0 nmethod 2622 0x000002188fd67410 code [0x000002188fd675a0, 0x000002188fd67678]
Event: 2.826 Thread 0x00000218ff99bd70 2623       3       java.util.concurrent.locks.AbstractQueuedSynchronizer::compareAndSetState (13 bytes)
Event: 2.826 Thread 0x00000218ff99bd70 nmethod 2623 0x0000021888bb1a10 code [0x0000021888bb1ba0, 0x0000021888bb1cb8]
Event: 2.830 Thread 0x00000218ff99bd70 2624       3       java.util.concurrent.locks.ReentrantLock$NonfairSync::initialTryLock (58 bytes)
Event: 2.830 Thread 0x00000218ff99bd70 nmethod 2624 0x0000021888bb1d90 code [0x0000021888bb1f60, 0x0000021888bb2358]
Event: 2.836 Thread 0x00000218ff997cd0 2625       4       java.util.StringTokenizer::scanToken (179 bytes)
Event: 2.841 Thread 0x00000218ff997cd0 nmethod 2625 0x000002188fd67790 code [0x000002188fd67920, 0x000002188fd67c18]
Event: 2.841 Thread 0x00000218ff997cd0 2626       4       java.util.HashSet::add (20 bytes)
Event: 2.842 Thread 0x00000218ff99bd70 2627       3       java.lang.StringBuilder::<init> (6 bytes)
Event: 2.842 Thread 0x00000218ff99bd70 nmethod 2627 0x0000021888bb2490 code [0x0000021888bb2640, 0x0000021888bb2768]
Event: 2.842 Thread 0x00000218ff99bd70 2628       1       java.util.EventObject::getSource (5 bytes)
Event: 2.842 Thread 0x00000218ff99bd70 nmethod 2628 0x000002188fd67e90 code [0x000002188fd68020, 0x000002188fd680d8]
Event: 2.843 Thread 0x00000218ff997cd0 nmethod 2626 0x000002188fd68190 code [0x000002188fd68340, 0x000002188fd68598]
Event: 2.844 Thread 0x00000218ff99bd70 2629       1       java.util.concurrent.CopyOnWriteArrayList::getArray (5 bytes)
Event: 2.844 Thread 0x00000218ff99bd70 nmethod 2629 0x000002188fd68790 code [0x000002188fd68920, 0x000002188fd689d8]

GC Heap History (10 events):
Event: 0.341 GC heap before
{Heap before GC invocations=0 (full 0):
 garbage-first heap   total 262144K, used 28672K [0x0000000701200000, 0x0000000800000000)
  region size 2048K, 11 young (22528K), 0 survivors (0K)
 Metaspace       used 4686K, capacity 4854K, committed 4992K, reserved 1056768K
  class space    used 515K, capacity 574K, committed 640K, reserved 1048576K
}
Event: 0.345 GC heap after
{Heap after GC invocations=1 (full 0):
 garbage-first heap   total 262144K, used 12054K [0x0000000701200000, 0x0000000800000000)
  region size 2048K, 2 young (4096K), 2 survivors (4096K)
 Metaspace       used 4686K, capacity 4854K, committed 4992K, reserved 1056768K
  class space    used 515K, capacity 574K, committed 640K, reserved 1048576K
}
Event: 0.468 GC heap before
{Heap before GC invocations=1 (full 0):
 garbage-first heap   total 262144K, used 38678K [0x0000000701200000, 0x0000000800000000)
  region size 2048K, 12 young (24576K), 2 survivors (4096K)
 Metaspace       used 7707K, capacity 7854K, committed 8064K, reserved 1056768K
  class space    used 800K, capacity 865K, committed 896K, reserved 1048576K
}
Event: 0.471 GC heap after
{Heap after GC invocations=2 (full 0):
 garbage-first heap   total 262144K, used 13463K [0x0000000701200000, 0x0000000800000000)
  region size 2048K, 2 young (4096K), 2 survivors (4096K)
 Metaspace       used 7707K, capacity 7854K, committed 8064K, reserved 1056768K
  class space    used 800K, capacity 865K, committed 896K, reserved 1048576K
}
Event: 0.569 GC heap before
{Heap before GC invocations=2 (full 0):
 garbage-first heap   total 262144K, used 54423K [0x0000000701200000, 0x0000000800000000)
  region size 2048K, 19 young (38912K), 2 survivors (4096K)
 Metaspace       used 10491K, capacity 10708K, committed 11008K, reserved 1058816K
  class space    used 1090K, capacity 1155K, committed 1280K, reserved 1048576K
}
Event: 0.571 GC heap after
{Heap after GC invocations=3 (full 0):
 garbage-first heap   total 262144K, used 25175K [0x0000000701200000, 0x0000000800000000)
  region size 2048K, 3 young (6144K), 3 survivors (6144K)
 Metaspace       used 10491K, capacity 10708K, committed 11008K, reserved 1058816K
  class space    used 1090K, capacity 1155K, committed 1280K, reserved 1048576K
}
Event: 1.153 GC heap before
{Heap before GC invocations=3 (full 0):
 garbage-first heap   total 262144K, used 221783K [0x0000000701200000, 0x0000000800000000)
  region size 2048K, 58 young (118784K), 3 survivors (6144K)
 Metaspace       used 19012K, capacity 19248K, committed 19584K, reserved 1067008K
  class space    used 1993K, capacity 2057K, committed 2176K, reserved 1048576K
}
Event: 1.160 GC heap after
{Heap after GC invocations=4 (full 0):
 garbage-first heap   total 262144K, used 76294K [0x0000000701200000, 0x0000000800000000)
  region size 2048K, 8 young (16384K), 8 survivors (16384K)
 Metaspace       used 19012K, capacity 19248K, committed 19584K, reserved 1067008K
  class space    used 1993K, capacity 2057K, committed 2176K, reserved 1048576K
}
Event: 1.264 GC heap before
{Heap before GC invocations=5 (full 0):
 garbage-first heap   total 262144K, used 123398K [0x0000000701200000, 0x0000000800000000)
  region size 2048K, 9 young (18432K), 8 survivors (16384K)
 Metaspace       used 19413K, capacity 19632K, committed 19840K, reserved 1067008K
  class space    used 2036K, capacity 2121K, committed 2176K, reserved 1048576K
}
Event: 1.291 GC heap after
{Heap after GC invocations=6 (full 0):
 garbage-first heap   total 315392K, used 72764K [0x0000000701200000, 0x0000000800000000)
  region size 2048K, 1 young (2048K), 1 survivors (2048K)
 Metaspace       used 19413K, capacity 19632K, committed 19840K, reserved 1067008K
  class space    used 2036K, capacity 2121K, committed 2176K, reserved 1048576K
}

Deoptimization events (20 events):
Event: 2.431 Thread 0x000002189e2a1690 DEOPT PACKING pc=0x0000021888bad7e4 sp=0x000000e1761fee60
Event: 2.431 Thread 0x000002189e2a1690 DEOPT UNPACKING pc=0x00000218881ae23f sp=0x000000e1761fe330 mode 0
Event: 2.432 Thread 0x000002189e2a1690 DEOPT PACKING pc=0x0000021888bad7e4 sp=0x000000e1761fee60
Event: 2.432 Thread 0x000002189e2a1690 DEOPT UNPACKING pc=0x00000218881ae23f sp=0x000000e1761fe330 mode 0
Event: 2.699 Thread 0x000002189e2a1690 DEOPT PACKING pc=0x0000021888bad7e4 sp=0x000000e1761fee60
Event: 2.699 Thread 0x000002189e2a1690 DEOPT UNPACKING pc=0x00000218881ae23f sp=0x000000e1761fe330 mode 0
Event: 2.700 Thread 0x000002189e2a1690 DEOPT PACKING pc=0x0000021888bad7e4 sp=0x000000e1761fee60
Event: 2.700 Thread 0x000002189e2a1690 DEOPT UNPACKING pc=0x00000218881ae23f sp=0x000000e1761fe330 mode 0
Event: 2.700 Thread 0x000002189e2a1690 DEOPT PACKING pc=0x0000021888bad7e4 sp=0x000000e1761fee60
Event: 2.700 Thread 0x000002189e2a1690 DEOPT UNPACKING pc=0x00000218881ae23f sp=0x000000e1761fe330 mode 0
Event: 2.700 Thread 0x000002189e2a1690 DEOPT PACKING pc=0x0000021888bad7e4 sp=0x000000e1761fee60
Event: 2.700 Thread 0x000002189e2a1690 DEOPT UNPACKING pc=0x00000218881ae23f sp=0x000000e1761fe330 mode 0
Event: 2.826 Thread 0x00000218a76862b0 Uncommon trap: trap_request=0xffffffc6 fr.pc=0x000002188fd28bb4 relative=0x00000000000003f4
Event: 2.826 Thread 0x00000218a76862b0 Uncommon trap: reason=bimorphic_or_optimized_type_check action=maybe_recompile pc=0x000002188fd28bb4 method=java.util.HashMap.getNode(Ljava/lang/Object;)Ljava/util/HashMap$Node; @ 128 c2
Event: 2.826 Thread 0x00000218a76862b0 DEOPT PACKING pc=0x000002188fd28bb4 sp=0x000000e1775fe390
Event: 2.826 Thread 0x00000218a76862b0 DEOPT UNPACKING pc=0x00000218881ae42f sp=0x000000e1775fe298 mode 2
Event: 2.827 Thread 0x00000218a76862b0 Uncommon trap: trap_request=0xffffffc6 fr.pc=0x000002188fd28bb4 relative=0x00000000000003f4
Event: 2.827 Thread 0x00000218a76862b0 Uncommon trap: reason=bimorphic_or_optimized_type_check action=maybe_recompile pc=0x000002188fd28bb4 method=java.util.HashMap.getNode(Ljava/lang/Object;)Ljava/util/HashMap$Node; @ 128 c2
Event: 2.827 Thread 0x00000218a76862b0 DEOPT PACKING pc=0x000002188fd28bb4 sp=0x000000e1775fe3e0
Event: 2.827 Thread 0x00000218a76862b0 DEOPT UNPACKING pc=0x00000218881ae42f sp=0x000000e1775fe2e8 mode 2

Classes unloaded (0 events):
No events

Classes redefined (0 events):
No events

Internal exceptions (20 events):
Event: 0.269 Thread 0x00000218f8ee0bb0 Exception <a 'java/lang/NoSuchMethodError'{0x0000000710980358}: 'java.lang.Object java.lang.invoke.DirectMethodHandle$Holder.invokeStatic(java.lang.Object, int, java.lang.Object, java.lang.Object, java.lang.Object, java.lang.Object)'> (0x0000000710980358) 
thrown [./open/src/hotspot/share/interpreter/linkResolver.cpp, line 782]
Event: 0.272 Thread 0x00000218f8ee0bb0 Exception <a 'java/lang/NoSuchMethodError'{0x00000007109a6600}: 'java.lang.Object java.lang.invoke.DirectMethodHandle$Holder.invokeStatic(java.lang.Object, int, java.lang.Object)'> (0x00000007109a6600) 
thrown [./open/src/hotspot/share/interpreter/linkResolver.cpp, line 782]
Event: 0.284 Thread 0x00000218f8ee0bb0 Exception <a 'java/lang/ClassNotFoundException'{0x000000071065ea68}: com/sun/swing/internal/plaf/metal/resources/spi/metalProvider> (0x000000071065ea68) 
thrown [./open/src/hotspot/share/classfile/systemDictionary.cpp, line 295]
Event: 0.285 Thread 0x00000218f8ee0bb0 Exception <a 'java/lang/ClassNotFoundException'{0x0000000710662e98}: com/sun/swing/internal/plaf/basic/resources/spi/basicProvider> (0x0000000710662e98) 
thrown [./open/src/hotspot/share/classfile/systemDictionary.cpp, line 295]
Event: 0.371 Thread 0x00000218ffaf6270 Exception <a 'java/lang/NoSuchMethodError'{0x000000071086eb58}: 'void java.lang.invoke.DirectMethodHandle$Holder.invokeStatic(java.lang.Object, java.lang.Object)'> (0x000000071086eb58) 
thrown [./open/src/hotspot/share/interpreter/linkResolver.cpp, line 782]
Event: 0.371 Thread 0x00000218ffaf6270 Exception <a 'java/lang/NoSuchMethodError'{0x0000000710872560}: 'void java.lang.invoke.DirectMethodHandle$Holder.invokeStaticInit(java.lang.Object, java.lang.Object)'> (0x0000000710872560) 
thrown [./open/src/hotspot/share/interpreter/linkResolver.cpp, line 782]
Event: 0.392 Thread 0x00000218ffaf6270 Implicit null exception at 0x000002188fc60f75 to 0x000002188fc61050
Event: 0.553 Thread 0x00000218ffaf6270 Exception <a 'java/lang/NoSuchMethodError'{0x000000070f1bc1f8}: 'java.lang.Object java.lang.invoke.DirectMethodHandle$Holder.invokeStaticInit(java.lang.Object, int, int, int, int)'> (0x000000070f1bc1f8) 
thrown [./open/src/hotspot/share/interpreter/linkResolver.cpp, line 782]
Event: 0.575 Thread 0x00000218ffaf6270 Exception <a 'java/lang/NoSuchMethodError'{0x0000000711032fe0}: 'java.lang.Object java.lang.invoke.DirectMethodHandle$Holder.invokeStaticInit(java.lang.Object, java.lang.Object, int, int, int, int)'> (0x0000000711032fe0) 
thrown [./open/src/hotspot/share/interpreter/linkResolver.cpp, line 782]
Event: 0.715 Thread 0x00000218ffaf6270 Implicit null exception at 0x000002188fc71b53 to 0x000002188fc726b4
Event: 0.992 Thread 0x00000218ffaf6270 Exception <a 'java/lang/NoSuchMethodError'{0x000000070ade6b80}: 'void java.lang.invoke.DirectMethodHandle$Holder.invokeStaticInit(java.lang.Object)'> (0x000000070ade6b80) 
thrown [./open/src/hotspot/share/interpreter/linkResolver.cpp, line 782]
Event: 1.053 Thread 0x00000218ffaf6270 Implicit null exception at 0x000002188fd2c92c to 0x000002188fd2ca4c
Event: 1.053 Thread 0x00000218ffaf6270 Implicit null exception at 0x000002188fd2bd76 to 0x000002188fd2be38
Event: 1.053 Thread 0x00000218ffaf6270 Implicit null exception at 0x000002188fd2c306 to 0x000002188fd2c3f4
Event: 1.053 Thread 0x00000218ffaf6270 Implicit null exception at 0x000002188fd2d234 to 0x000002188fd2d2e0
Event: 1.134 Thread 0x00000218ffaf6270 Implicit null exception at 0x000002188fd4543c to 0x000002188fd45b80
Event: 1.135 Thread 0x00000218ffaf6270 Implicit null exception at 0x000002188fd442f6 to 0x000002188fd4460c
Event: 1.135 Thread 0x00000218ffaf6270 Implicit null exception at 0x000002188fd46ce4 to 0x000002188fd473b8
Event: 1.136 Thread 0x00000218ffaf6270 Implicit null exception at 0x000002188fd48462 to 0x000002188fd48dfc
Event: 1.849 Thread 0x000002189e2a1690 Exception <a 'java/lang/NoSuchMethodError'{0x0000000714571c90}: 'void java.lang.invoke.DirectMethodHandle$Holder.invokeStatic(java.lang.Object, java.lang.Object, java.lang.Object)'> (0x0000000714571c90) 
thrown [./open/src/hotspot/share/interpreter/linkResolver.cpp, line 782]

Events (20 events):
Event: 2.839 loading class sun/util/resources/TimeZoneNames
Event: 2.840 loading class sun/util/resources/TimeZoneNames done
Event: 2.840 loading class sun/util/resources/TimeZoneNames_en
Event: 2.840 loading class sun/util/resources/TimeZoneNames_en done
Event: 2.842 loading class java/io/FileOutputStream$1
Event: 2.842 loading class java/io/FileOutputStream$1 done
Event: 2.842 loading class java/awt/Window$1DisposeAction
Event: 2.842 loading class java/awt/Window$1DisposeAction done
Event: 2.842 loading class java/awt/LightweightDispatcher$2
Event: 2.842 loading class java/awt/LightweightDispatcher$2 done
Event: 2.843 loading class java/awt/event/AWTEventListenerProxy
Event: 2.843 loading class java/awt/event/AWTEventListenerProxy done
Event: 2.843 loading class java/awt/Toolkit$ToolkitEventMulticaster
Event: 2.843 loading class java/awt/Toolkit$ToolkitEventMulticaster done
Event: 2.844 Thread 0x00000218a7423bd0 Thread added: 0x00000218a7423bd0
Event: 2.844 Thread 0x00000218a74223c0 Thread added: 0x00000218a74223c0
Event: 2.844 Thread 0x00000218a7424570 Thread added: 0x00000218a7424570
Event: 2.844 Thread 0x00000218a7424570 Thread exited: 0x00000218a7424570
Event: 2.844 Thread 0x00000218b8ea2010 Thread exited: 0x00000218b8ea2010
Event: 2.844 Thread 0x00000218a74223c0 Thread exited: 0x00000218a74223c0


Dynamic libraries:
0x00007ff614ca0000 - 0x00007ff614caf000 	C:\Program Files\Java\jdk-15.0.2\bin\java.exe
0x00007ffaf02f0000 - 0x00007ffaf04e6000 	C:\Windows\SYSTEM32\ntdll.dll
0x00007ffaee760000 - 0x00007ffaee81d000 	C:\Windows\System32\KERNEL32.DLL
0x00007ffaedd60000 - 0x00007ffaee029000 	C:\Windows\System32\KERNELBASE.dll
0x00007ffaee140000 - 0x00007ffaee240000 	C:\Windows\System32\ucrtbase.dll
0x00007ffae8c40000 - 0x00007ffae8c58000 	C:\Program Files\Java\jdk-15.0.2\bin\jli.dll
0x00007ffaab510000 - 0x00007ffaab529000 	C:\Program Files\Java\jdk-15.0.2\bin\VCRUNTIME140.dll
0x00007ffaeef80000 - 0x00007ffaef02c000 	C:\Windows\System32\ADVAPI32.dll
0x00007ffaee400000 - 0x00007ffaee49e000 	C:\Windows\System32\msvcrt.dll
0x00007ffaef030000 - 0x00007ffaef0cc000 	C:\Windows\System32\sechost.dll
0x00007ffaef8c0000 - 0x00007ffaef9eb000 	C:\Windows\System32\RPCRT4.dll
0x00007ffaef480000 - 0x00007ffaef620000 	C:\Windows\System32\USER32.dll
0x00007ffad8870000 - 0x00007ffad8b0b000 	C:\Windows\WinSxS\amd64_microsoft.windows.common-controls_6595b64144ccf1df_6.0.19041.746_none_ca02b4b61b8320a4\COMCTL32.dll
0x00007ffaee0b0000 - 0x00007ffaee0d2000 	C:\Windows\System32\win32u.dll
0x00007ffaef0e0000 - 0x00007ffaef10a000 	C:\Windows\System32\GDI32.dll
0x00007ffaee240000 - 0x00007ffaee34b000 	C:\Windows\System32\gdi32full.dll
0x00007ffaedb90000 - 0x00007ffaedc2d000 	C:\Windows\System32\msvcp_win.dll
0x00007ffae8c10000 - 0x00007ffae8c1a000 	C:\Windows\SYSTEM32\VERSION.dll
0x00007ffaef190000 - 0x00007ffaef1c0000 	C:\Windows\System32\IMM32.DLL
0x00007ffacbaf0000 - 0x00007ffacbafc000 	C:\Program Files\Java\jdk-15.0.2\bin\vcruntime140_1.dll
0x00007ffaab0d0000 - 0x00007ffaab161000 	C:\Program Files\Java\jdk-15.0.2\bin\msvcp140.dll
0x00007ffaaa570000 - 0x00007ffaab0ce000 	C:\Program Files\Java\jdk-15.0.2\bin\server\jvm.dll
0x00007ffaee820000 - 0x00007ffaee828000 	C:\Windows\System32\PSAPI.DLL
0x00007ffac5920000 - 0x00007ffac5929000 	C:\Windows\SYSTEM32\WSOCK32.dll
0x00007ffaef620000 - 0x00007ffaef68b000 	C:\Windows\System32\WS2_32.dll
0x00007ffae2730000 - 0x00007ffae2757000 	C:\Windows\SYSTEM32\WINMM.dll
0x00007ffaeb9a0000 - 0x00007ffaeb9b2000 	C:\Windows\SYSTEM32\kernel.appcore.dll
0x00007ffabc9f0000 - 0x00007ffabc9fa000 	C:\Program Files\Java\jdk-15.0.2\bin\jimage.dll
0x00007ffad8f10000 - 0x00007ffad90f4000 	C:\Windows\SYSTEM32\DBGHELP.DLL
0x00007ffad8ee0000 - 0x00007ffad8f0c000 	C:\Windows\SYSTEM32\dbgcore.DLL
0x00007ffaee030000 - 0x00007ffaee0b0000 	C:\Windows\System32\bcryptPrimitives.dll
0x00007ffaab170000 - 0x00007ffaab195000 	C:\Program Files\Java\jdk-15.0.2\bin\java.dll
0x00007ffaee830000 - 0x00007ffaeef72000 	C:\Windows\System32\SHELL32.dll
0x00007ffaebba0000 - 0x00007ffaec330000 	C:\Windows\SYSTEM32\windows.storage.dll
0x00007ffaef9f0000 - 0x00007ffaefd46000 	C:\Windows\System32\combase.dll
0x00007ffaed490000 - 0x00007ffaed4bc000 	C:\Windows\SYSTEM32\Wldp.dll
0x00007ffaee350000 - 0x00007ffaee3fe000 	C:\Windows\System32\SHCORE.dll
0x00007ffaef130000 - 0x00007ffaef185000 	C:\Windows\System32\shlwapi.dll
0x00007ffaed960000 - 0x00007ffaed986000 	C:\Windows\SYSTEM32\profapi.dll
0x00007ffaab6a0000 - 0x00007ffaab6b9000 	C:\Program Files\Java\jdk-15.0.2\bin\net.dll
0x00007ffae3d70000 - 0x00007ffae3e70000 	C:\Windows\SYSTEM32\WINHTTP.dll
0x00007ffaed210000 - 0x00007ffaed27a000 	C:\Windows\system32\mswsock.dll
0x00007ffaab680000 - 0x00007ffaab692000 	C:\Program Files\Java\jdk-15.0.2\bin\nio.dll
0x00007ffaab660000 - 0x00007ffaab678000 	C:\Program Files\Java\jdk-15.0.2\bin\zip.dll
0x00007ffad27b0000 - 0x00007ffad2930000 	C:\Program Files\Java\jdk-15.0.2\bin\awt.dll
0x00007ffaee4a0000 - 0x00007ffaee56d000 	C:\Windows\System32\OLEAUT32.dll
0x00007ffaeb3e0000 - 0x00007ffaeb470000 	C:\Windows\SYSTEM32\apphelp.dll
0x00007ffaeb6b0000 - 0x00007ffaeb6df000 	C:\Windows\system32\DWMAPI.DLL
0x00007ffaeb4c0000 - 0x00007ffaeb55e000 	C:\Windows\system32\uxtheme.dll
0x00007ffad4290000 - 0x00007ffad43b5000 	C:\Windows\system32\opengl32.dll
0x00007ffae5a50000 - 0x00007ffae5a7c000 	C:\Windows\SYSTEM32\GLU32.dll
0x00007ffaef1c0000 - 0x00007ffaef2d5000 	C:\Windows\System32\MSCTF.dll
0x00007ffaef350000 - 0x00007ffaef47a000 	C:\Windows\System32\ole32.dll
0x00007ffaed610000 - 0x00007ffaed622000 	C:\Windows\SYSTEM32\msasn1.dll
0x00007ffae8bd0000 - 0x00007ffae8c01000 	C:\Windows\SYSTEM32\cryptnet.dll
0x00007ffaeda30000 - 0x00007ffaedb86000 	C:\Windows\System32\CRYPT32.dll
0x00007ffaed400000 - 0x00007ffaed40c000 	C:\Windows\SYSTEM32\cryptbase.dll
0x00007ffaee0e0000 - 0x00007ffaee140000 	C:\Windows\System32\WINTRUST.DLL
0x00007ffaef110000 - 0x00007ffaef12d000 	C:\Windows\System32\imagehlp.dll
0x00007ffaed3e0000 - 0x00007ffaed3f8000 	C:\Windows\SYSTEM32\CRYPTSP.dll
0x00007ffaecb40000 - 0x00007ffaecb74000 	C:\Windows\system32\rsaenh.dll
0x00007ffaedd30000 - 0x00007ffaedd57000 	C:\Windows\System32\bcrypt.dll
0x00007ffaec340000 - 0x00007ffaec363000 	C:\Windows\SYSTEM32\gpapi.dll
0x00007ffae60e0000 - 0x00007ffae611b000 	C:\Windows\SYSTEM32\dxcore.dll
0x00007ffaedc30000 - 0x00007ffaedc7e000 	C:\Windows\System32\cfgmgr32.dll
0x00007ffada8c0000 - 0x00007ffada8ed000 	C:\Program Files\Java\jdk-15.0.2\bin\javajpeg.dll
0x00007ffada7f0000 - 0x00007ffada82f000 	C:\Program Files\Java\jdk-15.0.2\bin\lcms.dll
0x00007ffaed920000 - 0x00007ffaed94e000 	C:\Windows\SYSTEM32\USERENV.dll
0x00007ffaeceb0000 - 0x00007ffaeceeb000 	C:\Windows\SYSTEM32\IPHLPAPI.DLL
0x00007ffaef340000 - 0x00007ffaef348000 	C:\Windows\System32\NSI.dll
0x00007ffae8b40000 - 0x00007ffae8b57000 	C:\Windows\SYSTEM32\dhcpcsvc6.DLL
0x00007ffae4de0000 - 0x00007ffae4dfd000 	C:\Windows\SYSTEM32\dhcpcsvc.DLL
0x00007ffaecf00000 - 0x00007ffaecfcb000 	C:\Windows\SYSTEM32\DNSAPI.dll
0x00007ffad2990000 - 0x00007ffad2a15000 	C:\Program Files\Java\jdk-15.0.2\bin\freetype.dll
0x00007ffad2700000 - 0x00007ffad27a9000 	C:\Program Files\Java\jdk-15.0.2\bin\fontmanager.dll
0x00007ffada620000 - 0x00007ffada65d000 	C:\Users\amaur\AppData\Local\Temp\JOCL_2_0_2-windows-x86_64.dll
0x00007ffad4160000 - 0x00007ffad41d1000 	C:\Windows\SYSTEM32\OpenCL.dll
0x00007ffa9e330000 - 0x00007ffaa0914000 	C:\Windows\System32\DriverStore\FileRepository\nvmd.inf_amd64_1408eaf9a25ed64f\nvopencl64.dll
0x00007ffadf770000 - 0x00007ffadfe46000 	C:\Windows\SYSTEM32\nvapi64.dll
0x00007ffaefdb0000 - 0x00007ffaf0217000 	C:\Windows\System32\SETUPAPI.DLL
0x00007ffab9d40000 - 0x00007ffaba603000 	C:\Windows\System32\DriverStore\FileRepository\nvmd.inf_amd64_1408eaf9a25ed64f\nvptxJitCompiler64.dll
0x00007ffae01e0000 - 0x00007ffae02db000 	C:\Windows\SYSTEM32\textinputframework.dll
0x00007ffaeb1b0000 - 0x00007ffaeb2a2000 	C:\Windows\System32\CoreMessaging.dll
0x00007ffaeaad0000 - 0x00007ffaeae2e000 	C:\Windows\System32\CoreUIComponents.dll
0x00007ffaec770000 - 0x00007ffaec7a3000 	C:\Windows\SYSTEM32\ntmarta.dll
0x00007ffae99c0000 - 0x00007ffae9b14000 	C:\Windows\SYSTEM32\wintypes.dll

dbghelp: loaded successfully - version: 4.0.5 - missing functions: none
symbol engine: initialized successfully - sym options: 0x614 - pdb path: .;C:\Program Files\Java\jdk-15.0.2\bin;C:\Windows\SYSTEM32;C:\Windows\WinSxS\amd64_microsoft.windows.common-controls_6595b64144ccf1df_6.0.19041.746_none_ca02b4b61b8320a4;C:\Program Files\Java\jdk-15.0.2\bin\server;C:\Windows\System32\DriverStore\FileRepository\nvmd.inf_amd64_1408eaf9a25ed64f;C:\Users\amaur\AppData\Local\Temp

VM Arguments:
java_command: Launcher
java_class_path (initial): C:\Users\amaur\Desktop\roguelike-proto\lib\runtime\scala-compiler-2.12.2.jar;C:\Users\amaur\Desktop\roguelike-proto\lib\runtime\scala-library-2.12.2.jar;C:\Users\amaur\Desktop\roguelike-proto\lib\runtime\scala-reflect-2.12.2.jar;C:\Users\amaur\Desktop\roguelike-proto\bin;C:\Users\amaur\Desktop\roguelike-proto\lib\third-party\aspose\aspose-psd-20.9-jdk16.jar;C:\Users\amaur\Desktop\roguelike-proto\lib\third-party\jocl\jocl-2.0.2.jar;C:\Users\amaur\Desktop\roguelike-proto\lib\third-party\jxinput\jxinput-0.3.4.jar
Launcher Type: SUN_STANDARD

[Global flags]
     intx CICompilerCount                          = 4                                         {product} {ergonomic}
     uint ConcGCThreads                            = 3                                         {product} {ergonomic}
     uint G1ConcRefinementThreads                  = 10                                        {product} {ergonomic}
   size_t G1HeapRegionSize                         = 2097152                                   {product} {ergonomic}
    uintx GCDrainStackTargetSize                   = 64                                        {product} {ergonomic}
   size_t InitialHeapSize                          = 268435456                                 {product} {ergonomic}
   size_t MarkStackSize                            = 4194304                                   {product} {ergonomic}
   size_t MaxHeapSize                              = 4276092928                                {product} {ergonomic}
   size_t MaxNewSize                               = 2564816896                                {product} {ergonomic}
   size_t MinHeapDeltaBytes                        = 2097152                                   {product} {ergonomic}
   size_t MinHeapSize                              = 8388608                                   {product} {ergonomic}
    uintx NonNMethodCodeHeapSize                   = 5839372                                {pd product} {ergonomic}
    uintx NonProfiledCodeHeapSize                  = 122909434                              {pd product} {ergonomic}
    uintx ProfiledCodeHeapSize                     = 122909434                              {pd product} {ergonomic}
    uintx ReservedCodeCacheSize                    = 251658240                              {pd product} {ergonomic}
     bool SegmentedCodeCache                       = true                                      {product} {ergonomic}
   size_t SoftMaxHeapSize                          = 4276092928                             {manageable} {ergonomic}
     bool UseCompressedClassPointers               = true                                 {lp64_product} {ergonomic}
     bool UseCompressedOops                        = true                                 {lp64_product} {ergonomic}
     bool UseG1GC                                  = true                                      {product} {ergonomic}
     bool UseLargePagesIndividualAllocation        = false                                  {pd product} {ergonomic}

Logging:
Log output configuration:
 #0: stdout all=warning uptime,level,tags
 #1: stderr all=off uptime,level,tags

Environment Variables:
JAVA_HOME=C:/Program Files/Java/jdk-15.0.2
PATH=C:\Program Files\Git\mingw64\bin;C:\Program Files\Git\usr\bin;C:\Users\amaur\bin;C:\Python39\Scripts;C:\Python39;C:\Program Files\Common Files\Oracle\Java\javapath;C:\Program Files (x86)\Common Files\Oracle\Java\javapath;C:\Windows\system32;C:\Windows;C:\Windows\System32\Wbem;C:\Windows\System32\WindowsPowerShell\v1.0;C:\Windows\System32\OpenSSH;C:\Program Files\nodejs;C:\ProgramData\chocolatey\bin;C:\Program Files\Java\jdk-15.0.2\bin;C:\Program Files\Ant\apache-ant-1.10.9\bin;C:\Users\amaur\AppData\Local\Microsoft\WindowsApps;C:\Users\amaur\AppData\Local\Programs\Microsoft VS Code\bin;C:\Users\amaur\AppData\Roaming\npm
USERNAME=amaur
LANG=en_GB.UTF-8
OS=Windows_NT
PROCESSOR_IDENTIFIER=AMD64 Family 23 Model 113 Stepping 0, AuthenticAMD



---------------  S Y S T E M  ---------------

OS:
 Windows 10 , 64 bit Build 19041 (10.0.19041.804)
OS uptime: 0 days 8:09 hours

CPU: total 12 (initial active 12) (12 cores per cpu, 2 threads per core) family 23 model 113 stepping 0 microcode 0x0, cmov, cx8, fxsr, mmx, sse, sse2, sse3, ssse3, sse4.1, sse4.2, popcnt, vzeroupper, avx, avx2, aes, clmul, 3dnowpref, lzcnt, sse4a, ht, tsc, tscinvbit, tscinv, bmi1, bmi2, adx, sha, fma, clflush, clflushopt

Memory: 4k page, system-wide physical 16311M (10201M free)
TotalPageFile size 18743M (AvailPageFile size 9276M)
current process WorkingSet (physical memory assigned to process): 359M, peak: 461M
current process commit charge ("private bytes"): 696M, peak: 903M

vm_info: Java HotSpot(TM) 64-Bit Server VM (15.0.2+7-27) for windows-amd64 JRE (15.0.2+7-27), built on Dec  7 2020 20:07:01 by "mach5one" with unknown MS VC++:1925

END.
