#
# A fatal error has been detected by the Java Runtime Environment:
#
#  EXCEPTION_ACCESS_VIOLATION (0xc0000005) at pc=0x00007ffc13a61e8c, pid=7268, tid=11408
#
# JRE version: Java(TM) SE Runtime Environment (15.0.2+7) (build 15.0.2+7-27)
# Java VM: Java HotSpot(TM) 64-Bit Server VM (15.0.2+7-27, mixed mode, sharing, tiered, compressed oops, g1 gc, windows-amd64)
# Problematic frame:
# C  [OpenCL.dll+0x1e8c]
#
# No core dump will be written. Minidumps are not enabled by default on client versions of Windows
#
# If you would like to submit a bug report, please visit:
#   https://bugreport.java.com/bugreport/crash.jsp
# The crash happened outside the Java Virtual Machine in native code.
# See problematic frame for where to report the bug.
#

---------------  S U M M A R Y ------------

Command Line: Launcher

Host: AMD Ryzen 5 3600 6-Core Processor              , 12 cores, 15G,  Windows 10 , 64 bit Build 19041 (10.0.19041.804)
Time: Tue Feb 16 12:25:36 2021 Romance Standard Time elapsed time: 4.248572 seconds (0d 0h 0m 4s)

---------------  T H R E A D  ---------------

Current thread (0x000001fcaeff2e00):  JavaThread "game_loop_thread" daemon [_thread_in_native, id=11408, stack(0x00000095d0500000,0x00000095d0600000)]

Stack: [0x00000095d0500000,0x00000095d0600000],  sp=0x00000095d05ff038,  free space=1020k
Native frames: (J=compiled Java code, j=interpreted, Vv=VM code, C=native code)
C  [OpenCL.dll+0x1e8c]

Java frames: (J=compiled Java code, j=interpreted, Vv=VM code)
J 2627  org.jocl.CL.clFinishNative(Lorg/jocl/cl_command_queue;)I (0 bytes) @ 0x000001fc8fd95d82 [0x000001fc8fd95d20+0x0000000000000062]
J 2592 c1 engine.render2d.OpenCL.XXX(Ljava/awt/image/BufferedImage;Ljava/awt/image/BufferedImage;FF)V (351 bytes) @ 0x000001fc88bcbb5c [0x000001fc88bca2c0+0x000000000000189c]
j  engine.scene.Scene.CL_render()V+89
j  engine.stage.Stage.run()V+134
j  java.lang.Thread.run()V+11 java.base@15.0.2
v  ~StubRoutines::call_stub

siginfo: EXCEPTION_ACCESS_VIOLATION (0xc0000005), reading address 0x0000000000000178


Register to memory mapping:

RIP=0x00007ffc13a61e8c OpenCL.dll
RAX=0x0 is NULL
RBX=0x0000000710c4bd38 is an oop: java.lang.Class 
{0x0000000710c4bd38} - klass: 'java/lang/Class'
RCX=0x000001fcadc8c510 points into unknown readable memory: 0x0000000000000000 | 00 00 00 00 00 00 00 00
RDX=0x00000095d05ff060 is pointing into the stack for thread: 0x000001fcaeff2e00
RSP=0x00000095d05ff038 is pointing into the stack for thread: 0x000001fcaeff2e00
RBP=0x00000095d05ff0a0 is pointing into the stack for thread: 0x000001fcaeff2e00
RSI=0x000001fcc18f4f40 is pointing into metadata
RDI=0x0000000000000976 is an unknown value
R8 =0x0000000000000042 is an unknown value
R9 =0x0000000710c4c278 is an oop: org.jocl.cl_command_queue 
{0x0000000710c4c278} - klass: 'org/jocl/cl_command_queue'
R10=0x00007ffbeadfc720 jvm.dll
R11=0x000000000000001a is an unknown value
R12=0x0 is NULL
R13=0x000001fcc18f4d58 is pointing into metadata
R14=0x00000095d05ff090 is pointing into the stack for thread: 0x000001fcaeff2e00
R15=0x000001fcaeff2e00 is a thread


Registers:
RAX=0x0000000000000000, RBX=0x0000000710c4bd38, RCX=0x000001fcadc8c510, RDX=0x00000095d05ff060
RSP=0x00000095d05ff038, RBP=0x00000095d05ff0a0, RSI=0x000001fcc18f4f40, RDI=0x0000000000000976
R8 =0x0000000000000042, R9 =0x0000000710c4c278, R10=0x00007ffbeadfc720, R11=0x000000000000001a
R12=0x0000000000000000, R13=0x000001fcc18f4d58, R14=0x00000095d05ff090, R15=0x000001fcaeff2e00
RIP=0x00007ffc13a61e8c, EFLAGS=0x0000000000010202

Top of Stack: (sp=0x00000095d05ff038)
0x00000095d05ff038:   000001fc8fd95e1e 0000000710c4bd38
0x00000095d05ff048:   000000070c682d68 00000095d05ff2b0
0x00000095d05ff058:   000001fc88bb2c94 0000000710c4c278
0x00000095d05ff068:   000001fca44bdef8 00000095d05ff2b0
0x00000095d05ff078:   000001fc8fd9aab4 000001fca44bdd28
0x00000095d05ff088:   000000070c682d90 0000000710c50020
0x00000095d05ff098:   00000095d05ff108 00000095d05ff2b0
0x00000095d05ff0a8:   000001fc88bcbb5c 0000000000000000
0x00000095d05ff0b8:   0000000000000000 0000000000000000
0x00000095d05ff0c8:   000001fca44bb3ce 00000095d05ff128
0x00000095d05ff0d8:   000001fca44bbbc8 0000000000000000
0x00000095d05ff0e8:   0000000702288460 000001fca44bb400
0x00000095d05ff0f8:   0000000000000000 00000095d05ff168
0x00000095d05ff108:   000001fc8818a1aa 0000000710c1ea38
0x00000095d05ff118:   000000070c67d928 00000095d05ff120
0x00000095d05ff128:   0000000800a2290e 00000095d05ff188 

Instructions: (pc=0x00007ffc13a61e8c)
0x00007ffc13a61d8c:   cc cc cc cc 48 85 c9 75 04 8d 41 d0 c3 4c 8b 11
0x00007ffc13a61d9c:   49 ff a2 40 01 00 00 cc cc cc cc cc cc cc cc cc
0x00007ffc13a61dac:   cc cc cc cc 85 c9 74 1d 48 85 d2 74 18 48 8b 02
0x00007ffc13a61dbc:   48 85 c0 75 06 b8 c6 ff ff ff c3 48 8b 00 48 ff
0x00007ffc13a61dcc:   a0 48 01 00 00 b8 e2 ff ff ff c3 cc cc cc cc cc
0x00007ffc13a61ddc:   cc cc cc cc 48 85 c9 75 04 8d 41 c6 c3 4c 8b 11
0x00007ffc13a61dec:   49 ff a2 50 01 00 00 cc cc cc cc cc cc cc cc cc
0x00007ffc13a61dfc:   cc cc cc cc 48 85 c9 75 04 8d 41 c6 c3 48 8b 01
0x00007ffc13a61e0c:   48 ff a0 58 01 00 00 cc cc cc cc cc cc cc cc cc
0x00007ffc13a61e1c:   cc cc cc cc 48 85 c9 75 04 8d 41 c6 c3 48 8b 01
0x00007ffc13a61e2c:   48 ff a0 60 01 00 00 cc cc cc cc cc cc cc cc cc
0x00007ffc13a61e3c:   cc cc cc cc 48 85 c9 75 04 8d 41 c6 c3 4c 8b 11
0x00007ffc13a61e4c:   49 ff a2 68 01 00 00 cc cc cc cc cc cc cc cc cc
0x00007ffc13a61e5c:   cc cc cc cc 48 85 c9 75 04 8d 41 dc c3 48 8b 01
0x00007ffc13a61e6c:   48 ff a0 70 01 00 00 cc cc cc cc cc cc cc cc cc
0x00007ffc13a61e7c:   cc cc cc cc 48 85 c9 75 04 8d 41 dc c3 48 8b 01
0x00007ffc13a61e8c:   48 ff a0 78 01 00 00 cc cc cc cc cc cc cc cc cc
0x00007ffc13a61e9c:   cc cc cc cc 48 85 c9 75 04 8d 41 dc c3 4c 8b 11
0x00007ffc13a61eac:   49 ff a2 80 01 00 00 cc cc cc cc cc cc cc cc cc
0x00007ffc13a61ebc:   cc cc cc cc 48 85 c9 75 04 8d 41 dc c3 4c 8b 11
0x00007ffc13a61ecc:   49 ff a2 b0 02 00 00 cc cc cc cc cc cc cc cc cc
0x00007ffc13a61edc:   cc cc cc cc 48 85 c9 75 04 8d 41 dc c3 4c 8b 11
0x00007ffc13a61eec:   49 ff a2 88 01 00 00 cc cc cc cc cc cc cc cc cc
0x00007ffc13a61efc:   cc cc cc cc 48 85 c9 75 04 8d 41 dc c3 4c 8b 11
0x00007ffc13a61f0c:   49 ff a2 b8 02 00 00 cc cc cc cc cc cc cc cc cc
0x00007ffc13a61f1c:   cc cc cc cc 48 85 c9 75 04 8d 41 dc c3 4c 8b 11
0x00007ffc13a61f2c:   49 ff a2 30 03 00 00 cc cc cc cc cc cc cc cc cc
0x00007ffc13a61f3c:   cc cc cc cc 48 85 c9 75 04 8d 41 dc c3 4c 8b 11
0x00007ffc13a61f4c:   49 ff a2 90 01 00 00 cc cc cc cc cc cc cc cc cc
0x00007ffc13a61f5c:   cc cc cc cc 48 85 c9 75 04 8d 41 dc c3 4c 8b 11
0x00007ffc13a61f6c:   49 ff a2 c0 02 00 00 cc cc cc cc cc cc cc cc cc
0x00007ffc13a61f7c:   cc cc cc cc 48 85 c9 75 04 8d 41 dc c3 4c 8b 11 


Stack slot to memory mapping:
stack at sp + 0 slots: 0x000001fc8fd95e1e is at entry_point+254 in (nmethod*)0x000001fc8fd95b90
stack at sp + 1 slots: 0x0000000710c4bd38 is an oop: java.lang.Class 
{0x0000000710c4bd38} - klass: 'java/lang/Class'
stack at sp + 2 slots: 0x000000070c682d68 is an oop: org.jocl.Pointer 
{0x000000070c682d68} - klass: 'org/jocl/Pointer'
stack at sp + 3 slots: 0x00000095d05ff2b0 is pointing into the stack for thread: 0x000001fcaeff2e00
stack at sp + 4 slots: 0x000001fc88bb2c94 is at entry_point+596 in (nmethod*)0x000001fc88bb2890
stack at sp + 5 slots: 0x0000000710c4c278 is an oop: org.jocl.cl_command_queue 
{0x0000000710c4c278} - klass: 'org/jocl/cl_command_queue'
stack at sp + 6 slots: 0x000001fca44bdef8 is pointing into metadata
stack at sp + 7 slots: 0x00000095d05ff2b0 is pointing into the stack for thread: 0x000001fcaeff2e00


---------------  P R O C E S S  ---------------

Threads class SMR info:
_java_thread_list=0x000001fcaefe6a00, length=16, elements={
0x000001fca42f90b0, 0x000001fca42fa320, 0x000001fca4b15070, 0x000001fca4b17a30,
0x000001fca4b19b90, 0x000001fca4b1b220, 0x000001fca4b20430, 0x000001fca4b21440,
0x000001fca4c4d5e0, 0x000001fca4c53710, 0x000001fca4eb8670, 0x000001fcaeff2e00,
0x000001fcaf099040, 0x000001fcaf59b0d0, 0x000001fcaedc0be0, 0x000001fcaedc23f0
}

Java Threads: ( => current thread )
  0x000001fca42f90b0 JavaThread "Reference Handler" daemon [_thread_blocked, id=7196, stack(0x00000095cf300000,0x00000095cf400000)]
  0x000001fca42fa320 JavaThread "Finalizer" daemon [_thread_blocked, id=5792, stack(0x00000095cf400000,0x00000095cf500000)]
  0x000001fca4b15070 JavaThread "Signal Dispatcher" daemon [_thread_blocked, id=6084, stack(0x00000095cf500000,0x00000095cf600000)]
  0x000001fca4b17a30 JavaThread "Attach Listener" daemon [_thread_blocked, id=10460, stack(0x00000095cf600000,0x00000095cf700000)]
  0x000001fca4b19b90 JavaThread "Service Thread" daemon [_thread_blocked, id=172, stack(0x00000095cf700000,0x00000095cf800000)]
  0x000001fca4b1b220 JavaThread "C2 CompilerThread0" daemon [_thread_blocked, id=11164, stack(0x00000095cf800000,0x00000095cf900000)]
  0x000001fca4b20430 JavaThread "C1 CompilerThread0" daemon [_thread_blocked, id=10364, stack(0x00000095cf900000,0x00000095cfa00000)]
  0x000001fca4b21440 JavaThread "Sweeper thread" daemon [_thread_blocked, id=9660, stack(0x00000095cfa00000,0x00000095cfb00000)]
  0x000001fca4c4d5e0 JavaThread "Notification Thread" daemon [_thread_blocked, id=6484, stack(0x00000095cfb00000,0x00000095cfc00000)]
  0x000001fca4c53710 JavaThread "Common-Cleaner" daemon [_thread_blocked, id=11268, stack(0x00000095cfd00000,0x00000095cfe00000)]
  0x000001fca4eb8670 JavaThread "Java2D Disposer" daemon [_thread_blocked, id=11272, stack(0x00000095cfe00000,0x00000095cff00000)]
=>0x000001fcaeff2e00 JavaThread "game_loop_thread" daemon [_thread_in_native, id=11408, stack(0x00000095d0500000,0x00000095d0600000)]
  0x000001fcaf099040 JavaThread "AWT-Shutdown" [_thread_blocked, id=11412, stack(0x00000095d0600000,0x00000095d0700000)]
  0x000001fcaf59b0d0 JavaThread "AWT-EventQueue-0" [_thread_blocked, id=11416, stack(0x00000095d1a00000,0x00000095d1b00000)]
  0x000001fcaedc0be0 JavaThread "DestroyJavaVM" [_thread_blocked, id=2272, stack(0x00000095cec00000,0x00000095ced00000)]
  0x000001fcaedc23f0 JavaThread "ToolkitShutdown" daemon [_thread_in_native, id=11540, stack(0x00000095d1c00000,0x00000095d1d00000)]

Other Threads:
  0x000001fca42f7190 VMThread "VM Thread" [stack: 0x00000095cf200000,0x00000095cf300000] [id=4640]
  0x000001fca4c65ba0 WatcherThread [stack: 0x00000095cfc00000,0x00000095cfd00000] [id=6748]
  0x000001fcfae53c40 GCTaskThread "GC Thread#0" [stack: 0x00000095ced00000,0x00000095cee00000] [id=1920]
  0x000001fca5446080 GCTaskThread "GC Thread#1" [stack: 0x00000095d0700000,0x00000095d0800000] [id=11320]
  0x000001fca5447070 GCTaskThread "GC Thread#2" [stack: 0x00000095d0800000,0x00000095d0900000] [id=11324]
  0x000001fca5448d20 GCTaskThread "GC Thread#3" [stack: 0x00000095d0900000,0x00000095d0a00000] [id=11328]
  0x000001fca54473a0 GCTaskThread "GC Thread#4" [stack: 0x00000095d0a00000,0x00000095d0b00000] [id=11332]
  0x000001fca5447a00 GCTaskThread "GC Thread#5" [stack: 0x00000095d0b00000,0x00000095d0c00000] [id=11336]
  0x000001fca54456f0 GCTaskThread "GC Thread#6" [stack: 0x00000095d0c00000,0x00000095d0d00000] [id=11340]
  0x000001fca5448390 GCTaskThread "GC Thread#7" [stack: 0x00000095d0d00000,0x00000095d0e00000] [id=11344]
  0x000001fcfae64b60 ConcurrentGCThread "G1 Main Marker" [stack: 0x00000095cee00000,0x00000095cef00000] [id=2360]
  0x000001fcfae65df0 ConcurrentGCThread "G1 Conc#0" [stack: 0x00000095cef00000,0x00000095cf000000] [id=2264]
  0x000001fca5445a20 ConcurrentGCThread "G1 Conc#1" [stack: 0x00000095d0300000,0x00000095d0400000] [id=11368]
  0x000001fcad9bd3e0 ConcurrentGCThread "G1 Conc#2" [stack: 0x00000095d1300000,0x00000095d1400000] [id=11372]
  0x000001fcfaedd9c0 ConcurrentGCThread "G1 Refine#0" [stack: 0x00000095cf000000,0x00000095cf100000] [id=8004]
  0x000001fcad1ad8c0 ConcurrentGCThread "G1 Refine#1" [stack: 0x00000095d0e00000,0x00000095d0f00000] [id=11348]
  0x000001fcad281f30 ConcurrentGCThread "G1 Refine#2" [stack: 0x00000095d0f00000,0x00000095d1000000] [id=11352]
  0x000001fcad3138f0 ConcurrentGCThread "G1 Refine#3" [stack: 0x00000095d1000000,0x00000095d1100000] [id=11356]
  0x000001fcad313c50 ConcurrentGCThread "G1 Refine#4" [stack: 0x00000095d1100000,0x00000095d1200000] [id=11360]
  0x000001fcad129240 ConcurrentGCThread "G1 Refine#5" [stack: 0x00000095d1200000,0x00000095d1300000] [id=11364]
  0x000001fcfaede4c0 ConcurrentGCThread "G1 Young RemSet Sampling" [stack: 0x00000095cf100000,0x00000095cf200000] [id=4436]

Threads with active compile tasks:

VM state: not at safepoint (normal execution)

VM Mutex/Monitor currently owned by a thread: None

Heap address: 0x0000000701200000, size: 4078 MB, Compressed Oops mode: Zero based, Oop shift amount: 3
CDS archive(s) mapped at: [0x0000000800000000-0x0000000800b50000-0x0000000800b50000), size 11862016, SharedBaseAddress: 0x0000000800000000, ArchiveRelocationMode: 0.
Compressed class space mapped at: 0x0000000800b50000-0x0000000840b50000, size: 1073741824
Narrow klass base: 0x0000000800000000, Narrow klass shift: 3, Narrow klass range: 0x100000000

GC Precious Log:
 CPUs: 12 total, 12 available
 Memory: 16311M
 Large Page Support: Disabled
 NUMA Support: Disabled
 Compressed Oops: Enabled (Zero based)
 Heap Region Size: 2M
 Heap Min Capacity: 8M
 Heap Initial Capacity: 256M
 Heap Max Capacity: 4078M
 Pre-touch: Disabled
 Parallel Workers: 10
 Concurrent Workers: 3
 Concurrent Refinement Workers: 10
 Periodic GC: Disabled

Heap:
 garbage-first heap   total 192512K, used 58779K [0x0000000701200000, 0x0000000800000000)
  region size 2048K, 4 young (8192K), 1 survivors (2048K)
 Metaspace       used 21332K, capacity 21530K, committed 21888K, reserved 1069056K
  class space    used 2278K, capacity 2323K, committed 2432K, reserved 1048576K

Heap Regions: E=young(eden), S=young(survivor), O=old, HS=humongous(starts), HC=humongous(continues), CS=collection set, F=free, OA=open archive, CA=closed archive, TAMS=top-at-mark-start (previous, next)
|   0|0x0000000701200000, 0x0000000701400000, 0x0000000701400000|100%|HS|  |TAMS 0x0000000701400000, 0x0000000701200000| Complete 
|   1|0x0000000701400000, 0x0000000701600000, 0x0000000701600000|100%| O|  |TAMS 0x0000000701600000, 0x0000000701400000| Untracked 
|   2|0x0000000701600000, 0x0000000701800000, 0x0000000701800000|100%|HS|  |TAMS 0x0000000701800000, 0x0000000701600000| Complete 
|   3|0x0000000701800000, 0x0000000701a00000, 0x0000000701a00000|100%| O|  |TAMS 0x0000000701a00000, 0x0000000701800000| Untracked 
|   4|0x0000000701a00000, 0x0000000701c00000, 0x0000000701c00000|100%| O|  |TAMS 0x0000000701c00000, 0x0000000701a00000| Untracked 
|   5|0x0000000701c00000, 0x0000000701e00000, 0x0000000701e00000|100%| O|  |TAMS 0x0000000701e00000, 0x0000000701c00000| Untracked 
|   6|0x0000000701e00000, 0x0000000702000000, 0x0000000702000000|100%| O|  |TAMS 0x0000000702000000, 0x0000000701e00000| Untracked 
|   7|0x0000000702000000, 0x0000000702200000, 0x0000000702200000|100%| O|  |TAMS 0x0000000702200000, 0x0000000702000000| Untracked 
|   8|0x0000000702200000, 0x0000000702400000, 0x0000000702400000|100%| O|  |TAMS 0x0000000702400000, 0x0000000702200000| Untracked 
|   9|0x0000000702400000, 0x0000000702600000, 0x0000000702600000|100%|HS|  |TAMS 0x0000000702400000, 0x0000000702400000| Complete 
|  10|0x0000000702600000, 0x0000000702800000, 0x0000000702800000|100%|HC|  |TAMS 0x0000000702600000, 0x0000000702600000| Complete 
|  11|0x0000000702800000, 0x0000000702a00000, 0x0000000702a00000|100%|HC|  |TAMS 0x0000000702800000, 0x0000000702800000| Complete 
|  12|0x0000000702a00000, 0x0000000702c00000, 0x0000000702c00000|100%|HC|  |TAMS 0x0000000702a00000, 0x0000000702a00000| Complete 
|  13|0x0000000702c00000, 0x0000000702c00000, 0x0000000702e00000|  0%| F|  |TAMS 0x0000000702c00000, 0x0000000702c00000| Untracked 
|  14|0x0000000702e00000, 0x0000000703000000, 0x0000000703000000|100%| O|  |TAMS 0x0000000702e00000, 0x0000000702e00000| Untracked 
|  15|0x0000000703000000, 0x0000000703200000, 0x0000000703200000|100%| O|  |TAMS 0x0000000703000000, 0x0000000703000000| Untracked 
|  16|0x0000000703200000, 0x0000000703400000, 0x0000000703400000|100%|HS|  |TAMS 0x0000000703400000, 0x0000000703200000| Complete 
|  17|0x0000000703400000, 0x0000000703600000, 0x0000000703600000|100%|HC|  |TAMS 0x0000000703600000, 0x0000000703400000| Complete 
|  18|0x0000000703600000, 0x0000000703800000, 0x0000000703800000|100%|HC|  |TAMS 0x0000000703800000, 0x0000000703600000| Complete 
|  19|0x0000000703800000, 0x0000000703a00000, 0x0000000703a00000|100%| O|  |TAMS 0x0000000703800000, 0x0000000703800000| Untracked 
|  20|0x0000000703a00000, 0x0000000703c00000, 0x0000000703c00000|100%|HS|  |TAMS 0x0000000703c00000, 0x0000000703a00000| Complete 
|  21|0x0000000703c00000, 0x0000000703e00000, 0x0000000703e00000|100%|HS|  |TAMS 0x0000000703e00000, 0x0000000703c00000| Complete 
|  22|0x0000000703e00000, 0x0000000704000000, 0x0000000704000000|100%|HC|  |TAMS 0x0000000704000000, 0x0000000703e00000| Complete 
|  23|0x0000000704000000, 0x0000000704200000, 0x0000000704200000|100%|HC|  |TAMS 0x0000000704200000, 0x0000000704000000| Complete 
|  24|0x0000000704200000, 0x0000000704400000, 0x0000000704400000|100%|HC|  |TAMS 0x0000000704400000, 0x0000000704200000| Complete 
|  25|0x0000000704400000, 0x00000007045a9400, 0x0000000704600000| 83%| O|  |TAMS 0x0000000704400000, 0x0000000704400000| Untracked 
|  26|0x0000000704600000, 0x0000000704600000, 0x0000000704800000|  0%| F|  |TAMS 0x0000000704600000, 0x0000000704600000| Untracked 
|  27|0x0000000704800000, 0x0000000704800000, 0x0000000704a00000|  0%| F|  |TAMS 0x0000000704800000, 0x0000000704800000| Untracked 
|  28|0x0000000704a00000, 0x0000000704a00000, 0x0000000704c00000|  0%| F|  |TAMS 0x0000000704a00000, 0x0000000704a00000| Untracked 
|  29|0x0000000704c00000, 0x0000000704c00000, 0x0000000704e00000|  0%| F|  |TAMS 0x0000000704c00000, 0x0000000704c00000| Untracked 
|  30|0x0000000704e00000, 0x0000000704e00000, 0x0000000705000000|  0%| F|  |TAMS 0x0000000704e00000, 0x0000000704e00000| Untracked 
|  31|0x0000000705000000, 0x0000000705000000, 0x0000000705200000|  0%| F|  |TAMS 0x0000000705000000, 0x0000000705000000| Untracked 
|  32|0x0000000705200000, 0x0000000705200000, 0x0000000705400000|  0%| F|  |TAMS 0x0000000705200000, 0x0000000705200000| Untracked 
|  33|0x0000000705400000, 0x0000000705400000, 0x0000000705600000|  0%| F|  |TAMS 0x0000000705400000, 0x0000000705400000| Untracked 
|  34|0x0000000705600000, 0x0000000705600000, 0x0000000705800000|  0%| F|  |TAMS 0x0000000705600000, 0x0000000705600000| Untracked 
|  35|0x0000000705800000, 0x0000000705800000, 0x0000000705a00000|  0%| F|  |TAMS 0x0000000705800000, 0x0000000705800000| Untracked 
|  36|0x0000000705a00000, 0x0000000705a00000, 0x0000000705c00000|  0%| F|  |TAMS 0x0000000705a00000, 0x0000000705a00000| Untracked 
|  37|0x0000000705c00000, 0x0000000705c00000, 0x0000000705e00000|  0%| F|  |TAMS 0x0000000705c00000, 0x0000000705c00000| Untracked 
|  38|0x0000000705e00000, 0x0000000705e00000, 0x0000000706000000|  0%| F|  |TAMS 0x0000000705e00000, 0x0000000705e00000| Untracked 
|  39|0x0000000706000000, 0x0000000706000000, 0x0000000706200000|  0%| F|  |TAMS 0x0000000706000000, 0x0000000706000000| Untracked 
|  40|0x0000000706200000, 0x0000000706200000, 0x0000000706400000|  0%| F|  |TAMS 0x0000000706200000, 0x0000000706200000| Untracked 
|  41|0x0000000706400000, 0x0000000706400000, 0x0000000706600000|  0%| F|  |TAMS 0x0000000706400000, 0x0000000706400000| Untracked 
|  42|0x0000000706600000, 0x0000000706600000, 0x0000000706800000|  0%| F|  |TAMS 0x0000000706600000, 0x0000000706600000| Untracked 
|  43|0x0000000706800000, 0x0000000706800000, 0x0000000706a00000|  0%| F|  |TAMS 0x0000000706800000, 0x0000000706800000| Untracked 
|  44|0x0000000706a00000, 0x0000000706a00000, 0x0000000706c00000|  0%| F|  |TAMS 0x0000000706a00000, 0x0000000706a00000| Untracked 
|  45|0x0000000706c00000, 0x0000000706c00000, 0x0000000706e00000|  0%| F|  |TAMS 0x0000000706c00000, 0x0000000706c00000| Untracked 
|  46|0x0000000706e00000, 0x0000000706e00000, 0x0000000707000000|  0%| F|  |TAMS 0x0000000706e00000, 0x0000000706e00000| Untracked 
|  47|0x0000000707000000, 0x0000000707200000, 0x0000000707200000|100%| O|  |TAMS 0x000000070710c200, 0x0000000707000000| Untracked 
|  48|0x0000000707200000, 0x0000000707200000, 0x0000000707400000|  0%| F|  |TAMS 0x0000000707200000, 0x0000000707200000| Untracked 
|  49|0x0000000707400000, 0x0000000707400000, 0x0000000707600000|  0%| F|  |TAMS 0x0000000707400000, 0x0000000707400000| Untracked 
|  50|0x0000000707600000, 0x0000000707600000, 0x0000000707800000|  0%| F|  |TAMS 0x0000000707600000, 0x0000000707600000| Untracked 
|  51|0x0000000707800000, 0x0000000707800000, 0x0000000707a00000|  0%| F|  |TAMS 0x0000000707800000, 0x0000000707800000| Untracked 
|  52|0x0000000707a00000, 0x0000000707a00000, 0x0000000707c00000|  0%| F|  |TAMS 0x0000000707a00000, 0x0000000707a00000| Untracked 
|  53|0x0000000707c00000, 0x0000000707c00000, 0x0000000707e00000|  0%| F|  |TAMS 0x0000000707c00000, 0x0000000707c00000| Untracked 
|  54|0x0000000707e00000, 0x0000000707e00000, 0x0000000708000000|  0%| F|  |TAMS 0x0000000707e00000, 0x0000000707e00000| Untracked 
|  55|0x0000000708000000, 0x0000000708000000, 0x0000000708200000|  0%| F|  |TAMS 0x0000000708000000, 0x0000000708000000| Untracked 
|  56|0x0000000708200000, 0x0000000708200000, 0x0000000708400000|  0%| F|  |TAMS 0x0000000708200000, 0x0000000708200000| Untracked 
|  57|0x0000000708400000, 0x0000000708400000, 0x0000000708600000|  0%| F|  |TAMS 0x0000000708400000, 0x0000000708400000| Untracked 
|  58|0x0000000708600000, 0x0000000708600000, 0x0000000708800000|  0%| F|  |TAMS 0x0000000708600000, 0x0000000708600000| Untracked 
|  59|0x0000000708800000, 0x0000000708800000, 0x0000000708a00000|  0%| F|  |TAMS 0x0000000708800000, 0x0000000708800000| Untracked 
|  60|0x0000000708a00000, 0x0000000708a00000, 0x0000000708c00000|  0%| F|  |TAMS 0x0000000708a00000, 0x0000000708a00000| Untracked 
|  61|0x0000000708c00000, 0x0000000708c00000, 0x0000000708e00000|  0%| F|  |TAMS 0x0000000708c00000, 0x0000000708c00000| Untracked 
|  62|0x0000000708e00000, 0x0000000708e00000, 0x0000000709000000|  0%| F|  |TAMS 0x0000000708e00000, 0x0000000708e00000| Untracked 
|  63|0x0000000709000000, 0x0000000709000000, 0x0000000709200000|  0%| F|  |TAMS 0x0000000709000000, 0x0000000709000000| Untracked 
|  64|0x0000000709200000, 0x0000000709200000, 0x0000000709400000|  0%| F|  |TAMS 0x0000000709200000, 0x0000000709200000| Untracked 
|  65|0x0000000709400000, 0x0000000709400000, 0x0000000709600000|  0%| F|  |TAMS 0x0000000709400000, 0x0000000709400000| Untracked 
|  66|0x0000000709600000, 0x0000000709600000, 0x0000000709800000|  0%| F|  |TAMS 0x0000000709600000, 0x0000000709600000| Untracked 
|  67|0x0000000709800000, 0x0000000709800000, 0x0000000709a00000|  0%| F|  |TAMS 0x0000000709800000, 0x0000000709800000| Untracked 
|  68|0x0000000709a00000, 0x0000000709a00000, 0x0000000709c00000|  0%| F|  |TAMS 0x0000000709a00000, 0x0000000709a00000| Untracked 
|  69|0x0000000709c00000, 0x0000000709c00000, 0x0000000709e00000|  0%| F|  |TAMS 0x0000000709c00000, 0x0000000709c00000| Untracked 
|  70|0x0000000709e00000, 0x0000000709e00000, 0x000000070a000000|  0%| F|  |TAMS 0x0000000709e00000, 0x0000000709e00000| Untracked 
|  71|0x000000070a000000, 0x000000070a000000, 0x000000070a200000|  0%| F|  |TAMS 0x000000070a000000, 0x000000070a000000| Untracked 
|  72|0x000000070a200000, 0x000000070a200000, 0x000000070a400000|  0%| F|  |TAMS 0x000000070a200000, 0x000000070a200000| Untracked 
|  73|0x000000070a400000, 0x000000070a400000, 0x000000070a600000|  0%| F|  |TAMS 0x000000070a400000, 0x000000070a400000| Untracked 
|  74|0x000000070a600000, 0x000000070a600000, 0x000000070a800000|  0%| F|  |TAMS 0x000000070a600000, 0x000000070a600000| Untracked 
|  75|0x000000070a800000, 0x000000070a800000, 0x000000070aa00000|  0%| F|  |TAMS 0x000000070a800000, 0x000000070a800000| Untracked 
|  76|0x000000070aa00000, 0x000000070aa00000, 0x000000070ac00000|  0%| F|  |TAMS 0x000000070aa00000, 0x000000070aa00000| Untracked 
|  77|0x000000070ac00000, 0x000000070ac00000, 0x000000070ae00000|  0%| F|  |TAMS 0x000000070ac00000, 0x000000070ac00000| Untracked 
|  78|0x000000070ae00000, 0x000000070ae00000, 0x000000070b000000|  0%| F|  |TAMS 0x000000070ae00000, 0x000000070ae00000| Untracked 
|  79|0x000000070b000000, 0x000000070b000000, 0x000000070b200000|  0%| F|  |TAMS 0x000000070b000000, 0x000000070b000000| Untracked 
|  80|0x000000070b200000, 0x000000070b200000, 0x000000070b400000|  0%| F|  |TAMS 0x000000070b200000, 0x000000070b200000| Untracked 
|  81|0x000000070b400000, 0x000000070b400000, 0x000000070b600000|  0%| F|  |TAMS 0x000000070b400000, 0x000000070b400000| Untracked 
|  82|0x000000070b600000, 0x000000070b600000, 0x000000070b800000|  0%| F|  |TAMS 0x000000070b600000, 0x000000070b600000| Untracked 
|  83|0x000000070b800000, 0x000000070b800000, 0x000000070ba00000|  0%| F|  |TAMS 0x000000070b800000, 0x000000070b800000| Untracked 
|  84|0x000000070ba00000, 0x000000070ba00000, 0x000000070bc00000|  0%| F|  |TAMS 0x000000070ba00000, 0x000000070ba00000| Untracked 
|  85|0x000000070bc00000, 0x000000070bc00000, 0x000000070be00000|  0%| F|  |TAMS 0x000000070bc00000, 0x000000070bc00000| Untracked 
|  86|0x000000070be00000, 0x000000070be00000, 0x000000070c000000|  0%| F|  |TAMS 0x000000070be00000, 0x000000070be00000| Untracked 
|  87|0x000000070c000000, 0x000000070c000000, 0x000000070c200000|  0%| F|  |TAMS 0x000000070c000000, 0x000000070c000000| Untracked 
|  88|0x000000070c200000, 0x000000070c200000, 0x000000070c400000|  0%| F|  |TAMS 0x000000070c200000, 0x000000070c200000| Untracked 
|  89|0x000000070c400000, 0x000000070c400000, 0x000000070c600000|  0%| F|  |TAMS 0x000000070c400000, 0x000000070c400000| Untracked 
|  90|0x000000070c600000, 0x000000070c800000, 0x000000070c800000|100%| E|  |TAMS 0x000000070c600000, 0x000000070c600000| Complete 
|  91|0x000000070c800000, 0x000000070ca00000, 0x000000070ca00000|100%| E|CS|TAMS 0x000000070c800000, 0x000000070c800000| Complete 
| 125|0x0000000710c00000, 0x0000000710dbd950, 0x0000000710e00000| 87%| S|CS|TAMS 0x0000000710c00000, 0x0000000710c00000| Complete 
| 127|0x0000000711000000, 0x0000000711200000, 0x0000000711200000|100%| E|CS|TAMS 0x0000000711000000, 0x0000000711000000| Complete 

Card table byte_map: [0x000001fc98640000,0x000001fc98e40000] _byte_map_base: 0x000001fc94e37000

Marking Bits (Prev, Next): (CMBitMap*) 0x000001fcfae54330, (CMBitMap*) 0x000001fcfae54370
 Prev Bits: [0x000001fc99640000, 0x000001fc9d5f8000)
 Next Bits: [0x000001fc9d600000, 0x000001fca15b8000)

Polling page: 0x000001fc80000000

Metaspace:

Usage:
  Non-class:     18.76 MB capacity,    18.61 MB (>99%) used,   128.88 KB ( <1%) free+waste,    24.44 KB ( <1%) overhead. 
      Class:      2.27 MB capacity,     2.23 MB ( 98%) used,    36.02 KB (  2%) free+waste,     8.31 KB ( <1%) overhead. 
       Both:     21.03 MB capacity,    20.83 MB (>99%) used,   164.90 KB ( <1%) free+waste,    32.75 KB ( <1%) overhead. 

Virtual space:
  Non-class space:       20.00 MB reserved,      19.00 MB ( 95%) committed 
      Class space:        1.00 GB reserved,       2.38 MB ( <1%) committed 
             Both:        1.02 GB reserved,      21.38 MB (  2%) committed 

Chunk freelists:
   Non-Class:  57.00 KB
       Class:  13.00 KB
        Both:  70.00 KB

MaxMetaspaceSize: 17179869184.00 GB
CompressedClassSpaceSize: 1.00 GB

CodeHeap 'non-profiled nmethods': size=120000Kb used=1327Kb max_used=1327Kb free=118672Kb
 bounds [0x000001fc8fc50000, 0x000001fc8fec0000, 0x000001fc97180000]
CodeHeap 'profiled nmethods': size=120000Kb used=4889Kb max_used=4889Kb free=115110Kb
 bounds [0x000001fc88720000, 0x000001fc88bf0000, 0x000001fc8fc50000]
CodeHeap 'non-nmethods': size=5760Kb used=1419Kb max_used=1433Kb free=4340Kb
 bounds [0x000001fc88180000, 0x000001fc883f0000, 0x000001fc88720000]
 total_blobs=3424 nmethods=2676 adapters=661
 compilation: enabled
              stopped_count=0, restarted_count=0
 full_count=0

Compilation events (20 events):
Event: 3.971 Thread 0x000001fca4b1b220 2662       4       engine.geom.shape.Rectangle::getY (10 bytes)
Event: 3.971 Thread 0x000001fca4b1b220 nmethod 2662 0x000001fc8fd9a310 code [0x000001fc8fd9a480, 0x000001fc8fd9a518]
Event: 4.006 Thread 0x000001fca4b1b220 2663       4       java.nio.CharBuffer::position (6 bytes)
Event: 4.006 Thread 0x000001fca4b1b220 nmethod 2663 0x000001fc8fd9a610 code [0x000001fc8fd9a780, 0x000001fc8fd9a838]
Event: 4.051 Thread 0x000001fca4b20430 2664       3       java.util.IdentityHashMap::isEmpty (13 bytes)
Event: 4.051 Thread 0x000001fca4b20430 nmethod 2664 0x000001fc88be3610 code [0x000001fc88be37a0, 0x000001fc88be38f8]
Event: 4.063 Thread 0x000001fca4b1b220 2665       4       org.jocl.CL::clSetKernelArg (12 bytes)
Event: 4.064 Thread 0x000001fca4b1b220 nmethod 2665 0x000001fc8fd9a910 code [0x000001fc8fd9aaa0, 0x000001fc8fd9ab48]
Event: 4.203 Thread 0x000001fca4b20430 2666       3       java.util.concurrent.locks.AbstractQueuedSynchronizer::release (19 bytes)
Event: 4.203 Thread 0x000001fca4b20430 nmethod 2666 0x000001fc88be3990 code [0x000001fc88be3b80, 0x000001fc88be3fe8]
Event: 4.203 Thread 0x000001fca4b20430 2667       3       java.util.concurrent.locks.ReentrantLock$Sync::tryRelease (51 bytes)
Event: 4.203 Thread 0x000001fca4b20430 nmethod 2667 0x000001fc88be4190 code [0x000001fc88be4340, 0x000001fc88be4688]
Event: 4.203 Thread 0x000001fca4b20430 2668       3       sun.awt.AWTAutoShutdown::isReadyToShutdown (37 bytes)
Event: 4.203 Thread 0x000001fca4b20430 nmethod 2668 0x000001fc88be4790 code [0x000001fc88be4940, 0x000001fc88be4cb8]
Event: 4.205 Thread 0x000001fca4b20430 2669       3       java.util.concurrent.locks.ReentrantLock::lock (8 bytes)
Event: 4.205 Thread 0x000001fca4b20430 nmethod 2669 0x000001fc88be4d90 code [0x000001fc88be4f40, 0x000001fc88be51f8]
Event: 4.205 Thread 0x000001fca4b20430 2670       3       java.util.concurrent.locks.ReentrantLock$Sync::lock (13 bytes)
Event: 4.205 Thread 0x000001fca4b20430 nmethod 2670 0x000001fc88be5310 code [0x000001fc88be54c0, 0x000001fc88be56f8]
Event: 4.206 Thread 0x000001fca4b20430 2671       3       java.util.concurrent.locks.ReentrantLock::unlock (10 bytes)
Event: 4.206 Thread 0x000001fca4b20430 nmethod 2671 0x000001fc88be5790 code [0x000001fc88be5940, 0x000001fc88be5bf8]

GC Heap History (12 events):
Event: 0.857 GC heap before
{Heap before GC invocations=0 (full 0):
 garbage-first heap   total 262144K, used 28672K [0x0000000701200000, 0x0000000800000000)
  region size 2048K, 11 young (22528K), 0 survivors (0K)
 Metaspace       used 4689K, capacity 4854K, committed 4992K, reserved 1056768K
  class space    used 515K, capacity 574K, committed 640K, reserved 1048576K
}
Event: 0.861 GC heap after
{Heap after GC invocations=1 (full 0):
 garbage-first heap   total 262144K, used 12052K [0x0000000701200000, 0x0000000800000000)
  region size 2048K, 2 young (4096K), 2 survivors (4096K)
 Metaspace       used 4689K, capacity 4854K, committed 4992K, reserved 1056768K
  class space    used 515K, capacity 574K, committed 640K, reserved 1048576K
}
Event: 0.965 GC heap before
{Heap before GC invocations=1 (full 0):
 garbage-first heap   total 262144K, used 36628K [0x0000000701200000, 0x0000000800000000)
  region size 2048K, 11 young (22528K), 2 survivors (4096K)
 Metaspace       used 6980K, capacity 7122K, committed 7296K, reserved 1056768K
  class space    used 727K, capacity 769K, committed 896K, reserved 1048576K
}
Event: 0.968 GC heap after
{Heap after GC invocations=2 (full 0):
 garbage-first heap   total 262144K, used 12915K [0x0000000701200000, 0x0000000800000000)
  region size 2048K, 2 young (4096K), 2 survivors (4096K)
 Metaspace       used 6980K, capacity 7122K, committed 7296K, reserved 1056768K
  class space    used 727K, capacity 769K, committed 896K, reserved 1048576K
}
Event: 1.096 GC heap before
{Heap before GC invocations=2 (full 0):
 garbage-first heap   total 262144K, used 57971K [0x0000000701200000, 0x0000000800000000)
  region size 2048K, 21 young (43008K), 2 survivors (4096K)
 Metaspace       used 10786K, capacity 10942K, committed 11264K, reserved 1058816K
  class space    used 1134K, capacity 1189K, committed 1280K, reserved 1048576K
}
Event: 1.098 GC heap after
{Heap after GC invocations=3 (full 0):
 garbage-first heap   total 262144K, used 25037K [0x0000000701200000, 0x0000000800000000)
  region size 2048K, 3 young (6144K), 3 survivors (6144K)
 Metaspace       used 10786K, capacity 10942K, committed 11264K, reserved 1058816K
  class space    used 1134K, capacity 1189K, committed 1280K, reserved 1048576K
}
Event: 1.576 GC heap before
{Heap before GC invocations=3 (full 0):
 garbage-first heap   total 262144K, used 147917K [0x0000000701200000, 0x0000000800000000)
  region size 2048K, 51 young (104448K), 3 survivors (6144K)
 Metaspace       used 17557K, capacity 17748K, committed 18048K, reserved 1064960K
  class space    used 1762K, capacity 1833K, committed 1920K, reserved 1048576K
}
Event: 1.582 GC heap after
{Heap after GC invocations=4 (full 0):
 garbage-first heap   total 262144K, used 44479K [0x0000000701200000, 0x0000000800000000)
  region size 2048K, 7 young (14336K), 7 survivors (14336K)
 Metaspace       used 17557K, capacity 17748K, committed 18048K, reserved 1064960K
  class space    used 1762K, capacity 1833K, committed 1920K, reserved 1048576K
}
Event: 1.694 GC heap before
{Heap before GC invocations=4 (full 0):
 garbage-first heap   total 262144K, used 114111K [0x0000000701200000, 0x0000000800000000)
  region size 2048K, 12 young (24576K), 7 survivors (14336K)
 Metaspace       used 19000K, capacity 19124K, committed 19328K, reserved 1067008K
  class space    used 1993K, capacity 2057K, committed 2176K, reserved 1048576K
}
Event: 1.699 GC heap after
{Heap after GC invocations=5 (full 0):
 garbage-first heap   total 262144K, used 68656K [0x0000000701200000, 0x0000000800000000)
  region size 2048K, 5 young (10240K), 5 survivors (10240K)
 Metaspace       used 19000K, capacity 19124K, committed 19328K, reserved 1067008K
  class space    used 1993K, capacity 2057K, committed 2176K, reserved 1048576K
}
Event: 1.979 GC heap before
{Heap before GC invocations=6 (full 0):
 garbage-first heap   total 262144K, used 123952K [0x0000000701200000, 0x0000000800000000)
  region size 2048K, 7 young (14336K), 5 survivors (10240K)
 Metaspace       used 19806K, capacity 19998K, committed 20096K, reserved 1067008K
  class space    used 2093K, capacity 2155K, committed 2176K, reserved 1048576K
}
Event: 1.983 GC heap after
{Heap after GC invocations=7 (full 0):
 garbage-first heap   total 262144K, used 81307K [0x0000000701200000, 0x0000000800000000)
  region size 2048K, 1 young (2048K), 1 survivors (2048K)
 Metaspace       used 19806K, capacity 19998K, committed 20096K, reserved 1067008K
  class space    used 2093K, capacity 2155K, committed 2176K, reserved 1048576K
}

Deoptimization events (20 events):
Event: 3.421 Thread 0x000001fcaeff2e00 Uncommon trap: trap_request=0xffffffbe fr.pc=0x000001fc8fd97b00 relative=0x0000000000000060
Event: 3.421 Thread 0x000001fcaeff2e00 Uncommon trap: reason=profile_predicate action=maybe_recompile pc=0x000001fc8fd97b00 method=engine.physics2d.Collisions.detection(Ljava/util/List;)V @ 9 c2
Event: 3.421 Thread 0x000001fcaeff2e00 DEOPT PACKING pc=0x000001fc8fd97b00 sp=0x00000095d05ff200
Event: 3.421 Thread 0x000001fcaeff2e00 DEOPT UNPACKING pc=0x000001fc881ce42f sp=0x00000095d05ff180 mode 2
Event: 3.422 Thread 0x000001fcaeff2e00 Uncommon trap: trap_request=0xffffffbe fr.pc=0x000001fc8fd97b00 relative=0x0000000000000060
Event: 3.422 Thread 0x000001fcaeff2e00 Uncommon trap: reason=profile_predicate action=maybe_recompile pc=0x000001fc8fd97b00 method=engine.physics2d.Collisions.detection(Ljava/util/List;)V @ 9 c2
Event: 3.422 Thread 0x000001fcaeff2e00 DEOPT PACKING pc=0x000001fc8fd97b00 sp=0x00000095d05ff200
Event: 3.422 Thread 0x000001fcaeff2e00 DEOPT UNPACKING pc=0x000001fc881ce42f sp=0x00000095d05ff180 mode 2
Event: 3.422 Thread 0x000001fcaeff2e00 Uncommon trap: trap_request=0xffffffbe fr.pc=0x000001fc8fd97b00 relative=0x0000000000000060
Event: 3.422 Thread 0x000001fcaeff2e00 Uncommon trap: reason=profile_predicate action=maybe_recompile pc=0x000001fc8fd97b00 method=engine.physics2d.Collisions.detection(Ljava/util/List;)V @ 9 c2
Event: 3.422 Thread 0x000001fcaeff2e00 DEOPT PACKING pc=0x000001fc8fd97b00 sp=0x00000095d05ff200
Event: 3.422 Thread 0x000001fcaeff2e00 DEOPT UNPACKING pc=0x000001fc881ce42f sp=0x00000095d05ff180 mode 2
Event: 4.232 Thread 0x000001fcaf59b0d0 Uncommon trap: trap_request=0xffffffc6 fr.pc=0x000001fc8fd57fb4 relative=0x00000000000003f4
Event: 4.232 Thread 0x000001fcaf59b0d0 Uncommon trap: reason=bimorphic_or_optimized_type_check action=maybe_recompile pc=0x000001fc8fd57fb4 method=java.util.HashMap.getNode(Ljava/lang/Object;)Ljava/util/HashMap$Node; @ 128 c2
Event: 4.232 Thread 0x000001fcaf59b0d0 DEOPT PACKING pc=0x000001fc8fd57fb4 sp=0x00000095d1afe080
Event: 4.232 Thread 0x000001fcaf59b0d0 DEOPT UNPACKING pc=0x000001fc881ce42f sp=0x00000095d1afdf88 mode 2
Event: 4.243 Thread 0x000001fcaf59b0d0 Uncommon trap: trap_request=0xffffffc6 fr.pc=0x000001fc8fd57fb4 relative=0x00000000000003f4
Event: 4.243 Thread 0x000001fcaf59b0d0 Uncommon trap: reason=bimorphic_or_optimized_type_check action=maybe_recompile pc=0x000001fc8fd57fb4 method=java.util.HashMap.getNode(Ljava/lang/Object;)Ljava/util/HashMap$Node; @ 128 c2
Event: 4.243 Thread 0x000001fcaf59b0d0 DEOPT PACKING pc=0x000001fc8fd57fb4 sp=0x00000095d1afe0d0
Event: 4.243 Thread 0x000001fcaf59b0d0 DEOPT UNPACKING pc=0x000001fc881ce42f sp=0x00000095d1afdfd8 mode 2

Classes unloaded (0 events):
No events

Classes redefined (0 events):
No events

Internal exceptions (20 events):
Event: 0.095 Thread 0x000001fcfae02c10 Exception <a 'java/lang/ClassNotFoundException'{0x0000000710be66b8}: sun/awt/resources/spi/awtProvider> (0x0000000710be66b8) 
thrown [./open/src/hotspot/share/classfile/systemDictionary.cpp, line 295]
Event: 0.102 Thread 0x000001fcfae02c10 Exception <a 'java/io/FileNotFoundException'{0x00000007108033a0}> (0x00000007108033a0) 
thrown [./open/src/hotspot/share/prims/jni.cpp, line 578]
Event: 0.106 Thread 0x000001fcfae02c10 Exception <a 'java/io/FileNotFoundException'{0x0000000710831c00}> (0x0000000710831c00) 
thrown [./open/src/hotspot/share/prims/jni.cpp, line 578]
Event: 0.107 Thread 0x000001fcfae02c10 Exception <a 'java/lang/NoSuchMethodError'{0x0000000710832df8}: 'java.lang.Object java.lang.invoke.DirectMethodHandle$Holder.invokeStatic(java.lang.Object)'> (0x0000000710832df8) 
thrown [./open/src/hotspot/share/interpreter/linkResolver.cpp, line 782]
Event: 0.127 Thread 0x000001fcfae02c10 Exception <a 'java/lang/NoSuchMethodError'{0x000000071088fd20}: 'java.lang.Object java.lang.invoke.DirectMethodHandle$Holder.invokeStaticInit(java.lang.Object)'> (0x000000071088fd20) 
thrown [./open/src/hotspot/share/interpreter/linkResolver.cpp, line 782]
Event: 0.790 Thread 0x000001fcfae02c10 Exception <a 'java/lang/NoSuchMethodError'{0x00000007109748c8}: 'java.lang.Object java.lang.invoke.DirectMethodHandle$Holder.newInvokeSpecial(java.lang.Object, java.lang.Object, java.lang.Object, java.lang.Object, java.lang.Object)'> (0x00000007109748c8) 
thrown [./open/src/hotspot/share/interpreter/linkResolver.cpp, line 782]
Event: 0.791 Thread 0x000001fcfae02c10 Exception <a 'java/lang/NoSuchMethodError'{0x0000000710980358}: 'java.lang.Object java.lang.invoke.DirectMethodHandle$Holder.invokeStatic(java.lang.Object, int, java.lang.Object, java.lang.Object, java.lang.Object, java.lang.Object)'> (0x0000000710980358) 
thrown [./open/src/hotspot/share/interpreter/linkResolver.cpp, line 782]
Event: 0.793 Thread 0x000001fcfae02c10 Exception <a 'java/lang/NoSuchMethodError'{0x00000007109a6600}: 'java.lang.Object java.lang.invoke.DirectMethodHandle$Holder.invokeStatic(java.lang.Object, int, java.lang.Object)'> (0x00000007109a6600) 
thrown [./open/src/hotspot/share/interpreter/linkResolver.cpp, line 782]
Event: 0.805 Thread 0x000001fcfae02c10 Exception <a 'java/lang/ClassNotFoundException'{0x000000071065eb10}: com/sun/swing/internal/plaf/metal/resources/spi/metalProvider> (0x000000071065eb10) 
thrown [./open/src/hotspot/share/classfile/systemDictionary.cpp, line 295]
Event: 0.806 Thread 0x000001fcfae02c10 Exception <a 'java/lang/ClassNotFoundException'{0x0000000710662f40}: com/sun/swing/internal/plaf/basic/resources/spi/basicProvider> (0x0000000710662f40) 
thrown [./open/src/hotspot/share/classfile/systemDictionary.cpp, line 295]
Event: 0.886 Thread 0x000001fca4cbb5a0 Exception <a 'java/lang/NoSuchMethodError'{0x000000071086ec98}: 'void java.lang.invoke.DirectMethodHandle$Holder.invokeStatic(java.lang.Object, java.lang.Object)'> (0x000000071086ec98) 
thrown [./open/src/hotspot/share/interpreter/linkResolver.cpp, line 782]
Event: 0.886 Thread 0x000001fca4cbb5a0 Exception <a 'java/lang/NoSuchMethodError'{0x00000007108726a0}: 'void java.lang.invoke.DirectMethodHandle$Holder.invokeStaticInit(java.lang.Object, java.lang.Object)'> (0x00000007108726a0) 
thrown [./open/src/hotspot/share/interpreter/linkResolver.cpp, line 782]
Event: 0.905 Thread 0x000001fca4cbb5a0 Implicit null exception at 0x000001fc8fc80e75 to 0x000001fc8fc80f50
Event: 1.063 Thread 0x000001fca4cbb5a0 Exception <a 'java/lang/NoSuchMethodError'{0x000000070ef1ac80}: 'java.lang.Object java.lang.invoke.DirectMethodHandle$Holder.invokeStaticInit(java.lang.Object, int, int, int, int)'> (0x000000070ef1ac80) 
thrown [./open/src/hotspot/share/interpreter/linkResolver.cpp, line 782]
Event: 1.082 Thread 0x000001fca4cbb5a0 Exception <a 'java/lang/NoSuchMethodError'{0x000000070ef5b9d0}: 'java.lang.Object java.lang.invoke.DirectMethodHandle$Holder.invokeStaticInit(java.lang.Object, java.lang.Object, int, int, int, int)'> (0x000000070ef5b9d0) 
thrown [./open/src/hotspot/share/interpreter/linkResolver.cpp, line 782]
Event: 1.216 Thread 0x000001fca4cbb5a0 Implicit null exception at 0x000001fc8fc93d53 to 0x000001fc8fc948b4
Event: 1.540 Thread 0x000001fca4cbb5a0 Exception <a 'java/lang/NoSuchMethodError'{0x000000070aee9430}: 'void java.lang.invoke.DirectMethodHandle$Holder.invokeStaticInit(java.lang.Object)'> (0x000000070aee9430) 
thrown [./open/src/hotspot/share/interpreter/linkResolver.cpp, line 782]
Event: 1.593 Thread 0x000001fca4cbb5a0 Implicit null exception at 0x000001fc8fd487ac to 0x000001fc8fd488cc
Event: 1.677 Thread 0x000001fca4cbb5a0 Implicit null exception at 0x000001fc8fd61276 to 0x000001fc8fd6158c
Event: 2.314 Thread 0x000001fcaeff2e00 Exception <a 'java/lang/NoSuchMethodError'{0x000000071112da20}: 'void java.lang.invoke.DirectMethodHandle$Holder.invokeStatic(java.lang.Object, java.lang.Object, java.lang.Object)'> (0x000000071112da20) 
thrown [./open/src/hotspot/share/interpreter/linkResolver.cpp, line 782]

Events (20 events):
Event: 2.232 loading class java/util/concurrent/ForkJoinPool$ManagedBlocker
Event: 2.232 loading class java/util/concurrent/ForkJoinPool$ManagedBlocker done
Event: 2.232 loading class java/util/concurrent/locks/AbstractQueuedSynchronizer$ConditionNode done
Event: 2.311 loading class java/applet/Applet
Event: 2.311 loading class java/awt/Panel
Event: 2.311 loading class java/awt/Panel done
Event: 2.311 loading class java/applet/Applet done
Event: 3.046 Executing VM operation: HandshakeAllThreads
Event: 3.046 Executing VM operation: HandshakeAllThreads done
Event: 4.050 Executing VM operation: HandshakeAllThreads
Event: 4.050 Executing VM operation: HandshakeAllThreads done
Event: 4.232 loading class sun/awt/DebugSettings
Event: 4.243 loading class sun/awt/DebugSettings done
Event: 4.243 loading class javax/swing/JComponent$KeyboardState
Event: 4.243 loading class javax/swing/JComponent$KeyboardState done
Event: 4.243 loading class javax/swing/JComponent$IntVector
Event: 4.243 loading class javax/swing/JComponent$IntVector done
Event: 4.244 loading class java/awt/KeyboardFocusManager$2
Event: 4.244 loading class java/awt/KeyboardFocusManager$2 done
Event: 4.244 loading class sun/awt/SunToolkit$1


Dynamic libraries:
0x00007ff67d400000 - 0x00007ff67d40f000 	C:\Program Files\Java\jdk-15.0.2\bin\java.exe
0x00007ffc2ead0000 - 0x00007ffc2ecc6000 	C:\Windows\SYSTEM32\ntdll.dll
0x00007ffc2cce0000 - 0x00007ffc2cd9d000 	C:\Windows\System32\KERNEL32.DLL
0x00007ffc2c420000 - 0x00007ffc2c6e9000 	C:\Windows\System32\KERNELBASE.dll
0x00007ffc2c720000 - 0x00007ffc2c820000 	C:\Windows\System32\ucrtbase.dll
0x00007ffc13dc0000 - 0x00007ffc13dd8000 	C:\Program Files\Java\jdk-15.0.2\bin\jli.dll
0x00007ffc13c10000 - 0x00007ffc13c29000 	C:\Program Files\Java\jdk-15.0.2\bin\VCRUNTIME140.dll
0x00007ffc2dc70000 - 0x00007ffc2dd1c000 	C:\Windows\System32\ADVAPI32.dll
0x00007ffc2e7d0000 - 0x00007ffc2e86e000 	C:\Windows\System32\msvcrt.dll
0x00007ffc2dba0000 - 0x00007ffc2dc3c000 	C:\Windows\System32\sechost.dll
0x00007ffc2e8f0000 - 0x00007ffc2ea1b000 	C:\Windows\System32\RPCRT4.dll
0x00007ffc2e4f0000 - 0x00007ffc2e690000 	C:\Windows\System32\USER32.dll
0x00007ffc2cb00000 - 0x00007ffc2cb22000 	C:\Windows\System32\win32u.dll
0x00007ffc181e0000 - 0x00007ffc1847b000 	C:\Windows\WinSxS\amd64_microsoft.windows.common-controls_6595b64144ccf1df_6.0.19041.746_none_ca02b4b61b8320a4\COMCTL32.dll
0x00007ffc2dc40000 - 0x00007ffc2dc6a000 	C:\Windows\System32\GDI32.dll
0x00007ffc2c820000 - 0x00007ffc2c92b000 	C:\Windows\System32\gdi32full.dll
0x00007ffc2c9b0000 - 0x00007ffc2ca4d000 	C:\Windows\System32\msvcp_win.dll
0x00007ffc26f00000 - 0x00007ffc26f0a000 	C:\Windows\SYSTEM32\VERSION.dll
0x00007ffc2db70000 - 0x00007ffc2dba0000 	C:\Windows\System32\IMM32.DLL
0x00007ffc27d20000 - 0x00007ffc27d2c000 	C:\Program Files\Java\jdk-15.0.2\bin\vcruntime140_1.dll
0x00007ffc13b70000 - 0x00007ffc13c01000 	C:\Program Files\Java\jdk-15.0.2\bin\msvcp140.dll
0x00007ffbea360000 - 0x00007ffbeaebe000 	C:\Program Files\Java\jdk-15.0.2\bin\server\jvm.dll
0x00007ffc2cec0000 - 0x00007ffc2cec8000 	C:\Windows\System32\PSAPI.DLL
0x00007ffc1ecf0000 - 0x00007ffc1ed17000 	C:\Windows\SYSTEM32\WINMM.dll
0x00007ffc15b90000 - 0x00007ffc15b99000 	C:\Windows\SYSTEM32\WSOCK32.dll
0x00007ffc2ea20000 - 0x00007ffc2ea8b000 	C:\Windows\System32\WS2_32.dll
0x00007ffc2a180000 - 0x00007ffc2a192000 	C:\Windows\SYSTEM32\kernel.appcore.dll
0x00007ffc13b60000 - 0x00007ffc13b6a000 	C:\Program Files\Java\jdk-15.0.2\bin\jimage.dll
0x00007ffc1c060000 - 0x00007ffc1c244000 	C:\Windows\SYSTEM32\DBGHELP.DLL
0x00007ffc1c500000 - 0x00007ffc1c52c000 	C:\Windows\SYSTEM32\dbgcore.DLL
0x00007ffc2c930000 - 0x00007ffc2c9b0000 	C:\Windows\System32\bcryptPrimitives.dll
0x00007ffc13b30000 - 0x00007ffc13b55000 	C:\Program Files\Java\jdk-15.0.2\bin\java.dll
0x00007ffc2dd20000 - 0x00007ffc2e462000 	C:\Windows\System32\SHELL32.dll
0x00007ffc2a380000 - 0x00007ffc2ab10000 	C:\Windows\SYSTEM32\windows.storage.dll
0x00007ffc2ced0000 - 0x00007ffc2d226000 	C:\Windows\System32\combase.dll
0x00007ffc2bc70000 - 0x00007ffc2bc9c000 	C:\Windows\SYSTEM32\Wldp.dll
0x00007ffc2e720000 - 0x00007ffc2e7ce000 	C:\Windows\System32\SHCORE.dll
0x00007ffc2e490000 - 0x00007ffc2e4e5000 	C:\Windows\System32\shlwapi.dll
0x00007ffc2c140000 - 0x00007ffc2c166000 	C:\Windows\SYSTEM32\profapi.dll
0x00007ffc114a0000 - 0x00007ffc114b9000 	C:\Program Files\Java\jdk-15.0.2\bin\net.dll
0x00007ffc22610000 - 0x00007ffc22710000 	C:\Windows\SYSTEM32\WINHTTP.dll
0x00007ffc2b9f0000 - 0x00007ffc2ba5a000 	C:\Windows\system32\mswsock.dll
0x00007ffc07d50000 - 0x00007ffc07d62000 	C:\Program Files\Java\jdk-15.0.2\bin\nio.dll
0x00007ffc07d10000 - 0x00007ffc07d28000 	C:\Program Files\Java\jdk-15.0.2\bin\zip.dll
0x00007ffbfddb0000 - 0x00007ffbfdf30000 	C:\Program Files\Java\jdk-15.0.2\bin\awt.dll
0x00007ffc2da30000 - 0x00007ffc2dafd000 	C:\Windows\System32\OLEAUT32.dll
0x00007ffc29af0000 - 0x00007ffc29b80000 	C:\Windows\SYSTEM32\apphelp.dll
0x00007ffc29dc0000 - 0x00007ffc29def000 	C:\Windows\system32\DWMAPI.DLL
0x00007ffc29be0000 - 0x00007ffc29c7e000 	C:\Windows\system32\uxtheme.dll
0x00007ffc141d0000 - 0x00007ffc142f5000 	C:\Windows\system32\opengl32.dll
0x00007ffc141a0000 - 0x00007ffc141cc000 	C:\Windows\SYSTEM32\GLU32.dll
0x00007ffc2cda0000 - 0x00007ffc2ceb5000 	C:\Windows\System32\MSCTF.dll
0x00007ffc2d2f0000 - 0x00007ffc2d41a000 	C:\Windows\System32\ole32.dll
0x00007ffc2bdf0000 - 0x00007ffc2be02000 	C:\Windows\SYSTEM32\msasn1.dll
0x00007ffc26e50000 - 0x00007ffc26e81000 	C:\Windows\SYSTEM32\cryptnet.dll
0x00007ffc2c2c0000 - 0x00007ffc2c416000 	C:\Windows\System32\CRYPT32.dll
0x00007ffc2bbc0000 - 0x00007ffc2bbcc000 	C:\Windows\SYSTEM32\cryptbase.dll
0x00007ffc2c210000 - 0x00007ffc2c270000 	C:\Windows\System32\WINTRUST.DLL
0x00007ffc2e470000 - 0x00007ffc2e48d000 	C:\Windows\System32\imagehlp.dll
0x00007ffc2bbd0000 - 0x00007ffc2bbe8000 	C:\Windows\SYSTEM32\CRYPTSP.dll
0x00007ffc2b320000 - 0x00007ffc2b354000 	C:\Windows\system32\rsaenh.dll
0x00007ffc2c6f0000 - 0x00007ffc2c717000 	C:\Windows\System32\bcrypt.dll
0x00007ffc2ab10000 - 0x00007ffc2ab33000 	C:\Windows\SYSTEM32\gpapi.dll
0x00007ffc23390000 - 0x00007ffc233cb000 	C:\Windows\SYSTEM32\dxcore.dll
0x00007ffc2c270000 - 0x00007ffc2c2be000 	C:\Windows\System32\cfgmgr32.dll
0x00007ffc13e00000 - 0x00007ffc13e2d000 	C:\Program Files\Java\jdk-15.0.2\bin\javajpeg.dll
0x00007ffc13d80000 - 0x00007ffc13dbf000 	C:\Program Files\Java\jdk-15.0.2\bin\lcms.dll
0x00007ffc2c0c0000 - 0x00007ffc2c0ee000 	C:\Windows\SYSTEM32\USERENV.dll
0x00007ffc2b690000 - 0x00007ffc2b6cb000 	C:\Windows\SYSTEM32\IPHLPAPI.DLL
0x00007ffc2d230000 - 0x00007ffc2d238000 	C:\Windows\System32\NSI.dll
0x00007ffc26380000 - 0x00007ffc26397000 	C:\Windows\SYSTEM32\dhcpcsvc6.DLL
0x00007ffc26290000 - 0x00007ffc262ad000 	C:\Windows\SYSTEM32\dhcpcsvc.DLL
0x00007ffc2b6e0000 - 0x00007ffc2b7ab000 	C:\Windows\SYSTEM32\DNSAPI.dll
0x00007ffbfb340000 - 0x00007ffbfb3c5000 	C:\Program Files\Java\jdk-15.0.2\bin\freetype.dll
0x00007ffbf7cf0000 - 0x00007ffbf7d99000 	C:\Program Files\Java\jdk-15.0.2\bin\fontmanager.dll
0x00007ffc13d40000 - 0x00007ffc13d7d000 	C:\Users\amaur\AppData\Local\Temp\JOCL_2_0_2-windows-x86_64.dll
0x00007ffc13a60000 - 0x00007ffc13ad1000 	C:\Windows\SYSTEM32\OpenCL.dll
0x00007ffbd4a10000 - 0x00007ffbd6ff4000 	C:\Windows\System32\DriverStore\FileRepository\nvmd.inf_amd64_1408eaf9a25ed64f\nvopencl64.dll
0x00007ffc21110000 - 0x00007ffc217e6000 	C:\Windows\SYSTEM32\nvapi64.dll
0x00007ffc2d420000 - 0x00007ffc2d887000 	C:\Windows\System32\SETUPAPI.DLL
0x00007ffc206b0000 - 0x00007ffc207ab000 	C:\Windows\SYSTEM32\textinputframework.dll
0x00007ffc298c0000 - 0x00007ffc299b2000 	C:\Windows\System32\CoreMessaging.dll
0x00007ffc291e0000 - 0x00007ffc2953e000 	C:\Windows\System32\CoreUIComponents.dll
0x00007ffc2af50000 - 0x00007ffc2af83000 	C:\Windows\SYSTEM32\ntmarta.dll
0x00007ffc28120000 - 0x00007ffc28274000 	C:\Windows\SYSTEM32\wintypes.dll

dbghelp: loaded successfully - version: 4.0.5 - missing functions: none
symbol engine: initialized successfully - sym options: 0x614 - pdb path: .;C:\Program Files\Java\jdk-15.0.2\bin;C:\Windows\SYSTEM32;C:\Windows\WinSxS\amd64_microsoft.windows.common-controls_6595b64144ccf1df_6.0.19041.746_none_ca02b4b61b8320a4;C:\Program Files\Java\jdk-15.0.2\bin\server;C:\Windows\System32\DriverStore\FileRepository\nvmd.inf_amd64_1408eaf9a25ed64f;C:\Users\amaur\AppData\Local\Temp

VM Arguments:
java_command: Launcher
java_class_path (initial): C:\Users\amaur\Desktop\roguelike-proto\lib\runtime\scala-compiler-2.12.2.jar;C:\Users\amaur\Desktop\roguelike-proto\lib\runtime\scala-library-2.12.2.jar;C:\Users\amaur\Desktop\roguelike-proto\lib\runtime\scala-reflect-2.12.2.jar;C:\Users\amaur\Desktop\roguelike-proto\bin;C:\Users\amaur\Desktop\roguelike-proto\lib\third-party\aspose\aspose-psd-20.9-jdk16.jar;C:\Users\amaur\Desktop\roguelike-proto\lib\third-party\jocl\jocl-2.0.2.jar;C:\Users\amaur\Desktop\roguelike-proto\lib\third-party\jxinput\jxinput-0.3.4.jar
Launcher Type: SUN_STANDARD

[Global flags]
     intx CICompilerCount                          = 4                                         {product} {ergonomic}
     uint ConcGCThreads                            = 3                                         {product} {ergonomic}
     uint G1ConcRefinementThreads                  = 10                                        {product} {ergonomic}
   size_t G1HeapRegionSize                         = 2097152                                   {product} {ergonomic}
    uintx GCDrainStackTargetSize                   = 64                                        {product} {ergonomic}
   size_t InitialHeapSize                          = 268435456                                 {product} {ergonomic}
   size_t MarkStackSize                            = 4194304                                   {product} {ergonomic}
   size_t MaxHeapSize                              = 4276092928                                {product} {ergonomic}
   size_t MaxNewSize                               = 2564816896                                {product} {ergonomic}
   size_t MinHeapDeltaBytes                        = 2097152                                   {product} {ergonomic}
   size_t MinHeapSize                              = 8388608                                   {product} {ergonomic}
    uintx NonNMethodCodeHeapSize                   = 5839372                                {pd product} {ergonomic}
    uintx NonProfiledCodeHeapSize                  = 122909434                              {pd product} {ergonomic}
    uintx ProfiledCodeHeapSize                     = 122909434                              {pd product} {ergonomic}
    uintx ReservedCodeCacheSize                    = 251658240                              {pd product} {ergonomic}
     bool SegmentedCodeCache                       = true                                      {product} {ergonomic}
   size_t SoftMaxHeapSize                          = 4276092928                             {manageable} {ergonomic}
     bool UseCompressedClassPointers               = true                                 {lp64_product} {ergonomic}
     bool UseCompressedOops                        = true                                 {lp64_product} {ergonomic}
     bool UseG1GC                                  = true                                      {product} {ergonomic}
     bool UseLargePagesIndividualAllocation        = false                                  {pd product} {ergonomic}

Logging:
Log output configuration:
 #0: stdout all=warning uptime,level,tags
 #1: stderr all=off uptime,level,tags

Environment Variables:
JAVA_HOME=C:/Program Files/Java/jdk-15.0.2
PATH=C:\Program Files\Git\mingw64\bin;C:\Program Files\Git\usr\bin;C:\Users\amaur\bin;C:\Python39\Scripts;C:\Python39;C:\Program Files\Common Files\Oracle\Java\javapath;C:\Program Files (x86)\Common Files\Oracle\Java\javapath;C:\Windows\system32;C:\Windows;C:\Windows\System32\Wbem;C:\Windows\System32\WindowsPowerShell\v1.0;C:\Windows\System32\OpenSSH;C:\Program Files\nodejs;C:\ProgramData\chocolatey\bin;C:\Program Files\Java\jdk-15.0.2\bin;C:\Program Files\Ant\apache-ant-1.10.9\bin;C:\Users\amaur\AppData\Local\Microsoft\WindowsApps;C:\Users\amaur\AppData\Local\Programs\Microsoft VS Code\bin;C:\Users\amaur\AppData\Roaming\npm
USERNAME=amaur
LANG=en_GB.UTF-8
OS=Windows_NT
PROCESSOR_IDENTIFIER=AMD64 Family 23 Model 113 Stepping 0, AuthenticAMD



---------------  S Y S T E M  ---------------

OS:
 Windows 10 , 64 bit Build 19041 (10.0.19041.804)
OS uptime: 0 days 3:14 hours

CPU: total 12 (initial active 12) (12 cores per cpu, 2 threads per core) family 23 model 113 stepping 0 microcode 0x0, cmov, cx8, fxsr, mmx, sse, sse2, sse3, ssse3, sse4.1, sse4.2, popcnt, vzeroupper, avx, avx2, aes, clmul, 3dnowpref, lzcnt, sse4a, ht, tsc, tscinvbit, tscinv, bmi1, bmi2, adx, sha, fma, clflush, clflushopt

Memory: 4k page, system-wide physical 16311M (11008M free)
TotalPageFile size 18743M (AvailPageFile size 10208M)
current process WorkingSet (physical memory assigned to process): 371M, peak: 436M
current process commit charge ("private bytes"): 628M, peak: 673M

vm_info: Java HotSpot(TM) 64-Bit Server VM (15.0.2+7-27) for windows-amd64 JRE (15.0.2+7-27), built on Dec  7 2020 20:07:01 by "mach5one" with unknown MS VC++:1925

END.
