#
# A fatal error has been detected by the Java Runtime Environment:
#
#  EXCEPTION_ACCESS_VIOLATION (0xc0000005) at pc=0x0000000000000000, pid=13292, tid=11692
#
# JRE version: Java(TM) SE Runtime Environment (15.0.2+7) (build 15.0.2+7-27)
# Java VM: Java HotSpot(TM) 64-Bit Server VM (15.0.2+7-27, mixed mode, sharing, tiered, compressed oops, g1 gc, windows-amd64)
# Problematic frame:
# C  0x0000000000000000
#
# No core dump will be written. Minidumps are not enabled by default on client versions of Windows
#
# If you would like to submit a bug report, please visit:
#   https://bugreport.java.com/bugreport/crash.jsp
# The crash happened outside the Java Virtual Machine in native code.
# See problematic frame for where to report the bug.
#

---------------  S U M M A R Y ------------

Command Line: Launcher

Host: AMD Ryzen 5 3600 6-Core Processor              , 12 cores, 15G,  Windows 10 , 64 bit Build 19041 (10.0.19041.804)
Time: Tue Feb 16 00:02:06 2021 Romance Standard Time elapsed time: 4.836117 seconds (0d 0h 0m 4s)

---------------  T H R E A D  ---------------

Current thread (0x0000021b9dc02910):  JavaThread "game_loop_thread" daemon [_thread_in_native, id=11692, stack(0x000000c9dd200000,0x000000c9dd300000)]

Stack: [0x000000c9dd200000,0x000000c9dd300000],  sp=0x000000c9dd2ff038,  free space=1020k
Native frames: (J=compiled Java code, j=interpreted, Vv=VM code, C=native code)

Java frames: (J=compiled Java code, j=interpreted, Vv=VM code)
J 2548  org.jocl.CL.clCreateImageNative(Lorg/jocl/cl_context;JLorg/jocl/cl_image_format;Lorg/jocl/cl_image_desc;Lorg/jocl/Pointer;[I)Lorg/jocl/cl_mem; (0 bytes) @ 0x0000021b87c0c28c [0x0000021b87c0c1c0+0x00000000000000cc]
J 2547 c1 org.jocl.CL.clCreateImage(Lorg/jocl/cl_context;JLorg/jocl/cl_image_format;Lorg/jocl/cl_image_desc;Lorg/jocl/Pointer;[I)Lorg/jocl/cl_mem; (47 bytes) @ 0x0000021b80a31194 [0x0000021b80a31000+0x0000000000000194]
J 2556 c1 engine.render2d.OpenCL.XXX(Ljava/awt/image/BufferedImage;Ljava/awt/image/BufferedImage;FF)V (312 bytes) @ 0x0000021b80a347b4 [0x0000021b80a34340+0x0000000000000474]
j  engine.scene.Scene.CL_render()V+89
j  engine.stage.Stage.run()V+134
j  java.lang.Thread.run()V+11 java.base@15.0.2
v  ~StubRoutines::call_stub

siginfo: EXCEPTION_ACCESS_VIOLATION (0xc0000005), data execution prevention violation at address 0x0000000000000000


Register to memory mapping:

RIP=0x0 is NULL
RAX=0x000000c9dd2ff070 is pointing into the stack for thread: 0x0000021b9dc02910
RBX=0x0000021b9dc02c38 points into unknown readable memory: 0x00007ffaaaf6de40 | 40 de f6 aa fa 7f 00 00
RCX=0x0000021b9c846e60 points into unknown readable memory: 0x0000021b9e035cc0 | c0 5c 03 9e 1b 02 00 00
RDX=0x0000000000000002 is an unknown value
RSP=0x000000c9dd2ff038 is pointing into the stack for thread: 0x0000021b9dc02910
RBP=0x0000000000000002 is an unknown value
RSI=0x000000c9dd2ff130 is pointing into the stack for thread: 0x0000021b9dc02910
RDI=0x0000021b9c846e60 points into unknown readable memory: 0x0000021b9e035cc0 | c0 5c 03 9e 1b 02 00 00
R8 =0x000000c9dd2ff078 is pointing into the stack for thread: 0x0000021b9dc02910
R9 =0x000000c9dd2ff090 is pointing into the stack for thread: 0x0000021b9dc02910
R10=0x0000021b9c483c20 points into unknown readable memory: 0x0000021b93b98eb0 | b0 8e b9 93 1b 02 00 00
R11=0xfbbff000000003ff is an unknown value
R12=0x0 is NULL
R13=0x0000000713ddb838 is an oop: org.jocl.cl_image_desc 
{0x0000000713ddb838} - klass: 'org/jocl/cl_image_desc'
R14=0x000000c9dd2ff160 is pointing into the stack for thread: 0x0000021b9dc02910
R15=0x0000021b9dc02910 is a thread


Registers:
RAX=0x000000c9dd2ff070, RBX=0x0000021b9dc02c38, RCX=0x0000021b9c846e60, RDX=0x0000000000000002
RSP=0x000000c9dd2ff038, RBP=0x0000000000000002, RSI=0x000000c9dd2ff130, RDI=0x0000021b9c846e60
R8 =0x000000c9dd2ff078, R9 =0x000000c9dd2ff090, R10=0x0000021b9c483c20, R11=0xfbbff000000003ff
R12=0x0000000000000000, R13=0x0000000713ddb838, R14=0x000000c9dd2ff160, R15=0x0000021b9dc02910
RIP=0x0000000000000000, EFLAGS=0x0000000000010206

Top of Stack: (sp=0x000000c9dd2ff038)
0x000000c9dd2ff038:   00007ffada7e57a0 0000000000000002
0x000000c9dd2ff048:   000000c9dd2ff130 000000c9dd2ff130
0x000000c9dd2ff058:   0000000000000002 0000000000000000
0x000000c9dd2ff068:   000000c9dd2ff070 0000000000000000
0x000000c9dd2ff078:   000010da000010b5 0000021b93928660
0x000000c9dd2ff088:   0000000000000000 00000000000010f1
0x000000c9dd2ff098:   0000000000000780 0000000000000438
0x000000c9dd2ff0a8:   0000000000000000 0000000000000000
0x000000c9dd2ff0b8:   0000000000000000 0000000000000000
0x000000c9dd2ff0c8:   0000000000000000 0000000000000000
0x000000c9dd2ff0d8:   0000021b9c846e01 0000000000000000
0x000000c9dd2ff0e8:   0000021b87c0c32c 0000000713ddb838
0x000000c9dd2ff0f8:   0000000713ddb888 000000c9dd2ff170
0x000000c9dd2ff108:   0000021b9d6a22c0 000000c9dd2ff140
0x000000c9dd2ff118:   000000c9dd2ff148 0000000000000000
0x000000c9dd2ff128:   000000c9dd2ff158 00000007145baca8 

Instructions: (pc=0x0000000000000000)
0xffffffffffffff00:   


Stack slot to memory mapping:
stack at sp + 0 slots: 0x00007ffada7e57a0 JOCL_2_0_2-windows-x86_64.dll
stack at sp + 1 slots: 0x0000000000000002 is an unknown value
stack at sp + 2 slots: 0x000000c9dd2ff130 is pointing into the stack for thread: 0x0000021b9dc02910
stack at sp + 3 slots: 0x000000c9dd2ff130 is pointing into the stack for thread: 0x0000021b9dc02910
stack at sp + 4 slots: 0x0000000000000002 is an unknown value
stack at sp + 5 slots: 0x0 is NULL
stack at sp + 6 slots: 0x000000c9dd2ff070 is pointing into the stack for thread: 0x0000021b9dc02910
stack at sp + 7 slots: 0x0 is NULL


---------------  P R O C E S S  ---------------

Threads class SMR info:
_java_thread_list=0x0000021b9e072530, length=16, elements={
0x0000021bffc05140, 0x0000021bffc064b0, 0x0000021bffc0e4c0, 0x0000021b937d1f80,
0x0000021b937d30e0, 0x0000021b937d7730, 0x0000021b937dbf70, 0x0000021b937ed9c0,
0x0000021b93902690, 0x0000021b93913790, 0x0000021b93b8b300, 0x0000021b9dc02910,
0x0000021b9da7d0b0, 0x0000021b9dc06e90, 0x0000021b9d7e61d0, 0x0000021b9d7e66a0
}

Java Threads: ( => current thread )
  0x0000021bffc05140 JavaThread "Reference Handler" daemon [_thread_blocked, id=12976, stack(0x000000c9dc000000,0x000000c9dc100000)]
  0x0000021bffc064b0 JavaThread "Finalizer" daemon [_thread_blocked, id=2624, stack(0x000000c9dc100000,0x000000c9dc200000)]
  0x0000021bffc0e4c0 JavaThread "Signal Dispatcher" daemon [_thread_blocked, id=5512, stack(0x000000c9dc200000,0x000000c9dc300000)]
  0x0000021b937d1f80 JavaThread "Attach Listener" daemon [_thread_blocked, id=11348, stack(0x000000c9dc300000,0x000000c9dc400000)]
  0x0000021b937d30e0 JavaThread "Service Thread" daemon [_thread_blocked, id=13000, stack(0x000000c9dc400000,0x000000c9dc500000)]
  0x0000021b937d7730 JavaThread "C2 CompilerThread0" daemon [_thread_blocked, id=3088, stack(0x000000c9dc500000,0x000000c9dc600000)]
  0x0000021b937dbf70 JavaThread "C1 CompilerThread0" daemon [_thread_blocked, id=13208, stack(0x000000c9dc600000,0x000000c9dc700000)]
  0x0000021b937ed9c0 JavaThread "Sweeper thread" daemon [_thread_blocked, id=2456, stack(0x000000c9dc700000,0x000000c9dc800000)]
  0x0000021b93902690 JavaThread "Notification Thread" daemon [_thread_blocked, id=10132, stack(0x000000c9dc800000,0x000000c9dc900000)]
  0x0000021b93913790 JavaThread "Common-Cleaner" daemon [_thread_blocked, id=12344, stack(0x000000c9dca00000,0x000000c9dcb00000)]
  0x0000021b93b8b300 JavaThread "Java2D Disposer" daemon [_thread_blocked, id=9552, stack(0x000000c9dcb00000,0x000000c9dcc00000)]
=>0x0000021b9dc02910 JavaThread "game_loop_thread" daemon [_thread_in_native, id=11692, stack(0x000000c9dd200000,0x000000c9dd300000)]
  0x0000021b9da7d0b0 JavaThread "AWT-Shutdown" [_thread_blocked, id=1912, stack(0x000000c9dd300000,0x000000c9dd400000)]
  0x0000021b9dc06e90 JavaThread "AWT-EventQueue-0" [_thread_blocked, id=2160, stack(0x000000c9de700000,0x000000c9de800000)]
  0x0000021b9d7e61d0 JavaThread "DestroyJavaVM" [_thread_blocked, id=11984, stack(0x000000c9db900000,0x000000c9dba00000)]
  0x0000021b9d7e66a0 JavaThread "ToolkitShutdown" daemon [_thread_in_native, id=12340, stack(0x000000c9de200000,0x000000c9de300000)]

Other Threads:
  0x0000021bffc03120 VMThread "VM Thread" [stack: 0x000000c9dbf00000,0x000000c9dc000000] [id=10044]
  0x0000021b939132e0 WatcherThread [stack: 0x000000c9dc900000,0x000000c9dca00000] [id=12972]
  0x0000021bef052de0 GCTaskThread "GC Thread#0" [stack: 0x000000c9dba00000,0x000000c9dbb00000] [id=5108]
  0x0000021b93bf7080 GCTaskThread "GC Thread#1" [stack: 0x000000c9dd400000,0x000000c9dd500000] [id=292]
  0x0000021b93bf9390 GCTaskThread "GC Thread#2" [stack: 0x000000c9dd500000,0x000000c9dd600000] [id=7696]
  0x0000021b93bf9d20 GCTaskThread "GC Thread#3" [stack: 0x000000c9dd600000,0x000000c9dd700000] [id=9312]
  0x0000021b93bf6a20 GCTaskThread "GC Thread#4" [stack: 0x000000c9dd700000,0x000000c9dd800000] [id=4356]
  0x0000021b93bf99f0 GCTaskThread "GC Thread#5" [stack: 0x000000c9dd800000,0x000000c9dd900000] [id=12476]
  0x0000021b93bf8070 GCTaskThread "GC Thread#6" [stack: 0x000000c9dd900000,0x000000c9dda00000] [id=12628]
  0x0000021b93bf63c0 GCTaskThread "GC Thread#7" [stack: 0x000000c9dda00000,0x000000c9ddb00000] [id=11604]
  0x0000021bef063e00 ConcurrentGCThread "G1 Main Marker" [stack: 0x000000c9dbb00000,0x000000c9dbc00000] [id=8120]
  0x0000021bef065190 ConcurrentGCThread "G1 Conc#0" [stack: 0x000000c9dbc00000,0x000000c9dbd00000] [id=6820]
  0x0000021b93bf73b0 ConcurrentGCThread "G1 Conc#1" [stack: 0x000000c9dd000000,0x000000c9dd100000] [id=6004]
  0x0000021b93bf86d0 ConcurrentGCThread "G1 Conc#2" [stack: 0x000000c9de000000,0x000000c9de100000] [id=12092]
  0x0000021bffa780f0 ConcurrentGCThread "G1 Refine#0" [stack: 0x000000c9dbd00000,0x000000c9dbe00000] [id=5516]
  0x0000021b9bcd7800 ConcurrentGCThread "G1 Refine#1" [stack: 0x000000c9ddb00000,0x000000c9ddc00000] [id=13184]
  0x0000021b9bb18d80 ConcurrentGCThread "G1 Refine#2" [stack: 0x000000c9ddc00000,0x000000c9ddd00000] [id=8520]
  0x0000021b9ba951f0 ConcurrentGCThread "G1 Refine#3" [stack: 0x000000c9ddd00000,0x000000c9dde00000] [id=9344]
  0x0000021b9bd1f9f0 ConcurrentGCThread "G1 Refine#4" [stack: 0x000000c9dde00000,0x000000c9ddf00000] [id=7936]
  0x0000021b9bb7eef0 ConcurrentGCThread "G1 Refine#5" [stack: 0x000000c9ddf00000,0x000000c9de000000] [id=9868]
  0x0000021bffa78b00 ConcurrentGCThread "G1 Young RemSet Sampling" [stack: 0x000000c9dbe00000,0x000000c9dbf00000] [id=5332]

Threads with active compile tasks:

VM state: not at safepoint (normal execution)

VM Mutex/Monitor currently owned by a thread: None

Heap address: 0x0000000701200000, size: 4078 MB, Compressed Oops mode: Zero based, Oop shift amount: 3
CDS archive(s) mapped at: [0x0000000800000000-0x0000000800b50000-0x0000000800b50000), size 11862016, SharedBaseAddress: 0x0000000800000000, ArchiveRelocationMode: 0.
Compressed class space mapped at: 0x0000000800b50000-0x0000000840b50000, size: 1073741824
Narrow klass base: 0x0000000800000000, Narrow klass shift: 3, Narrow klass range: 0x100000000

GC Precious Log:
 CPUs: 12 total, 12 available
 Memory: 16311M
 Large Page Support: Disabled
 NUMA Support: Disabled
 Compressed Oops: Enabled (Zero based)
 Heap Region Size: 2M
 Heap Min Capacity: 8M
 Heap Initial Capacity: 256M
 Heap Max Capacity: 4078M
 Pre-touch: Disabled
 Parallel Workers: 10
 Concurrent Workers: 3
 Concurrent Refinement Workers: 10
 Periodic GC: Disabled

Heap:
 garbage-first heap   total 315392K, used 140414K [0x0000000701200000, 0x0000000800000000)
  region size 2048K, 11 young (22528K), 5 survivors (10240K)
 Metaspace       used 21306K, capacity 21490K, committed 21632K, reserved 1069056K
  class space    used 2283K, capacity 2355K, committed 2432K, reserved 1048576K

Heap Regions: E=young(eden), S=young(survivor), O=old, HS=humongous(starts), HC=humongous(continues), CS=collection set, F=free, OA=open archive, CA=closed archive, TAMS=top-at-mark-start (previous, next)
|   0|0x0000000701200000, 0x0000000701400000, 0x0000000701400000|100%|HS|  |TAMS 0x0000000701400000, 0x0000000701200000| Complete 
|   1|0x0000000701400000, 0x0000000701600000, 0x0000000701600000|100%| O|  |TAMS 0x0000000701400000, 0x0000000701400000| Untracked 
|   2|0x0000000701600000, 0x0000000701800000, 0x0000000701800000|100%|HS|  |TAMS 0x0000000701800000, 0x0000000701600000| Complete 
|   3|0x0000000701800000, 0x0000000701a00000, 0x0000000701a00000|100%| O|  |TAMS 0x0000000701961a00, 0x0000000701800000| Untracked 
|   4|0x0000000701a00000, 0x0000000701c00000, 0x0000000701c00000|100%| O|  |TAMS 0x0000000701c00000, 0x0000000701a00000| Untracked 
|   5|0x0000000701c00000, 0x0000000701e00000, 0x0000000701e00000|100%| O|  |TAMS 0x0000000701e00000, 0x0000000701c00000| Untracked 
|   6|0x0000000701e00000, 0x0000000702000000, 0x0000000702000000|100%| O|  |TAMS 0x0000000701e00000, 0x0000000701e00000| Untracked 
|   7|0x0000000702000000, 0x0000000702200000, 0x0000000702200000|100%| O|  |TAMS 0x0000000702200000, 0x0000000702000000| Untracked 
|   8|0x0000000702200000, 0x0000000702400000, 0x0000000702400000|100%| O|  |TAMS 0x0000000702400000, 0x0000000702200000| Untracked 
|   9|0x0000000702400000, 0x0000000702600000, 0x0000000702600000|100%|HS|  |TAMS 0x0000000702400000, 0x0000000702400000| Complete 
|  10|0x0000000702600000, 0x0000000702800000, 0x0000000702800000|100%|HC|  |TAMS 0x0000000702600000, 0x0000000702600000| Complete 
|  11|0x0000000702800000, 0x0000000702a00000, 0x0000000702a00000|100%|HC|  |TAMS 0x0000000702800000, 0x0000000702800000| Complete 
|  12|0x0000000702a00000, 0x0000000702c00000, 0x0000000702c00000|100%|HC|  |TAMS 0x0000000702a00000, 0x0000000702a00000| Complete 
|  13|0x0000000702c00000, 0x0000000702e00000, 0x0000000702e00000|100%|HC|  |TAMS 0x0000000702c00000, 0x0000000702c00000| Complete 
|  14|0x0000000702e00000, 0x0000000702e00000, 0x0000000703000000|  0%| F|  |TAMS 0x0000000702e00000, 0x0000000702e00000| Untracked 
|  15|0x0000000703000000, 0x0000000703000000, 0x0000000703200000|  0%| F|  |TAMS 0x0000000703000000, 0x0000000703000000| Untracked 
|  16|0x0000000703200000, 0x0000000703400000, 0x0000000703400000|100%|HS|  |TAMS 0x0000000703400000, 0x0000000703200000| Complete 
|  17|0x0000000703400000, 0x0000000703600000, 0x0000000703600000|100%|HC|  |TAMS 0x0000000703600000, 0x0000000703400000| Complete 
|  18|0x0000000703600000, 0x0000000703800000, 0x0000000703800000|100%|HC|  |TAMS 0x0000000703800000, 0x0000000703600000| Complete 
|  19|0x0000000703800000, 0x0000000703800000, 0x0000000703a00000|  0%| F|  |TAMS 0x0000000703800000, 0x0000000703800000| Untracked 
|  20|0x0000000703a00000, 0x0000000703c00000, 0x0000000703c00000|100%|HS|  |TAMS 0x0000000703c00000, 0x0000000703a00000| Complete 
|  21|0x0000000703c00000, 0x0000000703e00000, 0x0000000703e00000|100%|HS|  |TAMS 0x0000000703c00000, 0x0000000703c00000| Complete 
|  22|0x0000000703e00000, 0x0000000704000000, 0x0000000704000000|100%|HC|  |TAMS 0x0000000703e00000, 0x0000000703e00000| Complete 
|  23|0x0000000704000000, 0x0000000704200000, 0x0000000704200000|100%|HC|  |TAMS 0x0000000704000000, 0x0000000704000000| Complete 
|  24|0x0000000704200000, 0x0000000704400000, 0x0000000704400000|100%|HC|  |TAMS 0x0000000704200000, 0x0000000704200000| Complete 
|  25|0x0000000704400000, 0x0000000704600000, 0x0000000704600000|100%|HS|  |TAMS 0x0000000704400000, 0x0000000704400000| Complete 
|  26|0x0000000704600000, 0x0000000704800000, 0x0000000704800000|100%|HC|  |TAMS 0x0000000704600000, 0x0000000704600000| Complete 
|  27|0x0000000704800000, 0x0000000704a00000, 0x0000000704a00000|100%|HC|  |TAMS 0x0000000704800000, 0x0000000704800000| Complete 
|  28|0x0000000704a00000, 0x0000000704c00000, 0x0000000704c00000|100%|HC|  |TAMS 0x0000000704a00000, 0x0000000704a00000| Complete 
|  29|0x0000000704c00000, 0x0000000704c00000, 0x0000000704e00000|  0%| F|  |TAMS 0x0000000704c00000, 0x0000000704c00000| Untracked 
|  30|0x0000000704e00000, 0x0000000704e00000, 0x0000000705000000|  0%| F|  |TAMS 0x0000000704e00000, 0x0000000704e00000| Untracked 
|  31|0x0000000705000000, 0x0000000705000000, 0x0000000705200000|  0%| F|  |TAMS 0x0000000705000000, 0x0000000705000000| Untracked 
|  32|0x0000000705200000, 0x0000000705400000, 0x0000000705400000|100%|HS|  |TAMS 0x0000000705400000, 0x0000000705200000| Complete 
|  33|0x0000000705400000, 0x0000000705600000, 0x0000000705600000|100%|HC|  |TAMS 0x0000000705600000, 0x0000000705400000| Complete 
|  34|0x0000000705600000, 0x0000000705800000, 0x0000000705800000|100%|HC|  |TAMS 0x0000000705800000, 0x0000000705600000| Complete 
|  35|0x0000000705800000, 0x0000000705a00000, 0x0000000705a00000|100%|HC|  |TAMS 0x0000000705a00000, 0x0000000705800000| Complete 
|  36|0x0000000705a00000, 0x0000000705c00000, 0x0000000705c00000|100%|HC|  |TAMS 0x0000000705c00000, 0x0000000705a00000| Complete 
|  37|0x0000000705c00000, 0x0000000705e00000, 0x0000000705e00000|100%|HS|  |TAMS 0x0000000705e00000, 0x0000000705c00000| Complete 
|  38|0x0000000705e00000, 0x0000000706000000, 0x0000000706000000|100%|HC|  |TAMS 0x0000000706000000, 0x0000000705e00000| Complete 
|  39|0x0000000706000000, 0x0000000706200000, 0x0000000706200000|100%|HC|  |TAMS 0x0000000706200000, 0x0000000706000000| Complete 
|  40|0x0000000706200000, 0x0000000706400000, 0x0000000706400000|100%|HC|  |TAMS 0x0000000706400000, 0x0000000706200000| Complete 
|  41|0x0000000706400000, 0x0000000706600000, 0x0000000706600000|100%|HC|  |TAMS 0x0000000706600000, 0x0000000706400000| Complete 
|  42|0x0000000706600000, 0x0000000706800000, 0x0000000706800000|100%|HS|  |TAMS 0x0000000706800000, 0x0000000706600000| Complete 
|  43|0x0000000706800000, 0x0000000706a00000, 0x0000000706a00000|100%|HC|  |TAMS 0x0000000706a00000, 0x0000000706800000| Complete 
|  44|0x0000000706a00000, 0x0000000706c00000, 0x0000000706c00000|100%|HC|  |TAMS 0x0000000706c00000, 0x0000000706a00000| Complete 
|  45|0x0000000706c00000, 0x0000000706e00000, 0x0000000706e00000|100%|HC|  |TAMS 0x0000000706e00000, 0x0000000706c00000| Complete 
|  46|0x0000000706e00000, 0x0000000707000000, 0x0000000707000000|100%|HC|  |TAMS 0x0000000707000000, 0x0000000706e00000| Complete 
|  47|0x0000000707000000, 0x0000000707175600, 0x0000000707200000| 72%| O|  |TAMS 0x0000000707000000, 0x0000000707000000| Untracked 
|  48|0x0000000707200000, 0x0000000707400000, 0x0000000707400000|100%|HS|  |TAMS 0x0000000707200000, 0x0000000707200000| Complete 
|  49|0x0000000707400000, 0x0000000707600000, 0x0000000707600000|100%|HC|  |TAMS 0x0000000707400000, 0x0000000707400000| Complete 
|  50|0x0000000707600000, 0x0000000707800000, 0x0000000707800000|100%|HC|  |TAMS 0x0000000707600000, 0x0000000707600000| Complete 
|  51|0x0000000707800000, 0x0000000707a00000, 0x0000000707a00000|100%|HC|  |TAMS 0x0000000707800000, 0x0000000707800000| Complete 
|  52|0x0000000707a00000, 0x0000000707c00000, 0x0000000707c00000|100%|HC|  |TAMS 0x0000000707a00000, 0x0000000707a00000| Complete 
|  53|0x0000000707c00000, 0x0000000707e00000, 0x0000000707e00000|100%|HC|  |TAMS 0x0000000707c00000, 0x0000000707c00000| Complete 
|  54|0x0000000707e00000, 0x0000000708000000, 0x0000000708000000|100%|HC|  |TAMS 0x0000000707e00000, 0x0000000707e00000| Complete 
|  55|0x0000000708000000, 0x0000000708200000, 0x0000000708200000|100%|HC|  |TAMS 0x0000000708000000, 0x0000000708000000| Complete 
|  56|0x0000000708200000, 0x0000000708400000, 0x0000000708400000|100%|HC|  |TAMS 0x0000000708200000, 0x0000000708200000| Complete 
|  57|0x0000000708400000, 0x0000000708600000, 0x0000000708600000|100%|HC|  |TAMS 0x0000000708400000, 0x0000000708400000| Complete 
|  58|0x0000000708600000, 0x0000000708800000, 0x0000000708800000|100%|HC|  |TAMS 0x0000000708600000, 0x0000000708600000| Complete 
|  59|0x0000000708800000, 0x0000000708a00000, 0x0000000708a00000|100%|HC|  |TAMS 0x0000000708800000, 0x0000000708800000| Complete 
|  60|0x0000000708a00000, 0x0000000708c00000, 0x0000000708c00000|100%|HC|  |TAMS 0x0000000708a00000, 0x0000000708a00000| Complete 
|  61|0x0000000708c00000, 0x0000000708e00000, 0x0000000708e00000|100%|HC|  |TAMS 0x0000000708c00000, 0x0000000708c00000| Complete 
|  62|0x0000000708e00000, 0x0000000709000000, 0x0000000709000000|100%|HC|  |TAMS 0x0000000708e00000, 0x0000000708e00000| Complete 
|  63|0x0000000709000000, 0x0000000709200000, 0x0000000709200000|100%|HC|  |TAMS 0x0000000709000000, 0x0000000709000000| Complete 
|  64|0x0000000709200000, 0x0000000709400000, 0x0000000709400000|100%|HC|  |TAMS 0x0000000709200000, 0x0000000709200000| Complete 
|  65|0x0000000709400000, 0x0000000709400000, 0x0000000709600000|  0%| F|  |TAMS 0x0000000709400000, 0x0000000709400000| Untracked 
|  66|0x0000000709600000, 0x0000000709600000, 0x0000000709800000|  0%| F|  |TAMS 0x0000000709600000, 0x0000000709600000| Untracked 
|  67|0x0000000709800000, 0x0000000709800000, 0x0000000709a00000|  0%| F|  |TAMS 0x0000000709800000, 0x0000000709800000| Untracked 
|  68|0x0000000709a00000, 0x0000000709a00000, 0x0000000709c00000|  0%| F|  |TAMS 0x0000000709a00000, 0x0000000709a00000| Untracked 
|  69|0x0000000709c00000, 0x0000000709c00000, 0x0000000709e00000|  0%| F|  |TAMS 0x0000000709c00000, 0x0000000709c00000| Untracked 
|  70|0x0000000709e00000, 0x0000000709e00000, 0x000000070a000000|  0%| F|  |TAMS 0x0000000709e00000, 0x0000000709e00000| Untracked 
|  71|0x000000070a000000, 0x000000070a000000, 0x000000070a200000|  0%| F|  |TAMS 0x000000070a000000, 0x000000070a000000| Untracked 
|  72|0x000000070a200000, 0x000000070a200000, 0x000000070a400000|  0%| F|  |TAMS 0x000000070a200000, 0x000000070a200000| Untracked 
|  73|0x000000070a400000, 0x000000070a400000, 0x000000070a600000|  0%| F|  |TAMS 0x000000070a400000, 0x000000070a400000| Untracked 
|  74|0x000000070a600000, 0x000000070a600000, 0x000000070a800000|  0%| F|  |TAMS 0x000000070a600000, 0x000000070a600000| Untracked 
|  75|0x000000070a800000, 0x000000070a800000, 0x000000070aa00000|  0%| F|  |TAMS 0x000000070a800000, 0x000000070a800000| Untracked 
|  76|0x000000070aa00000, 0x000000070aa00000, 0x000000070ac00000|  0%| F|  |TAMS 0x000000070aa00000, 0x000000070aa00000| Untracked 
|  77|0x000000070ac00000, 0x000000070ac00000, 0x000000070ae00000|  0%| F|  |TAMS 0x000000070ac00000, 0x000000070ac00000| Untracked 
|  78|0x000000070ae00000, 0x000000070ae00000, 0x000000070b000000|  0%| F|  |TAMS 0x000000070ae00000, 0x000000070ae00000| Untracked 
|  79|0x000000070b000000, 0x000000070b000000, 0x000000070b200000|  0%| F|  |TAMS 0x000000070b000000, 0x000000070b000000| Untracked 
|  80|0x000000070b200000, 0x000000070b200000, 0x000000070b400000|  0%| F|  |TAMS 0x000000070b200000, 0x000000070b200000| Untracked 
|  81|0x000000070b400000, 0x000000070b400000, 0x000000070b600000|  0%| F|  |TAMS 0x000000070b400000, 0x000000070b400000| Untracked 
|  82|0x000000070b600000, 0x000000070b600000, 0x000000070b800000|  0%| F|  |TAMS 0x000000070b600000, 0x000000070b600000| Untracked 
|  83|0x000000070b800000, 0x000000070b800000, 0x000000070ba00000|  0%| F|  |TAMS 0x000000070b800000, 0x000000070b800000| Untracked 
|  84|0x000000070ba00000, 0x000000070ba00000, 0x000000070bc00000|  0%| F|  |TAMS 0x000000070ba00000, 0x000000070ba00000| Untracked 
|  85|0x000000070bc00000, 0x000000070bc00000, 0x000000070be00000|  0%| F|  |TAMS 0x000000070bc00000, 0x000000070bc00000| Untracked 
|  86|0x000000070be00000, 0x000000070be00000, 0x000000070c000000|  0%| F|  |TAMS 0x000000070be00000, 0x000000070be00000| Untracked 
|  87|0x000000070c000000, 0x000000070c000000, 0x000000070c200000|  0%| F|  |TAMS 0x000000070c000000, 0x000000070c000000| Untracked 
|  88|0x000000070c200000, 0x000000070c200000, 0x000000070c400000|  0%| F|  |TAMS 0x000000070c200000, 0x000000070c200000| Untracked 
|  89|0x000000070c400000, 0x000000070c400000, 0x000000070c600000|  0%| F|  |TAMS 0x000000070c400000, 0x000000070c400000| Untracked 
|  90|0x000000070c600000, 0x000000070c600000, 0x000000070c800000|  0%| F|  |TAMS 0x000000070c600000, 0x000000070c600000| Untracked 
|  91|0x000000070c800000, 0x000000070c800000, 0x000000070ca00000|  0%| F|  |TAMS 0x000000070c800000, 0x000000070c800000| Untracked 
|  92|0x000000070ca00000, 0x000000070ca00000, 0x000000070cc00000|  0%| F|  |TAMS 0x000000070ca00000, 0x000000070ca00000| Untracked 
|  93|0x000000070cc00000, 0x000000070cc00000, 0x000000070ce00000|  0%| F|  |TAMS 0x000000070cc00000, 0x000000070cc00000| Untracked 
|  94|0x000000070ce00000, 0x000000070ce00000, 0x000000070d000000|  0%| F|  |TAMS 0x000000070ce00000, 0x000000070ce00000| Untracked 
|  95|0x000000070d000000, 0x000000070d000000, 0x000000070d200000|  0%| F|  |TAMS 0x000000070d000000, 0x000000070d000000| Untracked 
|  96|0x000000070d200000, 0x000000070d200000, 0x000000070d400000|  0%| F|  |TAMS 0x000000070d200000, 0x000000070d200000| Untracked 
|  97|0x000000070d400000, 0x000000070d400000, 0x000000070d600000|  0%| F|  |TAMS 0x000000070d400000, 0x000000070d400000| Untracked 
|  98|0x000000070d600000, 0x000000070d600000, 0x000000070d800000|  0%| F|  |TAMS 0x000000070d600000, 0x000000070d600000| Untracked 
|  99|0x000000070d800000, 0x000000070d800000, 0x000000070da00000|  0%| F|  |TAMS 0x000000070d800000, 0x000000070d800000| Untracked 
| 100|0x000000070da00000, 0x000000070da00000, 0x000000070dc00000|  0%| F|  |TAMS 0x000000070da00000, 0x000000070da00000| Untracked 
| 101|0x000000070dc00000, 0x000000070dc00000, 0x000000070de00000|  0%| F|  |TAMS 0x000000070dc00000, 0x000000070dc00000| Untracked 
| 102|0x000000070de00000, 0x000000070de00000, 0x000000070e000000|  0%| F|  |TAMS 0x000000070de00000, 0x000000070de00000| Untracked 
| 103|0x000000070e000000, 0x000000070e000000, 0x000000070e200000|  0%| F|  |TAMS 0x000000070e000000, 0x000000070e000000| Untracked 
| 104|0x000000070e200000, 0x000000070e200000, 0x000000070e400000|  0%| F|  |TAMS 0x000000070e200000, 0x000000070e200000| Untracked 
| 105|0x000000070e400000, 0x000000070e400000, 0x000000070e600000|  0%| F|  |TAMS 0x000000070e400000, 0x000000070e400000| Untracked 
| 106|0x000000070e600000, 0x000000070e600000, 0x000000070e800000|  0%| F|  |TAMS 0x000000070e600000, 0x000000070e600000| Untracked 
| 107|0x000000070e800000, 0x000000070e800000, 0x000000070ea00000|  0%| F|  |TAMS 0x000000070e800000, 0x000000070e800000| Untracked 
| 108|0x000000070ea00000, 0x000000070ea00000, 0x000000070ec00000|  0%| F|  |TAMS 0x000000070ea00000, 0x000000070ea00000| Untracked 
| 109|0x000000070ec00000, 0x000000070ec00000, 0x000000070ee00000|  0%| F|  |TAMS 0x000000070ec00000, 0x000000070ec00000| Untracked 
| 110|0x000000070ee00000, 0x000000070ee00000, 0x000000070f000000|  0%| F|  |TAMS 0x000000070ee00000, 0x000000070ee00000| Untracked 
| 111|0x000000070f000000, 0x000000070f000000, 0x000000070f200000|  0%| F|  |TAMS 0x000000070f000000, 0x000000070f000000| Untracked 
| 112|0x000000070f200000, 0x000000070f200000, 0x000000070f400000|  0%| F|  |TAMS 0x000000070f200000, 0x000000070f200000| Untracked 
| 113|0x000000070f400000, 0x000000070f400000, 0x000000070f600000|  0%| F|  |TAMS 0x000000070f400000, 0x000000070f400000| Untracked 
| 114|0x000000070f600000, 0x000000070f600000, 0x000000070f800000|  0%| F|  |TAMS 0x000000070f600000, 0x000000070f600000| Untracked 
| 115|0x000000070f800000, 0x000000070f9aa4b0, 0x000000070fa00000| 83%| S|CS|TAMS 0x000000070f800000, 0x000000070f800000| Complete 
| 116|0x000000070fa00000, 0x000000070fc00000, 0x000000070fc00000|100%| S|CS|TAMS 0x000000070fa00000, 0x000000070fa00000| Complete 
| 117|0x000000070fc00000, 0x000000070fe00000, 0x000000070fe00000|100%| S|CS|TAMS 0x000000070fc00000, 0x000000070fc00000| Complete 
| 118|0x000000070fe00000, 0x0000000710000000, 0x0000000710000000|100%| S|CS|TAMS 0x000000070fe00000, 0x000000070fe00000| Complete 
| 119|0x0000000710000000, 0x0000000710200000, 0x0000000710200000|100%| S|CS|TAMS 0x0000000710000000, 0x0000000710000000| Complete 
| 120|0x0000000710200000, 0x0000000710200000, 0x0000000710400000|  0%| F|  |TAMS 0x0000000710200000, 0x0000000710200000| Untracked 
| 121|0x0000000710400000, 0x0000000710400000, 0x0000000710600000|  0%| F|  |TAMS 0x0000000710400000, 0x0000000710400000| Untracked 
| 122|0x0000000710600000, 0x0000000710600000, 0x0000000710800000|  0%| F|  |TAMS 0x0000000710600000, 0x0000000710600000| Untracked 
| 123|0x0000000710800000, 0x0000000710800000, 0x0000000710a00000|  0%| F|  |TAMS 0x0000000710800000, 0x0000000710800000| Untracked 
| 124|0x0000000710a00000, 0x0000000710a00000, 0x0000000710c00000|  0%| F|  |TAMS 0x0000000710a00000, 0x0000000710a00000| Untracked 
| 125|0x0000000710c00000, 0x0000000710c00000, 0x0000000710e00000|  0%| F|  |TAMS 0x0000000710c00000, 0x0000000710c00000| Untracked 
| 126|0x0000000710e00000, 0x0000000710e00000, 0x0000000711000000|  0%| F|  |TAMS 0x0000000710e00000, 0x0000000710e00000| Untracked 
| 127|0x0000000711000000, 0x0000000711000000, 0x0000000711200000|  0%| F|  |TAMS 0x0000000711000000, 0x0000000711000000| Untracked 
| 128|0x0000000711200000, 0x0000000711200000, 0x0000000711400000|  0%| F|  |TAMS 0x0000000711200000, 0x0000000711200000| Untracked 
| 129|0x0000000711400000, 0x0000000711400000, 0x0000000711600000|  0%| F|  |TAMS 0x0000000711400000, 0x0000000711400000| Untracked 
| 130|0x0000000711600000, 0x0000000711600000, 0x0000000711800000|  0%| F|  |TAMS 0x0000000711600000, 0x0000000711600000| Untracked 
| 131|0x0000000711800000, 0x0000000711800000, 0x0000000711a00000|  0%| F|  |TAMS 0x0000000711800000, 0x0000000711800000| Untracked 
| 132|0x0000000711a00000, 0x0000000711a00000, 0x0000000711c00000|  0%| F|  |TAMS 0x0000000711a00000, 0x0000000711a00000| Untracked 
| 133|0x0000000711c00000, 0x0000000711c00000, 0x0000000711e00000|  0%| F|  |TAMS 0x0000000711c00000, 0x0000000711c00000| Untracked 
| 134|0x0000000711e00000, 0x0000000711e00000, 0x0000000712000000|  0%| F|  |TAMS 0x0000000711e00000, 0x0000000711e00000| Untracked 
| 135|0x0000000712000000, 0x0000000712000000, 0x0000000712200000|  0%| F|  |TAMS 0x0000000712000000, 0x0000000712000000| Untracked 
| 136|0x0000000712200000, 0x0000000712200000, 0x0000000712400000|  0%| F|  |TAMS 0x0000000712200000, 0x0000000712200000| Untracked 
| 137|0x0000000712400000, 0x0000000712400000, 0x0000000712600000|  0%| F|  |TAMS 0x0000000712400000, 0x0000000712400000| Untracked 
| 138|0x0000000712600000, 0x0000000712600000, 0x0000000712800000|  0%| F|  |TAMS 0x0000000712600000, 0x0000000712600000| Untracked 
| 139|0x0000000712800000, 0x0000000712800000, 0x0000000712a00000|  0%| F|  |TAMS 0x0000000712800000, 0x0000000712800000| Untracked 
| 140|0x0000000712a00000, 0x0000000712a00000, 0x0000000712c00000|  0%| F|  |TAMS 0x0000000712a00000, 0x0000000712a00000| Untracked 
| 141|0x0000000712c00000, 0x0000000712c00000, 0x0000000712e00000|  0%| F|  |TAMS 0x0000000712c00000, 0x0000000712c00000| Untracked 
| 142|0x0000000712e00000, 0x0000000712e00000, 0x0000000713000000|  0%| F|  |TAMS 0x0000000712e00000, 0x0000000712e00000| Untracked 
| 143|0x0000000713000000, 0x0000000713000000, 0x0000000713200000|  0%| F|  |TAMS 0x0000000713000000, 0x0000000713000000| Untracked 
| 144|0x0000000713200000, 0x0000000713200000, 0x0000000713400000|  0%| F|  |TAMS 0x0000000713200000, 0x0000000713200000| Untracked 
| 145|0x0000000713400000, 0x0000000713400000, 0x0000000713600000|  0%| F|  |TAMS 0x0000000713400000, 0x0000000713400000| Untracked 
| 146|0x0000000713600000, 0x0000000713600000, 0x0000000713800000|  0%| F|  |TAMS 0x0000000713600000, 0x0000000713600000| Untracked 
| 147|0x0000000713800000, 0x0000000713800000, 0x0000000713a00000|  0%| F|  |TAMS 0x0000000713800000, 0x0000000713800000| Untracked 
| 148|0x0000000713a00000, 0x0000000713b00800, 0x0000000713c00000| 50%| E|  |TAMS 0x0000000713a00000, 0x0000000713a00000| Complete 
| 149|0x0000000713c00000, 0x0000000713e00000, 0x0000000713e00000|100%| E|CS|TAMS 0x0000000713c00000, 0x0000000713c00000| Complete 
| 150|0x0000000713e00000, 0x0000000714000000, 0x0000000714000000|100%| E|CS|TAMS 0x0000000713e00000, 0x0000000713e00000| Complete 
| 151|0x0000000714000000, 0x0000000714200000, 0x0000000714200000|100%| E|CS|TAMS 0x0000000714000000, 0x0000000714000000| Complete 
| 152|0x0000000714200000, 0x0000000714400000, 0x0000000714400000|100%| E|CS|TAMS 0x0000000714200000, 0x0000000714200000| Complete 
| 153|0x0000000714400000, 0x0000000714600000, 0x0000000714600000|100%| E|CS|TAMS 0x0000000714400000, 0x0000000714400000| Complete 

Card table byte_map: [0x0000021bf7f90000,0x0000021bf8790000] _byte_map_base: 0x0000021bf4787000

Marking Bits (Prev, Next): (CMBitMap*) 0x0000021bef053610, (CMBitMap*) 0x0000021bef0535d0
 Prev Bits: [0x0000021b8f000000, 0x0000021b92fb8000)
 Next Bits: [0x0000021bf8f90000, 0x0000021bfcf48000)

Polling page: 0x0000021becd70000

Metaspace:

Usage:
  Non-class:     18.69 MB capacity,    18.58 MB (>99%) used,    87.49 KB ( <1%) free+waste,    24.25 KB ( <1%) overhead. 
      Class:      2.30 MB capacity,     2.23 MB ( 97%) used,    63.07 KB (  3%) free+waste,     8.38 KB ( <1%) overhead. 
       Both:     20.99 MB capacity,    20.81 MB (>99%) used,   150.56 KB ( <1%) free+waste,    32.62 KB ( <1%) overhead. 

Virtual space:
  Non-class space:       20.00 MB reserved,      18.75 MB ( 94%) committed 
      Class space:        1.00 GB reserved,       2.38 MB ( <1%) committed 
             Both:        1.02 GB reserved,      21.12 MB (  2%) committed 

Chunk freelists:
   Non-Class:  1.00 KB
       Class:  13.00 KB
        Both:  14.00 KB

MaxMetaspaceSize: 17179869184.00 GB
CompressedClassSpaceSize: 1.00 GB

CodeHeap 'non-profiled nmethods': size=120000Kb used=1293Kb max_used=1293Kb free=118706Kb
 bounds [0x0000021b87ad0000, 0x0000021b87d40000, 0x0000021b8f000000]
CodeHeap 'profiled nmethods': size=120000Kb used=4782Kb max_used=4782Kb free=115217Kb
 bounds [0x0000021b805a0000, 0x0000021b80a50000, 0x0000021b87ad0000]
CodeHeap 'non-nmethods': size=5760Kb used=1419Kb max_used=1436Kb free=4340Kb
 bounds [0x0000021b80000000, 0x0000021b80270000, 0x0000021b805a0000]
 total_blobs=3384 nmethods=2636 adapters=661
 compilation: enabled
              stopped_count=0, restarted_count=0
 full_count=0

Compilation events (20 events):
Event: 4.465 Thread 0x0000021b937d7730 2628       4       engine.scene.Scene$$Lambda$172/0x0000000800d5ee98::accept (12 bytes)
Event: 4.466 Thread 0x0000021b937d7730 nmethod 2628 0x0000021b87c11e90 code [0x0000021b87c12020, 0x0000021b87c120f8]
Event: 4.714 Thread 0x0000021b937dbf70 2629       3       javax.swing.JComponent::getWidth (5 bytes)
Event: 4.714 Thread 0x0000021b937dbf70 nmethod 2629 0x0000021b80a4a190 code [0x0000021b80a4a320, 0x0000021b80a4a438]
Event: 4.714 Thread 0x0000021b937dbf70 2630       3       javax.swing.JComponent::getHeight (5 bytes)
Event: 4.714 Thread 0x0000021b937dbf70 nmethod 2630 0x0000021b80a4a510 code [0x0000021b80a4a6a0, 0x0000021b80a4a7b8]
Event: 4.714 Thread 0x0000021b937dbf70 2631       3       sun.java2d.pipe.Region::dimAdd (20 bytes)
Event: 4.714 Thread 0x0000021b937dbf70 nmethod 2631 0x0000021b80a4a890 code [0x0000021b80a4aa20, 0x0000021b80a4ab98]
Event: 4.796 Thread 0x0000021b937d7730 2632       4       java.util.StringTokenizer::scanToken (179 bytes)
Event: 4.800 Thread 0x0000021b937d7730 nmethod 2632 0x0000021b87c12210 code [0x0000021b87c123a0, 0x0000021b87c126d8]
Event: 4.800 Thread 0x0000021b937d7730 2633       4       java.util.HashSet::add (20 bytes)
Event: 4.800 Thread 0x0000021b937dbf70 2634       3       java.util.ArrayList::<init> (63 bytes)
Event: 4.801 Thread 0x0000021b937dbf70 nmethod 2634 0x0000021b80a4ac10 code [0x0000021b80a4ae00, 0x0000021b80a4b378]
Event: 4.801 Thread 0x0000021b937dbf70 2635       3       java.lang.StringBuilder::<init> (6 bytes)
Event: 4.801 Thread 0x0000021b937dbf70 nmethod 2635 0x0000021b80a4b510 code [0x0000021b80a4b6c0, 0x0000021b80a4b7e8]
Event: 4.801 Thread 0x0000021b937d7730 nmethod 2633 0x0000021b87c12910 code [0x0000021b87c12ac0, 0x0000021b87c12d18]
Event: 4.801 Thread 0x0000021b937d7730 2636       4       java.util.WeakHashMap::indexFor (6 bytes)
Event: 4.801 Thread 0x0000021b937d7730 nmethod 2636 0x0000021b87c12f10 code [0x0000021b87c13080, 0x0000021b87c130d8]
Event: 4.803 Thread 0x0000021b937dbf70 2637       1       java.util.concurrent.CopyOnWriteArrayList::getArray (5 bytes)
Event: 4.803 Thread 0x0000021b937dbf70 nmethod 2637 0x0000021b87c13210 code [0x0000021b87c133a0, 0x0000021b87c13458]

GC Heap History (10 events):
Event: 0.323 GC heap before
{Heap before GC invocations=0 (full 0):
 garbage-first heap   total 262144K, used 28672K [0x0000000701200000, 0x0000000800000000)
  region size 2048K, 11 young (22528K), 0 survivors (0K)
 Metaspace       used 4683K, capacity 4854K, committed 4992K, reserved 1056768K
  class space    used 515K, capacity 574K, committed 640K, reserved 1048576K
}
Event: 0.327 GC heap after
{Heap after GC invocations=1 (full 0):
 garbage-first heap   total 262144K, used 12054K [0x0000000701200000, 0x0000000800000000)
  region size 2048K, 2 young (4096K), 2 survivors (4096K)
 Metaspace       used 4683K, capacity 4854K, committed 4992K, reserved 1056768K
  class space    used 515K, capacity 574K, committed 640K, reserved 1048576K
}
Event: 0.433 GC heap before
{Heap before GC invocations=1 (full 0):
 garbage-first heap   total 262144K, used 36630K [0x0000000701200000, 0x0000000800000000)
  region size 2048K, 11 young (22528K), 2 survivors (4096K)
 Metaspace       used 6976K, capacity 7114K, committed 7296K, reserved 1056768K
  class space    used 727K, capacity 769K, committed 896K, reserved 1048576K
}
Event: 0.436 GC heap after
{Heap after GC invocations=2 (full 0):
 garbage-first heap   total 262144K, used 12975K [0x0000000701200000, 0x0000000800000000)
  region size 2048K, 2 young (4096K), 2 survivors (4096K)
 Metaspace       used 6976K, capacity 7114K, committed 7296K, reserved 1056768K
  class space    used 727K, capacity 769K, committed 896K, reserved 1048576K
}
Event: 0.552 GC heap before
{Heap before GC invocations=2 (full 0):
 garbage-first heap   total 262144K, used 55983K [0x0000000701200000, 0x0000000800000000)
  region size 2048K, 20 young (40960K), 2 survivors (4096K)
 Metaspace       used 10548K, capacity 10710K, committed 11008K, reserved 1058816K
  class space    used 1098K, capacity 1157K, committed 1280K, reserved 1048576K
}
Event: 0.555 GC heap after
{Heap after GC invocations=3 (full 0):
 garbage-first heap   total 262144K, used 24798K [0x0000000701200000, 0x0000000800000000)
  region size 2048K, 3 young (6144K), 3 survivors (6144K)
 Metaspace       used 10548K, capacity 10710K, committed 11008K, reserved 1058816K
  class space    used 1098K, capacity 1157K, committed 1280K, reserved 1048576K
}
Event: 0.925 GC heap before
{Heap before GC invocations=3 (full 0):
 garbage-first heap   total 262144K, used 143582K [0x0000000701200000, 0x0000000800000000)
  region size 2048K, 49 young (100352K), 3 survivors (6144K)
 Metaspace       used 16201K, capacity 16393K, committed 16640K, reserved 1064960K
  class space    used 1652K, capacity 1704K, committed 1792K, reserved 1048576K
}
Event: 0.931 GC heap after
{Heap after GC invocations=4 (full 0):
 garbage-first heap   total 262144K, used 44422K [0x0000000701200000, 0x0000000800000000)
  region size 2048K, 7 young (14336K), 7 survivors (14336K)
 Metaspace       used 16201K, capacity 16393K, committed 16640K, reserved 1064960K
  class space    used 1652K, capacity 1704K, committed 1792K, reserved 1048576K
}
Event: 1.112 GC heap before
{Heap before GC invocations=4 (full 0):
 garbage-first heap   total 262144K, used 120198K [0x0000000701200000, 0x0000000800000000)
  region size 2048K, 15 young (30720K), 7 survivors (14336K)
 Metaspace       used 19005K, capacity 19244K, committed 19584K, reserved 1067008K
  class space    used 1993K, capacity 2057K, committed 2176K, reserved 1048576K
}
Event: 1.116 GC heap after
{Heap after GC invocations=5 (full 0):
 garbage-first heap   total 315392K, used 68734K [0x0000000701200000, 0x0000000800000000)
  region size 2048K, 5 young (10240K), 5 survivors (10240K)
 Metaspace       used 19005K, capacity 19244K, committed 19584K, reserved 1067008K
  class space    used 1993K, capacity 2057K, committed 2176K, reserved 1048576K
}

Deoptimization events (20 events):
Event: 2.486 Thread 0x0000021b9dc02910 DEOPT PACKING pc=0x0000021b80a3f2e4 sp=0x000000c9dd2ff310
Event: 2.486 Thread 0x0000021b9dc02910 DEOPT UNPACKING pc=0x0000021b8004e23f sp=0x000000c9dd2fe7e0 mode 0
Event: 2.486 Thread 0x0000021b9dc02910 DEOPT PACKING pc=0x0000021b80a3f2e4 sp=0x000000c9dd2ff310
Event: 2.486 Thread 0x0000021b9dc02910 DEOPT UNPACKING pc=0x0000021b8004e23f sp=0x000000c9dd2fe7e0 mode 0
Event: 2.733 Thread 0x0000021b9dc02910 Uncommon trap: trap_request=0xffffffbe fr.pc=0x0000021b87c0e880 relative=0x0000000000000060
Event: 2.733 Thread 0x0000021b9dc02910 Uncommon trap: reason=profile_predicate action=maybe_recompile pc=0x0000021b87c0e880 method=engine.physics2d.Collisions.detection(Ljava/util/List;)V @ 9 c2
Event: 2.733 Thread 0x0000021b9dc02910 DEOPT PACKING pc=0x0000021b87c0e880 sp=0x000000c9dd2ff360
Event: 2.733 Thread 0x0000021b9dc02910 DEOPT UNPACKING pc=0x0000021b8004e42f sp=0x000000c9dd2ff2e0 mode 2
Event: 2.733 Thread 0x0000021b9dc02910 Uncommon trap: trap_request=0xffffffbe fr.pc=0x0000021b87c0e880 relative=0x0000000000000060
Event: 2.733 Thread 0x0000021b9dc02910 Uncommon trap: reason=profile_predicate action=maybe_recompile pc=0x0000021b87c0e880 method=engine.physics2d.Collisions.detection(Ljava/util/List;)V @ 9 c2
Event: 2.733 Thread 0x0000021b9dc02910 DEOPT PACKING pc=0x0000021b87c0e880 sp=0x000000c9dd2ff360
Event: 2.733 Thread 0x0000021b9dc02910 DEOPT UNPACKING pc=0x0000021b8004e42f sp=0x000000c9dd2ff2e0 mode 2
Event: 2.734 Thread 0x0000021b9dc02910 Uncommon trap: trap_request=0xffffffbe fr.pc=0x0000021b87c0e880 relative=0x0000000000000060
Event: 2.734 Thread 0x0000021b9dc02910 Uncommon trap: reason=profile_predicate action=maybe_recompile pc=0x0000021b87c0e880 method=engine.physics2d.Collisions.detection(Ljava/util/List;)V @ 9 c2
Event: 2.734 Thread 0x0000021b9dc02910 DEOPT PACKING pc=0x0000021b87c0e880 sp=0x000000c9dd2ff360
Event: 2.734 Thread 0x0000021b9dc02910 DEOPT UNPACKING pc=0x0000021b8004e42f sp=0x000000c9dd2ff2e0 mode 2
Event: 2.734 Thread 0x0000021b9dc02910 Uncommon trap: trap_request=0xffffffbe fr.pc=0x0000021b87c0e880 relative=0x0000000000000060
Event: 2.734 Thread 0x0000021b9dc02910 Uncommon trap: reason=profile_predicate action=maybe_recompile pc=0x0000021b87c0e880 method=engine.physics2d.Collisions.detection(Ljava/util/List;)V @ 9 c2
Event: 2.734 Thread 0x0000021b9dc02910 DEOPT PACKING pc=0x0000021b87c0e880 sp=0x000000c9dd2ff360
Event: 2.734 Thread 0x0000021b9dc02910 DEOPT UNPACKING pc=0x0000021b8004e42f sp=0x000000c9dd2ff2e0 mode 2

Classes unloaded (0 events):
No events

Classes redefined (0 events):
No events

Internal exceptions (20 events):
Event: 0.105 Thread 0x0000021bef001ec0 Exception <a 'java/lang/NoSuchMethodError'{0x0000000710832df8}: 'java.lang.Object java.lang.invoke.DirectMethodHandle$Holder.invokeStatic(java.lang.Object)'> (0x0000000710832df8) 
thrown [./open/src/hotspot/share/interpreter/linkResolver.cpp, line 782]
Event: 0.127 Thread 0x0000021bef001ec0 Exception <a 'java/lang/NoSuchMethodError'{0x000000071088fd20}: 'java.lang.Object java.lang.invoke.DirectMethodHandle$Holder.invokeStaticInit(java.lang.Object)'> (0x000000071088fd20) 
thrown [./open/src/hotspot/share/interpreter/linkResolver.cpp, line 782]
Event: 0.260 Thread 0x0000021bef001ec0 Exception <a 'java/lang/NoSuchMethodError'{0x00000007109748c8}: 'java.lang.Object java.lang.invoke.DirectMethodHandle$Holder.newInvokeSpecial(java.lang.Object, java.lang.Object, java.lang.Object, java.lang.Object, java.lang.Object)'> (0x00000007109748c8) 
thrown [./open/src/hotspot/share/interpreter/linkResolver.cpp, line 782]
Event: 0.261 Thread 0x0000021bef001ec0 Exception <a 'java/lang/NoSuchMethodError'{0x0000000710980358}: 'java.lang.Object java.lang.invoke.DirectMethodHandle$Holder.invokeStatic(java.lang.Object, int, java.lang.Object, java.lang.Object, java.lang.Object, java.lang.Object)'> (0x0000000710980358) 
thrown [./open/src/hotspot/share/interpreter/linkResolver.cpp, line 782]
Event: 0.263 Thread 0x0000021bef001ec0 Exception <a 'java/lang/NoSuchMethodError'{0x00000007109a6600}: 'java.lang.Object java.lang.invoke.DirectMethodHandle$Holder.invokeStatic(java.lang.Object, int, java.lang.Object)'> (0x00000007109a6600) 
thrown [./open/src/hotspot/share/interpreter/linkResolver.cpp, line 782]
Event: 0.275 Thread 0x0000021bef001ec0 Exception <a 'java/lang/ClassNotFoundException'{0x000000071065ea68}: com/sun/swing/internal/plaf/metal/resources/spi/metalProvider> (0x000000071065ea68) 
thrown [./open/src/hotspot/share/classfile/systemDictionary.cpp, line 295]
Event: 0.275 Thread 0x0000021bef001ec0 Exception <a 'java/lang/ClassNotFoundException'{0x0000000710662e98}: com/sun/swing/internal/plaf/basic/resources/spi/basicProvider> (0x0000000710662e98) 
thrown [./open/src/hotspot/share/classfile/systemDictionary.cpp, line 295]
Event: 0.353 Thread 0x0000021b942e98e0 Exception <a 'java/lang/NoSuchMethodError'{0x000000071086eb58}: 'void java.lang.invoke.DirectMethodHandle$Holder.invokeStatic(java.lang.Object, java.lang.Object)'> (0x000000071086eb58) 
thrown [./open/src/hotspot/share/interpreter/linkResolver.cpp, line 782]
Event: 0.353 Thread 0x0000021b942e98e0 Exception <a 'java/lang/NoSuchMethodError'{0x0000000710872560}: 'void java.lang.invoke.DirectMethodHandle$Holder.invokeStaticInit(java.lang.Object, java.lang.Object)'> (0x0000000710872560) 
thrown [./open/src/hotspot/share/interpreter/linkResolver.cpp, line 782]
Event: 0.373 Thread 0x0000021b942e98e0 Implicit null exception at 0x0000021b87b00975 to 0x0000021b87b00a50
Event: 0.531 Thread 0x0000021b942e98e0 Exception <a 'java/lang/NoSuchMethodError'{0x000000070eee1518}: 'java.lang.Object java.lang.invoke.DirectMethodHandle$Holder.invokeStaticInit(java.lang.Object, int, int, int, int)'> (0x000000070eee1518) 
thrown [./open/src/hotspot/share/interpreter/linkResolver.cpp, line 782]
Event: 0.551 Thread 0x0000021b942e98e0 Exception <a 'java/lang/NoSuchMethodError'{0x000000070eb39080}: 'java.lang.Object java.lang.invoke.DirectMethodHandle$Holder.invokeStaticInit(java.lang.Object, java.lang.Object, int, int, int, int)'> (0x000000070eb39080) 
thrown [./open/src/hotspot/share/interpreter/linkResolver.cpp, line 782]
Event: 0.685 Thread 0x0000021b942e98e0 Implicit null exception at 0x0000021b87b11dd3 to 0x0000021b87b12934
Event: 0.960 Thread 0x0000021b942e98e0 Exception <a 'java/lang/NoSuchMethodError'{0x0000000710f9fd48}: 'void java.lang.invoke.DirectMethodHandle$Holder.invokeStaticInit(java.lang.Object)'> (0x0000000710f9fd48) 
thrown [./open/src/hotspot/share/interpreter/linkResolver.cpp, line 782]
Event: 1.007 Thread 0x0000021b942e98e0 Implicit null exception at 0x0000021b87bca52c to 0x0000021b87bca64c
Event: 1.094 Thread 0x0000021b942e98e0 Implicit null exception at 0x0000021b87be5c76 to 0x0000021b87be5f8c
Event: 1.095 Thread 0x0000021b942e98e0 Implicit null exception at 0x0000021b87be6dbc to 0x0000021b87be7500
Event: 1.095 Thread 0x0000021b942e98e0 Implicit null exception at 0x0000021b87be8662 to 0x0000021b87be8ffc
Event: 1.096 Thread 0x0000021b942e98e0 Implicit null exception at 0x0000021b87bea364 to 0x0000021b87beaa38
Event: 1.677 Thread 0x0000021b9dc02910 Exception <a 'java/lang/NoSuchMethodError'{0x0000000714029348}: 'void java.lang.invoke.DirectMethodHandle$Holder.invokeStatic(java.lang.Object, java.lang.Object, java.lang.Object)'> (0x0000000714029348) 
thrown [./open/src/hotspot/share/interpreter/linkResolver.cpp, line 782]

Events (20 events):
Event: 4.798 loading class sun/util/resources/TimeZoneNames
Event: 4.799 loading class sun/util/resources/TimeZoneNames done
Event: 4.799 loading class sun/util/resources/TimeZoneNames_en
Event: 4.799 loading class sun/util/resources/TimeZoneNames_en done
Event: 4.801 loading class java/io/FileOutputStream$1
Event: 4.801 loading class java/io/FileOutputStream$1 done
Event: 4.801 loading class java/awt/Window$1DisposeAction
Event: 4.801 loading class java/awt/Window$1DisposeAction done
Event: 4.801 loading class java/awt/LightweightDispatcher$2
Event: 4.801 loading class java/awt/LightweightDispatcher$2 done
Event: 4.801 loading class java/awt/event/AWTEventListenerProxy
Event: 4.801 loading class java/awt/event/AWTEventListenerProxy done
Event: 4.802 loading class java/awt/Toolkit$ToolkitEventMulticaster
Event: 4.802 loading class java/awt/Toolkit$ToolkitEventMulticaster done
Event: 4.803 Thread 0x0000021b9d7e66a0 Thread added: 0x0000021b9d7e66a0
Event: 4.803 Thread 0x0000021bb831de30 Thread added: 0x0000021bb831de30
Event: 4.803 Thread 0x0000021bb8320e50 Thread added: 0x0000021bb8320e50
Event: 4.803 Thread 0x0000021bb8320e50 Thread exited: 0x0000021bb8320e50
Event: 4.803 Thread 0x0000021b9d7e96c0 Thread exited: 0x0000021b9d7e96c0
Event: 4.803 Thread 0x0000021bb831de30 Thread exited: 0x0000021bb831de30


Dynamic libraries:
0x00007ff614ca0000 - 0x00007ff614caf000 	C:\Program Files\Java\jdk-15.0.2\bin\java.exe
0x00007ffaf02f0000 - 0x00007ffaf04e6000 	C:\Windows\SYSTEM32\ntdll.dll
0x00007ffaee760000 - 0x00007ffaee81d000 	C:\Windows\System32\KERNEL32.DLL
0x00007ffaedd60000 - 0x00007ffaee029000 	C:\Windows\System32\KERNELBASE.dll
0x00007ffaee140000 - 0x00007ffaee240000 	C:\Windows\System32\ucrtbase.dll
0x00007ffae8c40000 - 0x00007ffae8c58000 	C:\Program Files\Java\jdk-15.0.2\bin\jli.dll
0x00007ffaab510000 - 0x00007ffaab529000 	C:\Program Files\Java\jdk-15.0.2\bin\VCRUNTIME140.dll
0x00007ffaeef80000 - 0x00007ffaef02c000 	C:\Windows\System32\ADVAPI32.dll
0x00007ffaee400000 - 0x00007ffaee49e000 	C:\Windows\System32\msvcrt.dll
0x00007ffaef030000 - 0x00007ffaef0cc000 	C:\Windows\System32\sechost.dll
0x00007ffaef8c0000 - 0x00007ffaef9eb000 	C:\Windows\System32\RPCRT4.dll
0x00007ffaef480000 - 0x00007ffaef620000 	C:\Windows\System32\USER32.dll
0x00007ffaee0b0000 - 0x00007ffaee0d2000 	C:\Windows\System32\win32u.dll
0x00007ffad8870000 - 0x00007ffad8b0b000 	C:\Windows\WinSxS\amd64_microsoft.windows.common-controls_6595b64144ccf1df_6.0.19041.746_none_ca02b4b61b8320a4\COMCTL32.dll
0x00007ffaef0e0000 - 0x00007ffaef10a000 	C:\Windows\System32\GDI32.dll
0x00007ffaee240000 - 0x00007ffaee34b000 	C:\Windows\System32\gdi32full.dll
0x00007ffaedb90000 - 0x00007ffaedc2d000 	C:\Windows\System32\msvcp_win.dll
0x00007ffae8c10000 - 0x00007ffae8c1a000 	C:\Windows\SYSTEM32\VERSION.dll
0x00007ffaef190000 - 0x00007ffaef1c0000 	C:\Windows\System32\IMM32.DLL
0x00007ffacbaf0000 - 0x00007ffacbafc000 	C:\Program Files\Java\jdk-15.0.2\bin\vcruntime140_1.dll
0x00007ffaab0d0000 - 0x00007ffaab161000 	C:\Program Files\Java\jdk-15.0.2\bin\msvcp140.dll
0x00007ffaaa570000 - 0x00007ffaab0ce000 	C:\Program Files\Java\jdk-15.0.2\bin\server\jvm.dll
0x00007ffaee820000 - 0x00007ffaee828000 	C:\Windows\System32\PSAPI.DLL
0x00007ffac5920000 - 0x00007ffac5929000 	C:\Windows\SYSTEM32\WSOCK32.dll
0x00007ffae2730000 - 0x00007ffae2757000 	C:\Windows\SYSTEM32\WINMM.dll
0x00007ffaef620000 - 0x00007ffaef68b000 	C:\Windows\System32\WS2_32.dll
0x00007ffaeb9a0000 - 0x00007ffaeb9b2000 	C:\Windows\SYSTEM32\kernel.appcore.dll
0x00007ffabc9f0000 - 0x00007ffabc9fa000 	C:\Program Files\Java\jdk-15.0.2\bin\jimage.dll
0x00007ffad8f10000 - 0x00007ffad90f4000 	C:\Windows\SYSTEM32\DBGHELP.DLL
0x00007ffad8ee0000 - 0x00007ffad8f0c000 	C:\Windows\SYSTEM32\dbgcore.DLL
0x00007ffaee030000 - 0x00007ffaee0b0000 	C:\Windows\System32\bcryptPrimitives.dll
0x00007ffaab170000 - 0x00007ffaab195000 	C:\Program Files\Java\jdk-15.0.2\bin\java.dll
0x00007ffaee830000 - 0x00007ffaeef72000 	C:\Windows\System32\SHELL32.dll
0x00007ffaebba0000 - 0x00007ffaec330000 	C:\Windows\SYSTEM32\windows.storage.dll
0x00007ffaef9f0000 - 0x00007ffaefd46000 	C:\Windows\System32\combase.dll
0x00007ffaed490000 - 0x00007ffaed4bc000 	C:\Windows\SYSTEM32\Wldp.dll
0x00007ffaee350000 - 0x00007ffaee3fe000 	C:\Windows\System32\SHCORE.dll
0x00007ffaef130000 - 0x00007ffaef185000 	C:\Windows\System32\shlwapi.dll
0x00007ffaed960000 - 0x00007ffaed986000 	C:\Windows\SYSTEM32\profapi.dll
0x00007ffaab6a0000 - 0x00007ffaab6b9000 	C:\Program Files\Java\jdk-15.0.2\bin\net.dll
0x00007ffae3d70000 - 0x00007ffae3e70000 	C:\Windows\SYSTEM32\WINHTTP.dll
0x00007ffaed210000 - 0x00007ffaed27a000 	C:\Windows\system32\mswsock.dll
0x00007ffaab680000 - 0x00007ffaab692000 	C:\Program Files\Java\jdk-15.0.2\bin\nio.dll
0x00007ffaab660000 - 0x00007ffaab678000 	C:\Program Files\Java\jdk-15.0.2\bin\zip.dll
0x00007ffad27b0000 - 0x00007ffad2930000 	C:\Program Files\Java\jdk-15.0.2\bin\awt.dll
0x00007ffaee4a0000 - 0x00007ffaee56d000 	C:\Windows\System32\OLEAUT32.dll
0x00007ffaeb3e0000 - 0x00007ffaeb470000 	C:\Windows\SYSTEM32\apphelp.dll
0x00007ffaeb6b0000 - 0x00007ffaeb6df000 	C:\Windows\system32\DWMAPI.DLL
0x00007ffaeb4c0000 - 0x00007ffaeb55e000 	C:\Windows\system32\uxtheme.dll
0x00007ffac57f0000 - 0x00007ffac5915000 	C:\Windows\system32\opengl32.dll
0x00007ffada8c0000 - 0x00007ffada8ec000 	C:\Windows\SYSTEM32\GLU32.dll
0x00007ffaef1c0000 - 0x00007ffaef2d5000 	C:\Windows\System32\MSCTF.dll
0x00007ffaef350000 - 0x00007ffaef47a000 	C:\Windows\System32\ole32.dll
0x00007ffaed610000 - 0x00007ffaed622000 	C:\Windows\SYSTEM32\msasn1.dll
0x00007ffae8bd0000 - 0x00007ffae8c01000 	C:\Windows\SYSTEM32\cryptnet.dll
0x00007ffaeda30000 - 0x00007ffaedb86000 	C:\Windows\System32\CRYPT32.dll
0x00007ffaed400000 - 0x00007ffaed40c000 	C:\Windows\SYSTEM32\cryptbase.dll
0x00007ffaee0e0000 - 0x00007ffaee140000 	C:\Windows\System32\WINTRUST.DLL
0x00007ffaef110000 - 0x00007ffaef12d000 	C:\Windows\System32\imagehlp.dll
0x00007ffaed3e0000 - 0x00007ffaed3f8000 	C:\Windows\SYSTEM32\CRYPTSP.dll
0x00007ffaecb40000 - 0x00007ffaecb74000 	C:\Windows\system32\rsaenh.dll
0x00007ffaedd30000 - 0x00007ffaedd57000 	C:\Windows\System32\bcrypt.dll
0x00007ffaec340000 - 0x00007ffaec363000 	C:\Windows\SYSTEM32\gpapi.dll
0x00007ffae60e0000 - 0x00007ffae611b000 	C:\Windows\SYSTEM32\dxcore.dll
0x00007ffaedc30000 - 0x00007ffaedc7e000 	C:\Windows\System32\cfgmgr32.dll
0x00007ffada860000 - 0x00007ffada88d000 	C:\Program Files\Java\jdk-15.0.2\bin\javajpeg.dll
0x00007ffada820000 - 0x00007ffada85f000 	C:\Program Files\Java\jdk-15.0.2\bin\lcms.dll
0x00007ffaed920000 - 0x00007ffaed94e000 	C:\Windows\SYSTEM32\USERENV.dll
0x00007ffaeceb0000 - 0x00007ffaeceeb000 	C:\Windows\SYSTEM32\IPHLPAPI.DLL
0x00007ffaef340000 - 0x00007ffaef348000 	C:\Windows\System32\NSI.dll
0x00007ffae8b40000 - 0x00007ffae8b57000 	C:\Windows\SYSTEM32\dhcpcsvc6.DLL
0x00007ffae4de0000 - 0x00007ffae4dfd000 	C:\Windows\SYSTEM32\dhcpcsvc.DLL
0x00007ffaecf00000 - 0x00007ffaecfcb000 	C:\Windows\SYSTEM32\DNSAPI.dll
0x00007ffad42a0000 - 0x00007ffad4325000 	C:\Program Files\Java\jdk-15.0.2\bin\freetype.dll
0x00007ffad2700000 - 0x00007ffad27a9000 	C:\Program Files\Java\jdk-15.0.2\bin\fontmanager.dll
0x00007ffada7e0000 - 0x00007ffada81d000 	C:\Users\amaur\AppData\Local\Temp\JOCL_2_0_2-windows-x86_64.dll
0x00007ffad29a0000 - 0x00007ffad2a11000 	C:\Windows\SYSTEM32\OpenCL.dll
0x00007ffa9e330000 - 0x00007ffaa0914000 	C:\Windows\System32\DriverStore\FileRepository\nvmd.inf_amd64_1408eaf9a25ed64f\nvopencl64.dll
0x00007ffadf770000 - 0x00007ffadfe46000 	C:\Windows\SYSTEM32\nvapi64.dll
0x00007ffaefdb0000 - 0x00007ffaf0217000 	C:\Windows\System32\SETUPAPI.DLL
0x00007ffae01e0000 - 0x00007ffae02db000 	C:\Windows\SYSTEM32\textinputframework.dll
0x00007ffaeaad0000 - 0x00007ffaeae2e000 	C:\Windows\System32\CoreUIComponents.dll
0x00007ffaeb1b0000 - 0x00007ffaeb2a2000 	C:\Windows\System32\CoreMessaging.dll
0x00007ffaec770000 - 0x00007ffaec7a3000 	C:\Windows\SYSTEM32\ntmarta.dll
0x00007ffae99c0000 - 0x00007ffae9b14000 	C:\Windows\SYSTEM32\wintypes.dll

dbghelp: loaded successfully - version: 4.0.5 - missing functions: none
symbol engine: initialized successfully - sym options: 0x614 - pdb path: .;C:\Program Files\Java\jdk-15.0.2\bin;C:\Windows\SYSTEM32;C:\Windows\WinSxS\amd64_microsoft.windows.common-controls_6595b64144ccf1df_6.0.19041.746_none_ca02b4b61b8320a4;C:\Program Files\Java\jdk-15.0.2\bin\server;C:\Windows\System32\DriverStore\FileRepository\nvmd.inf_amd64_1408eaf9a25ed64f;C:\Users\amaur\AppData\Local\Temp

VM Arguments:
java_command: Launcher
java_class_path (initial): C:\Users\amaur\Desktop\roguelike-proto\lib\runtime\scala-compiler-2.12.2.jar;C:\Users\amaur\Desktop\roguelike-proto\lib\runtime\scala-library-2.12.2.jar;C:\Users\amaur\Desktop\roguelike-proto\lib\runtime\scala-reflect-2.12.2.jar;C:\Users\amaur\Desktop\roguelike-proto\bin;C:\Users\amaur\Desktop\roguelike-proto\lib\third-party\aspose\aspose-psd-20.9-jdk16.jar;C:\Users\amaur\Desktop\roguelike-proto\lib\third-party\jocl\jocl-2.0.2.jar;C:\Users\amaur\Desktop\roguelike-proto\lib\third-party\jxinput\jxinput-0.3.4.jar
Launcher Type: SUN_STANDARD

[Global flags]
     intx CICompilerCount                          = 4                                         {product} {ergonomic}
     uint ConcGCThreads                            = 3                                         {product} {ergonomic}
     uint G1ConcRefinementThreads                  = 10                                        {product} {ergonomic}
   size_t G1HeapRegionSize                         = 2097152                                   {product} {ergonomic}
    uintx GCDrainStackTargetSize                   = 64                                        {product} {ergonomic}
   size_t InitialHeapSize                          = 268435456                                 {product} {ergonomic}
   size_t MarkStackSize                            = 4194304                                   {product} {ergonomic}
   size_t MaxHeapSize                              = 4276092928                                {product} {ergonomic}
   size_t MaxNewSize                               = 2564816896                                {product} {ergonomic}
   size_t MinHeapDeltaBytes                        = 2097152                                   {product} {ergonomic}
   size_t MinHeapSize                              = 8388608                                   {product} {ergonomic}
    uintx NonNMethodCodeHeapSize                   = 5839372                                {pd product} {ergonomic}
    uintx NonProfiledCodeHeapSize                  = 122909434                              {pd product} {ergonomic}
    uintx ProfiledCodeHeapSize                     = 122909434                              {pd product} {ergonomic}
    uintx ReservedCodeCacheSize                    = 251658240                              {pd product} {ergonomic}
     bool SegmentedCodeCache                       = true                                      {product} {ergonomic}
   size_t SoftMaxHeapSize                          = 4276092928                             {manageable} {ergonomic}
     bool UseCompressedClassPointers               = true                                 {lp64_product} {ergonomic}
     bool UseCompressedOops                        = true                                 {lp64_product} {ergonomic}
     bool UseG1GC                                  = true                                      {product} {ergonomic}
     bool UseLargePagesIndividualAllocation        = false                                  {pd product} {ergonomic}

Logging:
Log output configuration:
 #0: stdout all=warning uptime,level,tags
 #1: stderr all=off uptime,level,tags

Environment Variables:
JAVA_HOME=C:/Program Files/Java/jdk-15.0.2
PATH=C:\Program Files\Git\mingw64\bin;C:\Program Files\Git\usr\bin;C:\Users\amaur\bin;C:\Python39\Scripts;C:\Python39;C:\Program Files\Common Files\Oracle\Java\javapath;C:\Program Files (x86)\Common Files\Oracle\Java\javapath;C:\Windows\system32;C:\Windows;C:\Windows\System32\Wbem;C:\Windows\System32\WindowsPowerShell\v1.0;C:\Windows\System32\OpenSSH;C:\Program Files\nodejs;C:\ProgramData\chocolatey\bin;C:\Program Files\Java\jdk-15.0.2\bin;C:\Program Files\Ant\apache-ant-1.10.9\bin;C:\Users\amaur\AppData\Local\Microsoft\WindowsApps;C:\Users\amaur\AppData\Local\Programs\Microsoft VS Code\bin;C:\Users\amaur\AppData\Roaming\npm
USERNAME=amaur
LANG=en_GB.UTF-8
OS=Windows_NT
PROCESSOR_IDENTIFIER=AMD64 Family 23 Model 113 Stepping 0, AuthenticAMD



---------------  S Y S T E M  ---------------

OS:
 Windows 10 , 64 bit Build 19041 (10.0.19041.804)
OS uptime: 0 days 7:09 hours

CPU: total 12 (initial active 12) (12 cores per cpu, 2 threads per core) family 23 model 113 stepping 0 microcode 0x0, cmov, cx8, fxsr, mmx, sse, sse2, sse3, ssse3, sse4.1, sse4.2, popcnt, vzeroupper, avx, avx2, aes, clmul, 3dnowpref, lzcnt, sse4a, ht, tsc, tscinvbit, tscinv, bmi1, bmi2, adx, sha, fma, clflush, clflushopt

Memory: 4k page, system-wide physical 16311M (10285M free)
TotalPageFile size 18743M (AvailPageFile size 9138M)
current process WorkingSet (physical memory assigned to process): 362M, peak: 451M
current process commit charge ("private bytes"): 701M, peak: 886M

vm_info: Java HotSpot(TM) 64-Bit Server VM (15.0.2+7-27) for windows-amd64 JRE (15.0.2+7-27), built on Dec  7 2020 20:07:01 by "mach5one" with unknown MS VC++:1925

END.
