#
# A fatal error has been detected by the Java Runtime Environment:
#
#  EXCEPTION_ACCESS_VIOLATION (0xc0000005) at pc=0x00007ffac58a1d3c, pid=9708, tid=3920
#
# JRE version: Java(TM) SE Runtime Environment (15.0.2+7) (build 15.0.2+7-27)
# Java VM: Java HotSpot(TM) 64-Bit Server VM (15.0.2+7-27, mixed mode, sharing, tiered, compressed oops, g1 gc, windows-amd64)
# Problematic frame:
# C  [OpenCL.dll+0x1d3c]
#
# No core dump will be written. Minidumps are not enabled by default on client versions of Windows
#
# If you would like to submit a bug report, please visit:
#   https://bugreport.java.com/bugreport/crash.jsp
# The crash happened outside the Java Virtual Machine in native code.
# See problematic frame for where to report the bug.
#

---------------  S U M M A R Y ------------

Command Line: Launcher

Host: AMD Ryzen 5 3600 6-Core Processor              , 12 cores, 15G,  Windows 10 , 64 bit Build 19041 (10.0.19041.804)
Time: Tue Feb 16 01:13:22 2021 Romance Standard Time elapsed time: 2.352162 seconds (0d 0h 0m 2s)

---------------  T H R E A D  ---------------

Current thread (0x000002cb0b81e050):  JavaThread "game_loop_thread" daemon [_thread_in_native, id=3920, stack(0x000000ec2b300000,0x000000ec2b400000)]

Stack: [0x000000ec2b300000,0x000000ec2b400000],  sp=0x000000ec2b3ff058,  free space=1020k
Native frames: (J=compiled Java code, j=interpreted, Vv=VM code, C=native code)
C  [OpenCL.dll+0x1d3c]

Java frames: (J=compiled Java code, j=interpreted, Vv=VM code)
J 2522  org.jocl.CL.clSetKernelArgNative(Lorg/jocl/cl_kernel;IJLorg/jocl/Pointer;)I (0 bytes) @ 0x000002cb6c8715a3 [0x000002cb6c871520+0x0000000000000083]
J 2521 c1 org.jocl.CL.clSetKernelArg(Lorg/jocl/cl_kernel;IJLorg/jocl/Pointer;)I (12 bytes) @ 0x000002cb656a0b2c [0x000002cb656a0ae0+0x000000000000004c]
J 2581 c1 engine.render2d.OpenCL.XXX(Ljava/awt/image/BufferedImage;Ljava/awt/image/BufferedImage;FF)V (312 bytes) @ 0x000002cb656af934 [0x000002cb656af440+0x00000000000004f4]
j  engine.scene.Scene.CL_render()V+89
j  engine.stage.Stage.run()V+134
j  java.lang.Thread.run()V+11 java.base@15.0.2
v  ~StubRoutines::call_stub

siginfo: EXCEPTION_ACCESS_VIOLATION (0xc0000005), reading address 0x0000000000000130


Register to memory mapping:

RIP=0x00007ffac58a1d3c OpenCL.dll
RAX=0x0 is NULL
RBX=0x000000ec2b3ff0d0 is pointing into the stack for thread: 0x000002cb0b81e050
RCX=0x000002cb0b7735e0 points into unknown readable memory: 0x0000000000000000 | 00 00 00 00 00 00 00 00
RDX=0x0 is NULL
RSP=0x000000ec2b3ff058 is pointing into the stack for thread: 0x000002cb0b81e050
RBP=0x0 is NULL
RSI=0x000002cb0b7735e0 points into unknown readable memory: 0x0000000000000000 | 00 00 00 00 00 00 00 00
RDI=0x000002cb0b81e378 points into unknown readable memory: 0x00007ffaaaf6de40 | 40 de f6 aa fa 7f 00 00
R8 =0x0000000000000008 is an unknown value
R9 =0x000002cb0982bdc0 points into unknown readable memory: 0x000002cb0b0a2c80 | 80 2c 0a 0b cb 02 00 00
R10=0x00007ffaab00c720 jvm.dll
R11=0x0000000000000010 is an unknown value
R12=0x0 is NULL
R13=0x00000007157689d0 is an oop: java.lang.Class 
{0x00000007157689d0} - klass: 'java/lang/Class'
R14=0x000000ec2b3ff100 is pointing into the stack for thread: 0x000002cb0b81e050
R15=0x000002cb0b81e050 is a thread


Registers:
RAX=0x0000000000000000, RBX=0x000000ec2b3ff0d0, RCX=0x000002cb0b7735e0, RDX=0x0000000000000000
RSP=0x000000ec2b3ff058, RBP=0x0000000000000000, RSI=0x000002cb0b7735e0, RDI=0x000002cb0b81e378
R8 =0x0000000000000008, R9 =0x000002cb0982bdc0, R10=0x00007ffaab00c720, R11=0x0000000000000010
R12=0x0000000000000000, R13=0x00000007157689d0, R14=0x000000ec2b3ff100, R15=0x000002cb0b81e050
RIP=0x00007ffac58a1d3c, EFLAGS=0x0000000000010202

Top of Stack: (sp=0x000000ec2b3ff058)
0x000000ec2b3ff058:   00007ffada62ceb5 0000000000000000
0x000000ec2b3ff068:   00007ffada642be0 000000ec00000001
0x000000ec2b3ff078:   0000000000000000 000002cb0af88d20
0x000000ec2b3ff088:   000002cb0b0a4f90 0000000715282300
0x000000ec2b3ff098:   000002cb6c871643 000002cb0bbed928
0x000000ec2b3ff0a8:   0000000000000082 000000ec2b3ff110
0x000000ec2b3ff0b8:   000002cb0b0a4f90 0000000000000008
0x000000ec2b3ff0c8:   000000ec2b3ff0e8 000000071549afe8
0x000000ec2b3ff0d8:   00000007152822c0 00000007157a5460
0x000000ec2b3ff0e8:   0000000715282300 000000ec2b3ff390
0x000000ec2b3ff0f8:   000002cb656a3994 00000007157a5460
0x000000ec2b3ff108:   0000000000000000 000000ec2b3ff390
0x000000ec2b3ff118:   000002cb656a0b2c 00000000000013d7
0x000000ec2b3ff128:   000002cb6c87291e 000002cb206bb898
0x000000ec2b3ff138:   0000000702293f60 000000ec2b3ff390
0x000000ec2b3ff148:   000002cb656a1d14 0000000715282000 

Instructions: (pc=0x00007ffac58a1d3c)
0x00007ffac58a1c3c:   c0 ff 15 65 04 05 00 48 85 db 75 09 8d 43 e0 48
0x00007ffac58a1c4c:   83 c4 20 5b c3 48 8b 03 48 8b cb 48 83 c4 20 5b
0x00007ffac58a1c5c:   48 ff a0 20 03 00 00 cc cc cc cc cc cc cc cc cc
0x00007ffac58a1c6c:   cc cc cc cc 48 85 c9 75 04 8d 41 d4 c3 4c 8b 11
0x00007ffac58a1c7c:   49 ff a2 00 01 00 00 cc cc cc cc cc cc cc cc cc
0x00007ffac58a1c8c:   cc cc cc cc 48 85 c9 75 04 8d 41 d4 c3 4c 8b 11
0x00007ffac58a1c9c:   49 ff a2 08 01 00 00 cc cc cc cc cc cc cc cc cc
0x00007ffac58a1cac:   cc cc cc cc 48 85 c9 75 0f 4d 85 c0 74 07 41 c7
0x00007ffac58a1cbc:   00 d4 ff ff ff 33 c0 c3 48 8b 01 48 ff a0 10 01
0x00007ffac58a1ccc:   00 00 cc cc 48 85 c9 75 04 8d 41 d4 c3 48 8b 01
0x00007ffac58a1cdc:   48 ff a0 18 01 00 00 cc cc cc cc cc cc cc cc cc
0x00007ffac58a1cec:   cc cc cc cc 48 85 c9 75 04 8d 41 d0 c3 48 8b 01
0x00007ffac58a1cfc:   48 ff a0 20 01 00 00 cc cc cc cc cc cc cc cc cc
0x00007ffac58a1d0c:   cc cc cc cc 48 85 c9 75 04 8d 41 d0 c3 48 8b 01
0x00007ffac58a1d1c:   48 ff a0 28 01 00 00 cc cc cc cc cc cc cc cc cc
0x00007ffac58a1d2c:   cc cc cc cc 48 85 c9 75 04 8d 41 d0 c3 48 8b 01
0x00007ffac58a1d3c:   48 ff a0 30 01 00 00 cc cc cc cc cc cc cc cc cc
0x00007ffac58a1d4c:   cc cc cc cc 48 85 c9 75 04 8d 41 d0 c3 4c 8b 11
0x00007ffac58a1d5c:   49 ff a2 38 01 00 00 cc cc cc cc cc cc cc cc cc
0x00007ffac58a1d6c:   cc cc cc cc 48 85 c9 75 04 8d 41 d0 c3 4c 8b 11
0x00007ffac58a1d7c:   49 ff a2 28 03 00 00 cc cc cc cc cc cc cc cc cc
0x00007ffac58a1d8c:   cc cc cc cc 48 85 c9 75 04 8d 41 d0 c3 4c 8b 11
0x00007ffac58a1d9c:   49 ff a2 40 01 00 00 cc cc cc cc cc cc cc cc cc
0x00007ffac58a1dac:   cc cc cc cc 85 c9 74 1d 48 85 d2 74 18 48 8b 02
0x00007ffac58a1dbc:   48 85 c0 75 06 b8 c6 ff ff ff c3 48 8b 00 48 ff
0x00007ffac58a1dcc:   a0 48 01 00 00 b8 e2 ff ff ff c3 cc cc cc cc cc
0x00007ffac58a1ddc:   cc cc cc cc 48 85 c9 75 04 8d 41 c6 c3 4c 8b 11
0x00007ffac58a1dec:   49 ff a2 50 01 00 00 cc cc cc cc cc cc cc cc cc
0x00007ffac58a1dfc:   cc cc cc cc 48 85 c9 75 04 8d 41 c6 c3 48 8b 01
0x00007ffac58a1e0c:   48 ff a0 58 01 00 00 cc cc cc cc cc cc cc cc cc
0x00007ffac58a1e1c:   cc cc cc cc 48 85 c9 75 04 8d 41 c6 c3 48 8b 01
0x00007ffac58a1e2c:   48 ff a0 60 01 00 00 cc cc cc cc cc cc cc cc cc 


Stack slot to memory mapping:
stack at sp + 0 slots: 0x00007ffada62ceb5 JOCL_2_0_2-windows-x86_64.dll
stack at sp + 1 slots: 0x0 is NULL
stack at sp + 2 slots: 0x00007ffada642be0 JOCL_2_0_2-windows-x86_64.dll
stack at sp + 3 slots: 0x000000ec00000001 is an unknown value
stack at sp + 4 slots: 0x0 is NULL
stack at sp + 5 slots: 0x000002cb0af88d20 points into unknown readable memory: 0x000002cb09800838 | 38 08 80 09 cb 02 00 00
stack at sp + 6 slots: 0x000002cb0b0a4f90 points into unknown readable memory: 0x0057005c003a0043 | 43 00 3a 00 5c 00 57 00
stack at sp + 7 slots: 0x0000000715282300 is an oop: org.jocl.Pointer 
{0x0000000715282300} - klass: 'org/jocl/Pointer'


---------------  P R O C E S S  ---------------

Threads class SMR info:
_java_thread_list=0x000002cb09d9e600, length=16, elements={
0x000002cb005dd9c0, 0x000002cb005de590, 0x000002cb005f63d0, 0x000002cb005f8da0,
0x000002cb005fa860, 0x000002cb005fbf00, 0x000002cb005fff00, 0x000002cb006010d0,
0x000002cb00fde000, 0x000002cb00fe87e0, 0x000002cb014bd730, 0x000002cb0b81e050,
0x000002cb0b8aa040, 0x000002cb0b911050, 0x000002cb0b1d8220, 0x000002cb0b1d9f00
}

Java Threads: ( => current thread )
  0x000002cb005dd9c0 JavaThread "Reference Handler" daemon [_thread_blocked, id=12544, stack(0x000000ec2a100000,0x000000ec2a200000)]
  0x000002cb005de590 JavaThread "Finalizer" daemon [_thread_blocked, id=8444, stack(0x000000ec2a200000,0x000000ec2a300000)]
  0x000002cb005f63d0 JavaThread "Signal Dispatcher" daemon [_thread_blocked, id=10172, stack(0x000000ec2a300000,0x000000ec2a400000)]
  0x000002cb005f8da0 JavaThread "Attach Listener" daemon [_thread_blocked, id=1408, stack(0x000000ec2a400000,0x000000ec2a500000)]
  0x000002cb005fa860 JavaThread "Service Thread" daemon [_thread_blocked, id=12844, stack(0x000000ec2a500000,0x000000ec2a600000)]
  0x000002cb005fbf00 JavaThread "C2 CompilerThread0" daemon [_thread_blocked, id=3824, stack(0x000000ec2a600000,0x000000ec2a700000)]
  0x000002cb005fff00 JavaThread "C1 CompilerThread0" daemon [_thread_blocked, id=9388, stack(0x000000ec2a700000,0x000000ec2a800000)]
  0x000002cb006010d0 JavaThread "Sweeper thread" daemon [_thread_blocked, id=9556, stack(0x000000ec2a800000,0x000000ec2a900000)]
  0x000002cb00fde000 JavaThread "Notification Thread" daemon [_thread_blocked, id=2552, stack(0x000000ec2a900000,0x000000ec2aa00000)]
  0x000002cb00fe87e0 JavaThread "Common-Cleaner" daemon [_thread_blocked, id=1744, stack(0x000000ec2ab00000,0x000000ec2ac00000)]
  0x000002cb014bd730 JavaThread "Java2D Disposer" daemon [_thread_blocked, id=10184, stack(0x000000ec2ac00000,0x000000ec2ad00000)]
=>0x000002cb0b81e050 JavaThread "game_loop_thread" daemon [_thread_in_native, id=3920, stack(0x000000ec2b300000,0x000000ec2b400000)]
  0x000002cb0b8aa040 JavaThread "AWT-Shutdown" [_thread_blocked, id=4180, stack(0x000000ec2b400000,0x000000ec2b500000)]
  0x000002cb0b911050 JavaThread "AWT-EventQueue-0" [_thread_blocked, id=11828, stack(0x000000ec2c800000,0x000000ec2c900000)]
  0x000002cb0b1d8220 JavaThread "DestroyJavaVM" [_thread_blocked, id=13000, stack(0x000000ec29a00000,0x000000ec29b00000)]
  0x000002cb0b1d9f00 JavaThread "ToolkitShutdown" daemon [_thread_in_native, id=3088, stack(0x000000ec2cb60000,0x000000ec2cc60000)]

Other Threads:
  0x000002cb005d8120 VMThread "VM Thread" [stack: 0x000000ec2a000000,0x000000ec2a100000] [id=4684]
  0x000002cb00fde4d0 WatcherThread [stack: 0x000000ec2aa00000,0x000000ec2ab00000] [id=996]
  0x000002cb5ca83680 GCTaskThread "GC Thread#0" [stack: 0x000000ec29b00000,0x000000ec29c00000] [id=10812]
  0x000002cb015e4f20 GCTaskThread "GC Thread#1" [stack: 0x000000ec2b500000,0x000000ec2b600000] [id=9736]
  0x000002cb015e4bf0 GCTaskThread "GC Thread#2" [stack: 0x000000ec2b600000,0x000000ec2b700000] [id=7616]
  0x000002cb015e6f00 GCTaskThread "GC Thread#3" [stack: 0x000000ec2b700000,0x000000ec2b800000] [id=10444]
  0x000002cb015e5580 GCTaskThread "GC Thread#4" [stack: 0x000000ec2b800000,0x000000ec2b900000] [id=7000]
  0x000002cb015e5250 GCTaskThread "GC Thread#5" [stack: 0x000000ec2b900000,0x000000ec2ba00000] [id=9332]
  0x000002cb015e5be0 GCTaskThread "GC Thread#6" [stack: 0x000000ec2ba00000,0x000000ec2bb00000] [id=11620]
  0x000002cb015e4260 GCTaskThread "GC Thread#7" [stack: 0x000000ec2bb00000,0x000000ec2bc00000] [id=7204]
  0x000002cb5ca946a0 ConcurrentGCThread "G1 Main Marker" [stack: 0x000000ec29c00000,0x000000ec29d00000] [id=6912]
  0x000002cb5ca96240 ConcurrentGCThread "G1 Conc#0" [stack: 0x000000ec29d00000,0x000000ec29e00000] [id=13076]
  0x000002cb015e58b0 ConcurrentGCThread "G1 Conc#1" [stack: 0x000000ec2b100000,0x000000ec2b200000] [id=12704]
  0x000002cb015e3f30 ConcurrentGCThread "G1 Conc#2" [stack: 0x000000ec2c100000,0x000000ec2c200000] [id=11792]
  0x000002cb5cb0d6a0 ConcurrentGCThread "G1 Refine#0" [stack: 0x000000ec29e00000,0x000000ec29f00000] [id=4644]
  0x000002cb0989bb60 ConcurrentGCThread "G1 Refine#1" [stack: 0x000000ec2bc00000,0x000000ec2bd00000] [id=12768]
  0x000002cb092def70 ConcurrentGCThread "G1 Refine#2" [stack: 0x000000ec2bd00000,0x000000ec2be00000] [id=8448]
  0x000002cb092a4bc0 ConcurrentGCThread "G1 Refine#3" [stack: 0x000000ec2be00000,0x000000ec2bf00000] [id=12956]
  0x000002cb097b8ed0 ConcurrentGCThread "G1 Refine#4" [stack: 0x000000ec2bf00000,0x000000ec2c000000] [id=11720]
  0x000002cb097f7890 ConcurrentGCThread "G1 Refine#5" [stack: 0x000000ec2c000000,0x000000ec2c100000] [id=9928]
  0x000002cb5cb0e2a0 ConcurrentGCThread "G1 Young RemSet Sampling" [stack: 0x000000ec29f00000,0x000000ec2a000000] [id=2456]

Threads with active compile tasks:

VM state: not at safepoint (normal execution)

VM Mutex/Monitor currently owned by a thread: None

Heap address: 0x0000000701200000, size: 4078 MB, Compressed Oops mode: Zero based, Oop shift amount: 3
CDS archive(s) mapped at: [0x0000000800000000-0x0000000800b50000-0x0000000800b50000), size 11862016, SharedBaseAddress: 0x0000000800000000, ArchiveRelocationMode: 0.
Compressed class space mapped at: 0x0000000800b50000-0x0000000840b50000, size: 1073741824
Narrow klass base: 0x0000000800000000, Narrow klass shift: 3, Narrow klass range: 0x100000000

GC Precious Log:
 CPUs: 12 total, 12 available
 Memory: 16311M
 Large Page Support: Disabled
 NUMA Support: Disabled
 Compressed Oops: Enabled (Zero based)
 Heap Region Size: 2M
 Heap Min Capacity: 8M
 Heap Initial Capacity: 256M
 Heap Max Capacity: 4078M
 Pre-touch: Disabled
 Parallel Workers: 10
 Concurrent Workers: 3
 Concurrent Refinement Workers: 10
 Periodic GC: Disabled

Heap:
 garbage-first heap   total 333824K, used 152003K [0x0000000701200000, 0x0000000800000000)
  region size 2048K, 8 young (16384K), 2 survivors (4096K)
 Metaspace       used 21331K, capacity 21554K, committed 21632K, reserved 1069056K
  class space    used 2283K, capacity 2355K, committed 2432K, reserved 1048576K

Heap Regions: E=young(eden), S=young(survivor), O=old, HS=humongous(starts), HC=humongous(continues), CS=collection set, F=free, OA=open archive, CA=closed archive, TAMS=top-at-mark-start (previous, next)
|   0|0x0000000701200000, 0x0000000701400000, 0x0000000701400000|100%|HS|  |TAMS 0x0000000701400000, 0x0000000701200000| Complete 
|   1|0x0000000701400000, 0x0000000701400000, 0x0000000701600000|  0%| F|  |TAMS 0x0000000701400000, 0x0000000701400000| Untracked 
|   2|0x0000000701600000, 0x0000000701600000, 0x0000000701800000|  0%| F|  |TAMS 0x0000000701600000, 0x0000000701600000| Untracked 
|   3|0x0000000701800000, 0x0000000701800000, 0x0000000701a00000|  0%| F|  |TAMS 0x0000000701800000, 0x0000000701800000| Untracked 
|   4|0x0000000701a00000, 0x0000000701c00000, 0x0000000701c00000|100%| O|  |TAMS 0x0000000701c00000, 0x0000000701a00000| Untracked 
|   5|0x0000000701c00000, 0x0000000701e00000, 0x0000000701e00000|100%| O|  |TAMS 0x0000000701e00000, 0x0000000701c00000| Untracked 
|   6|0x0000000701e00000, 0x0000000701e00000, 0x0000000702000000|  0%| F|  |TAMS 0x0000000701e00000, 0x0000000701e00000| Untracked 
|   7|0x0000000702000000, 0x0000000702200000, 0x0000000702200000|100%| O|  |TAMS 0x0000000702200000, 0x0000000702000000| Untracked 
|   8|0x0000000702200000, 0x0000000702400000, 0x0000000702400000|100%| O|  |TAMS 0x0000000702400000, 0x0000000702200000| Untracked 
|   9|0x0000000702400000, 0x0000000702600000, 0x0000000702600000|100%| O|  |TAMS 0x0000000702600000, 0x0000000702400000| Untracked 
|  10|0x0000000702600000, 0x0000000702800000, 0x0000000702800000|100%|HS|  |TAMS 0x0000000702800000, 0x0000000702600000| Complete 
|  11|0x0000000702800000, 0x0000000702a00000, 0x0000000702a00000|100%|HS|  |TAMS 0x0000000702a00000, 0x0000000702800000| Complete 
|  12|0x0000000702a00000, 0x0000000702c00000, 0x0000000702c00000|100%|HC|  |TAMS 0x0000000702c00000, 0x0000000702a00000| Complete 
|  13|0x0000000702c00000, 0x0000000702e00000, 0x0000000702e00000|100%|HS|  |TAMS 0x0000000702e00000, 0x0000000702c00000| Complete 
|  14|0x0000000702e00000, 0x0000000702e00000, 0x0000000703000000|  0%| F|  |TAMS 0x0000000702e00000, 0x0000000702e00000| Untracked 
|  15|0x0000000703000000, 0x0000000703200000, 0x0000000703200000|100%|HS|  |TAMS 0x0000000703200000, 0x0000000703000000| Complete 
|  16|0x0000000703200000, 0x0000000703400000, 0x0000000703400000|100%|HS|  |TAMS 0x0000000703400000, 0x0000000703200000| Complete 
|  17|0x0000000703400000, 0x0000000703400000, 0x0000000703600000|  0%| F|  |TAMS 0x0000000703400000, 0x0000000703400000| Untracked 
|  18|0x0000000703600000, 0x0000000703600000, 0x0000000703800000|  0%| F|  |TAMS 0x0000000703600000, 0x0000000703600000| Untracked 
|  19|0x0000000703800000, 0x0000000703a00000, 0x0000000703a00000|100%| O|  |TAMS 0x0000000703a00000, 0x0000000703800000| Untracked 
|  20|0x0000000703a00000, 0x0000000703c00000, 0x0000000703c00000|100%| O|  |TAMS 0x0000000703c00000, 0x0000000703a00000| Untracked 
|  21|0x0000000703c00000, 0x0000000703e00000, 0x0000000703e00000|100%| O|  |TAMS 0x0000000703e00000, 0x0000000703c00000| Untracked 
|  22|0x0000000703e00000, 0x0000000704000000, 0x0000000704000000|100%| O|  |TAMS 0x0000000704000000, 0x0000000703e00000| Untracked 
|  23|0x0000000704000000, 0x0000000704200000, 0x0000000704200000|100%| O|  |TAMS 0x0000000704195c00, 0x0000000704000000| Untracked 
|  24|0x0000000704200000, 0x0000000704400000, 0x0000000704400000|100%|HS|  |TAMS 0x0000000704400000, 0x0000000704200000| Complete 
|  25|0x0000000704400000, 0x0000000704600000, 0x0000000704600000|100%|HC|  |TAMS 0x0000000704600000, 0x0000000704400000| Complete 
|  26|0x0000000704600000, 0x0000000704800000, 0x0000000704800000|100%|HC|  |TAMS 0x0000000704800000, 0x0000000704600000| Complete 
|  27|0x0000000704800000, 0x0000000704a00000, 0x0000000704a00000|100%|HS|  |TAMS 0x0000000704800000, 0x0000000704800000| Complete 
|  28|0x0000000704a00000, 0x0000000704c00000, 0x0000000704c00000|100%|HC|  |TAMS 0x0000000704a00000, 0x0000000704a00000| Complete 
|  29|0x0000000704c00000, 0x0000000704e00000, 0x0000000704e00000|100%|HC|  |TAMS 0x0000000704c00000, 0x0000000704c00000| Complete 
|  30|0x0000000704e00000, 0x0000000705000000, 0x0000000705000000|100%|HC|  |TAMS 0x0000000704e00000, 0x0000000704e00000| Complete 
|  31|0x0000000705000000, 0x0000000705200000, 0x0000000705200000|100%|HC|  |TAMS 0x0000000705000000, 0x0000000705000000| Complete 
|  32|0x0000000705200000, 0x0000000705400000, 0x0000000705400000|100%|HS|  |TAMS 0x0000000705200000, 0x0000000705200000| Complete 
|  33|0x0000000705400000, 0x0000000705600000, 0x0000000705600000|100%|HC|  |TAMS 0x0000000705400000, 0x0000000705400000| Complete 
|  34|0x0000000705600000, 0x0000000705800000, 0x0000000705800000|100%|HC|  |TAMS 0x0000000705600000, 0x0000000705600000| Complete 
|  35|0x0000000705800000, 0x0000000705a00000, 0x0000000705a00000|100%|HC|  |TAMS 0x0000000705800000, 0x0000000705800000| Complete 
|  36|0x0000000705a00000, 0x0000000705c00000, 0x0000000705c00000|100%|HS|  |TAMS 0x0000000705a00000, 0x0000000705a00000| Complete 
|  37|0x0000000705c00000, 0x0000000705e00000, 0x0000000705e00000|100%|HC|  |TAMS 0x0000000705c00000, 0x0000000705c00000| Complete 
|  38|0x0000000705e00000, 0x0000000706000000, 0x0000000706000000|100%|HC|  |TAMS 0x0000000705e00000, 0x0000000705e00000| Complete 
|  39|0x0000000706000000, 0x0000000706200000, 0x0000000706200000|100%|HC|  |TAMS 0x0000000706000000, 0x0000000706000000| Complete 
|  40|0x0000000706200000, 0x0000000706200000, 0x0000000706400000|  0%| F|  |TAMS 0x0000000706200000, 0x0000000706200000| Untracked 
|  41|0x0000000706400000, 0x0000000706400000, 0x0000000706600000|  0%| F|  |TAMS 0x0000000706400000, 0x0000000706400000| Untracked 
|  42|0x0000000706600000, 0x0000000706800000, 0x0000000706800000|100%|HS|  |TAMS 0x0000000706800000, 0x0000000706600000| Complete 
|  43|0x0000000706800000, 0x0000000706a00000, 0x0000000706a00000|100%|HC|  |TAMS 0x0000000706a00000, 0x0000000706800000| Complete 
|  44|0x0000000706a00000, 0x0000000706c00000, 0x0000000706c00000|100%|HC|  |TAMS 0x0000000706c00000, 0x0000000706a00000| Complete 
|  45|0x0000000706c00000, 0x0000000706e00000, 0x0000000706e00000|100%|HC|  |TAMS 0x0000000706e00000, 0x0000000706c00000| Complete 
|  46|0x0000000706e00000, 0x0000000707000000, 0x0000000707000000|100%|HC|  |TAMS 0x0000000707000000, 0x0000000706e00000| Complete 
|  47|0x0000000707000000, 0x0000000707200000, 0x0000000707200000|100%|HS|  |TAMS 0x0000000707200000, 0x0000000707000000| Complete 
|  48|0x0000000707200000, 0x0000000707400000, 0x0000000707400000|100%|HC|  |TAMS 0x0000000707400000, 0x0000000707200000| Complete 
|  49|0x0000000707400000, 0x0000000707600000, 0x0000000707600000|100%|HC|  |TAMS 0x0000000707600000, 0x0000000707400000| Complete 
|  50|0x0000000707600000, 0x0000000707800000, 0x0000000707800000|100%|HC|  |TAMS 0x0000000707800000, 0x0000000707600000| Complete 
|  51|0x0000000707800000, 0x0000000707a00000, 0x0000000707a00000|100%|HC|  |TAMS 0x0000000707a00000, 0x0000000707800000| Complete 
|  52|0x0000000707a00000, 0x0000000707c00000, 0x0000000707c00000|100%|HS|  |TAMS 0x0000000707c00000, 0x0000000707a00000| Complete 
|  53|0x0000000707c00000, 0x0000000707e00000, 0x0000000707e00000|100%|HC|  |TAMS 0x0000000707e00000, 0x0000000707c00000| Complete 
|  54|0x0000000707e00000, 0x0000000708000000, 0x0000000708000000|100%|HC|  |TAMS 0x0000000708000000, 0x0000000707e00000| Complete 
|  55|0x0000000708000000, 0x0000000708200000, 0x0000000708200000|100%|HC|  |TAMS 0x0000000708200000, 0x0000000708000000| Complete 
|  56|0x0000000708200000, 0x0000000708400000, 0x0000000708400000|100%|HC|  |TAMS 0x0000000708400000, 0x0000000708200000| Complete 
|  57|0x0000000708400000, 0x0000000708600000, 0x0000000708600000|100%| O|  |TAMS 0x0000000708400000, 0x0000000708400000| Untracked 
|  58|0x0000000708600000, 0x0000000708800000, 0x0000000708800000|100%| O|  |TAMS 0x0000000708600000, 0x0000000708600000| Untracked 
|  59|0x0000000708800000, 0x000000070888dc00, 0x0000000708a00000| 27%| O|  |TAMS 0x0000000708800000, 0x0000000708800000| Untracked 
|  60|0x0000000708a00000, 0x0000000708c00000, 0x0000000708c00000|100%|HS|  |TAMS 0x0000000708a00000, 0x0000000708a00000| Complete 
|  61|0x0000000708c00000, 0x0000000708e00000, 0x0000000708e00000|100%|HC|  |TAMS 0x0000000708c00000, 0x0000000708c00000| Complete 
|  62|0x0000000708e00000, 0x0000000709000000, 0x0000000709000000|100%|HC|  |TAMS 0x0000000708e00000, 0x0000000708e00000| Complete 
|  63|0x0000000709000000, 0x0000000709200000, 0x0000000709200000|100%|HC|  |TAMS 0x0000000709000000, 0x0000000709000000| Complete 
|  64|0x0000000709200000, 0x0000000709400000, 0x0000000709400000|100%|HC|  |TAMS 0x0000000709200000, 0x0000000709200000| Complete 
|  65|0x0000000709400000, 0x0000000709600000, 0x0000000709600000|100%|HC|  |TAMS 0x0000000709400000, 0x0000000709400000| Complete 
|  66|0x0000000709600000, 0x0000000709800000, 0x0000000709800000|100%|HC|  |TAMS 0x0000000709600000, 0x0000000709600000| Complete 
|  67|0x0000000709800000, 0x0000000709a00000, 0x0000000709a00000|100%|HC|  |TAMS 0x0000000709800000, 0x0000000709800000| Complete 
|  68|0x0000000709a00000, 0x0000000709c00000, 0x0000000709c00000|100%|HC|  |TAMS 0x0000000709a00000, 0x0000000709a00000| Complete 
|  69|0x0000000709c00000, 0x0000000709e00000, 0x0000000709e00000|100%|HC|  |TAMS 0x0000000709c00000, 0x0000000709c00000| Complete 
|  70|0x0000000709e00000, 0x000000070a000000, 0x000000070a000000|100%|HC|  |TAMS 0x0000000709e00000, 0x0000000709e00000| Complete 
|  71|0x000000070a000000, 0x000000070a200000, 0x000000070a200000|100%|HC|  |TAMS 0x000000070a000000, 0x000000070a000000| Complete 
|  72|0x000000070a200000, 0x000000070a400000, 0x000000070a400000|100%|HC|  |TAMS 0x000000070a200000, 0x000000070a200000| Complete 
|  73|0x000000070a400000, 0x000000070a600000, 0x000000070a600000|100%|HC|  |TAMS 0x000000070a400000, 0x000000070a400000| Complete 
|  74|0x000000070a600000, 0x000000070a800000, 0x000000070a800000|100%|HC|  |TAMS 0x000000070a600000, 0x000000070a600000| Complete 
|  75|0x000000070a800000, 0x000000070aa00000, 0x000000070aa00000|100%|HC|  |TAMS 0x000000070a800000, 0x000000070a800000| Complete 
|  76|0x000000070aa00000, 0x000000070ac00000, 0x000000070ac00000|100%|HC|  |TAMS 0x000000070aa00000, 0x000000070aa00000| Complete 
|  77|0x000000070ac00000, 0x000000070ac00000, 0x000000070ae00000|  0%| F|  |TAMS 0x000000070ac00000, 0x000000070ac00000| Untracked 
|  78|0x000000070ae00000, 0x000000070ae00000, 0x000000070b000000|  0%| F|  |TAMS 0x000000070ae00000, 0x000000070ae00000| Untracked 
|  79|0x000000070b000000, 0x000000070b000000, 0x000000070b200000|  0%| F|  |TAMS 0x000000070b000000, 0x000000070b000000| Untracked 
|  80|0x000000070b200000, 0x000000070b200000, 0x000000070b400000|  0%| F|  |TAMS 0x000000070b200000, 0x000000070b200000| Untracked 
|  81|0x000000070b400000, 0x000000070b400000, 0x000000070b600000|  0%| F|  |TAMS 0x000000070b400000, 0x000000070b400000| Untracked 
|  82|0x000000070b600000, 0x000000070b600000, 0x000000070b800000|  0%| F|  |TAMS 0x000000070b600000, 0x000000070b600000| Untracked 
|  83|0x000000070b800000, 0x000000070b800000, 0x000000070ba00000|  0%| F|  |TAMS 0x000000070b800000, 0x000000070b800000| Untracked 
|  84|0x000000070ba00000, 0x000000070ba00000, 0x000000070bc00000|  0%| F|  |TAMS 0x000000070ba00000, 0x000000070ba00000| Untracked 
|  85|0x000000070bc00000, 0x000000070bc00000, 0x000000070be00000|  0%| F|  |TAMS 0x000000070bc00000, 0x000000070bc00000| Untracked 
|  86|0x000000070be00000, 0x000000070be00000, 0x000000070c000000|  0%| F|  |TAMS 0x000000070be00000, 0x000000070be00000| Untracked 
|  87|0x000000070c000000, 0x000000070c000000, 0x000000070c200000|  0%| F|  |TAMS 0x000000070c000000, 0x000000070c000000| Untracked 
|  88|0x000000070c200000, 0x000000070c200000, 0x000000070c400000|  0%| F|  |TAMS 0x000000070c200000, 0x000000070c200000| Untracked 
|  89|0x000000070c400000, 0x000000070c400000, 0x000000070c600000|  0%| F|  |TAMS 0x000000070c400000, 0x000000070c400000| Untracked 
|  90|0x000000070c600000, 0x000000070c600000, 0x000000070c800000|  0%| F|  |TAMS 0x000000070c600000, 0x000000070c600000| Untracked 
|  91|0x000000070c800000, 0x000000070c800000, 0x000000070ca00000|  0%| F|  |TAMS 0x000000070c800000, 0x000000070c800000| Untracked 
|  92|0x000000070ca00000, 0x000000070ca00000, 0x000000070cc00000|  0%| F|  |TAMS 0x000000070ca00000, 0x000000070ca00000| Untracked 
|  93|0x000000070cc00000, 0x000000070cc00000, 0x000000070ce00000|  0%| F|  |TAMS 0x000000070cc00000, 0x000000070cc00000| Untracked 
|  94|0x000000070ce00000, 0x000000070ce00000, 0x000000070d000000|  0%| F|  |TAMS 0x000000070ce00000, 0x000000070ce00000| Untracked 
|  95|0x000000070d000000, 0x000000070d000000, 0x000000070d200000|  0%| F|  |TAMS 0x000000070d000000, 0x000000070d000000| Untracked 
|  96|0x000000070d200000, 0x000000070d200000, 0x000000070d400000|  0%| F|  |TAMS 0x000000070d200000, 0x000000070d200000| Untracked 
|  97|0x000000070d400000, 0x000000070d400000, 0x000000070d600000|  0%| F|  |TAMS 0x000000070d400000, 0x000000070d400000| Untracked 
|  98|0x000000070d600000, 0x000000070d600000, 0x000000070d800000|  0%| F|  |TAMS 0x000000070d600000, 0x000000070d600000| Untracked 
|  99|0x000000070d800000, 0x000000070d800000, 0x000000070da00000|  0%| F|  |TAMS 0x000000070d800000, 0x000000070d800000| Untracked 
| 100|0x000000070da00000, 0x000000070da00000, 0x000000070dc00000|  0%| F|  |TAMS 0x000000070da00000, 0x000000070da00000| Untracked 
| 101|0x000000070dc00000, 0x000000070dc00000, 0x000000070de00000|  0%| F|  |TAMS 0x000000070dc00000, 0x000000070dc00000| Untracked 
| 102|0x000000070de00000, 0x000000070de00000, 0x000000070e000000|  0%| F|  |TAMS 0x000000070de00000, 0x000000070de00000| Untracked 
| 103|0x000000070e000000, 0x000000070e1e3350, 0x000000070e200000| 94%| S|CS|TAMS 0x000000070e000000, 0x000000070e000000| Complete 
| 104|0x000000070e200000, 0x000000070e400000, 0x000000070e400000|100%| S|CS|TAMS 0x000000070e200000, 0x000000070e200000| Complete 
| 105|0x000000070e400000, 0x000000070e400000, 0x000000070e600000|  0%| F|  |TAMS 0x000000070e400000, 0x000000070e400000| Untracked 
| 106|0x000000070e600000, 0x000000070e600000, 0x000000070e800000|  0%| F|  |TAMS 0x000000070e600000, 0x000000070e600000| Untracked 
| 107|0x000000070e800000, 0x000000070e800000, 0x000000070ea00000|  0%| F|  |TAMS 0x000000070e800000, 0x000000070e800000| Untracked 
| 108|0x000000070ea00000, 0x000000070ea00000, 0x000000070ec00000|  0%| F|  |TAMS 0x000000070ea00000, 0x000000070ea00000| Untracked 
| 109|0x000000070ec00000, 0x000000070ec00000, 0x000000070ee00000|  0%| F|  |TAMS 0x000000070ec00000, 0x000000070ec00000| Untracked 
| 110|0x000000070ee00000, 0x000000070ee00000, 0x000000070f000000|  0%| F|  |TAMS 0x000000070ee00000, 0x000000070ee00000| Untracked 
| 111|0x000000070f000000, 0x000000070f000000, 0x000000070f200000|  0%| F|  |TAMS 0x000000070f000000, 0x000000070f000000| Untracked 
| 112|0x000000070f200000, 0x000000070f200000, 0x000000070f400000|  0%| F|  |TAMS 0x000000070f200000, 0x000000070f200000| Untracked 
| 113|0x000000070f400000, 0x000000070f400000, 0x000000070f600000|  0%| F|  |TAMS 0x000000070f400000, 0x000000070f400000| Untracked 
| 114|0x000000070f600000, 0x000000070f600000, 0x000000070f800000|  0%| F|  |TAMS 0x000000070f600000, 0x000000070f600000| Untracked 
| 115|0x000000070f800000, 0x000000070f800000, 0x000000070fa00000|  0%| F|  |TAMS 0x000000070f800000, 0x000000070f800000| Untracked 
| 116|0x000000070fa00000, 0x000000070fa00000, 0x000000070fc00000|  0%| F|  |TAMS 0x000000070fa00000, 0x000000070fa00000| Untracked 
| 117|0x000000070fc00000, 0x000000070fc00000, 0x000000070fe00000|  0%| F|  |TAMS 0x000000070fc00000, 0x000000070fc00000| Untracked 
| 118|0x000000070fe00000, 0x000000070fe00000, 0x0000000710000000|  0%| F|  |TAMS 0x000000070fe00000, 0x000000070fe00000| Untracked 
| 119|0x0000000710000000, 0x0000000710000000, 0x0000000710200000|  0%| F|  |TAMS 0x0000000710000000, 0x0000000710000000| Untracked 
| 120|0x0000000710200000, 0x0000000710200000, 0x0000000710400000|  0%| F|  |TAMS 0x0000000710200000, 0x0000000710200000| Untracked 
| 121|0x0000000710400000, 0x0000000710400000, 0x0000000710600000|  0%| F|  |TAMS 0x0000000710400000, 0x0000000710400000| Untracked 
| 122|0x0000000710600000, 0x0000000710600000, 0x0000000710800000|  0%| F|  |TAMS 0x0000000710600000, 0x0000000710600000| Untracked 
| 123|0x0000000710800000, 0x0000000710800000, 0x0000000710a00000|  0%| F|  |TAMS 0x0000000710800000, 0x0000000710800000| Untracked 
| 124|0x0000000710a00000, 0x0000000710a00000, 0x0000000710c00000|  0%| F|  |TAMS 0x0000000710a00000, 0x0000000710a00000| Untracked 
| 125|0x0000000710c00000, 0x0000000710c00000, 0x0000000710e00000|  0%| F|  |TAMS 0x0000000710c00000, 0x0000000710c00000| Untracked 
| 126|0x0000000710e00000, 0x0000000710e00000, 0x0000000711000000|  0%| F|  |TAMS 0x0000000710e00000, 0x0000000710e00000| Untracked 
| 127|0x0000000711000000, 0x0000000711000000, 0x0000000711200000|  0%| F|  |TAMS 0x0000000711000000, 0x0000000711000000| Untracked 
| 128|0x0000000711200000, 0x0000000711200000, 0x0000000711400000|  0%| F|  |TAMS 0x0000000711200000, 0x0000000711200000| Untracked 
| 129|0x0000000711400000, 0x0000000711400000, 0x0000000711600000|  0%| F|  |TAMS 0x0000000711400000, 0x0000000711400000| Untracked 
| 130|0x0000000711600000, 0x0000000711600000, 0x0000000711800000|  0%| F|  |TAMS 0x0000000711600000, 0x0000000711600000| Untracked 
| 131|0x0000000711800000, 0x0000000711800000, 0x0000000711a00000|  0%| F|  |TAMS 0x0000000711800000, 0x0000000711800000| Untracked 
| 132|0x0000000711a00000, 0x0000000711a00000, 0x0000000711c00000|  0%| F|  |TAMS 0x0000000711a00000, 0x0000000711a00000| Untracked 
| 133|0x0000000711c00000, 0x0000000711c00000, 0x0000000711e00000|  0%| F|  |TAMS 0x0000000711c00000, 0x0000000711c00000| Untracked 
| 134|0x0000000711e00000, 0x0000000711e00000, 0x0000000712000000|  0%| F|  |TAMS 0x0000000711e00000, 0x0000000711e00000| Untracked 
| 135|0x0000000712000000, 0x0000000712000000, 0x0000000712200000|  0%| F|  |TAMS 0x0000000712000000, 0x0000000712000000| Untracked 
| 136|0x0000000712200000, 0x0000000712200000, 0x0000000712400000|  0%| F|  |TAMS 0x0000000712200000, 0x0000000712200000| Untracked 
| 137|0x0000000712400000, 0x0000000712400000, 0x0000000712600000|  0%| F|  |TAMS 0x0000000712400000, 0x0000000712400000| Untracked 
| 138|0x0000000712600000, 0x0000000712600000, 0x0000000712800000|  0%| F|  |TAMS 0x0000000712600000, 0x0000000712600000| Untracked 
| 139|0x0000000712800000, 0x0000000712800000, 0x0000000712a00000|  0%| F|  |TAMS 0x0000000712800000, 0x0000000712800000| Untracked 
| 140|0x0000000712a00000, 0x0000000712a00000, 0x0000000712c00000|  0%| F|  |TAMS 0x0000000712a00000, 0x0000000712a00000| Untracked 
| 141|0x0000000712c00000, 0x0000000712c00000, 0x0000000712e00000|  0%| F|  |TAMS 0x0000000712c00000, 0x0000000712c00000| Untracked 
| 142|0x0000000712e00000, 0x0000000712e00000, 0x0000000713000000|  0%| F|  |TAMS 0x0000000712e00000, 0x0000000712e00000| Untracked 
| 143|0x0000000713000000, 0x0000000713000000, 0x0000000713200000|  0%| F|  |TAMS 0x0000000713000000, 0x0000000713000000| Untracked 
| 144|0x0000000713200000, 0x0000000713200000, 0x0000000713400000|  0%| F|  |TAMS 0x0000000713200000, 0x0000000713200000| Untracked 
| 145|0x0000000713400000, 0x0000000713400000, 0x0000000713600000|  0%| F|  |TAMS 0x0000000713400000, 0x0000000713400000| Untracked 
| 146|0x0000000713600000, 0x0000000713600000, 0x0000000713800000|  0%| F|  |TAMS 0x0000000713600000, 0x0000000713600000| Untracked 
| 147|0x0000000713800000, 0x0000000713800000, 0x0000000713a00000|  0%| F|  |TAMS 0x0000000713800000, 0x0000000713800000| Untracked 
| 148|0x0000000713a00000, 0x0000000713a00000, 0x0000000713c00000|  0%| F|  |TAMS 0x0000000713a00000, 0x0000000713a00000| Untracked 
| 149|0x0000000713c00000, 0x0000000713c00000, 0x0000000713e00000|  0%| F|  |TAMS 0x0000000713c00000, 0x0000000713c00000| Untracked 
| 150|0x0000000713e00000, 0x0000000713e00000, 0x0000000714000000|  0%| F|  |TAMS 0x0000000713e00000, 0x0000000713e00000| Untracked 
| 151|0x0000000714000000, 0x0000000714000000, 0x0000000714200000|  0%| F|  |TAMS 0x0000000714000000, 0x0000000714000000| Untracked 
| 152|0x0000000714200000, 0x0000000714200000, 0x0000000714400000|  0%| F|  |TAMS 0x0000000714200000, 0x0000000714200000| Untracked 
| 153|0x0000000714400000, 0x0000000714400000, 0x0000000714600000|  0%| F|  |TAMS 0x0000000714400000, 0x0000000714400000| Untracked 
| 154|0x0000000714600000, 0x0000000714600000, 0x0000000714800000|  0%| F|  |TAMS 0x0000000714600000, 0x0000000714600000| Untracked 
| 155|0x0000000714800000, 0x0000000714800000, 0x0000000714a00000|  0%| F|  |TAMS 0x0000000714800000, 0x0000000714800000| Untracked 
| 156|0x0000000714a00000, 0x0000000714a00000, 0x0000000714c00000|  0%| F|  |TAMS 0x0000000714a00000, 0x0000000714a00000| Untracked 
| 157|0x0000000714c00000, 0x0000000714c00800, 0x0000000714e00000|  0%| E|  |TAMS 0x0000000714c00000, 0x0000000714c00000| Complete 
| 158|0x0000000714e00000, 0x0000000715000000, 0x0000000715000000|100%| E|CS|TAMS 0x0000000714e00000, 0x0000000714e00000| Complete 
| 159|0x0000000715000000, 0x0000000715200000, 0x0000000715200000|100%| E|CS|TAMS 0x0000000715000000, 0x0000000715000000| Complete 
| 160|0x0000000715200000, 0x0000000715400000, 0x0000000715400000|100%| E|CS|TAMS 0x0000000715200000, 0x0000000715200000| Complete 
| 161|0x0000000715400000, 0x0000000715600000, 0x0000000715600000|100%| E|CS|TAMS 0x0000000715400000, 0x0000000715400000| Complete 
| 162|0x0000000715600000, 0x0000000715800000, 0x0000000715800000|100%| E|CS|TAMS 0x0000000715600000, 0x0000000715600000| Complete 

Card table byte_map: [0x000002cb749c0000,0x000002cb751c0000] _byte_map_base: 0x000002cb711b7000

Marking Bits (Prev, Next): (CMBitMap*) 0x000002cb5ca83eb0, (CMBitMap*) 0x000002cb5ca83e70
 Prev Bits: [0x000002cb79980000, 0x000002cb7d938000)
 Next Bits: [0x000002cb759c0000, 0x000002cb79978000)

Polling page: 0x000002cb5a990000

Metaspace:

Usage:
  Non-class:     18.75 MB capacity,    18.60 MB (>99%) used,   126.90 KB ( <1%) free+waste,    24.31 KB ( <1%) overhead. 
      Class:      2.30 MB capacity,     2.23 MB ( 97%) used,    63.05 KB (  3%) free+waste,     8.38 KB ( <1%) overhead. 
       Both:     21.05 MB capacity,    20.83 MB ( 99%) used,   189.95 KB ( <1%) free+waste,    32.69 KB ( <1%) overhead. 

Virtual space:
  Non-class space:       20.00 MB reserved,      18.75 MB ( 94%) committed 
      Class space:        1.00 GB reserved,       2.38 MB ( <1%) committed 
             Both:        1.02 GB reserved,      21.12 MB (  2%) committed 

Chunk freelists:
   Non-Class:  1.00 KB
       Class:  13.00 KB
        Both:  14.00 KB

MaxMetaspaceSize: 17179869184.00 GB
CompressedClassSpaceSize: 1.00 GB

CodeHeap 'non-profiled nmethods': size=120000Kb used=1255Kb max_used=1255Kb free=118744Kb
 bounds [0x000002cb6c740000, 0x000002cb6c9b0000, 0x000002cb73c70000]
CodeHeap 'profiled nmethods': size=120000Kb used=4828Kb max_used=4828Kb free=115172Kb
 bounds [0x000002cb65210000, 0x000002cb656d0000, 0x000002cb6c740000]
CodeHeap 'non-nmethods': size=5760Kb used=1418Kb max_used=1435Kb free=4341Kb
 bounds [0x000002cb64c70000, 0x000002cb64ee0000, 0x000002cb65210000]
 total_blobs=3384 nmethods=2634 adapters=663
 compilation: enabled
              stopped_count=0, restarted_count=0
 full_count=0

Compilation events (20 events):
Event: 2.056 Thread 0x000002cb005fff00 2619       3       java.util.logging.Logger::isLoggable (27 bytes)
Event: 2.057 Thread 0x000002cb005fff00 nmethod 2619 0x000002cb656c2d10 code [0x000002cb656c2ea0, 0x000002cb656c3058]
Event: 2.070 Thread 0x000002cb005fff00 2621       3       java.util.concurrent.locks.AbstractQueuedSynchronizer::signalNext (34 bytes)
Event: 2.070 Thread 0x000002cb005fff00 nmethod 2621 0x000002cb656c3110 code [0x000002cb656c32e0, 0x000002cb656c3598]
Event: 2.071 Thread 0x000002cb005fff00 2622       3       sun.util.logging.internal.LoggingProviderImpl$JULWrapper::toJUL (40 bytes)
Event: 2.071 Thread 0x000002cb005fff00 nmethod 2622 0x000002cb656c3710 code [0x000002cb656c38c0, 0x000002cb656c3a58]
Event: 2.071 Thread 0x000002cb005fff00 2623       3       sun.util.logging.internal.LoggingProviderImpl$JULWrapper::isLoggable (12 bytes)
Event: 2.071 Thread 0x000002cb005fff00 nmethod 2623 0x000002cb656c3b90 code [0x000002cb656c3d40, 0x000002cb656c4028]
Event: 2.122 Thread 0x000002cb005fff00 2624       3       jdk.internal.misc.Unsafe::weakCompareAndSetInt (11 bytes)
Event: 2.122 Thread 0x000002cb005fff00 nmethod 2624 0x000002cb656c4190 code [0x000002cb656c4320, 0x000002cb656c4438]
Event: 2.122 Thread 0x000002cb005fff00 2625       3       java.awt.Container::findComponentAtImpl (161 bytes)
Event: 2.123 Thread 0x000002cb005fff00 nmethod 2625 0x000002cb656c4510 code [0x000002cb656c4760, 0x000002cb656c5428]
Event: 2.274 Thread 0x000002cb005fbf00 2626 %     4       engine.physics2d.Collisions::detection @ 2 (144 bytes)
Event: 2.274 Thread 0x000002cb005fff00 2628       3       java.util.TreeMap::getEntry (77 bytes)
Event: 2.274 Thread 0x000002cb005fff00 nmethod 2628 0x000002cb656c5790 code [0x000002cb656c5980, 0x000002cb656c5fe8]
Event: 2.274 Thread 0x000002cb005fff00 2627       3       java.util.TreeMap::get (19 bytes)
Event: 2.274 Thread 0x000002cb005fff00 nmethod 2627 0x000002cb656c6210 code [0x000002cb656c63c0, 0x000002cb656c6568]
Event: 2.275 Thread 0x000002cb005fff00 2629       1       sun.java2d.SurfaceData::getSurfaceType (5 bytes)
Event: 2.275 Thread 0x000002cb005fff00 nmethod 2629 0x000002cb6c877b90 code [0x000002cb6c877d20, 0x000002cb6c877dd8]
Event: 2.277 Thread 0x000002cb005fbf00 nmethod 2626% 0x000002cb6c877e90 code [0x000002cb6c878060, 0x000002cb6c878558]

GC Heap History (10 events):
Event: 0.309 GC heap before
{Heap before GC invocations=0 (full 0):
 garbage-first heap   total 262144K, used 28672K [0x0000000701200000, 0x0000000800000000)
  region size 2048K, 11 young (22528K), 0 survivors (0K)
 Metaspace       used 4682K, capacity 4854K, committed 4992K, reserved 1056768K
  class space    used 515K, capacity 574K, committed 640K, reserved 1048576K
}
Event: 0.313 GC heap after
{Heap after GC invocations=1 (full 0):
 garbage-first heap   total 262144K, used 12056K [0x0000000701200000, 0x0000000800000000)
  region size 2048K, 2 young (4096K), 2 survivors (4096K)
 Metaspace       used 4682K, capacity 4854K, committed 4992K, reserved 1056768K
  class space    used 515K, capacity 574K, committed 640K, reserved 1048576K
}
Event: 0.337 GC heap before
{Heap before GC invocations=1 (full 0):
 garbage-first heap   total 262144K, used 26392K [0x0000000701200000, 0x0000000800000000)
  region size 2048K, 6 young (12288K), 2 survivors (4096K)
 Metaspace       used 4734K, capacity 4854K, committed 4992K, reserved 1056768K
  class space    used 518K, capacity 574K, committed 640K, reserved 1048576K
}
Event: 0.340 GC heap after
{Heap after GC invocations=2 (full 0):
 garbage-first heap   total 262144K, used 20038K [0x0000000701200000, 0x0000000800000000)
  region size 2048K, 1 young (2048K), 1 survivors (2048K)
 Metaspace       used 4734K, capacity 4854K, committed 4992K, reserved 1056768K
  class space    used 518K, capacity 574K, committed 640K, reserved 1048576K
}
Event: 0.496 GC heap before
{Heap before GC invocations=2 (full 0):
 garbage-first heap   total 262144K, used 58950K [0x0000000701200000, 0x0000000800000000)
  region size 2048K, 20 young (40960K), 1 survivors (2048K)
 Metaspace       used 9710K, capacity 9898K, committed 10112K, reserved 1058816K
  class space    used 991K, capacity 1057K, committed 1152K, reserved 1048576K
}
Event: 0.499 GC heap after
{Heap after GC invocations=3 (full 0):
 garbage-first heap   total 262144K, used 26117K [0x0000000701200000, 0x0000000800000000)
  region size 2048K, 3 young (6144K), 3 survivors (6144K)
 Metaspace       used 9710K, capacity 9898K, committed 10112K, reserved 1058816K
  class space    used 991K, capacity 1057K, committed 1152K, reserved 1048576K
}
Event: 0.707 GC heap before
{Heap before GC invocations=3 (full 0):
 garbage-first heap   total 262144K, used 118277K [0x0000000701200000, 0x0000000800000000)
  region size 2048K, 39 young (79872K), 3 survivors (6144K)
 Metaspace       used 12882K, capacity 13014K, committed 13312K, reserved 1060864K
  class space    used 1357K, capacity 1413K, committed 1536K, reserved 1048576K
}
Event: 0.714 GC heap after
{Heap after GC invocations=4 (full 0):
 garbage-first heap   total 262144K, used 52823K [0x0000000701200000, 0x0000000800000000)
  region size 2048K, 5 young (10240K), 5 survivors (10240K)
 Metaspace       used 12882K, capacity 13014K, committed 13312K, reserved 1060864K
  class space    used 1357K, capacity 1413K, committed 1536K, reserved 1048576K
}
Event: 1.115 GC heap before
{Heap before GC invocations=4 (full 0):
 garbage-first heap   total 262144K, used 171607K [0x0000000701200000, 0x0000000800000000)
  region size 2048K, 28 young (57344K), 5 survivors (10240K)
 Metaspace       used 19006K, capacity 19244K, committed 19584K, reserved 1067008K
  class space    used 1993K, capacity 2057K, committed 2176K, reserved 1048576K
}
Event: 1.119 GC heap after
{Heap after GC invocations=5 (full 0):
 garbage-first heap   total 333824K, used 88515K [0x0000000701200000, 0x0000000800000000)
  region size 2048K, 2 young (4096K), 2 survivors (4096K)
 Metaspace       used 19006K, capacity 19244K, committed 19584K, reserved 1067008K
  class space    used 1993K, capacity 2057K, committed 2176K, reserved 1048576K
}

Deoptimization events (20 events):
Event: 1.392 Thread 0x000002cb5ca31a70 Uncommon trap: trap_request=0xffffffde fr.pc=0x000002cb6c7a3aa4 relative=0x0000000000000a44
Event: 1.392 Thread 0x000002cb5ca31a70 Uncommon trap: reason=class_check action=maybe_recompile pc=0x000002cb6c7a3aa4 method=java.util.Hashtable.put(Ljava/lang/Object;Ljava/lang/Object;)Ljava/lang/Object; @ 60 c2
Event: 1.392 Thread 0x000002cb5ca31a70 DEOPT PACKING pc=0x000002cb6c7a3aa4 sp=0x000000ec29afe9d0
Event: 1.392 Thread 0x000002cb5ca31a70 DEOPT UNPACKING pc=0x000002cb64cbe42f sp=0x000000ec29afe990 mode 2
Event: 1.411 Thread 0x000002cb0b911050 Uncommon trap: trap_request=0xffffff45 fr.pc=0x000002cb6c834938 relative=0x0000000000003878
Event: 1.411 Thread 0x000002cb0b911050 Uncommon trap: reason=unstable_if action=reinterpret pc=0x000002cb6c834938 method=sun.nio.ch.Util$BufferCache.get(I)Ljava/nio/ByteBuffer; @ 25 c2
Event: 1.411 Thread 0x000002cb0b911050 DEOPT PACKING pc=0x000002cb6c834938 sp=0x000000ec2c8fd1d0
Event: 1.411 Thread 0x000002cb0b911050 DEOPT UNPACKING pc=0x000002cb64cbe42f sp=0x000000ec2c8fcf98 mode 2
Event: 1.693 Thread 0x000002cb0b81e050 Uncommon trap: trap_request=0xffffff45 fr.pc=0x000002cb6c784b94 relative=0x00000000000004f4
Event: 1.693 Thread 0x000002cb0b81e050 Uncommon trap: reason=unstable_if action=reinterpret pc=0x000002cb6c784b94 method=java.util.ArrayList.grow(I)[Ljava/lang/Object; @ 17 c2
Event: 1.693 Thread 0x000002cb0b81e050 DEOPT PACKING pc=0x000002cb6c784b94 sp=0x000000ec2b3ff240
Event: 1.693 Thread 0x000002cb0b81e050 DEOPT UNPACKING pc=0x000002cb64cbe42f sp=0x000000ec2b3ff1f8 mode 2
Event: 1.990 Thread 0x000002cb0b81e050 DEOPT PACKING pc=0x000002cb656b7aef sp=0x000000ec2b3ff280
Event: 1.990 Thread 0x000002cb0b81e050 DEOPT UNPACKING pc=0x000002cb64cbe23f sp=0x000000ec2b3fe770 mode 0
Event: 2.273 Thread 0x000002cb0b81e050 DEOPT PACKING pc=0x000002cb656ba764 sp=0x000000ec2b3ff290
Event: 2.273 Thread 0x000002cb0b81e050 DEOPT UNPACKING pc=0x000002cb64cbe23f sp=0x000000ec2b3fe760 mode 0
Event: 2.273 Thread 0x000002cb0b81e050 DEOPT PACKING pc=0x000002cb656ba764 sp=0x000000ec2b3ff290
Event: 2.273 Thread 0x000002cb0b81e050 DEOPT UNPACKING pc=0x000002cb64cbe23f sp=0x000000ec2b3fe760 mode 0
Event: 2.273 Thread 0x000002cb0b81e050 DEOPT PACKING pc=0x000002cb656ba764 sp=0x000000ec2b3ff290
Event: 2.273 Thread 0x000002cb0b81e050 DEOPT UNPACKING pc=0x000002cb64cbe23f sp=0x000000ec2b3fe760 mode 0

Classes unloaded (0 events):
No events

Classes redefined (0 events):
No events

Internal exceptions (20 events):
Event: 0.103 Thread 0x000002cb5ca31a70 Exception <a 'java/lang/NoSuchMethodError'{0x0000000710832df8}: 'java.lang.Object java.lang.invoke.DirectMethodHandle$Holder.invokeStatic(java.lang.Object)'> (0x0000000710832df8) 
thrown [./open/src/hotspot/share/interpreter/linkResolver.cpp, line 782]
Event: 0.126 Thread 0x000002cb5ca31a70 Exception <a 'java/lang/NoSuchMethodError'{0x000000071088fc38}: 'java.lang.Object java.lang.invoke.DirectMethodHandle$Holder.invokeStaticInit(java.lang.Object)'> (0x000000071088fc38) 
thrown [./open/src/hotspot/share/interpreter/linkResolver.cpp, line 782]
Event: 0.248 Thread 0x000002cb5ca31a70 Exception <a 'java/lang/NoSuchMethodError'{0x00000007109748b8}: 'java.lang.Object java.lang.invoke.DirectMethodHandle$Holder.newInvokeSpecial(java.lang.Object, java.lang.Object, java.lang.Object, java.lang.Object, java.lang.Object)'> (0x00000007109748b8) 
thrown [./open/src/hotspot/share/interpreter/linkResolver.cpp, line 782]
Event: 0.249 Thread 0x000002cb5ca31a70 Exception <a 'java/lang/NoSuchMethodError'{0x0000000710980348}: 'java.lang.Object java.lang.invoke.DirectMethodHandle$Holder.invokeStatic(java.lang.Object, int, java.lang.Object, java.lang.Object, java.lang.Object, java.lang.Object)'> (0x0000000710980348) 
thrown [./open/src/hotspot/share/interpreter/linkResolver.cpp, line 782]
Event: 0.251 Thread 0x000002cb5ca31a70 Exception <a 'java/lang/NoSuchMethodError'{0x00000007109a65f0}: 'java.lang.Object java.lang.invoke.DirectMethodHandle$Holder.invokeStatic(java.lang.Object, int, java.lang.Object)'> (0x00000007109a65f0) 
thrown [./open/src/hotspot/share/interpreter/linkResolver.cpp, line 782]
Event: 0.263 Thread 0x000002cb5ca31a70 Exception <a 'java/lang/ClassNotFoundException'{0x000000071065eb58}: com/sun/swing/internal/plaf/metal/resources/spi/metalProvider> (0x000000071065eb58) 
thrown [./open/src/hotspot/share/classfile/systemDictionary.cpp, line 295]
Event: 0.263 Thread 0x000002cb5ca31a70 Exception <a 'java/lang/ClassNotFoundException'{0x0000000710662f88}: com/sun/swing/internal/plaf/basic/resources/spi/basicProvider> (0x0000000710662f88) 
thrown [./open/src/hotspot/share/classfile/systemDictionary.cpp, line 295]
Event: 0.344 Thread 0x000002cb01c41930 Exception <a 'java/lang/NoSuchMethodError'{0x000000071106e8d0}: 'void java.lang.invoke.DirectMethodHandle$Holder.invokeStatic(java.lang.Object, java.lang.Object)'> (0x000000071106e8d0) 
thrown [./open/src/hotspot/share/interpreter/linkResolver.cpp, line 782]
Event: 0.345 Thread 0x000002cb01c41930 Exception <a 'java/lang/NoSuchMethodError'{0x00000007110722d8}: 'void java.lang.invoke.DirectMethodHandle$Holder.invokeStaticInit(java.lang.Object, java.lang.Object)'> (0x00000007110722d8) 
thrown [./open/src/hotspot/share/interpreter/linkResolver.cpp, line 782]
Event: 0.364 Thread 0x000002cb01c41930 Implicit null exception at 0x000002cb6c771175 to 0x000002cb6c771250
Event: 0.529 Thread 0x000002cb01c41930 Exception <a 'java/lang/NoSuchMethodError'{0x0000000710d152b0}: 'java.lang.Object java.lang.invoke.DirectMethodHandle$Holder.invokeStaticInit(java.lang.Object, int, int, int, int)'> (0x0000000710d152b0) 
thrown [./open/src/hotspot/share/interpreter/linkResolver.cpp, line 782]
Event: 0.549 Thread 0x000002cb01c41930 Exception <a 'java/lang/NoSuchMethodError'{0x0000000710d56250}: 'java.lang.Object java.lang.invoke.DirectMethodHandle$Holder.invokeStaticInit(java.lang.Object, java.lang.Object, int, int, int, int)'> (0x0000000710d56250) 
thrown [./open/src/hotspot/share/interpreter/linkResolver.cpp, line 782]
Event: 0.688 Thread 0x000002cb01c41930 Implicit null exception at 0x000002cb6c782c53 to 0x000002cb6c7837b4
Event: 0.958 Thread 0x000002cb01c41930 Exception <a 'java/lang/NoSuchMethodError'{0x000000070f034268}: 'void java.lang.invoke.DirectMethodHandle$Holder.invokeStaticInit(java.lang.Object)'> (0x000000070f034268) 
thrown [./open/src/hotspot/share/interpreter/linkResolver.cpp, line 782]
Event: 1.004 Thread 0x000002cb01c41930 Implicit null exception at 0x000002cb6c839eac to 0x000002cb6c839fcc
Event: 1.097 Thread 0x000002cb01c41930 Implicit null exception at 0x000002cb6c856fbc to 0x000002cb6c857700
Event: 1.097 Thread 0x000002cb01c41930 Implicit null exception at 0x000002cb6c855e76 to 0x000002cb6c85618c
Event: 1.098 Thread 0x000002cb01c41930 Implicit null exception at 0x000002cb6c858864 to 0x000002cb6c858f38
Event: 1.099 Thread 0x000002cb01c41930 Implicit null exception at 0x000002cb6c859fe2 to 0x000002cb6c85a97c
Event: 1.694 Thread 0x000002cb0b81e050 Exception <a 'java/lang/NoSuchMethodError'{0x00000007152292b0}: 'void java.lang.invoke.DirectMethodHandle$Holder.invokeStatic(java.lang.Object, java.lang.Object, java.lang.Object)'> (0x00000007152292b0) 
thrown [./open/src/hotspot/share/interpreter/linkResolver.cpp, line 782]

Events (20 events):
Event: 1.461 loading class java/text/AttributedString$AttributedStringIterator
Event: 1.461 loading class java/text/AttributedCharacterIterator
Event: 1.461 loading class java/text/CharacterIterator
Event: 1.461 loading class java/text/CharacterIterator done
Event: 1.461 loading class java/text/AttributedCharacterIterator done
Event: 1.461 loading class java/text/AttributedString$AttributedStringIterator done
Event: 1.462 loading class java/util/concurrent/locks/AbstractQueuedSynchronizer$ConditionNode
Event: 1.462 loading class java/util/concurrent/ForkJoinPool$ManagedBlocker
Event: 1.462 loading class java/util/concurrent/ForkJoinPool$ManagedBlocker done
Event: 1.462 loading class java/util/concurrent/locks/AbstractQueuedSynchronizer$ConditionNode done
Event: 1.692 loading class java/applet/Applet
Event: 1.692 loading class java/awt/Panel
Event: 1.692 loading class java/awt/Panel done
Event: 1.692 loading class java/applet/Applet done
Event: 2.347 loading class sun/awt/DebugSettings
Event: 2.347 loading class sun/awt/DebugSettings done
Event: 2.347 loading class javax/swing/JComponent$KeyboardState
Event: 2.347 loading class javax/swing/JComponent$KeyboardState done
Event: 2.347 loading class javax/swing/JComponent$IntVector
Event: 2.347 loading class javax/swing/JComponent$IntVector done


Dynamic libraries:
0x00007ff614ca0000 - 0x00007ff614caf000 	C:\Program Files\Java\jdk-15.0.2\bin\java.exe
0x00007ffaf02f0000 - 0x00007ffaf04e6000 	C:\Windows\SYSTEM32\ntdll.dll
0x00007ffaee760000 - 0x00007ffaee81d000 	C:\Windows\System32\KERNEL32.DLL
0x00007ffaedd60000 - 0x00007ffaee029000 	C:\Windows\System32\KERNELBASE.dll
0x00007ffaee140000 - 0x00007ffaee240000 	C:\Windows\System32\ucrtbase.dll
0x00007ffae8c40000 - 0x00007ffae8c58000 	C:\Program Files\Java\jdk-15.0.2\bin\jli.dll
0x00007ffaab510000 - 0x00007ffaab529000 	C:\Program Files\Java\jdk-15.0.2\bin\VCRUNTIME140.dll
0x00007ffaeef80000 - 0x00007ffaef02c000 	C:\Windows\System32\ADVAPI32.dll
0x00007ffaee400000 - 0x00007ffaee49e000 	C:\Windows\System32\msvcrt.dll
0x00007ffaef030000 - 0x00007ffaef0cc000 	C:\Windows\System32\sechost.dll
0x00007ffaef8c0000 - 0x00007ffaef9eb000 	C:\Windows\System32\RPCRT4.dll
0x00007ffaef480000 - 0x00007ffaef620000 	C:\Windows\System32\USER32.dll
0x00007ffaee0b0000 - 0x00007ffaee0d2000 	C:\Windows\System32\win32u.dll
0x00007ffad8870000 - 0x00007ffad8b0b000 	C:\Windows\WinSxS\amd64_microsoft.windows.common-controls_6595b64144ccf1df_6.0.19041.746_none_ca02b4b61b8320a4\COMCTL32.dll
0x00007ffaef0e0000 - 0x00007ffaef10a000 	C:\Windows\System32\GDI32.dll
0x00007ffaee240000 - 0x00007ffaee34b000 	C:\Windows\System32\gdi32full.dll
0x00007ffaedb90000 - 0x00007ffaedc2d000 	C:\Windows\System32\msvcp_win.dll
0x00007ffae8c10000 - 0x00007ffae8c1a000 	C:\Windows\SYSTEM32\VERSION.dll
0x00007ffaef190000 - 0x00007ffaef1c0000 	C:\Windows\System32\IMM32.DLL
0x00007ffacbaf0000 - 0x00007ffacbafc000 	C:\Program Files\Java\jdk-15.0.2\bin\vcruntime140_1.dll
0x00007ffaab0d0000 - 0x00007ffaab161000 	C:\Program Files\Java\jdk-15.0.2\bin\msvcp140.dll
0x00007ffaaa570000 - 0x00007ffaab0ce000 	C:\Program Files\Java\jdk-15.0.2\bin\server\jvm.dll
0x00007ffaee820000 - 0x00007ffaee828000 	C:\Windows\System32\PSAPI.DLL
0x00007ffae2730000 - 0x00007ffae2757000 	C:\Windows\SYSTEM32\WINMM.dll
0x00007ffac5920000 - 0x00007ffac5929000 	C:\Windows\SYSTEM32\WSOCK32.dll
0x00007ffaef620000 - 0x00007ffaef68b000 	C:\Windows\System32\WS2_32.dll
0x00007ffaeb9a0000 - 0x00007ffaeb9b2000 	C:\Windows\SYSTEM32\kernel.appcore.dll
0x00007ffabc9f0000 - 0x00007ffabc9fa000 	C:\Program Files\Java\jdk-15.0.2\bin\jimage.dll
0x00007ffad8f10000 - 0x00007ffad90f4000 	C:\Windows\SYSTEM32\DBGHELP.DLL
0x00007ffad8ee0000 - 0x00007ffad8f0c000 	C:\Windows\SYSTEM32\dbgcore.DLL
0x00007ffaee030000 - 0x00007ffaee0b0000 	C:\Windows\System32\bcryptPrimitives.dll
0x00007ffaab170000 - 0x00007ffaab195000 	C:\Program Files\Java\jdk-15.0.2\bin\java.dll
0x00007ffaee830000 - 0x00007ffaeef72000 	C:\Windows\System32\SHELL32.dll
0x00007ffaebba0000 - 0x00007ffaec330000 	C:\Windows\SYSTEM32\windows.storage.dll
0x00007ffaef9f0000 - 0x00007ffaefd46000 	C:\Windows\System32\combase.dll
0x00007ffaed490000 - 0x00007ffaed4bc000 	C:\Windows\SYSTEM32\Wldp.dll
0x00007ffaee350000 - 0x00007ffaee3fe000 	C:\Windows\System32\SHCORE.dll
0x00007ffaef130000 - 0x00007ffaef185000 	C:\Windows\System32\shlwapi.dll
0x00007ffaed960000 - 0x00007ffaed986000 	C:\Windows\SYSTEM32\profapi.dll
0x00007ffaab6a0000 - 0x00007ffaab6b9000 	C:\Program Files\Java\jdk-15.0.2\bin\net.dll
0x00007ffae3d70000 - 0x00007ffae3e70000 	C:\Windows\SYSTEM32\WINHTTP.dll
0x00007ffaed210000 - 0x00007ffaed27a000 	C:\Windows\system32\mswsock.dll
0x00007ffaab680000 - 0x00007ffaab692000 	C:\Program Files\Java\jdk-15.0.2\bin\nio.dll
0x00007ffaab660000 - 0x00007ffaab678000 	C:\Program Files\Java\jdk-15.0.2\bin\zip.dll
0x00007ffad4240000 - 0x00007ffad43c0000 	C:\Program Files\Java\jdk-15.0.2\bin\awt.dll
0x00007ffaee4a0000 - 0x00007ffaee56d000 	C:\Windows\System32\OLEAUT32.dll
0x00007ffaeb3e0000 - 0x00007ffaeb470000 	C:\Windows\SYSTEM32\apphelp.dll
0x00007ffaeb6b0000 - 0x00007ffaeb6df000 	C:\Windows\system32\DWMAPI.DLL
0x00007ffaeb4c0000 - 0x00007ffaeb55e000 	C:\Windows\system32\uxtheme.dll
0x00007ffad2800000 - 0x00007ffad2925000 	C:\Windows\system32\opengl32.dll
0x00007ffae5a50000 - 0x00007ffae5a7c000 	C:\Windows\SYSTEM32\GLU32.dll
0x00007ffaef1c0000 - 0x00007ffaef2d5000 	C:\Windows\System32\MSCTF.dll
0x00007ffaef350000 - 0x00007ffaef47a000 	C:\Windows\System32\ole32.dll
0x00007ffaed610000 - 0x00007ffaed622000 	C:\Windows\SYSTEM32\msasn1.dll
0x00007ffae8bd0000 - 0x00007ffae8c01000 	C:\Windows\SYSTEM32\cryptnet.dll
0x00007ffaeda30000 - 0x00007ffaedb86000 	C:\Windows\System32\CRYPT32.dll
0x00007ffaed400000 - 0x00007ffaed40c000 	C:\Windows\SYSTEM32\cryptbase.dll
0x00007ffaee0e0000 - 0x00007ffaee140000 	C:\Windows\System32\WINTRUST.DLL
0x00007ffaef110000 - 0x00007ffaef12d000 	C:\Windows\System32\imagehlp.dll
0x00007ffaed3e0000 - 0x00007ffaed3f8000 	C:\Windows\SYSTEM32\CRYPTSP.dll
0x00007ffaecb40000 - 0x00007ffaecb74000 	C:\Windows\system32\rsaenh.dll
0x00007ffaedd30000 - 0x00007ffaedd57000 	C:\Windows\System32\bcrypt.dll
0x00007ffaec340000 - 0x00007ffaec363000 	C:\Windows\SYSTEM32\gpapi.dll
0x00007ffae60e0000 - 0x00007ffae611b000 	C:\Windows\SYSTEM32\dxcore.dll
0x00007ffaedc30000 - 0x00007ffaedc7e000 	C:\Windows\System32\cfgmgr32.dll
0x00007ffada8c0000 - 0x00007ffada8ed000 	C:\Program Files\Java\jdk-15.0.2\bin\javajpeg.dll
0x00007ffada7f0000 - 0x00007ffada82f000 	C:\Program Files\Java\jdk-15.0.2\bin\lcms.dll
0x00007ffaed920000 - 0x00007ffaed94e000 	C:\Windows\SYSTEM32\USERENV.dll
0x00007ffaeceb0000 - 0x00007ffaeceeb000 	C:\Windows\SYSTEM32\IPHLPAPI.DLL
0x00007ffaef340000 - 0x00007ffaef348000 	C:\Windows\System32\NSI.dll
0x00007ffae8b40000 - 0x00007ffae8b57000 	C:\Windows\SYSTEM32\dhcpcsvc6.DLL
0x00007ffae4de0000 - 0x00007ffae4dfd000 	C:\Windows\SYSTEM32\dhcpcsvc.DLL
0x00007ffaecf00000 - 0x00007ffaecfcb000 	C:\Windows\SYSTEM32\DNSAPI.dll
0x00007ffad2990000 - 0x00007ffad2a15000 	C:\Program Files\Java\jdk-15.0.2\bin\freetype.dll
0x00007ffad2750000 - 0x00007ffad27f9000 	C:\Program Files\Java\jdk-15.0.2\bin\fontmanager.dll
0x00007ffada620000 - 0x00007ffada65d000 	C:\Users\amaur\AppData\Local\Temp\JOCL_2_0_2-windows-x86_64.dll
0x00007ffac58a0000 - 0x00007ffac5911000 	C:\Windows\SYSTEM32\OpenCL.dll
0x00007ffa9e330000 - 0x00007ffaa0914000 	C:\Windows\System32\DriverStore\FileRepository\nvmd.inf_amd64_1408eaf9a25ed64f\nvopencl64.dll
0x00007ffadf770000 - 0x00007ffadfe46000 	C:\Windows\SYSTEM32\nvapi64.dll
0x00007ffaefdb0000 - 0x00007ffaf0217000 	C:\Windows\System32\SETUPAPI.DLL
0x00007ffae01e0000 - 0x00007ffae02db000 	C:\Windows\SYSTEM32\textinputframework.dll
0x00007ffaeaad0000 - 0x00007ffaeae2e000 	C:\Windows\System32\CoreUIComponents.dll
0x00007ffaeb1b0000 - 0x00007ffaeb2a2000 	C:\Windows\System32\CoreMessaging.dll
0x00007ffaec770000 - 0x00007ffaec7a3000 	C:\Windows\SYSTEM32\ntmarta.dll
0x00007ffae99c0000 - 0x00007ffae9b14000 	C:\Windows\SYSTEM32\wintypes.dll

dbghelp: loaded successfully - version: 4.0.5 - missing functions: none
symbol engine: initialized successfully - sym options: 0x614 - pdb path: .;C:\Program Files\Java\jdk-15.0.2\bin;C:\Windows\SYSTEM32;C:\Windows\WinSxS\amd64_microsoft.windows.common-controls_6595b64144ccf1df_6.0.19041.746_none_ca02b4b61b8320a4;C:\Program Files\Java\jdk-15.0.2\bin\server;C:\Windows\System32\DriverStore\FileRepository\nvmd.inf_amd64_1408eaf9a25ed64f;C:\Users\amaur\AppData\Local\Temp

VM Arguments:
java_command: Launcher
java_class_path (initial): C:\Users\amaur\Desktop\roguelike-proto\lib\runtime\scala-compiler-2.12.2.jar;C:\Users\amaur\Desktop\roguelike-proto\lib\runtime\scala-library-2.12.2.jar;C:\Users\amaur\Desktop\roguelike-proto\lib\runtime\scala-reflect-2.12.2.jar;C:\Users\amaur\Desktop\roguelike-proto\bin;C:\Users\amaur\Desktop\roguelike-proto\lib\third-party\aspose\aspose-psd-20.9-jdk16.jar;C:\Users\amaur\Desktop\roguelike-proto\lib\third-party\jocl\jocl-2.0.2.jar;C:\Users\amaur\Desktop\roguelike-proto\lib\third-party\jxinput\jxinput-0.3.4.jar
Launcher Type: SUN_STANDARD

[Global flags]
     intx CICompilerCount                          = 4                                         {product} {ergonomic}
     uint ConcGCThreads                            = 3                                         {product} {ergonomic}
     uint G1ConcRefinementThreads                  = 10                                        {product} {ergonomic}
   size_t G1HeapRegionSize                         = 2097152                                   {product} {ergonomic}
    uintx GCDrainStackTargetSize                   = 64                                        {product} {ergonomic}
   size_t InitialHeapSize                          = 268435456                                 {product} {ergonomic}
   size_t MarkStackSize                            = 4194304                                   {product} {ergonomic}
   size_t MaxHeapSize                              = 4276092928                                {product} {ergonomic}
   size_t MaxNewSize                               = 2564816896                                {product} {ergonomic}
   size_t MinHeapDeltaBytes                        = 2097152                                   {product} {ergonomic}
   size_t MinHeapSize                              = 8388608                                   {product} {ergonomic}
    uintx NonNMethodCodeHeapSize                   = 5839372                                {pd product} {ergonomic}
    uintx NonProfiledCodeHeapSize                  = 122909434                              {pd product} {ergonomic}
    uintx ProfiledCodeHeapSize                     = 122909434                              {pd product} {ergonomic}
    uintx ReservedCodeCacheSize                    = 251658240                              {pd product} {ergonomic}
     bool SegmentedCodeCache                       = true                                      {product} {ergonomic}
   size_t SoftMaxHeapSize                          = 4276092928                             {manageable} {ergonomic}
     bool UseCompressedClassPointers               = true                                 {lp64_product} {ergonomic}
     bool UseCompressedOops                        = true                                 {lp64_product} {ergonomic}
     bool UseG1GC                                  = true                                      {product} {ergonomic}
     bool UseLargePagesIndividualAllocation        = false                                  {pd product} {ergonomic}

Logging:
Log output configuration:
 #0: stdout all=warning uptime,level,tags
 #1: stderr all=off uptime,level,tags

Environment Variables:
JAVA_HOME=C:/Program Files/Java/jdk-15.0.2
PATH=C:\Program Files\Git\mingw64\bin;C:\Program Files\Git\usr\bin;C:\Users\amaur\bin;C:\Python39\Scripts;C:\Python39;C:\Program Files\Common Files\Oracle\Java\javapath;C:\Program Files (x86)\Common Files\Oracle\Java\javapath;C:\Windows\system32;C:\Windows;C:\Windows\System32\Wbem;C:\Windows\System32\WindowsPowerShell\v1.0;C:\Windows\System32\OpenSSH;C:\Program Files\nodejs;C:\ProgramData\chocolatey\bin;C:\Program Files\Java\jdk-15.0.2\bin;C:\Program Files\Ant\apache-ant-1.10.9\bin;C:\Users\amaur\AppData\Local\Microsoft\WindowsApps;C:\Users\amaur\AppData\Local\Programs\Microsoft VS Code\bin;C:\Users\amaur\AppData\Roaming\npm
USERNAME=amaur
LANG=en_GB.UTF-8
OS=Windows_NT
PROCESSOR_IDENTIFIER=AMD64 Family 23 Model 113 Stepping 0, AuthenticAMD



---------------  S Y S T E M  ---------------

OS:
 Windows 10 , 64 bit Build 19041 (10.0.19041.804)
OS uptime: 0 days 8:21 hours

CPU: total 12 (initial active 12) (12 cores per cpu, 2 threads per core) family 23 model 113 stepping 0 microcode 0x0, cmov, cx8, fxsr, mmx, sse, sse2, sse3, ssse3, sse4.1, sse4.2, popcnt, vzeroupper, avx, avx2, aes, clmul, 3dnowpref, lzcnt, sse4a, ht, tsc, tscinvbit, tscinv, bmi1, bmi2, adx, sha, fma, clflush, clflushopt

Memory: 4k page, system-wide physical 16311M (9835M free)
TotalPageFile size 18743M (AvailPageFile size 8795M)
current process WorkingSet (physical memory assigned to process): 424M, peak: 444M
current process commit charge ("private bytes"): 876M, peak: 915M

vm_info: Java HotSpot(TM) 64-Bit Server VM (15.0.2+7-27) for windows-amd64 JRE (15.0.2+7-27), built on Dec  7 2020 20:07:01 by "mach5one" with unknown MS VC++:1925

END.
