#
# A fatal error has been detected by the Java Runtime Environment:
#
#  EXCEPTION_ACCESS_VIOLATION (0xc0000005) at pc=0x00007ffe3ae91960, pid=12424, tid=12516
#
# JRE version: Java(TM) SE Runtime Environment (15.0.2+7) (build 15.0.2+7-27)
# Java VM: Java HotSpot(TM) 64-Bit Server VM (15.0.2+7-27, mixed mode, sharing, tiered, compressed oops, g1 gc, windows-amd64)
# Problematic frame:
# C  [OpenCL.dll+0x1960]
#
# No core dump will be written. Minidumps are not enabled by default on client versions of Windows
#
# If you would like to submit a bug report, please visit:
#   https://bugreport.java.com/bugreport/crash.jsp
# The crash happened outside the Java Virtual Machine in native code.
# See problematic frame for where to report the bug.
#

---------------  S U M M A R Y ------------

Command Line: Launcher

Host: AMD Ryzen 5 3600 6-Core Processor              , 12 cores, 15G,  Windows 10 , 64 bit Build 19041 (10.0.19041.804)
Time: Fri Feb 12 22:31:39 2021 Romance Standard Time elapsed time: 3.585109 seconds (0d 0h 0m 3s)

---------------  T H R E A D  ---------------

Current thread (0x000001e4302bbc90):  JavaThread "game_loop_thread" daemon [_thread_in_native, id=12516, stack(0x0000005db0600000,0x0000005db0700000)]

Stack: [0x0000005db0600000,0x0000005db0700000],  sp=0x0000005db06fec88,  free space=1019k
Native frames: (J=compiled Java code, j=interpreted, Vv=VM code, C=native code)
C  [OpenCL.dll+0x1960]

Java frames: (J=compiled Java code, j=interpreted, Vv=VM code)
J 2532  org.jocl.CL.clCreateImageNative(Lorg/jocl/cl_context;JLorg/jocl/cl_image_format;Lorg/jocl/cl_image_desc;Lorg/jocl/Pointer;[I)Lorg/jocl/cl_mem; (0 bytes) @ 0x000001e411b4408c [0x000001e411b43fc0+0x00000000000000cc]
J 2531 c1 org.jocl.CL.clCreateImage(Lorg/jocl/cl_context;JLorg/jocl/cl_image_format;Lorg/jocl/cl_image_desc;Lorg/jocl/Pointer;[I)Lorg/jocl/cl_mem; (47 bytes) @ 0x000001e40a961594 [0x000001e40a961400+0x0000000000000194]
J 2576 c1 engine.render2d.OpenCL.XXX(Ljava/awt/image/BufferedImage;Ljava/awt/image/BufferedImage;FF)V (293 bytes) @ 0x000001e40a96f5f4 [0x000001e40a96f1a0+0x0000000000000454]
j  engine.scene.Scene.CL_render()V+89
j  engine.stage.Stage.run()V+134
j  java.lang.Thread.run()V+11 java.base@15.0.2
v  ~StubRoutines::call_stub

siginfo: EXCEPTION_ACCESS_VIOLATION (0xc0000005), reading address 0x0000000000000300


Register to memory mapping:

RIP=0x00007ffe3ae91960 OpenCL.dll
RAX=0x0000005db06fecc0 is pointing into the stack for thread: 0x000001e4302bbc90
RBX=0x000001e4302bbfb8 points into unknown readable memory: 0x00007ffe0d55de40 | 40 de 55 0d fe 7f 00 00
RCX=0x000001e42ef80890 points into unknown readable memory: 0x000000747865742e | 2e 74 65 78 74 00 00 00
RDX=0x0000000000000002 is an unknown value
RSP=0x0000005db06fec88 is pointing into the stack for thread: 0x000001e4302bbc90
RBP=0x0000000000000002 is an unknown value
RSI=0x0000005db06fed80 is pointing into the stack for thread: 0x000001e4302bbc90
RDI=0x000001e42ef80890 points into unknown readable memory: 0x000000747865742e | 2e 74 65 78 74 00 00 00
R8 =0x0000005db06fecc8 is pointing into the stack for thread: 0x000001e4302bbc90
R9 =0x0000005db06fece0 is pointing into the stack for thread: 0x000001e4302bbc90
R10=0x0 is NULL
R11=0xb0000000000002e7 is an unknown value
R12=0x0 is NULL
R13=0x0000000714d2ded8 is an oop: org.jocl.cl_image_desc 
{0x0000000714d2ded8} - klass: 'org/jocl/cl_image_desc'
R14=0x0000005db06fedb0 is pointing into the stack for thread: 0x000001e4302bbc90
R15=0x000001e4302bbc90 is a thread


Registers:
RAX=0x0000005db06fecc0, RBX=0x000001e4302bbfb8, RCX=0x000001e42ef80890, RDX=0x0000000000000002
RSP=0x0000005db06fec88, RBP=0x0000000000000002, RSI=0x0000005db06fed80, RDI=0x000001e42ef80890
R8 =0x0000005db06fecc8, R9 =0x0000005db06fece0, R10=0x0000000000000000, R11=0xb0000000000002e7
R12=0x0000000000000000, R13=0x0000000714d2ded8, R14=0x0000005db06fedb0, R15=0x000001e4302bbc90
RIP=0x00007ffe3ae91960, EFLAGS=0x0000000000010206

Top of Stack: (sp=0x0000005db06fec88)
0x0000005db06fec88:   00007ffe3b5d57a0 0000000000000002
0x0000005db06fec98:   0000005db06fed80 0000005db06fed80
0x0000005db06feca8:   0000000000000002 0000000000000000
0x0000005db06fecb8:   0000005db06fecc0 0000000000000000
0x0000005db06fecc8:   000010da000010b5 000001e42e7e5c40
0x0000005db06fecd8:   0000000000000000 00000000000010f1
0x0000005db06fece8:   0000000000000780 0000000000000438
0x0000005db06fecf8:   0000000000000000 0000000000000000
0x0000005db06fed08:   0000000000000000 0000000000000000
0x0000005db06fed18:   0000000000000000 0000000000000000
0x0000005db06fed28:   000001e42ef80801 0000000000000000
0x0000005db06fed38:   000001e411b4412c 0000000714d2ded8
0x0000005db06fed48:   0000000714d2df28 0000005db06fedc0
0x0000005db06fed58:   000001e42ffe7510 0000005db06fed90
0x0000005db06fed68:   0000005db06fed98 0000000000000000
0x0000005db06fed78:   0000005db06feda8 0000000715219f28 

Instructions: (pc=0x00007ffe3ae91960)
0x00007ffe3ae91860:   8b 44 24 60 48 85 c0 74 06 c7 00 e0 ff ff ff 33
0x00007ffe3ae91870:   c0 48 8b 5c 24 40 48 8b 6c 24 48 48 8b 74 24 50
0x00007ffe3ae91880:   48 83 c4 30 5f c3 cc cc cc cc cc cc cc cc cc cc
0x00007ffe3ae91890:   48 85 c9 75 04 8d 41 de c3 48 8b 01 48 ff 60 30
0x00007ffe3ae918a0:   48 85 c9 75 04 8d 41 de c3 48 8b 01 48 ff 60 38
0x00007ffe3ae918b0:   48 85 c9 75 04 8d 41 de c3 4c 8b 11 49 ff 62 40
0x00007ffe3ae918c0:   48 85 c9 75 0f 4d 85 c9 74 07 41 c7 01 de ff ff
0x00007ffe3ae918d0:   ff 33 c0 c3 48 8b 01 48 ff 60 48 cc cc cc cc cc
0x00007ffe3ae918e0:   48 85 c9 75 04 8d 41 dc c3 48 8b 01 48 ff 60 50
0x00007ffe3ae918f0:   48 85 c9 75 04 8d 41 dc c3 48 8b 01 48 ff 60 58
0x00007ffe3ae91900:   48 85 c9 75 04 8d 41 dc c3 4c 8b 11 49 ff 62 60
0x00007ffe3ae91910:   48 8b 44 24 28 48 85 c9 75 0e 48 85 c0 74 06 c7
0x00007ffe3ae91920:   00 de ff ff ff 33 c0 c3 4c 8b 11 48 89 44 24 28
0x00007ffe3ae91930:   49 ff 62 70 cc cc cc cc cc cc cc cc cc cc cc cc
0x00007ffe3ae91940:   48 8b 44 24 30 48 85 c9 75 0e 48 85 c0 74 06 c7
0x00007ffe3ae91950:   00 de ff ff ff 33 c0 c3 4c 8b 11 48 89 44 24 30
0x00007ffe3ae91960:   49 ff a2 00 03 00 00 cc cc cc cc cc cc cc cc cc
0x00007ffe3ae91970:   48 85 c9 75 04 8d 41 da c3 48 8b 01 48 ff a0 88
0x00007ffe3ae91980:   00 00 00 cc cc cc cc cc cc cc cc cc cc cc cc cc
0x00007ffe3ae91990:   48 85 c9 75 04 8d 41 da c3 48 8b 01 48 ff a0 90
0x00007ffe3ae919a0:   00 00 00 cc cc cc cc cc cc cc cc cc cc cc cc cc
0x00007ffe3ae919b0:   48 85 c9 75 04 8d 41 de c3 4c 8b 11 49 ff a2 98
0x00007ffe3ae919c0:   00 00 00 cc cc cc cc cc cc cc cc cc cc cc cc cc
0x00007ffe3ae919d0:   48 85 c9 75 04 8d 41 da c3 4c 8b 11 49 ff a2 a0
0x00007ffe3ae919e0:   00 00 00 cc cc cc cc cc cc cc cc cc cc cc cc cc
0x00007ffe3ae919f0:   48 85 c9 75 04 8d 41 da c3 4c 8b 11 49 ff a2 a8
0x00007ffe3ae91a00:   00 00 00 cc cc cc cc cc cc cc cc cc cc cc cc cc
0x00007ffe3ae91a10:   48 8b 44 24 28 48 85 c9 75 0e 48 85 c0 74 06 c7
0x00007ffe3ae91a20:   00 de ff ff ff 33 c0 c3 4c 8b 11 48 89 44 24 28
0x00007ffe3ae91a30:   49 ff a2 b0 00 00 00 cc cc cc cc cc cc cc cc cc
0x00007ffe3ae91a40:   48 85 c9 75 04 8d 41 d7 c3 48 8b 01 48 ff a0 b8
0x00007ffe3ae91a50:   00 00 00 cc cc cc cc cc cc cc cc cc cc cc cc cc 


Stack slot to memory mapping:
stack at sp + 0 slots: 0x00007ffe3b5d57a0 JOCL_2_0_2-windows-x86_64.dll
stack at sp + 1 slots: 0x0000000000000002 is an unknown value
stack at sp + 2 slots: 0x0000005db06fed80 is pointing into the stack for thread: 0x000001e4302bbc90
stack at sp + 3 slots: 0x0000005db06fed80 is pointing into the stack for thread: 0x000001e4302bbc90
stack at sp + 4 slots: 0x0000000000000002 is an unknown value
stack at sp + 5 slots: 0x0 is NULL
stack at sp + 6 slots: 0x0000005db06fecc0 is pointing into the stack for thread: 0x000001e4302bbc90
stack at sp + 7 slots: 0x0 is NULL


---------------  P R O C E S S  ---------------

Threads class SMR info:
_java_thread_list=0x000001e43063fef0, length=16, elements={
0x000001e426075c50, 0x000001e426076ec0, 0x000001e426892910, 0x000001e426893780,
0x000001e426893c50, 0x000001e42689be00, 0x000001e42689dd80, 0x000001e4268b29a0,
0x000001e426895e00, 0x000001e426894120, 0x000001e426894ac0, 0x000001e4302bbc90,
0x000001e4302b9fb0, 0x000001e4302b82d0, 0x000001e4302be7e0, 0x000001e4302bd4a0
}

Java Threads: ( => current thread )
  0x000001e426075c50 JavaThread "Reference Handler" daemon [_thread_blocked, id=14304, stack(0x0000005daf400000,0x0000005daf500000)]
  0x000001e426076ec0 JavaThread "Finalizer" daemon [_thread_blocked, id=2476, stack(0x0000005daf500000,0x0000005daf600000)]
  0x000001e426892910 JavaThread "Signal Dispatcher" daemon [_thread_blocked, id=8396, stack(0x0000005daf600000,0x0000005daf700000)]
  0x000001e426893780 JavaThread "Attach Listener" daemon [_thread_blocked, id=13360, stack(0x0000005daf700000,0x0000005daf800000)]
  0x000001e426893c50 JavaThread "Service Thread" daemon [_thread_blocked, id=12788, stack(0x0000005daf800000,0x0000005daf900000)]
  0x000001e42689be00 JavaThread "C2 CompilerThread0" daemon [_thread_blocked, id=10252, stack(0x0000005daf900000,0x0000005dafa00000)]
  0x000001e42689dd80 JavaThread "C1 CompilerThread0" daemon [_thread_blocked, id=12372, stack(0x0000005dafa00000,0x0000005dafb00000)]
  0x000001e4268b29a0 JavaThread "Sweeper thread" daemon [_thread_blocked, id=6016, stack(0x0000005dafb00000,0x0000005dafc00000)]
  0x000001e426895e00 JavaThread "Notification Thread" daemon [_thread_blocked, id=10232, stack(0x0000005dafc00000,0x0000005dafd00000)]
  0x000001e426894120 JavaThread "Common-Cleaner" daemon [_thread_blocked, id=6908, stack(0x0000005dafe00000,0x0000005daff00000)]
  0x000001e426894ac0 JavaThread "Java2D Disposer" daemon [_thread_blocked, id=4680, stack(0x0000005daff00000,0x0000005db0000000)]
=>0x000001e4302bbc90 JavaThread "game_loop_thread" daemon [_thread_in_native, id=12516, stack(0x0000005db0600000,0x0000005db0700000)]
  0x000001e4302b9fb0 JavaThread "AWT-Shutdown" [_thread_blocked, id=2232, stack(0x0000005db0700000,0x0000005db0800000)]
  0x000001e4302b82d0 JavaThread "AWT-EventQueue-0" [_thread_blocked, id=12164, stack(0x0000005db1b00000,0x0000005db1c00000)]
  0x000001e4302be7e0 JavaThread "DestroyJavaVM" [_thread_blocked, id=14144, stack(0x0000005daed00000,0x0000005daee00000)]
  0x000001e4302bd4a0 JavaThread "ToolkitShutdown" daemon [_thread_in_native, id=1216, stack(0x0000005db1500000,0x0000005db1600000)]

Other Threads:
  0x000001e426073d30 VMThread "VM Thread" [stack: 0x0000005daf300000,0x0000005daf400000] [id=12992]
  0x000001e4269d3b50 WatcherThread [stack: 0x0000005dafd00000,0x0000005dafe00000] [id=7504]
  0x000001e400564230 GCTaskThread "GC Thread#0" [stack: 0x0000005daee00000,0x0000005daef00000] [id=9940]
  0x000001e4273894e0 GCTaskThread "GC Thread#1" [stack: 0x0000005db0800000,0x0000005db0900000] [id=12856]
  0x000001e427388e80 GCTaskThread "GC Thread#2" [stack: 0x0000005db0900000,0x0000005db0a00000] [id=4884]
  0x000001e427387830 GCTaskThread "GC Thread#3" [stack: 0x0000005db0a00000,0x0000005db0b00000] [id=12404]
  0x000001e4273861e0 GCTaskThread "GC Thread#4" [stack: 0x0000005db0b00000,0x0000005db0c00000] [id=13160]
  0x000001e4273884f0 GCTaskThread "GC Thread#5" [stack: 0x0000005db0c00000,0x0000005db0d00000] [id=10080]
  0x000001e427389810 GCTaskThread "GC Thread#6" [stack: 0x0000005db0d00000,0x0000005db0e00000] [id=13856]
  0x000001e427388b50 GCTaskThread "GC Thread#7" [stack: 0x0000005db0e00000,0x0000005db0f00000] [id=7704]
  0x000001e4005761e0 ConcurrentGCThread "G1 Main Marker" [stack: 0x0000005daef00000,0x0000005daf000000] [id=660]
  0x000001e400577470 ConcurrentGCThread "G1 Conc#0" [stack: 0x0000005daf000000,0x0000005daf100000] [id=10592]
  0x000001e427386840 ConcurrentGCThread "G1 Conc#1" [stack: 0x0000005db0400000,0x0000005db0500000] [id=10012]
  0x000001e427386b70 ConcurrentGCThread "G1 Conc#2" [stack: 0x0000005db1400000,0x0000005db1500000] [id=13768]
  0x000001e4005ed090 ConcurrentGCThread "G1 Refine#0" [stack: 0x0000005daf100000,0x0000005daf200000] [id=8448]
  0x000001e427701890 ConcurrentGCThread "G1 Refine#1" [stack: 0x0000005db0f00000,0x0000005db1000000] [id=1408]
  0x000001e426be88f0 ConcurrentGCThread "G1 Refine#2" [stack: 0x0000005db1000000,0x0000005db1100000] [id=12480]
  0x000001e42e7e6c10 ConcurrentGCThread "G1 Refine#3" [stack: 0x0000005db1100000,0x0000005db1200000] [id=5404]
  0x000001e4277ac590 ConcurrentGCThread "G1 Refine#4" [stack: 0x0000005db1200000,0x0000005db1300000] [id=9536]
  0x000001e42e59cb10 ConcurrentGCThread "G1 Refine#5" [stack: 0x0000005db1300000,0x0000005db1400000] [id=9664]
  0x000001e4005eea40 ConcurrentGCThread "G1 Young RemSet Sampling" [stack: 0x0000005daf200000,0x0000005daf300000] [id=9908]

Threads with active compile tasks:

VM state: not at safepoint (normal execution)

VM Mutex/Monitor currently owned by a thread: None

Heap address: 0x0000000701200000, size: 4078 MB, Compressed Oops mode: Zero based, Oop shift amount: 3
CDS archive(s) mapped at: [0x0000000800000000-0x0000000800b50000-0x0000000800b50000), size 11862016, SharedBaseAddress: 0x0000000800000000, ArchiveRelocationMode: 0.
Compressed class space mapped at: 0x0000000800b50000-0x0000000840b50000, size: 1073741824
Narrow klass base: 0x0000000800000000, Narrow klass shift: 3, Narrow klass range: 0x100000000

GC Precious Log:
 CPUs: 12 total, 12 available
 Memory: 16311M
 Large Page Support: Disabled
 NUMA Support: Disabled
 Compressed Oops: Enabled (Zero based)
 Heap Region Size: 2M
 Heap Min Capacity: 8M
 Heap Initial Capacity: 256M
 Heap Max Capacity: 4078M
 Pre-touch: Disabled
 Parallel Workers: 10
 Concurrent Workers: 3
 Concurrent Refinement Workers: 10
 Periodic GC: Disabled

Heap:
 garbage-first heap   total 331776K, used 155293K [0x0000000701200000, 0x0000000800000000)
  region size 2048K, 8 young (16384K), 2 survivors (4096K)
 Metaspace       used 21332K, capacity 21558K, committed 21888K, reserved 1069056K
  class space    used 2283K, capacity 2355K, committed 2432K, reserved 1048576K

Heap Regions: E=young(eden), S=young(survivor), O=old, HS=humongous(starts), HC=humongous(continues), CS=collection set, F=free, OA=open archive, CA=closed archive, TAMS=top-at-mark-start (previous, next)
|   0|0x0000000701200000, 0x0000000701400000, 0x0000000701400000|100%|HS|  |TAMS 0x0000000701400000, 0x0000000701200000| Complete 
|   1|0x0000000701400000, 0x0000000701400000, 0x0000000701600000|  0%| F|  |TAMS 0x0000000701400000, 0x0000000701400000| Untracked 
|   2|0x0000000701600000, 0x0000000701600000, 0x0000000701800000|  0%| F|  |TAMS 0x0000000701600000, 0x0000000701600000| Untracked 
|   3|0x0000000701800000, 0x0000000701800000, 0x0000000701a00000|  0%| F|  |TAMS 0x0000000701800000, 0x0000000701800000| Untracked 
|   4|0x0000000701a00000, 0x0000000701c00000, 0x0000000701c00000|100%| O|  |TAMS 0x0000000701c00000, 0x0000000701a00000| Untracked 
|   5|0x0000000701c00000, 0x0000000701e00000, 0x0000000701e00000|100%| O|  |TAMS 0x0000000701e00000, 0x0000000701c00000| Untracked 
|   6|0x0000000701e00000, 0x0000000701e00000, 0x0000000702000000|  0%| F|  |TAMS 0x0000000701e00000, 0x0000000701e00000| Untracked 
|   7|0x0000000702000000, 0x0000000702200000, 0x0000000702200000|100%| O|  |TAMS 0x0000000702200000, 0x0000000702000000| Untracked 
|   8|0x0000000702200000, 0x0000000702400000, 0x0000000702400000|100%| O|  |TAMS 0x0000000702400000, 0x0000000702200000| Untracked 
|   9|0x0000000702400000, 0x0000000702600000, 0x0000000702600000|100%| O|  |TAMS 0x0000000702600000, 0x0000000702400000| Untracked 
|  10|0x0000000702600000, 0x0000000702800000, 0x0000000702800000|100%|HS|  |TAMS 0x0000000702800000, 0x0000000702600000| Complete 
|  11|0x0000000702800000, 0x0000000702a00000, 0x0000000702a00000|100%|HS|  |TAMS 0x0000000702a00000, 0x0000000702800000| Complete 
|  12|0x0000000702a00000, 0x0000000702c00000, 0x0000000702c00000|100%|HC|  |TAMS 0x0000000702c00000, 0x0000000702a00000| Complete 
|  13|0x0000000702c00000, 0x0000000702e00000, 0x0000000702e00000|100%|HS|  |TAMS 0x0000000702e00000, 0x0000000702c00000| Complete 
|  14|0x0000000702e00000, 0x0000000703000000, 0x0000000703000000|100%|HS|  |TAMS 0x0000000703000000, 0x0000000702e00000| Untracked 
|  15|0x0000000703000000, 0x0000000703200000, 0x0000000703200000|100%|HS|  |TAMS 0x0000000703200000, 0x0000000703000000| Complete 
|  16|0x0000000703200000, 0x0000000703400000, 0x0000000703400000|100%|HS|  |TAMS 0x0000000703400000, 0x0000000703200000| Complete 
|  17|0x0000000703400000, 0x0000000703400000, 0x0000000703600000|  0%| F|  |TAMS 0x0000000703400000, 0x0000000703400000| Untracked 
|  18|0x0000000703600000, 0x0000000703600000, 0x0000000703800000|  0%| F|  |TAMS 0x0000000703600000, 0x0000000703600000| Untracked 
|  19|0x0000000703800000, 0x0000000703a00000, 0x0000000703a00000|100%| O|  |TAMS 0x0000000703a00000, 0x0000000703800000| Untracked 
|  20|0x0000000703a00000, 0x0000000703c00000, 0x0000000703c00000|100%| O|  |TAMS 0x0000000703c00000, 0x0000000703a00000| Untracked 
|  21|0x0000000703c00000, 0x0000000703e00000, 0x0000000703e00000|100%| O|  |TAMS 0x0000000703e00000, 0x0000000703c00000| Untracked 
|  22|0x0000000703e00000, 0x0000000704000000, 0x0000000704000000|100%| O|  |TAMS 0x0000000704000000, 0x0000000703e00000| Untracked 
|  23|0x0000000704000000, 0x0000000704200000, 0x0000000704200000|100%| O|  |TAMS 0x0000000704200000, 0x0000000704000000| Untracked 
|  24|0x0000000704200000, 0x0000000704400000, 0x0000000704400000|100%| O|  |TAMS 0x0000000704277600, 0x0000000704200000| Untracked 
|  25|0x0000000704400000, 0x0000000704600000, 0x0000000704600000|100%|HS|  |TAMS 0x0000000704600000, 0x0000000704400000| Complete 
|  26|0x0000000704600000, 0x0000000704800000, 0x0000000704800000|100%|HC|  |TAMS 0x0000000704800000, 0x0000000704600000| Complete 
|  27|0x0000000704800000, 0x0000000704a00000, 0x0000000704a00000|100%|HC|  |TAMS 0x0000000704a00000, 0x0000000704800000| Complete 
|  28|0x0000000704a00000, 0x0000000704c00000, 0x0000000704c00000|100%|HS|  |TAMS 0x0000000704a00000, 0x0000000704a00000| Complete 
|  29|0x0000000704c00000, 0x0000000704e00000, 0x0000000704e00000|100%|HC|  |TAMS 0x0000000704c00000, 0x0000000704c00000| Complete 
|  30|0x0000000704e00000, 0x0000000705000000, 0x0000000705000000|100%|HC|  |TAMS 0x0000000704e00000, 0x0000000704e00000| Complete 
|  31|0x0000000705000000, 0x0000000705200000, 0x0000000705200000|100%|HC|  |TAMS 0x0000000705000000, 0x0000000705000000| Complete 
|  32|0x0000000705200000, 0x0000000705400000, 0x0000000705400000|100%|HC|  |TAMS 0x0000000705200000, 0x0000000705200000| Complete 
|  33|0x0000000705400000, 0x0000000705600000, 0x0000000705600000|100%|HS|  |TAMS 0x0000000705400000, 0x0000000705400000| Complete 
|  34|0x0000000705600000, 0x0000000705800000, 0x0000000705800000|100%|HC|  |TAMS 0x0000000705600000, 0x0000000705600000| Complete 
|  35|0x0000000705800000, 0x0000000705a00000, 0x0000000705a00000|100%|HC|  |TAMS 0x0000000705800000, 0x0000000705800000| Complete 
|  36|0x0000000705a00000, 0x0000000705c00000, 0x0000000705c00000|100%|HC|  |TAMS 0x0000000705a00000, 0x0000000705a00000| Complete 
|  37|0x0000000705c00000, 0x0000000705e00000, 0x0000000705e00000|100%|HS|  |TAMS 0x0000000705c00000, 0x0000000705c00000| Complete 
|  38|0x0000000705e00000, 0x0000000706000000, 0x0000000706000000|100%|HC|  |TAMS 0x0000000705e00000, 0x0000000705e00000| Complete 
|  39|0x0000000706000000, 0x0000000706200000, 0x0000000706200000|100%|HC|  |TAMS 0x0000000706000000, 0x0000000706000000| Complete 
|  40|0x0000000706200000, 0x0000000706400000, 0x0000000706400000|100%|HC|  |TAMS 0x0000000706200000, 0x0000000706200000| Complete 
|  41|0x0000000706400000, 0x0000000706400000, 0x0000000706600000|  0%| F|  |TAMS 0x0000000706400000, 0x0000000706400000| Untracked 
|  42|0x0000000706600000, 0x0000000706600000, 0x0000000706800000|  0%| F|  |TAMS 0x0000000706600000, 0x0000000706600000| Untracked 
|  43|0x0000000706800000, 0x0000000706a00000, 0x0000000706a00000|100%|HS|  |TAMS 0x0000000706a00000, 0x0000000706800000| Complete 
|  44|0x0000000706a00000, 0x0000000706c00000, 0x0000000706c00000|100%|HC|  |TAMS 0x0000000706c00000, 0x0000000706a00000| Complete 
|  45|0x0000000706c00000, 0x0000000706e00000, 0x0000000706e00000|100%|HC|  |TAMS 0x0000000706e00000, 0x0000000706c00000| Complete 
|  46|0x0000000706e00000, 0x0000000707000000, 0x0000000707000000|100%|HC|  |TAMS 0x0000000707000000, 0x0000000706e00000| Complete 
|  47|0x0000000707000000, 0x0000000707200000, 0x0000000707200000|100%|HC|  |TAMS 0x0000000707200000, 0x0000000707000000| Complete 
|  48|0x0000000707200000, 0x0000000707400000, 0x0000000707400000|100%|HS|  |TAMS 0x0000000707400000, 0x0000000707200000| Complete 
|  49|0x0000000707400000, 0x0000000707600000, 0x0000000707600000|100%|HC|  |TAMS 0x0000000707600000, 0x0000000707400000| Complete 
|  50|0x0000000707600000, 0x0000000707800000, 0x0000000707800000|100%|HC|  |TAMS 0x0000000707800000, 0x0000000707600000| Complete 
|  51|0x0000000707800000, 0x0000000707a00000, 0x0000000707a00000|100%|HC|  |TAMS 0x0000000707a00000, 0x0000000707800000| Complete 
|  52|0x0000000707a00000, 0x0000000707c00000, 0x0000000707c00000|100%|HC|  |TAMS 0x0000000707c00000, 0x0000000707a00000| Complete 
|  53|0x0000000707c00000, 0x0000000707e00000, 0x0000000707e00000|100%|HS|  |TAMS 0x0000000707e00000, 0x0000000707c00000| Complete 
|  54|0x0000000707e00000, 0x0000000708000000, 0x0000000708000000|100%|HC|  |TAMS 0x0000000708000000, 0x0000000707e00000| Complete 
|  55|0x0000000708000000, 0x0000000708200000, 0x0000000708200000|100%|HC|  |TAMS 0x0000000708200000, 0x0000000708000000| Complete 
|  56|0x0000000708200000, 0x0000000708400000, 0x0000000708400000|100%|HC|  |TAMS 0x0000000708400000, 0x0000000708200000| Complete 
|  57|0x0000000708400000, 0x0000000708600000, 0x0000000708600000|100%|HC|  |TAMS 0x0000000708600000, 0x0000000708400000| Complete 
|  58|0x0000000708600000, 0x0000000708800000, 0x0000000708800000|100%| O|  |TAMS 0x0000000708600000, 0x0000000708600000| Untracked 
|  59|0x0000000708800000, 0x0000000708a00000, 0x0000000708a00000|100%| O|  |TAMS 0x0000000708800000, 0x0000000708800000| Untracked 
|  60|0x0000000708a00000, 0x0000000708c00000, 0x0000000708c00000|100%|HS|  |TAMS 0x0000000708a00000, 0x0000000708a00000| Complete 
|  61|0x0000000708c00000, 0x0000000708e00000, 0x0000000708e00000|100%|HC|  |TAMS 0x0000000708c00000, 0x0000000708c00000| Complete 
|  62|0x0000000708e00000, 0x0000000709000000, 0x0000000709000000|100%|HC|  |TAMS 0x0000000708e00000, 0x0000000708e00000| Complete 
|  63|0x0000000709000000, 0x0000000709200000, 0x0000000709200000|100%|HC|  |TAMS 0x0000000709000000, 0x0000000709000000| Complete 
|  64|0x0000000709200000, 0x0000000709400000, 0x0000000709400000|100%|HC|  |TAMS 0x0000000709200000, 0x0000000709200000| Complete 
|  65|0x0000000709400000, 0x0000000709600000, 0x0000000709600000|100%|HC|  |TAMS 0x0000000709400000, 0x0000000709400000| Complete 
|  66|0x0000000709600000, 0x0000000709800000, 0x0000000709800000|100%|HC|  |TAMS 0x0000000709600000, 0x0000000709600000| Complete 
|  67|0x0000000709800000, 0x0000000709a00000, 0x0000000709a00000|100%|HC|  |TAMS 0x0000000709800000, 0x0000000709800000| Complete 
|  68|0x0000000709a00000, 0x0000000709c00000, 0x0000000709c00000|100%|HC|  |TAMS 0x0000000709a00000, 0x0000000709a00000| Complete 
|  69|0x0000000709c00000, 0x0000000709e00000, 0x0000000709e00000|100%|HC|  |TAMS 0x0000000709c00000, 0x0000000709c00000| Complete 
|  70|0x0000000709e00000, 0x000000070a000000, 0x000000070a000000|100%|HC|  |TAMS 0x0000000709e00000, 0x0000000709e00000| Complete 
|  71|0x000000070a000000, 0x000000070a200000, 0x000000070a200000|100%|HC|  |TAMS 0x000000070a000000, 0x000000070a000000| Complete 
|  72|0x000000070a200000, 0x000000070a400000, 0x000000070a400000|100%|HC|  |TAMS 0x000000070a200000, 0x000000070a200000| Complete 
|  73|0x000000070a400000, 0x000000070a600000, 0x000000070a600000|100%|HC|  |TAMS 0x000000070a400000, 0x000000070a400000| Complete 
|  74|0x000000070a600000, 0x000000070a800000, 0x000000070a800000|100%|HC|  |TAMS 0x000000070a600000, 0x000000070a600000| Complete 
|  75|0x000000070a800000, 0x000000070aa00000, 0x000000070aa00000|100%|HC|  |TAMS 0x000000070a800000, 0x000000070a800000| Complete 
|  76|0x000000070aa00000, 0x000000070ac00000, 0x000000070ac00000|100%|HC|  |TAMS 0x000000070aa00000, 0x000000070aa00000| Complete 
|  77|0x000000070ac00000, 0x000000070ac00000, 0x000000070ae00000|  0%| F|  |TAMS 0x000000070ac00000, 0x000000070ac00000| Untracked 
|  78|0x000000070ae00000, 0x000000070ae00000, 0x000000070b000000|  0%| F|  |TAMS 0x000000070ae00000, 0x000000070ae00000| Untracked 
|  79|0x000000070b000000, 0x000000070b000000, 0x000000070b200000|  0%| F|  |TAMS 0x000000070b000000, 0x000000070b000000| Untracked 
|  80|0x000000070b200000, 0x000000070b200000, 0x000000070b400000|  0%| F|  |TAMS 0x000000070b200000, 0x000000070b200000| Untracked 
|  81|0x000000070b400000, 0x000000070b400000, 0x000000070b600000|  0%| F|  |TAMS 0x000000070b400000, 0x000000070b400000| Untracked 
|  82|0x000000070b600000, 0x000000070b600000, 0x000000070b800000|  0%| F|  |TAMS 0x000000070b600000, 0x000000070b600000| Untracked 
|  83|0x000000070b800000, 0x000000070b800000, 0x000000070ba00000|  0%| F|  |TAMS 0x000000070b800000, 0x000000070b800000| Untracked 
|  84|0x000000070ba00000, 0x000000070ba00000, 0x000000070bc00000|  0%| F|  |TAMS 0x000000070ba00000, 0x000000070ba00000| Untracked 
|  85|0x000000070bc00000, 0x000000070bc00000, 0x000000070be00000|  0%| F|  |TAMS 0x000000070bc00000, 0x000000070bc00000| Untracked 
|  86|0x000000070be00000, 0x000000070be00000, 0x000000070c000000|  0%| F|  |TAMS 0x000000070be00000, 0x000000070be00000| Untracked 
|  87|0x000000070c000000, 0x000000070c000000, 0x000000070c200000|  0%| F|  |TAMS 0x000000070c000000, 0x000000070c000000| Untracked 
|  88|0x000000070c200000, 0x000000070c200000, 0x000000070c400000|  0%| F|  |TAMS 0x000000070c200000, 0x000000070c200000| Untracked 
|  89|0x000000070c400000, 0x000000070c400000, 0x000000070c600000|  0%| F|  |TAMS 0x000000070c400000, 0x000000070c400000| Untracked 
|  90|0x000000070c600000, 0x000000070c600000, 0x000000070c800000|  0%| F|  |TAMS 0x000000070c600000, 0x000000070c600000| Untracked 
|  91|0x000000070c800000, 0x000000070c800000, 0x000000070ca00000|  0%| F|  |TAMS 0x000000070c800000, 0x000000070c800000| Untracked 
|  92|0x000000070ca00000, 0x000000070ca00000, 0x000000070cc00000|  0%| F|  |TAMS 0x000000070ca00000, 0x000000070ca00000| Untracked 
|  93|0x000000070cc00000, 0x000000070cc00000, 0x000000070ce00000|  0%| F|  |TAMS 0x000000070cc00000, 0x000000070cc00000| Untracked 
|  94|0x000000070ce00000, 0x000000070ce00000, 0x000000070d000000|  0%| F|  |TAMS 0x000000070ce00000, 0x000000070ce00000| Untracked 
|  95|0x000000070d000000, 0x000000070d000000, 0x000000070d200000|  0%| F|  |TAMS 0x000000070d000000, 0x000000070d000000| Untracked 
|  96|0x000000070d200000, 0x000000070d200000, 0x000000070d400000|  0%| F|  |TAMS 0x000000070d200000, 0x000000070d200000| Untracked 
|  97|0x000000070d400000, 0x000000070d400000, 0x000000070d600000|  0%| F|  |TAMS 0x000000070d400000, 0x000000070d400000| Untracked 
|  98|0x000000070d600000, 0x000000070d600000, 0x000000070d800000|  0%| F|  |TAMS 0x000000070d600000, 0x000000070d600000| Untracked 
|  99|0x000000070d800000, 0x000000070d800000, 0x000000070da00000|  0%| F|  |TAMS 0x000000070d800000, 0x000000070d800000| Untracked 
| 100|0x000000070da00000, 0x000000070da00000, 0x000000070dc00000|  0%| F|  |TAMS 0x000000070da00000, 0x000000070da00000| Untracked 
| 101|0x000000070dc00000, 0x000000070dc00000, 0x000000070de00000|  0%| F|  |TAMS 0x000000070dc00000, 0x000000070dc00000| Untracked 
| 102|0x000000070de00000, 0x000000070de00000, 0x000000070e000000|  0%| F|  |TAMS 0x000000070de00000, 0x000000070de00000| Untracked 
| 103|0x000000070e000000, 0x000000070e000000, 0x000000070e200000|  0%| F|  |TAMS 0x000000070e000000, 0x000000070e000000| Untracked 
| 104|0x000000070e200000, 0x000000070e200000, 0x000000070e400000|  0%| F|  |TAMS 0x000000070e200000, 0x000000070e200000| Untracked 
| 105|0x000000070e400000, 0x000000070e5a7518, 0x000000070e600000| 82%| S|CS|TAMS 0x000000070e400000, 0x000000070e400000| Complete 
| 106|0x000000070e600000, 0x000000070e800000, 0x000000070e800000|100%| S|CS|TAMS 0x000000070e600000, 0x000000070e600000| Complete 
| 107|0x000000070e800000, 0x000000070e800000, 0x000000070ea00000|  0%| F|  |TAMS 0x000000070e800000, 0x000000070e800000| Untracked 
| 108|0x000000070ea00000, 0x000000070ea00000, 0x000000070ec00000|  0%| F|  |TAMS 0x000000070ea00000, 0x000000070ea00000| Untracked 
| 109|0x000000070ec00000, 0x000000070ec00000, 0x000000070ee00000|  0%| F|  |TAMS 0x000000070ec00000, 0x000000070ec00000| Untracked 
| 110|0x000000070ee00000, 0x000000070ee00000, 0x000000070f000000|  0%| F|  |TAMS 0x000000070ee00000, 0x000000070ee00000| Untracked 
| 111|0x000000070f000000, 0x000000070f000000, 0x000000070f200000|  0%| F|  |TAMS 0x000000070f000000, 0x000000070f000000| Untracked 
| 112|0x000000070f200000, 0x000000070f200000, 0x000000070f400000|  0%| F|  |TAMS 0x000000070f200000, 0x000000070f200000| Untracked 
| 113|0x000000070f400000, 0x000000070f400000, 0x000000070f600000|  0%| F|  |TAMS 0x000000070f400000, 0x000000070f400000| Untracked 
| 114|0x000000070f600000, 0x000000070f600000, 0x000000070f800000|  0%| F|  |TAMS 0x000000070f600000, 0x000000070f600000| Untracked 
| 115|0x000000070f800000, 0x000000070f800000, 0x000000070fa00000|  0%| F|  |TAMS 0x000000070f800000, 0x000000070f800000| Untracked 
| 116|0x000000070fa00000, 0x000000070fa00000, 0x000000070fc00000|  0%| F|  |TAMS 0x000000070fa00000, 0x000000070fa00000| Untracked 
| 117|0x000000070fc00000, 0x000000070fc00000, 0x000000070fe00000|  0%| F|  |TAMS 0x000000070fc00000, 0x000000070fc00000| Untracked 
| 118|0x000000070fe00000, 0x000000070fe00000, 0x0000000710000000|  0%| F|  |TAMS 0x000000070fe00000, 0x000000070fe00000| Untracked 
| 119|0x0000000710000000, 0x0000000710000000, 0x0000000710200000|  0%| F|  |TAMS 0x0000000710000000, 0x0000000710000000| Untracked 
| 120|0x0000000710200000, 0x0000000710200000, 0x0000000710400000|  0%| F|  |TAMS 0x0000000710200000, 0x0000000710200000| Untracked 
| 121|0x0000000710400000, 0x0000000710400000, 0x0000000710600000|  0%| F|  |TAMS 0x0000000710400000, 0x0000000710400000| Untracked 
| 122|0x0000000710600000, 0x0000000710600000, 0x0000000710800000|  0%| F|  |TAMS 0x0000000710600000, 0x0000000710600000| Untracked 
| 123|0x0000000710800000, 0x0000000710800000, 0x0000000710a00000|  0%| F|  |TAMS 0x0000000710800000, 0x0000000710800000| Untracked 
| 124|0x0000000710a00000, 0x0000000710a00000, 0x0000000710c00000|  0%| F|  |TAMS 0x0000000710a00000, 0x0000000710a00000| Untracked 
| 125|0x0000000710c00000, 0x0000000710c00000, 0x0000000710e00000|  0%| F|  |TAMS 0x0000000710c00000, 0x0000000710c00000| Untracked 
| 126|0x0000000710e00000, 0x0000000710e00000, 0x0000000711000000|  0%| F|  |TAMS 0x0000000710e00000, 0x0000000710e00000| Untracked 
| 127|0x0000000711000000, 0x0000000711000000, 0x0000000711200000|  0%| F|  |TAMS 0x0000000711000000, 0x0000000711000000| Untracked 
| 128|0x0000000711200000, 0x0000000711200000, 0x0000000711400000|  0%| F|  |TAMS 0x0000000711200000, 0x0000000711200000| Untracked 
| 129|0x0000000711400000, 0x0000000711400000, 0x0000000711600000|  0%| F|  |TAMS 0x0000000711400000, 0x0000000711400000| Untracked 
| 130|0x0000000711600000, 0x0000000711600000, 0x0000000711800000|  0%| F|  |TAMS 0x0000000711600000, 0x0000000711600000| Untracked 
| 131|0x0000000711800000, 0x0000000711800000, 0x0000000711a00000|  0%| F|  |TAMS 0x0000000711800000, 0x0000000711800000| Untracked 
| 132|0x0000000711a00000, 0x0000000711a00000, 0x0000000711c00000|  0%| F|  |TAMS 0x0000000711a00000, 0x0000000711a00000| Untracked 
| 133|0x0000000711c00000, 0x0000000711c00000, 0x0000000711e00000|  0%| F|  |TAMS 0x0000000711c00000, 0x0000000711c00000| Untracked 
| 134|0x0000000711e00000, 0x0000000711e00000, 0x0000000712000000|  0%| F|  |TAMS 0x0000000711e00000, 0x0000000711e00000| Untracked 
| 135|0x0000000712000000, 0x0000000712000000, 0x0000000712200000|  0%| F|  |TAMS 0x0000000712000000, 0x0000000712000000| Untracked 
| 136|0x0000000712200000, 0x0000000712200000, 0x0000000712400000|  0%| F|  |TAMS 0x0000000712200000, 0x0000000712200000| Untracked 
| 137|0x0000000712400000, 0x0000000712400000, 0x0000000712600000|  0%| F|  |TAMS 0x0000000712400000, 0x0000000712400000| Untracked 
| 138|0x0000000712600000, 0x0000000712600000, 0x0000000712800000|  0%| F|  |TAMS 0x0000000712600000, 0x0000000712600000| Untracked 
| 139|0x0000000712800000, 0x0000000712800000, 0x0000000712a00000|  0%| F|  |TAMS 0x0000000712800000, 0x0000000712800000| Untracked 
| 140|0x0000000712a00000, 0x0000000712a00000, 0x0000000712c00000|  0%| F|  |TAMS 0x0000000712a00000, 0x0000000712a00000| Untracked 
| 141|0x0000000712c00000, 0x0000000712c00000, 0x0000000712e00000|  0%| F|  |TAMS 0x0000000712c00000, 0x0000000712c00000| Untracked 
| 142|0x0000000712e00000, 0x0000000712e00000, 0x0000000713000000|  0%| F|  |TAMS 0x0000000712e00000, 0x0000000712e00000| Untracked 
| 143|0x0000000713000000, 0x0000000713000000, 0x0000000713200000|  0%| F|  |TAMS 0x0000000713000000, 0x0000000713000000| Untracked 
| 144|0x0000000713200000, 0x0000000713200000, 0x0000000713400000|  0%| F|  |TAMS 0x0000000713200000, 0x0000000713200000| Untracked 
| 145|0x0000000713400000, 0x0000000713400000, 0x0000000713600000|  0%| F|  |TAMS 0x0000000713400000, 0x0000000713400000| Untracked 
| 146|0x0000000713600000, 0x0000000713600000, 0x0000000713800000|  0%| F|  |TAMS 0x0000000713600000, 0x0000000713600000| Untracked 
| 147|0x0000000713800000, 0x0000000713800000, 0x0000000713a00000|  0%| F|  |TAMS 0x0000000713800000, 0x0000000713800000| Untracked 
| 148|0x0000000713a00000, 0x0000000713a00000, 0x0000000713c00000|  0%| F|  |TAMS 0x0000000713a00000, 0x0000000713a00000| Untracked 
| 149|0x0000000713c00000, 0x0000000713c00000, 0x0000000713e00000|  0%| F|  |TAMS 0x0000000713c00000, 0x0000000713c00000| Untracked 
| 150|0x0000000713e00000, 0x0000000713e00000, 0x0000000714000000|  0%| F|  |TAMS 0x0000000713e00000, 0x0000000713e00000| Untracked 
| 151|0x0000000714000000, 0x0000000714000000, 0x0000000714200000|  0%| F|  |TAMS 0x0000000714000000, 0x0000000714000000| Untracked 
| 152|0x0000000714200000, 0x0000000714200000, 0x0000000714400000|  0%| F|  |TAMS 0x0000000714200000, 0x0000000714200000| Untracked 
| 153|0x0000000714400000, 0x0000000714400000, 0x0000000714600000|  0%| F|  |TAMS 0x0000000714400000, 0x0000000714400000| Untracked 
| 154|0x0000000714600000, 0x0000000714600000, 0x0000000714800000|  0%| F|  |TAMS 0x0000000714600000, 0x0000000714600000| Untracked 
| 155|0x0000000714800000, 0x0000000714800000, 0x0000000714a00000|  0%| F|  |TAMS 0x0000000714800000, 0x0000000714800000| Untracked 
| 156|0x0000000714a00000, 0x0000000714a00800, 0x0000000714c00000|  0%| E|  |TAMS 0x0000000714a00000, 0x0000000714a00000| Complete 
| 157|0x0000000714c00000, 0x0000000714e00000, 0x0000000714e00000|100%| E|CS|TAMS 0x0000000714c00000, 0x0000000714c00000| Complete 
| 158|0x0000000714e00000, 0x0000000715000000, 0x0000000715000000|100%| E|CS|TAMS 0x0000000714e00000, 0x0000000714e00000| Complete 
| 159|0x0000000715000000, 0x0000000715200000, 0x0000000715200000|100%| E|CS|TAMS 0x0000000715000000, 0x0000000715000000| Complete 
| 160|0x0000000715200000, 0x0000000715400000, 0x0000000715400000|100%| E|CS|TAMS 0x0000000715200000, 0x0000000715200000| Complete 
| 161|0x0000000715400000, 0x0000000715600000, 0x0000000715600000|100%| E|CS|TAMS 0x0000000715400000, 0x0000000715400000| Complete 

Card table byte_map: [0x000001e41a3c0000,0x000001e41abc0000] _byte_map_base: 0x000001e416bb7000

Marking Bits (Prev, Next): (CMBitMap*) 0x000001e4005649e0, (CMBitMap*) 0x000001e4005649a0
 Prev Bits: [0x000001e41f380000, 0x000001e423338000)
 Next Bits: [0x000001e41b3c0000, 0x000001e41f378000)

Polling page: 0x000001e4005f0000

Metaspace:

Usage:
  Non-class:     18.75 MB capacity,    18.60 MB (>99%) used,   129.88 KB ( <1%) free+waste,    24.38 KB ( <1%) overhead. 
      Class:      2.30 MB capacity,     2.23 MB ( 97%) used,    63.07 KB (  3%) free+waste,     8.38 KB ( <1%) overhead. 
       Both:     21.05 MB capacity,    20.83 MB ( 99%) used,   192.95 KB ( <1%) free+waste,    32.75 KB ( <1%) overhead. 

Virtual space:
  Non-class space:       20.00 MB reserved,      19.00 MB ( 95%) committed 
      Class space:        1.00 GB reserved,       2.38 MB ( <1%) committed 
             Both:        1.02 GB reserved,      21.38 MB (  2%) committed 

Chunk freelists:
   Non-Class:  61.00 KB
       Class:  13.00 KB
        Both:  74.00 KB

MaxMetaspaceSize: 17179869184.00 GB
CompressedClassSpaceSize: 1.00 GB

CodeHeap 'non-profiled nmethods': size=120000Kb used=1275Kb max_used=1275Kb free=118724Kb
 bounds [0x000001e411a10000, 0x000001e411c80000, 0x000001e418f40000]
CodeHeap 'profiled nmethods': size=120000Kb used=4798Kb max_used=4798Kb free=115201Kb
 bounds [0x000001e40a4e0000, 0x000001e40a990000, 0x000001e411a10000]
CodeHeap 'non-nmethods': size=5760Kb used=1421Kb max_used=1436Kb free=4338Kb
 bounds [0x000001e409f40000, 0x000001e40a1b0000, 0x000001e40a4e0000]
 total_blobs=3417 nmethods=2668 adapters=661
 compilation: enabled
              stopped_count=0, restarted_count=0
 full_count=0

Compilation events (20 events):
Event: 3.214 Thread 0x000001e42689dd80 2659       3       java.awt.Component::getParent (5 bytes)
Event: 3.214 Thread 0x000001e42689dd80 nmethod 2659 0x000001e40a98e610 code [0x000001e40a98e7a0, 0x000001e40a98e8b8]
Event: 3.215 Thread 0x000001e42689dd80 2660       3       java.util.ArrayList::forEach (74 bytes)
Event: 3.215 Thread 0x000001e42689dd80 nmethod 2660 0x000001e40a98e990 code [0x000001e40a98eb80, 0x000001e40a98f128]
Event: 3.243 Thread 0x000001e42689be00 2661       4       engine.geom.shape.Rectangle::getX (10 bytes)
Event: 3.243 Thread 0x000001e42689be00 nmethod 2661 0x000001e411b4c710 code [0x000001e411b4c880, 0x000001e411b4c918]
Event: 3.243 Thread 0x000001e42689be00 2662       4       engine.geom.shape.Rectangle::getY (10 bytes)
Event: 3.243 Thread 0x000001e42689be00 nmethod 2662 0x000001e411b4ca10 code [0x000001e411b4cb80, 0x000001e411b4cc18]
Event: 3.332 Thread 0x000001e42689be00 2663       4       org.jocl.CL::clSetKernelArg (12 bytes)
Event: 3.332 Thread 0x000001e42689be00 nmethod 2663 0x000001e411b4cd10 code [0x000001e411b4cea0, 0x000001e411b4cf48]
Event: 3.512 Thread 0x000001e42689be00 2664       4       java.util.StringTokenizer::scanToken (179 bytes)
Event: 3.517 Thread 0x000001e42689be00 nmethod 2664 0x000001e411b4d010 code [0x000001e411b4d1a0, 0x000001e411b4d498]
Event: 3.517 Thread 0x000001e42689be00 2666       4       java.lang.StringBuilder::append (8 bytes)
Event: 3.520 Thread 0x000001e42689dd80 2667       3       java.util.IdentityHashMap$IdentityHashMapIterator::nextIndex (72 bytes)
Event: 3.520 Thread 0x000001e42689dd80 nmethod 2667 0x000001e40a98f390 code [0x000001e40a98f560, 0x000001e40a98f8e8]
Event: 3.521 Thread 0x000001e42689dd80 2668       1       java.util.concurrent.CopyOnWriteArrayList::getArray (5 bytes)
Event: 3.521 Thread 0x000001e42689dd80 nmethod 2668 0x000001e411b4d710 code [0x000001e411b4d8a0, 0x000001e411b4d958]
Event: 3.522 Thread 0x000001e42689be00 nmethod 2666 0x000001e411b4da10 code [0x000001e411b4dbc0, 0x000001e411b4e308]
Event: 3.522 Thread 0x000001e42689be00 2665       4       java.util.HashSet::add (20 bytes)
Event: 3.525 Thread 0x000001e42689be00 nmethod 2665 0x000001e411b4e710 code [0x000001e411b4e8c0, 0x000001e411b4eb18]

GC Heap History (10 events):
Event: 0.313 GC heap before
{Heap before GC invocations=0 (full 0):
 garbage-first heap   total 262144K, used 28672K [0x0000000701200000, 0x0000000800000000)
  region size 2048K, 11 young (22528K), 0 survivors (0K)
 Metaspace       used 4697K, capacity 4854K, committed 4992K, reserved 1056768K
  class space    used 515K, capacity 574K, committed 640K, reserved 1048576K
}
Event: 0.318 GC heap after
{Heap after GC invocations=1 (full 0):
 garbage-first heap   total 262144K, used 12060K [0x0000000701200000, 0x0000000800000000)
  region size 2048K, 2 young (4096K), 2 survivors (4096K)
 Metaspace       used 4697K, capacity 4854K, committed 4992K, reserved 1056768K
  class space    used 515K, capacity 574K, committed 640K, reserved 1048576K
}
Event: 0.339 GC heap before
{Heap before GC invocations=1 (full 0):
 garbage-first heap   total 262144K, used 26396K [0x0000000701200000, 0x0000000800000000)
  region size 2048K, 6 young (12288K), 2 survivors (4096K)
 Metaspace       used 4748K, capacity 4854K, committed 4992K, reserved 1056768K
  class space    used 518K, capacity 574K, committed 640K, reserved 1048576K
}
Event: 0.342 GC heap after
{Heap after GC invocations=2 (full 0):
 garbage-first heap   total 262144K, used 20044K [0x0000000701200000, 0x0000000800000000)
  region size 2048K, 1 young (2048K), 1 survivors (2048K)
 Metaspace       used 4748K, capacity 4854K, committed 4992K, reserved 1056768K
  class space    used 518K, capacity 574K, committed 640K, reserved 1048576K
}
Event: 0.499 GC heap before
{Heap before GC invocations=2 (full 0):
 garbage-first heap   total 262144K, used 58956K [0x0000000701200000, 0x0000000800000000)
  region size 2048K, 20 young (40960K), 1 survivors (2048K)
 Metaspace       used 9717K, capacity 9906K, committed 10112K, reserved 1058816K
  class space    used 990K, capacity 1057K, committed 1152K, reserved 1048576K
}
Event: 0.501 GC heap after
{Heap after GC invocations=3 (full 0):
 garbage-first heap   total 262144K, used 26188K [0x0000000701200000, 0x0000000800000000)
  region size 2048K, 3 young (6144K), 3 survivors (6144K)
 Metaspace       used 9717K, capacity 9906K, committed 10112K, reserved 1058816K
  class space    used 990K, capacity 1057K, committed 1152K, reserved 1048576K
}
Event: 0.719 GC heap before
{Heap before GC invocations=3 (full 0):
 garbage-first heap   total 262144K, used 118348K [0x0000000701200000, 0x0000000800000000)
  region size 2048K, 39 young (79872K), 3 survivors (6144K)
 Metaspace       used 12880K, capacity 13086K, committed 13312K, reserved 1060864K
  class space    used 1357K, capacity 1413K, committed 1536K, reserved 1048576K
}
Event: 0.726 GC heap after
{Heap after GC invocations=4 (full 0):
 garbage-first heap   total 262144K, used 53725K [0x0000000701200000, 0x0000000800000000)
  region size 2048K, 5 young (10240K), 5 survivors (10240K)
 Metaspace       used 12880K, capacity 13086K, committed 13312K, reserved 1060864K
  class space    used 1357K, capacity 1413K, committed 1536K, reserved 1048576K
}
Event: 1.117 GC heap before
{Heap before GC invocations=4 (full 0):
 garbage-first heap   total 262144K, used 168413K [0x0000000701200000, 0x0000000800000000)
  region size 2048K, 26 young (53248K), 5 survivors (10240K)
 Metaspace       used 18991K, capacity 19184K, committed 19328K, reserved 1067008K
  class space    used 1993K, capacity 2057K, committed 2176K, reserved 1048576K
}
Event: 1.121 GC heap after
{Heap after GC invocations=5 (full 0):
 garbage-first heap   total 331776K, used 89757K [0x0000000701200000, 0x0000000800000000)
  region size 2048K, 2 young (4096K), 2 survivors (4096K)
 Metaspace       used 18991K, capacity 19184K, committed 19328K, reserved 1067008K
  class space    used 1993K, capacity 2057K, committed 2176K, reserved 1048576K
}

Deoptimization events (20 events):
Event: 2.700 Thread 0x000001e4302bbc90 Uncommon trap: trap_request=0xffffffbe fr.pc=0x000001e411b4a380 relative=0x0000000000000060
Event: 2.700 Thread 0x000001e4302bbc90 Uncommon trap: reason=profile_predicate action=maybe_recompile pc=0x000001e411b4a380 method=engine.physics2d.Collisions.detection(Ljava/util/List;)V @ 9 c2
Event: 2.700 Thread 0x000001e4302bbc90 DEOPT PACKING pc=0x000001e411b4a380 sp=0x0000005db06fefa0
Event: 2.700 Thread 0x000001e4302bbc90 DEOPT UNPACKING pc=0x000001e409f8e42f sp=0x0000005db06fef20 mode 2
Event: 2.700 Thread 0x000001e4302bbc90 Uncommon trap: trap_request=0xffffffbe fr.pc=0x000001e411b4a380 relative=0x0000000000000060
Event: 2.700 Thread 0x000001e4302bbc90 Uncommon trap: reason=profile_predicate action=maybe_recompile pc=0x000001e411b4a380 method=engine.physics2d.Collisions.detection(Ljava/util/List;)V @ 9 c2
Event: 2.700 Thread 0x000001e4302bbc90 DEOPT PACKING pc=0x000001e411b4a380 sp=0x0000005db06fefa0
Event: 2.700 Thread 0x000001e4302bbc90 DEOPT UNPACKING pc=0x000001e409f8e42f sp=0x0000005db06fef20 mode 2
Event: 2.700 Thread 0x000001e4302bbc90 Uncommon trap: trap_request=0xffffffbe fr.pc=0x000001e411b4a380 relative=0x0000000000000060
Event: 2.700 Thread 0x000001e4302bbc90 Uncommon trap: reason=profile_predicate action=maybe_recompile pc=0x000001e411b4a380 method=engine.physics2d.Collisions.detection(Ljava/util/List;)V @ 9 c2
Event: 2.700 Thread 0x000001e4302bbc90 DEOPT PACKING pc=0x000001e411b4a380 sp=0x0000005db06fefa0
Event: 2.700 Thread 0x000001e4302bbc90 DEOPT UNPACKING pc=0x000001e409f8e42f sp=0x0000005db06fef20 mode 2
Event: 3.505 Thread 0x000001e4302b82d0 Uncommon trap: trap_request=0xffffffc6 fr.pc=0x000001e411b1a334 relative=0x00000000000003f4
Event: 3.505 Thread 0x000001e4302b82d0 Uncommon trap: reason=bimorphic_or_optimized_type_check action=maybe_recompile pc=0x000001e411b1a334 method=java.util.HashMap.getNode(Ljava/lang/Object;)Ljava/util/HashMap$Node; @ 128 c2
Event: 3.505 Thread 0x000001e4302b82d0 DEOPT PACKING pc=0x000001e411b1a334 sp=0x0000005db1bfe1a0
Event: 3.505 Thread 0x000001e4302b82d0 DEOPT UNPACKING pc=0x000001e409f8e42f sp=0x0000005db1bfe0a8 mode 2
Event: 3.506 Thread 0x000001e4302b82d0 Uncommon trap: trap_request=0xffffffc6 fr.pc=0x000001e411b1a334 relative=0x00000000000003f4
Event: 3.506 Thread 0x000001e4302b82d0 Uncommon trap: reason=bimorphic_or_optimized_type_check action=maybe_recompile pc=0x000001e411b1a334 method=java.util.HashMap.getNode(Ljava/lang/Object;)Ljava/util/HashMap$Node; @ 128 c2
Event: 3.506 Thread 0x000001e4302b82d0 DEOPT PACKING pc=0x000001e411b1a334 sp=0x0000005db1bfe1f0
Event: 3.506 Thread 0x000001e4302b82d0 DEOPT UNPACKING pc=0x000001e409f8e42f sp=0x0000005db1bfe0f8 mode 2

Classes unloaded (0 events):
No events

Classes redefined (0 events):
No events

Internal exceptions (20 events):
Event: 0.249 Thread 0x000001e400513220 Exception <a 'java/lang/NoSuchMethodError'{0x00000007109a5868}: 'java.lang.Object java.lang.invoke.DirectMethodHandle$Holder.invokeStatic(java.lang.Object, int, java.lang.Object)'> (0x00000007109a5868) 
thrown [./open/src/hotspot/share/interpreter/linkResolver.cpp, line 782]
Event: 0.261 Thread 0x000001e400513220 Exception <a 'java/lang/ClassNotFoundException'{0x000000071065e0e0}: com/sun/swing/internal/plaf/metal/resources/spi/metalProvider> (0x000000071065e0e0) 
thrown [./open/src/hotspot/share/classfile/systemDictionary.cpp, line 295]
Event: 0.262 Thread 0x000001e400513220 Exception <a 'java/lang/ClassNotFoundException'{0x0000000710662510}: com/sun/swing/internal/plaf/basic/resources/spi/basicProvider> (0x0000000710662510) 
thrown [./open/src/hotspot/share/classfile/systemDictionary.cpp, line 295]
Event: 0.346 Thread 0x000001e427371670 Exception <a 'java/lang/NoSuchMethodError'{0x000000071106ea30}: 'void java.lang.invoke.DirectMethodHandle$Holder.invokeStatic(java.lang.Object, java.lang.Object)'> (0x000000071106ea30) 
thrown [./open/src/hotspot/share/interpreter/linkResolver.cpp, line 782]
Event: 0.347 Thread 0x000001e427371670 Exception <a 'java/lang/NoSuchMethodError'{0x0000000711072438}: 'void java.lang.invoke.DirectMethodHandle$Holder.invokeStaticInit(java.lang.Object, java.lang.Object)'> (0x0000000711072438) 
thrown [./open/src/hotspot/share/interpreter/linkResolver.cpp, line 782]
Event: 0.366 Thread 0x000001e427371670 Implicit null exception at 0x000001e411a58227 to 0x000001e411a58310
Event: 0.528 Thread 0x000001e427371670 Exception <a 'java/lang/NoSuchMethodError'{0x0000000710c57f28}: 'java.lang.Object java.lang.invoke.DirectMethodHandle$Holder.invokeStaticInit(java.lang.Object, int, int, int, int)'> (0x0000000710c57f28) 
thrown [./open/src/hotspot/share/interpreter/linkResolver.cpp, line 782]
Event: 0.530 Thread 0x000001e427371670 Implicit null exception at 0x000001e411a41175 to 0x000001e411a41250
Event: 0.547 Thread 0x000001e427371670 Exception <a 'java/lang/NoSuchMethodError'{0x0000000710c810e0}: 'java.lang.Object java.lang.invoke.DirectMethodHandle$Holder.invokeStaticInit(java.lang.Object, java.lang.Object, int, int, int, int)'> (0x0000000710c810e0) 
thrown [./open/src/hotspot/share/interpreter/linkResolver.cpp, line 782]
Event: 0.693 Thread 0x000001e427371670 Implicit null exception at 0x000001e411a51cd3 to 0x000001e411a52834
Event: 0.958 Thread 0x000001e427371670 Exception <a 'java/lang/NoSuchMethodError'{0x000000070f550f90}: 'void java.lang.invoke.DirectMethodHandle$Holder.invokeStaticInit(java.lang.Object)'> (0x000000070f550f90) 
thrown [./open/src/hotspot/share/interpreter/linkResolver.cpp, line 782]
Event: 1.017 Thread 0x000001e427371670 Implicit null exception at 0x000001e411b0952c to 0x000001e411b0964c
Event: 1.017 Thread 0x000001e427371670 Implicit null exception at 0x000001e411b09b76 to 0x000001e411b09c38
Event: 1.017 Thread 0x000001e427371670 Implicit null exception at 0x000001e411b0a806 to 0x000001e411b0a8f4
Event: 1.017 Thread 0x000001e427371670 Implicit null exception at 0x000001e411b0a0b4 to 0x000001e411b0a160
Event: 1.098 Thread 0x000001e427371670 Implicit null exception at 0x000001e411b25176 to 0x000001e411b2548c
Event: 1.099 Thread 0x000001e427371670 Implicit null exception at 0x000001e411b262bc to 0x000001e411b26a00
Event: 1.099 Thread 0x000001e427371670 Implicit null exception at 0x000001e411b27b62 to 0x000001e411b284fc
Event: 1.099 Thread 0x000001e427371670 Implicit null exception at 0x000001e411b29864 to 0x000001e411b29f38
Event: 1.670 Thread 0x000001e4302bbc90 Exception <a 'java/lang/NoSuchMethodError'{0x0000000715029328}: 'void java.lang.invoke.DirectMethodHandle$Holder.invokeStatic(java.lang.Object, java.lang.Object, java.lang.Object)'> (0x0000000715029328) 
thrown [./open/src/hotspot/share/interpreter/linkResolver.cpp, line 782]

Events (20 events):
Event: 3.515 loading class sun/util/resources/TimeZoneNames done
Event: 3.515 loading class sun/util/resources/TimeZoneNames_en
Event: 3.515 loading class sun/util/resources/TimeZoneNames_en done
Event: 3.517 loading class java/io/FileOutputStream$1
Event: 3.517 loading class java/io/FileOutputStream$1 done
Event: 3.517 loading class java/awt/Window$1DisposeAction
Event: 3.517 loading class java/awt/Window$1DisposeAction done
Event: 3.518 loading class java/awt/LightweightDispatcher$2
Event: 3.518 loading class java/awt/LightweightDispatcher$2 done
Event: 3.518 loading class java/awt/event/AWTEventListenerProxy
Event: 3.518 loading class java/awt/event/AWTEventListenerProxy done
Event: 3.518 loading class java/awt/Toolkit$ToolkitEventMulticaster
Event: 3.518 loading class java/awt/Toolkit$ToolkitEventMulticaster done
Event: 3.520 Thread 0x000001e4302bd4a0 Thread added: 0x000001e4302bd4a0
Event: 3.520 Thread 0x000001e4302ba480 Thread added: 0x000001e4302ba480
Event: 3.520 Thread 0x000001e4302bc630 Thread added: 0x000001e4302bc630
Event: 3.521 Thread 0x000001e4302bc630 Thread exited: 0x000001e4302bc630
Event: 3.521 Thread 0x000001e4302bde40 Thread exited: 0x000001e4302bde40
Event: 3.521 Thread 0x000001e4302ba480 Thread exited: 0x000001e4302ba480
Event: 3.541 Thread 0x000001e426895460 Thread exited: 0x000001e426895460


Dynamic libraries:
0x00007ff614030000 - 0x00007ff61403f000 	C:\Program Files\Java\jdk-15.0.2\bin\java.exe
0x00007ffe5c110000 - 0x00007ffe5c306000 	C:\Windows\SYSTEM32\ntdll.dll
0x00007ffe5af90000 - 0x00007ffe5b04d000 	C:\Windows\System32\KERNEL32.DLL
0x00007ffe59a30000 - 0x00007ffe59cf9000 	C:\Windows\System32\KERNELBASE.dll
0x00007ffe59930000 - 0x00007ffe59a30000 	C:\Windows\System32\ucrtbase.dll
0x00007ffe290b0000 - 0x00007ffe290c8000 	C:\Program Files\Java\jdk-15.0.2\bin\jli.dll
0x00007ffe38ec0000 - 0x00007ffe38ed9000 	C:\Program Files\Java\jdk-15.0.2\bin\VCRUNTIME140.dll
0x00007ffe5b220000 - 0x00007ffe5b2cc000 	C:\Windows\System32\ADVAPI32.dll
0x00007ffe5b620000 - 0x00007ffe5b6be000 	C:\Windows\System32\msvcrt.dll
0x00007ffe5a170000 - 0x00007ffe5a20c000 	C:\Windows\System32\sechost.dll
0x00007ffe5b2d0000 - 0x00007ffe5b3fb000 	C:\Windows\System32\RPCRT4.dll
0x00007ffe5b480000 - 0x00007ffe5b620000 	C:\Windows\System32\USER32.dll
0x00007ffe59900000 - 0x00007ffe59922000 	C:\Windows\System32\win32u.dll
0x00007ffe433e0000 - 0x00007ffe4367b000 	C:\Windows\WinSxS\amd64_microsoft.windows.common-controls_6595b64144ccf1df_6.0.19041.746_none_ca02b4b61b8320a4\COMCTL32.dll
0x00007ffe5a210000 - 0x00007ffe5a23a000 	C:\Windows\System32\GDI32.dll
0x00007ffe5a060000 - 0x00007ffe5a16b000 	C:\Windows\System32\gdi32full.dll
0x00007ffe59d00000 - 0x00007ffe59d9d000 	C:\Windows\System32\msvcp_win.dll
0x00007ffe54750000 - 0x00007ffe5475a000 	C:\Windows\SYSTEM32\VERSION.dll
0x00007ffe5b8f0000 - 0x00007ffe5b920000 	C:\Windows\System32\IMM32.DLL
0x00007ffe4ae50000 - 0x00007ffe4ae5c000 	C:\Program Files\Java\jdk-15.0.2\bin\vcruntime140_1.dll
0x00007ffe1d5e0000 - 0x00007ffe1d671000 	C:\Program Files\Java\jdk-15.0.2\bin\msvcp140.dll
0x00007ffe0cb60000 - 0x00007ffe0d6be000 	C:\Program Files\Java\jdk-15.0.2\bin\server\jvm.dll
0x00007ffe5b210000 - 0x00007ffe5b218000 	C:\Windows\System32\PSAPI.DLL
0x00007ffe4a470000 - 0x00007ffe4a479000 	C:\Windows\SYSTEM32\WSOCK32.dll
0x00007ffe5b140000 - 0x00007ffe5b1ab000 	C:\Windows\System32\WS2_32.dll
0x00007ffe44dc0000 - 0x00007ffe44de7000 	C:\Windows\SYSTEM32\WINMM.dll
0x00007ffe576b0000 - 0x00007ffe576c2000 	C:\Windows\SYSTEM32\kernel.appcore.dll
0x00007ffe4a430000 - 0x00007ffe4a43a000 	C:\Program Files\Java\jdk-15.0.2\bin\jimage.dll
0x00007ffe53150000 - 0x00007ffe53334000 	C:\Windows\SYSTEM32\DBGHELP.DLL
0x00007ffe52dd0000 - 0x00007ffe52dfc000 	C:\Windows\SYSTEM32\dbgcore.DLL
0x00007ffe59f30000 - 0x00007ffe59fb0000 	C:\Windows\System32\bcryptPrimitives.dll
0x00007ffe29080000 - 0x00007ffe290a5000 	C:\Program Files\Java\jdk-15.0.2\bin\java.dll
0x00007ffe5b980000 - 0x00007ffe5c0c2000 	C:\Windows\System32\SHELL32.dll
0x00007ffe579c0000 - 0x00007ffe58150000 	C:\Windows\SYSTEM32\windows.storage.dll
0x00007ffe5aba0000 - 0x00007ffe5aef6000 	C:\Windows\System32\combase.dll
0x00007ffe591e0000 - 0x00007ffe5920c000 	C:\Windows\SYSTEM32\Wldp.dll
0x00007ffe5a4d0000 - 0x00007ffe5a57e000 	C:\Windows\System32\SHCORE.dll
0x00007ffe5b420000 - 0x00007ffe5b475000 	C:\Windows\System32\shlwapi.dll
0x00007ffe59780000 - 0x00007ffe597a6000 	C:\Windows\SYSTEM32\profapi.dll
0x00007ffe1d950000 - 0x00007ffe1d969000 	C:\Program Files\Java\jdk-15.0.2\bin\net.dll
0x00007ffe54310000 - 0x00007ffe54410000 	C:\Windows\SYSTEM32\WINHTTP.dll
0x00007ffe58f60000 - 0x00007ffe58fca000 	C:\Windows\system32\mswsock.dll
0x00007ffe1ceb0000 - 0x00007ffe1cec2000 	C:\Program Files\Java\jdk-15.0.2\bin\nio.dll
0x00007ffe1ce90000 - 0x00007ffe1cea8000 	C:\Program Files\Java\jdk-15.0.2\bin\zip.dll
0x00007ffe3bbf0000 - 0x00007ffe3bd70000 	C:\Program Files\Java\jdk-15.0.2\bin\awt.dll
0x00007ffe5b070000 - 0x00007ffe5b13d000 	C:\Windows\System32\OLEAUT32.dll
0x00007ffe57250000 - 0x00007ffe572e0000 	C:\Windows\SYSTEM32\apphelp.dll
0x00007ffe576d0000 - 0x00007ffe576ff000 	C:\Windows\system32\DWMAPI.DLL
0x00007ffe573f0000 - 0x00007ffe5748e000 	C:\Windows\system32\uxtheme.dll
0x00007ffe3afc0000 - 0x00007ffe3b0e5000 	C:\Windows\system32\opengl32.dll
0x00007ffe4a440000 - 0x00007ffe4a46c000 	C:\Windows\SYSTEM32\GLU32.dll
0x00007ffe5b6c0000 - 0x00007ffe5b7d5000 	C:\Windows\System32\MSCTF.dll
0x00007ffe5a240000 - 0x00007ffe5a36a000 	C:\Windows\System32\ole32.dll
0x00007ffe59360000 - 0x00007ffe59372000 	C:\Windows\SYSTEM32\msasn1.dll
0x00007ffe542c0000 - 0x00007ffe542f1000 	C:\Windows\SYSTEM32\cryptnet.dll
0x00007ffe59dd0000 - 0x00007ffe59f26000 	C:\Windows\System32\CRYPT32.dll
0x00007ffe59150000 - 0x00007ffe5915c000 	C:\Windows\SYSTEM32\cryptbase.dll
0x00007ffe598a0000 - 0x00007ffe59900000 	C:\Windows\System32\WINTRUST.DLL
0x00007ffe5b400000 - 0x00007ffe5b41d000 	C:\Windows\System32\imagehlp.dll
0x00007ffe59130000 - 0x00007ffe59148000 	C:\Windows\SYSTEM32\CRYPTSP.dll
0x00007ffe58900000 - 0x00007ffe58934000 	C:\Windows\system32\rsaenh.dll
0x00007ffe59da0000 - 0x00007ffe59dc7000 	C:\Windows\System32\bcrypt.dll
0x00007ffe58160000 - 0x00007ffe58183000 	C:\Windows\SYSTEM32\gpapi.dll
0x00007ffe47bc0000 - 0x00007ffe47bfb000 	C:\Windows\SYSTEM32\dxcore.dll
0x00007ffe59850000 - 0x00007ffe5989e000 	C:\Windows\System32\cfgmgr32.dll
0x00007ffe4a330000 - 0x00007ffe4a35d000 	C:\Program Files\Java\jdk-15.0.2\bin\javajpeg.dll
0x00007ffe3ba70000 - 0x00007ffe3baaf000 	C:\Program Files\Java\jdk-15.0.2\bin\lcms.dll
0x00007ffe59740000 - 0x00007ffe5976e000 	C:\Windows\SYSTEM32\USERENV.dll
0x00007ffe58c50000 - 0x00007ffe58c8b000 	C:\Windows\SYSTEM32\IPHLPAPI.DLL
0x00007ffe5b050000 - 0x00007ffe5b058000 	C:\Windows\System32\NSI.dll
0x00007ffe54f90000 - 0x00007ffe54fa7000 	C:\Windows\SYSTEM32\dhcpcsvc6.DLL
0x00007ffe54f70000 - 0x00007ffe54f8d000 	C:\Windows\SYSTEM32\dhcpcsvc.DLL
0x00007ffe58c90000 - 0x00007ffe58d5b000 	C:\Windows\SYSTEM32\DNSAPI.dll
0x00007ffe3b9e0000 - 0x00007ffe3ba65000 	C:\Program Files\Java\jdk-15.0.2\bin\freetype.dll
0x00007ffe3af10000 - 0x00007ffe3afb9000 	C:\Program Files\Java\jdk-15.0.2\bin\fontmanager.dll
0x00007ffe3b5d0000 - 0x00007ffe3b60d000 	C:\Users\amaur\AppData\Local\Temp\JOCL_2_0_2-windows-x86_64.dll
0x00007ffe3ae90000 - 0x00007ffe3af01000 	C:\Windows\SYSTEM32\OpenCL.dll
0x00007ffdf8cf0000 - 0x00007ffdfb2d4000 	C:\Windows\System32\DriverStore\FileRepository\nvmd.inf_amd64_1408eaf9a25ed64f\nvopencl64.dll
0x00007ffe4d6b0000 - 0x00007ffe4dd86000 	C:\Windows\SYSTEM32\nvapi64.dll
0x00007ffe5a730000 - 0x00007ffe5ab97000 	C:\Windows\System32\SETUPAPI.DLL
0x00007ffe49a20000 - 0x00007ffe49b1b000 	C:\Windows\SYSTEM32\textinputframework.dll
0x00007ffe57120000 - 0x00007ffe57212000 	C:\Windows\System32\CoreMessaging.dll
0x00007ffe56cc0000 - 0x00007ffe5701e000 	C:\Windows\System32\CoreUIComponents.dll
0x00007ffe58590000 - 0x00007ffe585c3000 	C:\Windows\SYSTEM32\ntmarta.dll
0x00007ffe56b60000 - 0x00007ffe56cb4000 	C:\Windows\SYSTEM32\wintypes.dll

dbghelp: loaded successfully - version: 4.0.5 - missing functions: none
symbol engine: initialized successfully - sym options: 0x614 - pdb path: .;C:\Program Files\Java\jdk-15.0.2\bin;C:\Windows\SYSTEM32;C:\Windows\WinSxS\amd64_microsoft.windows.common-controls_6595b64144ccf1df_6.0.19041.746_none_ca02b4b61b8320a4;C:\Program Files\Java\jdk-15.0.2\bin\server;C:\Windows\System32\DriverStore\FileRepository\nvmd.inf_amd64_1408eaf9a25ed64f;C:\Users\amaur\AppData\Local\Temp

VM Arguments:
java_command: Launcher
java_class_path (initial): C:\Users\amaur\Desktop\roguelike-proto\lib\runtime\scala-compiler-2.12.2.jar;C:\Users\amaur\Desktop\roguelike-proto\lib\runtime\scala-library-2.12.2.jar;C:\Users\amaur\Desktop\roguelike-proto\lib\runtime\scala-reflect-2.12.2.jar;C:\Users\amaur\Desktop\roguelike-proto\bin;C:\Users\amaur\Desktop\roguelike-proto\lib\third-party\aspose\aspose-psd-20.9-jdk16.jar;C:\Users\amaur\Desktop\roguelike-proto\lib\third-party\jocl\jocl-2.0.2.jar;C:\Users\amaur\Desktop\roguelike-proto\lib\third-party\jxinput\jxinput-0.3.4.jar
Launcher Type: SUN_STANDARD

[Global flags]
     intx CICompilerCount                          = 4                                         {product} {ergonomic}
     uint ConcGCThreads                            = 3                                         {product} {ergonomic}
     uint G1ConcRefinementThreads                  = 10                                        {product} {ergonomic}
   size_t G1HeapRegionSize                         = 2097152                                   {product} {ergonomic}
    uintx GCDrainStackTargetSize                   = 64                                        {product} {ergonomic}
   size_t InitialHeapSize                          = 268435456                                 {product} {ergonomic}
   size_t MarkStackSize                            = 4194304                                   {product} {ergonomic}
   size_t MaxHeapSize                              = 4276092928                                {product} {ergonomic}
   size_t MaxNewSize                               = 2564816896                                {product} {ergonomic}
   size_t MinHeapDeltaBytes                        = 2097152                                   {product} {ergonomic}
   size_t MinHeapSize                              = 8388608                                   {product} {ergonomic}
    uintx NonNMethodCodeHeapSize                   = 5839372                                {pd product} {ergonomic}
    uintx NonProfiledCodeHeapSize                  = 122909434                              {pd product} {ergonomic}
    uintx ProfiledCodeHeapSize                     = 122909434                              {pd product} {ergonomic}
    uintx ReservedCodeCacheSize                    = 251658240                              {pd product} {ergonomic}
     bool SegmentedCodeCache                       = true                                      {product} {ergonomic}
   size_t SoftMaxHeapSize                          = 4276092928                             {manageable} {ergonomic}
     bool UseCompressedClassPointers               = true                                 {lp64_product} {ergonomic}
     bool UseCompressedOops                        = true                                 {lp64_product} {ergonomic}
     bool UseG1GC                                  = true                                      {product} {ergonomic}
     bool UseLargePagesIndividualAllocation        = false                                  {pd product} {ergonomic}

Logging:
Log output configuration:
 #0: stdout all=warning uptime,level,tags
 #1: stderr all=off uptime,level,tags

Environment Variables:
JAVA_HOME=C:/Program Files/Java/jdk-15.0.2
PATH=C:\Program Files\Git\mingw64\bin;C:\Program Files\Git\usr\bin;C:\Users\amaur\bin;C:\Python39\Scripts;C:\Python39;C:\Program Files\Common Files\Oracle\Java\javapath;C:\Program Files (x86)\Common Files\Oracle\Java\javapath;C:\Windows\system32;C:\Windows;C:\Windows\System32\Wbem;C:\Windows\System32\WindowsPowerShell\v1.0;C:\Windows\System32\OpenSSH;C:\Program Files\nodejs;C:\ProgramData\chocolatey\bin;C:\Program Files\Java\jdk-15.0.2\bin;C:\Program Files\Ant\apache-ant-1.10.9\bin;C:\Users\amaur\AppData\Local\Microsoft\WindowsApps;C:\Users\amaur\AppData\Local\Programs\Microsoft VS Code\bin;C:\Users\amaur\AppData\Roaming\npm
USERNAME=amaur
LANG=en_GB.UTF-8
OS=Windows_NT
PROCESSOR_IDENTIFIER=AMD64 Family 23 Model 113 Stepping 0, AuthenticAMD



---------------  S Y S T E M  ---------------

OS:
 Windows 10 , 64 bit Build 19041 (10.0.19041.804)
OS uptime: 1 days 2:38 hours

CPU: total 12 (initial active 12) (12 cores per cpu, 2 threads per core) family 23 model 113 stepping 0 microcode 0x0, cmov, cx8, fxsr, mmx, sse, sse2, sse3, ssse3, sse4.1, sse4.2, popcnt, vzeroupper, avx, avx2, aes, clmul, 3dnowpref, lzcnt, sse4a, ht, tsc, tscinvbit, tscinv, bmi1, bmi2, adx, sha, fma, clflush, clflushopt

Memory: 4k page, system-wide physical 16311M (8334M free)
TotalPageFile size 19329M (AvailPageFile size 7341M)
current process WorkingSet (physical memory assigned to process): 357M, peak: 444M
current process commit charge ("private bytes"): 699M, peak: 805M

vm_info: Java HotSpot(TM) 64-Bit Server VM (15.0.2+7-27) for windows-amd64 JRE (15.0.2+7-27), built on Dec  7 2020 20:07:01 by "mach5one" with unknown MS VC++:1925

END.
