#
# A fatal error has been detected by the Java Runtime Environment:
#
#  EXCEPTION_ACCESS_VIOLATION (0xc0000005) at pc=0x00007ffc14011f8c, pid=4224, tid=12472
#
# JRE version: Java(TM) SE Runtime Environment (15.0.2+7) (build 15.0.2+7-27)
# Java VM: Java HotSpot(TM) 64-Bit Server VM (15.0.2+7-27, mixed mode, sharing, tiered, compressed oops, g1 gc, windows-amd64)
# Problematic frame:
# C  [OpenCL.dll+0x1f8c]
#
# No core dump will be written. Minidumps are not enabled by default on client versions of Windows
#
# If you would like to submit a bug report, please visit:
#   https://bugreport.java.com/bugreport/crash.jsp
# The crash happened outside the Java Virtual Machine in native code.
# See problematic frame for where to report the bug.
#

---------------  S U M M A R Y ------------

Command Line: Launcher

Host: AMD Ryzen 5 3600 6-Core Processor              , 12 cores, 15G,  Windows 10 , 64 bit Build 19041 (10.0.19041.804)
Time: Tue Feb 16 14:50:37 2021 Romance Standard Time elapsed time: 4.347086 seconds (0d 0h 0m 4s)

---------------  T H R E A D  ---------------

Current thread (0x000002796485a5e0):  JavaThread "game_loop_thread" daemon [_thread_in_native, id=12472, stack(0x0000009ae6b00000,0x0000009ae6c00000)]

Stack: [0x0000009ae6b00000,0x0000009ae6c00000],  sp=0x0000009ae6bfe958,  free space=1018k
Native frames: (J=compiled Java code, j=interpreted, Vv=VM code, C=native code)
C  [OpenCL.dll+0x1f8c]

Java frames: (J=compiled Java code, j=interpreted, Vv=VM code)
J 2603  org.jocl.CL.clEnqueueReadImageNative(Lorg/jocl/cl_command_queue;Lorg/jocl/cl_mem;Z[J[JJJLorg/jocl/Pointer;I[Lorg/jocl/cl_event;Lorg/jocl/cl_event;)I (0 bytes) @ 0x0000027945e436c1 [0x0000027945e435a0+0x0000000000000121]
J 2622 c1 org.jocl.CL.clEnqueueReadImage(Lorg/jocl/cl_command_queue;Lorg/jocl/cl_mem;Z[J[JJJLorg/jocl/Pointer;I[Lorg/jocl/cl_event;Lorg/jocl/cl_event;)I (118 bytes) @ 0x000002793ec96ebc [0x000002793ec96de0+0x00000000000000dc]
J 2596 c1 engine.render2d.OpenCL.XXX(Ljava/awt/image/BufferedImage;Ljava/awt/image/BufferedImage;FF)V (451 bytes) @ 0x000002793ec8a91c [0x000002793ec883a0+0x000000000000257c]
j  engine.scene.Scene.CL_render()V+89
j  engine.stage.Stage.run()V+134
j  java.lang.Thread.run()V+11 java.base@15.0.2
v  ~StubRoutines::call_stub

siginfo: EXCEPTION_ACCESS_VIOLATION (0xc0000005), reading address 0x0000000000000198


Register to memory mapping:

RIP=0x00007ffc14011f8c OpenCL.dll
RAX=0x0000000000001e00 is an unknown value
RBX=0x000002796485a908 points into unknown readable memory: 0x00007ffbead5de40 | 40 de d5 ea fb 7f 00 00
RCX=0x0000027964394420 points into unknown readable memory: 0x0000000000000000 | 00 00 00 00 00 00 00 00
RDX=0x00000279642fcbe0 points into unknown readable memory: 0x000002796312ff10 | 10 ff 12 63 79 02 00 00
RSP=0x0000009ae6bfe958 is pointing into the stack for thread: 0x000002796485a5e0
RBP=0x0 is NULL
RSI=0x0 is NULL
RDI=0x0000027964394420 points into unknown readable memory: 0x0000000000000000 | 00 00 00 00 00 00 00 00
R8 =0x0000000000000001 is an unknown value
R9 =0x0000027962e94540 points into unknown readable memory: 0x0000000000000000 | 00 00 00 00 00 00 00 00
R10=0x0 is NULL
R11=0x0000009ae6bfe890 is pointing into the stack for thread: 0x000002796485a5e0
R12=0x0000027962e94560 points into unknown readable memory: 0x0000000000000780 | 80 07 00 00 00 00 00 00
R13=0x00000279642fcbe0 points into unknown readable memory: 0x000002796312ff10 | 10 ff 12 63 79 02 00 00
R14=0x0 is NULL
R15=0x0000027962e94540 points into unknown readable memory: 0x0000000000000000 | 00 00 00 00 00 00 00 00


Registers:
RAX=0x0000000000001e00, RBX=0x000002796485a908, RCX=0x0000027964394420, RDX=0x00000279642fcbe0
RSP=0x0000009ae6bfe958, RBP=0x0000000000000000, RSI=0x0000000000000000, RDI=0x0000027964394420
R8 =0x0000000000000001, R9 =0x0000027962e94540, R10=0x0000000000000000, R11=0x0000009ae6bfe890
R12=0x0000027962e94560, R13=0x00000279642fcbe0, R14=0x0000000000000000, R15=0x0000027962e94540
RIP=0x00007ffc14011f8c, EFLAGS=0x0000000000010202

Top of Stack: (sp=0x0000009ae6bfe958)
0x0000009ae6bfe958:   00007ffc142c90aa 0000009ae6bfea78
0x0000009ae6bfe968:   0000009ae6bfea78 0000000000000000
0x0000009ae6bfe978:   0000000000000000 0000027962e94560
0x0000009ae6bfe988:   0000000000001e00 0000000000000000
0x0000009ae6bfe998:   0000000704800010 0000000700000000
0x0000009ae6bfe9a8:   0000000000000000 0000000000000000
0x0000009ae6bfe9b8:   0000027945e4324e 0000000000000000
0x0000009ae6bfe9c8:   0000000000000000 0000000704800010
0x0000009ae6bfe9d8:   0000027964e08400 000002796485a5e0
0x0000009ae6bfe9e8:   0000000000000000 0000009ae6bfeaa8
0x0000009ae6bfe9f8:   0000009ae6bfeac0 0000000000000000
0x0000009ae6bfea08:   0000027945e43761 0000000713f4b300
0x0000009ae6bfea18:   0000000713f4b2d8 0000000000000000
0x0000009ae6bfea28:   000002793ec85550 0000000000000001
0x0000009ae6bfea38:   0000009ae6bfea90 0000009ae6bfea98
0x0000009ae6bfea48:   0000000000001e00 0000000000000000 

Instructions: (pc=0x00007ffc14011f8c)
0x00007ffc14011e8c:   48 ff a0 78 01 00 00 cc cc cc cc cc cc cc cc cc
0x00007ffc14011e9c:   cc cc cc cc 48 85 c9 75 04 8d 41 dc c3 4c 8b 11
0x00007ffc14011eac:   49 ff a2 80 01 00 00 cc cc cc cc cc cc cc cc cc
0x00007ffc14011ebc:   cc cc cc cc 48 85 c9 75 04 8d 41 dc c3 4c 8b 11
0x00007ffc14011ecc:   49 ff a2 b0 02 00 00 cc cc cc cc cc cc cc cc cc
0x00007ffc14011edc:   cc cc cc cc 48 85 c9 75 04 8d 41 dc c3 4c 8b 11
0x00007ffc14011eec:   49 ff a2 88 01 00 00 cc cc cc cc cc cc cc cc cc
0x00007ffc14011efc:   cc cc cc cc 48 85 c9 75 04 8d 41 dc c3 4c 8b 11
0x00007ffc14011f0c:   49 ff a2 b8 02 00 00 cc cc cc cc cc cc cc cc cc
0x00007ffc14011f1c:   cc cc cc cc 48 85 c9 75 04 8d 41 dc c3 4c 8b 11
0x00007ffc14011f2c:   49 ff a2 30 03 00 00 cc cc cc cc cc cc cc cc cc
0x00007ffc14011f3c:   cc cc cc cc 48 85 c9 75 04 8d 41 dc c3 4c 8b 11
0x00007ffc14011f4c:   49 ff a2 90 01 00 00 cc cc cc cc cc cc cc cc cc
0x00007ffc14011f5c:   cc cc cc cc 48 85 c9 75 04 8d 41 dc c3 4c 8b 11
0x00007ffc14011f6c:   49 ff a2 c0 02 00 00 cc cc cc cc cc cc cc cc cc
0x00007ffc14011f7c:   cc cc cc cc 48 85 c9 75 04 8d 41 dc c3 4c 8b 11
0x00007ffc14011f8c:   49 ff a2 98 01 00 00 cc cc cc cc cc cc cc cc cc
0x00007ffc14011f9c:   cc cc cc cc 48 85 c9 75 04 8d 41 dc c3 4c 8b 11
0x00007ffc14011fac:   49 ff a2 a0 01 00 00 cc cc cc cc cc cc cc cc cc
0x00007ffc14011fbc:   cc cc cc cc 48 85 c9 75 04 8d 41 dc c3 4c 8b 11
0x00007ffc14011fcc:   49 ff a2 38 03 00 00 cc cc cc cc cc cc cc cc cc
0x00007ffc14011fdc:   cc cc cc cc 48 85 c9 75 04 8d 41 dc c3 4c 8b 11
0x00007ffc14011fec:   49 ff a2 a8 01 00 00 cc cc cc cc cc cc cc cc cc
0x00007ffc14011ffc:   cc cc cc cc 48 85 c9 75 04 8d 41 dc c3 4c 8b 11
0x00007ffc1401200c:   49 ff a2 b0 01 00 00 cc cc cc cc cc cc cc cc cc
0x00007ffc1401201c:   cc cc cc cc 48 85 c9 75 04 8d 41 dc c3 4c 8b 11
0x00007ffc1401202c:   49 ff a2 b8 01 00 00 cc cc cc cc cc cc cc cc cc
0x00007ffc1401203c:   cc cc cc cc 48 8b 44 24 50 48 85 c9 75 0e 48 85
0x00007ffc1401204c:   c0 74 06 c7 00 dc ff ff ff 33 c0 c3 4c 8b 11 48
0x00007ffc1401205c:   89 44 24 50 49 ff a2 c0 01 00 00 cc cc cc cc cc
0x00007ffc1401206c:   cc cc cc cc 48 8b 44 24 60 48 85 c9 75 0e 48 85
0x00007ffc1401207c:   c0 74 06 c7 00 dc ff ff ff 33 c0 c3 4c 8b 11 48 


Stack slot to memory mapping:
stack at sp + 0 slots: 0x00007ffc142c90aa JOCL_2_0_2-windows-x86_64.dll
stack at sp + 1 slots: 0x0000009ae6bfea78 is pointing into the stack for thread: 0x000002796485a5e0
stack at sp + 2 slots: 0x0000009ae6bfea78 is pointing into the stack for thread: 0x000002796485a5e0
stack at sp + 3 slots: 0x0 is NULL
stack at sp + 4 slots: 0x0 is NULL
stack at sp + 5 slots: 0x0000027962e94560 points into unknown readable memory: 0x0000000000000780 | 80 07 00 00 00 00 00 00
stack at sp + 6 slots: 0x0000000000001e00 is an unknown value
stack at sp + 7 slots: 0x0 is NULL


---------------  P R O C E S S  ---------------

Threads class SMR info:
_java_thread_list=0x0000027964579820, length=16, elements={
0x0000027959ba8c10, 0x0000027959ba9e80, 0x000002795a3c4c20, 0x000002795a3c75e0,
0x000002795a3c9b40, 0x000002795a3cd080, 0x000002795a3d3800, 0x000002795a3fc5e0,
0x000002795a510170, 0x000002795a528960, 0x000002795a795ae0, 0x000002796485a5e0,
0x0000027964ce3020, 0x0000027964d71440, 0x00000279644795d0, 0x0000027964479f70
}

Java Threads: ( => current thread )
  0x0000027959ba8c10 JavaThread "Reference Handler" daemon [_thread_blocked, id=9304, stack(0x0000009ae5900000,0x0000009ae5a00000)]
  0x0000027959ba9e80 JavaThread "Finalizer" daemon [_thread_blocked, id=13248, stack(0x0000009ae5a00000,0x0000009ae5b00000)]
  0x000002795a3c4c20 JavaThread "Signal Dispatcher" daemon [_thread_blocked, id=4780, stack(0x0000009ae5b00000,0x0000009ae5c00000)]
  0x000002795a3c75e0 JavaThread "Attach Listener" daemon [_thread_blocked, id=11036, stack(0x0000009ae5c00000,0x0000009ae5d00000)]
  0x000002795a3c9b40 JavaThread "Service Thread" daemon [_thread_blocked, id=11380, stack(0x0000009ae5d00000,0x0000009ae5e00000)]
  0x000002795a3cd080 JavaThread "C2 CompilerThread0" daemon [_thread_blocked, id=13080, stack(0x0000009ae5e00000,0x0000009ae5f00000)]
  0x000002795a3d3800 JavaThread "C1 CompilerThread0" daemon [_thread_blocked, id=11500, stack(0x0000009ae5f00000,0x0000009ae6000000)]
  0x000002795a3fc5e0 JavaThread "Sweeper thread" daemon [_thread_blocked, id=7800, stack(0x0000009ae6000000,0x0000009ae6100000)]
  0x000002795a510170 JavaThread "Notification Thread" daemon [_thread_blocked, id=11272, stack(0x0000009ae6100000,0x0000009ae6200000)]
  0x000002795a528960 JavaThread "Common-Cleaner" daemon [_thread_blocked, id=4144, stack(0x0000009ae6300000,0x0000009ae6400000)]
  0x000002795a795ae0 JavaThread "Java2D Disposer" daemon [_thread_blocked, id=12584, stack(0x0000009ae6400000,0x0000009ae6500000)]
=>0x000002796485a5e0 JavaThread "game_loop_thread" daemon [_thread_in_native, id=12472, stack(0x0000009ae6b00000,0x0000009ae6c00000)]
  0x0000027964ce3020 JavaThread "AWT-Shutdown" [_thread_blocked, id=2692, stack(0x0000009ae6c00000,0x0000009ae6d00000)]
  0x0000027964d71440 JavaThread "AWT-EventQueue-0" [_thread_blocked, id=8088, stack(0x0000009ae7f00000,0x0000009ae8000000)]
  0x00000279644795d0 JavaThread "DestroyJavaVM" [_thread_blocked, id=12560, stack(0x0000009ae5200000,0x0000009ae5300000)]
  0x0000027964479f70 JavaThread "ToolkitShutdown" daemon [_thread_in_native, id=12688, stack(0x0000009ae8150000,0x0000009ae8250000)]

Other Threads:
  0x0000027959ba6cf0 VMThread "VM Thread" [stack: 0x0000009ae5800000,0x0000009ae5900000] [id=6240]
  0x000002795a526640 WatcherThread [stack: 0x0000009ae6200000,0x0000009ae6300000] [id=6136]
  0x0000027936058000 GCTaskThread "GC Thread#0" [stack: 0x0000009ae5300000,0x0000009ae5400000] [id=13112]
  0x000002795ac36cd0 GCTaskThread "GC Thread#1" [stack: 0x0000009ae6d00000,0x0000009ae6e00000] [id=11072]
  0x000002795ac37cc0 GCTaskThread "GC Thread#2" [stack: 0x0000009ae6e00000,0x0000009ae6f00000] [id=11112]
  0x000002795ac37330 GCTaskThread "GC Thread#3" [stack: 0x0000009ae6f00000,0x0000009ae7000000] [id=2356]
  0x000002795ac37660 GCTaskThread "GC Thread#4" [stack: 0x0000009ae7000000,0x0000009ae7100000] [id=7436]
  0x000002795ac37ff0 GCTaskThread "GC Thread#5" [stack: 0x0000009ae7100000,0x0000009ae7200000] [id=12096]
  0x000002795ac38320 GCTaskThread "GC Thread#6" [stack: 0x0000009ae7200000,0x0000009ae7300000] [id=7752]
  0x000002795ac39640 GCTaskThread "GC Thread#7" [stack: 0x0000009ae7300000,0x0000009ae7400000] [id=11292]
  0x0000027936068f20 ConcurrentGCThread "G1 Main Marker" [stack: 0x0000009ae5400000,0x0000009ae5500000] [id=6368]
  0x000002793606a1b0 ConcurrentGCThread "G1 Conc#0" [stack: 0x0000009ae5500000,0x0000009ae5600000] [id=3572]
  0x000002795ac38fe0 ConcurrentGCThread "G1 Conc#1" [stack: 0x0000009ae6900000,0x0000009ae6a00000] [id=8296]
  0x0000027962d21d20 ConcurrentGCThread "G1 Conc#2" [stack: 0x0000009ae7800000,0x0000009ae7900000] [id=10492]
  0x0000027959a1c110 ConcurrentGCThread "G1 Refine#0" [stack: 0x0000009ae5600000,0x0000009ae5700000] [id=11612]
  0x00000279628eff40 ConcurrentGCThread "G1 Refine#1" [stack: 0x0000009ae7400000,0x0000009ae7500000] [id=6404]
  0x00000279629590b0 ConcurrentGCThread "G1 Refine#2" [stack: 0x0000009ae7500000,0x0000009ae7600000] [id=13116]
  0x0000027962e27880 ConcurrentGCThread "G1 Refine#3" [stack: 0x0000009ae7600000,0x0000009ae7700000] [id=12904]
  0x000002795b34f960 ConcurrentGCThread "G1 Refine#4" [stack: 0x0000009ae7700000,0x0000009ae7800000] [id=10680]
  0x0000027959a1cc10 ConcurrentGCThread "G1 Young RemSet Sampling" [stack: 0x0000009ae5700000,0x0000009ae5800000] [id=488]

Threads with active compile tasks:

VM state: not at safepoint (normal execution)

VM Mutex/Monitor currently owned by a thread: None

Heap address: 0x0000000701200000, size: 4078 MB, Compressed Oops mode: Zero based, Oop shift amount: 3
CDS archive(s) mapped at: [0x0000000800000000-0x0000000800b50000-0x0000000800b50000), size 11862016, SharedBaseAddress: 0x0000000800000000, ArchiveRelocationMode: 0.
Compressed class space mapped at: 0x0000000800b50000-0x0000000840b50000, size: 1073741824
Narrow klass base: 0x0000000800000000, Narrow klass shift: 3, Narrow klass range: 0x100000000

GC Precious Log:
 CPUs: 12 total, 12 available
 Memory: 16311M
 Large Page Support: Disabled
 NUMA Support: Disabled
 Compressed Oops: Enabled (Zero based)
 Heap Region Size: 2M
 Heap Min Capacity: 8M
 Heap Initial Capacity: 256M
 Heap Max Capacity: 4078M
 Pre-touch: Disabled
 Parallel Workers: 10
 Concurrent Workers: 3
 Concurrent Refinement Workers: 10
 Periodic GC: Disabled

Heap:
 garbage-first heap   total 315392K, used 97325K [0x0000000701200000, 0x0000000800000000)
  region size 2048K, 6 young (12288K), 1 survivors (2048K)
 Metaspace       used 21334K, capacity 21530K, committed 21888K, reserved 1069056K
  class space    used 2278K, capacity 2323K, committed 2432K, reserved 1048576K

Heap Regions: E=young(eden), S=young(survivor), O=old, HS=humongous(starts), HC=humongous(continues), CS=collection set, F=free, OA=open archive, CA=closed archive, TAMS=top-at-mark-start (previous, next)
|   0|0x0000000701200000, 0x0000000701400000, 0x0000000701400000|100%|HS|  |TAMS 0x0000000701400000, 0x0000000701200000| Complete 
|   1|0x0000000701400000, 0x0000000701600000, 0x0000000701600000|100%| O|  |TAMS 0x0000000701400000, 0x0000000701400000| Untracked 
|   2|0x0000000701600000, 0x0000000701800000, 0x0000000701800000|100%|HS|  |TAMS 0x0000000701800000, 0x0000000701600000| Complete 
|   3|0x0000000701800000, 0x0000000701a00000, 0x0000000701a00000|100%| O|  |TAMS 0x000000070184ba00, 0x0000000701800000| Untracked 
|   4|0x0000000701a00000, 0x0000000701c00000, 0x0000000701c00000|100%| O|  |TAMS 0x0000000701c00000, 0x0000000701a00000| Untracked 
|   5|0x0000000701c00000, 0x0000000701e00000, 0x0000000701e00000|100%| O|  |TAMS 0x0000000701e00000, 0x0000000701c00000| Untracked 
|   6|0x0000000701e00000, 0x0000000702000000, 0x0000000702000000|100%| O|  |TAMS 0x0000000701e00000, 0x0000000701e00000| Untracked 
|   7|0x0000000702000000, 0x0000000702200000, 0x0000000702200000|100%| O|  |TAMS 0x0000000702200000, 0x0000000702000000| Untracked 
|   8|0x0000000702200000, 0x0000000702400000, 0x0000000702400000|100%| O|  |TAMS 0x0000000702400000, 0x0000000702200000| Untracked 
|   9|0x0000000702400000, 0x0000000702600000, 0x0000000702600000|100%|HS|  |TAMS 0x0000000702400000, 0x0000000702400000| Complete 
|  10|0x0000000702600000, 0x0000000702800000, 0x0000000702800000|100%|HC|  |TAMS 0x0000000702600000, 0x0000000702600000| Complete 
|  11|0x0000000702800000, 0x0000000702a00000, 0x0000000702a00000|100%|HC|  |TAMS 0x0000000702800000, 0x0000000702800000| Complete 
|  12|0x0000000702a00000, 0x0000000702c00000, 0x0000000702c00000|100%|HC|  |TAMS 0x0000000702a00000, 0x0000000702a00000| Complete 
|  13|0x0000000702c00000, 0x0000000702c00000, 0x0000000702e00000|  0%| F|  |TAMS 0x0000000702c00000, 0x0000000702c00000| Untracked 
|  14|0x0000000702e00000, 0x0000000702e00000, 0x0000000703000000|  0%| F|  |TAMS 0x0000000702e00000, 0x0000000702e00000| Untracked 
|  15|0x0000000703000000, 0x0000000703000000, 0x0000000703200000|  0%| F|  |TAMS 0x0000000703000000, 0x0000000703000000| Untracked 
|  16|0x0000000703200000, 0x0000000703400000, 0x0000000703400000|100%|HS|  |TAMS 0x0000000703400000, 0x0000000703200000| Complete 
|  17|0x0000000703400000, 0x0000000703600000, 0x0000000703600000|100%|HC|  |TAMS 0x0000000703600000, 0x0000000703400000| Complete 
|  18|0x0000000703600000, 0x0000000703800000, 0x0000000703800000|100%|HC|  |TAMS 0x0000000703800000, 0x0000000703600000| Complete 
|  19|0x0000000703800000, 0x0000000703800000, 0x0000000703a00000|  0%| F|  |TAMS 0x0000000703800000, 0x0000000703800000| Untracked 
|  20|0x0000000703a00000, 0x0000000703c00000, 0x0000000703c00000|100%|HS|  |TAMS 0x0000000703c00000, 0x0000000703a00000| Complete 
|  21|0x0000000703c00000, 0x0000000703c00000, 0x0000000703e00000|  0%| F|  |TAMS 0x0000000703c00000, 0x0000000703c00000| Untracked 
|  22|0x0000000703e00000, 0x0000000704000000, 0x0000000704000000|100%| O|  |TAMS 0x0000000703e00000, 0x0000000703e00000| Untracked 
|  23|0x0000000704000000, 0x0000000704200000, 0x0000000704200000|100%| O|  |TAMS 0x0000000704000000, 0x0000000704000000| Untracked 
|  24|0x0000000704200000, 0x0000000704400000, 0x0000000704400000|100%| O|  |TAMS 0x0000000704200000, 0x0000000704200000| Untracked 
|  25|0x0000000704400000, 0x0000000704600000, 0x0000000704600000|100%| O|  |TAMS 0x0000000704400000, 0x0000000704400000| Untracked 
|  26|0x0000000704600000, 0x0000000704781200, 0x0000000704800000| 75%| O|  |TAMS 0x0000000704600000, 0x0000000704600000| Untracked 
|  27|0x0000000704800000, 0x0000000704a00000, 0x0000000704a00000|100%|HS|  |TAMS 0x0000000704800000, 0x0000000704800000| Complete 
|  28|0x0000000704a00000, 0x0000000704c00000, 0x0000000704c00000|100%|HC|  |TAMS 0x0000000704a00000, 0x0000000704a00000| Complete 
|  29|0x0000000704c00000, 0x0000000704e00000, 0x0000000704e00000|100%|HC|  |TAMS 0x0000000704c00000, 0x0000000704c00000| Complete 
|  30|0x0000000704e00000, 0x0000000705000000, 0x0000000705000000|100%|HC|  |TAMS 0x0000000704e00000, 0x0000000704e00000| Complete 
|  31|0x0000000705000000, 0x0000000705000000, 0x0000000705200000|  0%| F|  |TAMS 0x0000000705000000, 0x0000000705000000| Untracked 
|  32|0x0000000705200000, 0x0000000705200000, 0x0000000705400000|  0%| F|  |TAMS 0x0000000705200000, 0x0000000705200000| Untracked 
|  33|0x0000000705400000, 0x0000000705400000, 0x0000000705600000|  0%| F|  |TAMS 0x0000000705400000, 0x0000000705400000| Untracked 
|  34|0x0000000705600000, 0x0000000705600000, 0x0000000705800000|  0%| F|  |TAMS 0x0000000705600000, 0x0000000705600000| Untracked 
|  35|0x0000000705800000, 0x0000000705800000, 0x0000000705a00000|  0%| F|  |TAMS 0x0000000705800000, 0x0000000705800000| Untracked 
|  36|0x0000000705a00000, 0x0000000705a00000, 0x0000000705c00000|  0%| F|  |TAMS 0x0000000705a00000, 0x0000000705a00000| Untracked 
|  37|0x0000000705c00000, 0x0000000705c00000, 0x0000000705e00000|  0%| F|  |TAMS 0x0000000705c00000, 0x0000000705c00000| Untracked 
|  38|0x0000000705e00000, 0x0000000705e00000, 0x0000000706000000|  0%| F|  |TAMS 0x0000000705e00000, 0x0000000705e00000| Untracked 
|  39|0x0000000706000000, 0x0000000706000000, 0x0000000706200000|  0%| F|  |TAMS 0x0000000706000000, 0x0000000706000000| Untracked 
|  40|0x0000000706200000, 0x0000000706200000, 0x0000000706400000|  0%| F|  |TAMS 0x0000000706200000, 0x0000000706200000| Untracked 
|  41|0x0000000706400000, 0x0000000706400000, 0x0000000706600000|  0%| F|  |TAMS 0x0000000706400000, 0x0000000706400000| Untracked 
|  42|0x0000000706600000, 0x0000000706600000, 0x0000000706800000|  0%| F|  |TAMS 0x0000000706600000, 0x0000000706600000| Untracked 
|  43|0x0000000706800000, 0x0000000706800000, 0x0000000706a00000|  0%| F|  |TAMS 0x0000000706800000, 0x0000000706800000| Untracked 
|  44|0x0000000706a00000, 0x0000000706a00000, 0x0000000706c00000|  0%| F|  |TAMS 0x0000000706a00000, 0x0000000706a00000| Untracked 
|  45|0x0000000706c00000, 0x0000000706c00000, 0x0000000706e00000|  0%| F|  |TAMS 0x0000000706c00000, 0x0000000706c00000| Untracked 
|  46|0x0000000706e00000, 0x0000000706e00000, 0x0000000707000000|  0%| F|  |TAMS 0x0000000706e00000, 0x0000000706e00000| Untracked 
|  47|0x0000000707000000, 0x0000000707000000, 0x0000000707200000|  0%| F|  |TAMS 0x0000000707000000, 0x0000000707000000| Untracked 
|  48|0x0000000707200000, 0x0000000707200000, 0x0000000707400000|  0%| F|  |TAMS 0x0000000707200000, 0x0000000707200000| Untracked 
|  49|0x0000000707400000, 0x0000000707400000, 0x0000000707600000|  0%| F|  |TAMS 0x0000000707400000, 0x0000000707400000| Untracked 
|  50|0x0000000707600000, 0x0000000707600000, 0x0000000707800000|  0%| F|  |TAMS 0x0000000707600000, 0x0000000707600000| Untracked 
|  51|0x0000000707800000, 0x0000000707800000, 0x0000000707a00000|  0%| F|  |TAMS 0x0000000707800000, 0x0000000707800000| Untracked 
|  52|0x0000000707a00000, 0x0000000707a00000, 0x0000000707c00000|  0%| F|  |TAMS 0x0000000707a00000, 0x0000000707a00000| Untracked 
|  53|0x0000000707c00000, 0x0000000707c00000, 0x0000000707e00000|  0%| F|  |TAMS 0x0000000707c00000, 0x0000000707c00000| Untracked 
|  54|0x0000000707e00000, 0x0000000707e00000, 0x0000000708000000|  0%| F|  |TAMS 0x0000000707e00000, 0x0000000707e00000| Untracked 
|  55|0x0000000708000000, 0x0000000708000000, 0x0000000708200000|  0%| F|  |TAMS 0x0000000708000000, 0x0000000708000000| Untracked 
|  56|0x0000000708200000, 0x0000000708200000, 0x0000000708400000|  0%| F|  |TAMS 0x0000000708200000, 0x0000000708200000| Untracked 
|  57|0x0000000708400000, 0x0000000708400000, 0x0000000708600000|  0%| F|  |TAMS 0x0000000708400000, 0x0000000708400000| Untracked 
|  58|0x0000000708600000, 0x0000000708600000, 0x0000000708800000|  0%| F|  |TAMS 0x0000000708600000, 0x0000000708600000| Untracked 
|  59|0x0000000708800000, 0x0000000708800000, 0x0000000708a00000|  0%| F|  |TAMS 0x0000000708800000, 0x0000000708800000| Untracked 
|  60|0x0000000708a00000, 0x0000000708a00000, 0x0000000708c00000|  0%| F|  |TAMS 0x0000000708a00000, 0x0000000708a00000| Untracked 
|  61|0x0000000708c00000, 0x0000000708c00000, 0x0000000708e00000|  0%| F|  |TAMS 0x0000000708c00000, 0x0000000708c00000| Untracked 
|  62|0x0000000708e00000, 0x0000000708e00000, 0x0000000709000000|  0%| F|  |TAMS 0x0000000708e00000, 0x0000000708e00000| Untracked 
|  63|0x0000000709000000, 0x0000000709000000, 0x0000000709200000|  0%| F|  |TAMS 0x0000000709000000, 0x0000000709000000| Untracked 
|  64|0x0000000709200000, 0x0000000709200000, 0x0000000709400000|  0%| F|  |TAMS 0x0000000709200000, 0x0000000709200000| Untracked 
|  65|0x0000000709400000, 0x0000000709400000, 0x0000000709600000|  0%| F|  |TAMS 0x0000000709400000, 0x0000000709400000| Untracked 
|  66|0x0000000709600000, 0x0000000709600000, 0x0000000709800000|  0%| F|  |TAMS 0x0000000709600000, 0x0000000709600000| Untracked 
|  67|0x0000000709800000, 0x0000000709800000, 0x0000000709a00000|  0%| F|  |TAMS 0x0000000709800000, 0x0000000709800000| Untracked 
|  68|0x0000000709a00000, 0x0000000709a00000, 0x0000000709c00000|  0%| F|  |TAMS 0x0000000709a00000, 0x0000000709a00000| Untracked 
|  69|0x0000000709c00000, 0x0000000709c00000, 0x0000000709e00000|  0%| F|  |TAMS 0x0000000709c00000, 0x0000000709c00000| Untracked 
|  70|0x0000000709e00000, 0x000000070a000000, 0x000000070a000000|100%|HS|  |TAMS 0x0000000709e00000, 0x0000000709e00000| Complete 
|  71|0x000000070a000000, 0x000000070a200000, 0x000000070a200000|100%|HC|  |TAMS 0x000000070a000000, 0x000000070a000000| Complete 
|  72|0x000000070a200000, 0x000000070a400000, 0x000000070a400000|100%|HC|  |TAMS 0x000000070a200000, 0x000000070a200000| Complete 
|  73|0x000000070a400000, 0x000000070a600000, 0x000000070a600000|100%|HC|  |TAMS 0x000000070a400000, 0x000000070a400000| Complete 
|  74|0x000000070a600000, 0x000000070a800000, 0x000000070a800000|100%|HC|  |TAMS 0x000000070a600000, 0x000000070a600000| Complete 
|  75|0x000000070a800000, 0x000000070aa00000, 0x000000070aa00000|100%|HC|  |TAMS 0x000000070a800000, 0x000000070a800000| Complete 
|  76|0x000000070aa00000, 0x000000070ac00000, 0x000000070ac00000|100%|HC|  |TAMS 0x000000070aa00000, 0x000000070aa00000| Complete 
|  77|0x000000070ac00000, 0x000000070ae00000, 0x000000070ae00000|100%|HC|  |TAMS 0x000000070ac00000, 0x000000070ac00000| Complete 
|  78|0x000000070ae00000, 0x000000070b000000, 0x000000070b000000|100%|HC|  |TAMS 0x000000070ae00000, 0x000000070ae00000| Complete 
|  79|0x000000070b000000, 0x000000070b200000, 0x000000070b200000|100%|HC|  |TAMS 0x000000070b000000, 0x000000070b000000| Complete 
|  80|0x000000070b200000, 0x000000070b400000, 0x000000070b400000|100%|HC|  |TAMS 0x000000070b200000, 0x000000070b200000| Complete 
|  81|0x000000070b400000, 0x000000070b600000, 0x000000070b600000|100%|HC|  |TAMS 0x000000070b400000, 0x000000070b400000| Complete 
|  82|0x000000070b600000, 0x000000070b800000, 0x000000070b800000|100%|HC|  |TAMS 0x000000070b600000, 0x000000070b600000| Complete 
|  83|0x000000070b800000, 0x000000070ba00000, 0x000000070ba00000|100%|HC|  |TAMS 0x000000070b800000, 0x000000070b800000| Complete 
|  84|0x000000070ba00000, 0x000000070bc00000, 0x000000070bc00000|100%|HC|  |TAMS 0x000000070ba00000, 0x000000070ba00000| Complete 
|  85|0x000000070bc00000, 0x000000070be00000, 0x000000070be00000|100%|HC|  |TAMS 0x000000070bc00000, 0x000000070bc00000| Complete 
|  86|0x000000070be00000, 0x000000070c000000, 0x000000070c000000|100%|HC|  |TAMS 0x000000070be00000, 0x000000070be00000| Complete 
|  87|0x000000070c000000, 0x000000070c000000, 0x000000070c200000|  0%| F|  |TAMS 0x000000070c000000, 0x000000070c000000| Untracked 
|  88|0x000000070c200000, 0x000000070c200000, 0x000000070c400000|  0%| F|  |TAMS 0x000000070c200000, 0x000000070c200000| Untracked 
|  89|0x000000070c400000, 0x000000070c400000, 0x000000070c600000|  0%| F|  |TAMS 0x000000070c400000, 0x000000070c400000| Untracked 
|  90|0x000000070c600000, 0x000000070c600000, 0x000000070c800000|  0%| F|  |TAMS 0x000000070c600000, 0x000000070c600000| Untracked 
|  91|0x000000070c800000, 0x000000070c800000, 0x000000070ca00000|  0%| F|  |TAMS 0x000000070c800000, 0x000000070c800000| Untracked 
|  92|0x000000070ca00000, 0x000000070ca00000, 0x000000070cc00000|  0%| F|  |TAMS 0x000000070ca00000, 0x000000070ca00000| Untracked 
|  93|0x000000070cc00000, 0x000000070cc00000, 0x000000070ce00000|  0%| F|  |TAMS 0x000000070cc00000, 0x000000070cc00000| Untracked 
|  94|0x000000070ce00000, 0x000000070ce00000, 0x000000070d000000|  0%| F|  |TAMS 0x000000070ce00000, 0x000000070ce00000| Untracked 
|  95|0x000000070d000000, 0x000000070d000000, 0x000000070d200000|  0%| F|  |TAMS 0x000000070d000000, 0x000000070d000000| Untracked 
|  96|0x000000070d200000, 0x000000070d200000, 0x000000070d400000|  0%| F|  |TAMS 0x000000070d200000, 0x000000070d200000| Untracked 
|  97|0x000000070d400000, 0x000000070d400000, 0x000000070d600000|  0%| F|  |TAMS 0x000000070d400000, 0x000000070d400000| Untracked 
|  98|0x000000070d600000, 0x000000070d600000, 0x000000070d800000|  0%| F|  |TAMS 0x000000070d600000, 0x000000070d600000| Untracked 
|  99|0x000000070d800000, 0x000000070d800000, 0x000000070da00000|  0%| F|  |TAMS 0x000000070d800000, 0x000000070d800000| Untracked 
| 100|0x000000070da00000, 0x000000070da00000, 0x000000070dc00000|  0%| F|  |TAMS 0x000000070da00000, 0x000000070da00000| Untracked 
| 101|0x000000070dc00000, 0x000000070dc00000, 0x000000070de00000|  0%| F|  |TAMS 0x000000070dc00000, 0x000000070dc00000| Untracked 
| 102|0x000000070de00000, 0x000000070de00000, 0x000000070e000000|  0%| F|  |TAMS 0x000000070de00000, 0x000000070de00000| Untracked 
| 103|0x000000070e000000, 0x000000070e000000, 0x000000070e200000|  0%| F|  |TAMS 0x000000070e000000, 0x000000070e000000| Untracked 
| 104|0x000000070e200000, 0x000000070e200000, 0x000000070e400000|  0%| F|  |TAMS 0x000000070e200000, 0x000000070e200000| Untracked 
| 105|0x000000070e400000, 0x000000070e400000, 0x000000070e600000|  0%| F|  |TAMS 0x000000070e400000, 0x000000070e400000| Untracked 
| 106|0x000000070e600000, 0x000000070e600000, 0x000000070e800000|  0%| F|  |TAMS 0x000000070e600000, 0x000000070e600000| Untracked 
| 107|0x000000070e800000, 0x000000070e800000, 0x000000070ea00000|  0%| F|  |TAMS 0x000000070e800000, 0x000000070e800000| Untracked 
| 108|0x000000070ea00000, 0x000000070ea00000, 0x000000070ec00000|  0%| F|  |TAMS 0x000000070ea00000, 0x000000070ea00000| Untracked 
| 109|0x000000070ec00000, 0x000000070ec00000, 0x000000070ee00000|  0%| F|  |TAMS 0x000000070ec00000, 0x000000070ec00000| Untracked 
| 110|0x000000070ee00000, 0x000000070ee00000, 0x000000070f000000|  0%| F|  |TAMS 0x000000070ee00000, 0x000000070ee00000| Untracked 
| 111|0x000000070f000000, 0x000000070f000000, 0x000000070f200000|  0%| F|  |TAMS 0x000000070f000000, 0x000000070f000000| Untracked 
| 112|0x000000070f200000, 0x000000070f200000, 0x000000070f400000|  0%| F|  |TAMS 0x000000070f200000, 0x000000070f200000| Untracked 
| 113|0x000000070f400000, 0x000000070f400000, 0x000000070f600000|  0%| F|  |TAMS 0x000000070f400000, 0x000000070f400000| Untracked 
| 114|0x000000070f600000, 0x000000070f600000, 0x000000070f800000|  0%| F|  |TAMS 0x000000070f600000, 0x000000070f600000| Untracked 
| 115|0x000000070f800000, 0x000000070f800000, 0x000000070fa00000|  0%| F|  |TAMS 0x000000070f800000, 0x000000070f800000| Untracked 
| 116|0x000000070fa00000, 0x000000070fa00000, 0x000000070fc00000|  0%| F|  |TAMS 0x000000070fa00000, 0x000000070fa00000| Untracked 
| 117|0x000000070fc00000, 0x000000070fc00000, 0x000000070fe00000|  0%| F|  |TAMS 0x000000070fc00000, 0x000000070fc00000| Untracked 
| 118|0x000000070fe00000, 0x000000070fe00000, 0x0000000710000000|  0%| F|  |TAMS 0x000000070fe00000, 0x000000070fe00000| Untracked 
| 119|0x0000000710000000, 0x0000000710000000, 0x0000000710200000|  0%| F|  |TAMS 0x0000000710000000, 0x0000000710000000| Untracked 
| 120|0x0000000710200000, 0x0000000710200000, 0x0000000710400000|  0%| F|  |TAMS 0x0000000710200000, 0x0000000710200000| Untracked 
| 121|0x0000000710400000, 0x0000000710400000, 0x0000000710600000|  0%| F|  |TAMS 0x0000000710400000, 0x0000000710400000| Untracked 
| 122|0x0000000710600000, 0x0000000710600000, 0x0000000710800000|  0%| F|  |TAMS 0x0000000710600000, 0x0000000710600000| Untracked 
| 123|0x0000000710800000, 0x0000000710800000, 0x0000000710a00000|  0%| F|  |TAMS 0x0000000710800000, 0x0000000710800000| Untracked 
| 124|0x0000000710a00000, 0x0000000710a00000, 0x0000000710c00000|  0%| F|  |TAMS 0x0000000710a00000, 0x0000000710a00000| Untracked 
| 125|0x0000000710c00000, 0x0000000710c00000, 0x0000000710e00000|  0%| F|  |TAMS 0x0000000710c00000, 0x0000000710c00000| Untracked 
| 126|0x0000000710e00000, 0x0000000710f8a240, 0x0000000711000000| 76%| S|CS|TAMS 0x0000000710e00000, 0x0000000710e00000| Complete 
| 127|0x0000000711000000, 0x0000000711000000, 0x0000000711200000|  0%| F|  |TAMS 0x0000000711000000, 0x0000000711000000| Untracked 
| 128|0x0000000711200000, 0x0000000711200000, 0x0000000711400000|  0%| F|  |TAMS 0x0000000711200000, 0x0000000711200000| Untracked 
| 129|0x0000000711400000, 0x0000000711400000, 0x0000000711600000|  0%| F|  |TAMS 0x0000000711400000, 0x0000000711400000| Untracked 
| 130|0x0000000711600000, 0x0000000711600000, 0x0000000711800000|  0%| F|  |TAMS 0x0000000711600000, 0x0000000711600000| Untracked 
| 131|0x0000000711800000, 0x0000000711800000, 0x0000000711a00000|  0%| F|  |TAMS 0x0000000711800000, 0x0000000711800000| Untracked 
| 132|0x0000000711a00000, 0x0000000711a00000, 0x0000000711c00000|  0%| F|  |TAMS 0x0000000711a00000, 0x0000000711a00000| Untracked 
| 133|0x0000000711c00000, 0x0000000711c00000, 0x0000000711e00000|  0%| F|  |TAMS 0x0000000711c00000, 0x0000000711c00000| Untracked 
| 134|0x0000000711e00000, 0x0000000711e00000, 0x0000000712000000|  0%| F|  |TAMS 0x0000000711e00000, 0x0000000711e00000| Untracked 
| 135|0x0000000712000000, 0x0000000712000000, 0x0000000712200000|  0%| F|  |TAMS 0x0000000712000000, 0x0000000712000000| Untracked 
| 136|0x0000000712200000, 0x0000000712200000, 0x0000000712400000|  0%| F|  |TAMS 0x0000000712200000, 0x0000000712200000| Untracked 
| 137|0x0000000712400000, 0x0000000712400000, 0x0000000712600000|  0%| F|  |TAMS 0x0000000712400000, 0x0000000712400000| Untracked 
| 138|0x0000000712600000, 0x0000000712600000, 0x0000000712800000|  0%| F|  |TAMS 0x0000000712600000, 0x0000000712600000| Untracked 
| 139|0x0000000712800000, 0x0000000712800000, 0x0000000712a00000|  0%| F|  |TAMS 0x0000000712800000, 0x0000000712800000| Untracked 
| 140|0x0000000712a00000, 0x0000000712a00000, 0x0000000712c00000|  0%| F|  |TAMS 0x0000000712a00000, 0x0000000712a00000| Untracked 
| 141|0x0000000712c00000, 0x0000000712c00000, 0x0000000712e00000|  0%| F|  |TAMS 0x0000000712c00000, 0x0000000712c00000| Untracked 
| 142|0x0000000712e00000, 0x0000000712e00000, 0x0000000713000000|  0%| F|  |TAMS 0x0000000712e00000, 0x0000000712e00000| Untracked 
| 143|0x0000000713000000, 0x0000000713000000, 0x0000000713200000|  0%| F|  |TAMS 0x0000000713000000, 0x0000000713000000| Untracked 
| 144|0x0000000713200000, 0x0000000713200000, 0x0000000713400000|  0%| F|  |TAMS 0x0000000713200000, 0x0000000713200000| Untracked 
| 145|0x0000000713400000, 0x0000000713400000, 0x0000000713600000|  0%| F|  |TAMS 0x0000000713400000, 0x0000000713400000| Untracked 
| 146|0x0000000713600000, 0x0000000713600000, 0x0000000713800000|  0%| F|  |TAMS 0x0000000713600000, 0x0000000713600000| Untracked 
| 147|0x0000000713800000, 0x0000000713800000, 0x0000000713a00000|  0%| F|  |TAMS 0x0000000713800000, 0x0000000713800000| Untracked 
| 148|0x0000000713a00000, 0x0000000713a00000, 0x0000000713c00000|  0%| F|  |TAMS 0x0000000713a00000, 0x0000000713a00000| Untracked 
| 149|0x0000000713c00000, 0x0000000713d00800, 0x0000000713e00000| 50%| E|  |TAMS 0x0000000713c00000, 0x0000000713c00000| Complete 
| 150|0x0000000713e00000, 0x0000000714000000, 0x0000000714000000|100%| E|CS|TAMS 0x0000000713e00000, 0x0000000713e00000| Complete 
| 151|0x0000000714000000, 0x0000000714200000, 0x0000000714200000|100%| E|CS|TAMS 0x0000000714000000, 0x0000000714000000| Complete 
| 152|0x0000000714200000, 0x0000000714400000, 0x0000000714400000|100%| E|CS|TAMS 0x0000000714200000, 0x0000000714200000| Complete 
| 153|0x0000000714400000, 0x0000000714600000, 0x0000000714600000|100%| E|CS|TAMS 0x0000000714400000, 0x0000000714400000| Complete 

Card table byte_map: [0x000002794df90000,0x000002794e790000] _byte_map_base: 0x000002794a787000

Marking Bits (Prev, Next): (CMBitMap*) 0x0000027936058730, (CMBitMap*) 0x00000279360586f0
 Prev Bits: [0x0000027952f50000, 0x0000027956f08000)
 Next Bits: [0x000002794ef90000, 0x0000027952f48000)

Polling page: 0x0000027933e30000

Metaspace:

Usage:
  Non-class:     18.76 MB capacity,    18.61 MB (>99%) used,   126.70 KB ( <1%) free+waste,    24.44 KB ( <1%) overhead. 
      Class:      2.27 MB capacity,     2.23 MB ( 98%) used,    35.83 KB (  2%) free+waste,     8.31 KB ( <1%) overhead. 
       Both:     21.03 MB capacity,    20.83 MB (>99%) used,   162.52 KB ( <1%) free+waste,    32.75 KB ( <1%) overhead. 

Virtual space:
  Non-class space:       20.00 MB reserved,      19.00 MB ( 95%) committed 
      Class space:        1.00 GB reserved,       2.38 MB ( <1%) committed 
             Both:        1.02 GB reserved,      21.38 MB (  2%) committed 

Chunk freelists:
   Non-Class:  57.00 KB
       Class:  13.00 KB
        Both:  70.00 KB

MaxMetaspaceSize: 17179869184.00 GB
CompressedClassSpaceSize: 1.00 GB

CodeHeap 'non-profiled nmethods': size=120000Kb used=1249Kb max_used=1249Kb free=118750Kb
 bounds [0x0000027945d10000, 0x0000027945f80000, 0x000002794d240000]
CodeHeap 'profiled nmethods': size=120000Kb used=4844Kb max_used=4844Kb free=115155Kb
 bounds [0x000002793e7e0000, 0x000002793eca0000, 0x0000027945d10000]
CodeHeap 'non-nmethods': size=5760Kb used=1420Kb max_used=1435Kb free=4339Kb
 bounds [0x000002793e240000, 0x000002793e4b0000, 0x000002793e7e0000]
 total_blobs=3391 nmethods=2644 adapters=659
 compilation: enabled
              stopped_count=0, restarted_count=0
 full_count=0

Compilation events (20 events):
Event: 3.026 Thread 0x000002795a3d3800 nmethod 2629 0x0000027945e44990 code [0x0000027945e44b20, 0x0000027945e44bd8]
Event: 3.026 Thread 0x000002795a3cd080 nmethod 2626% 0x0000027945e44c90 code [0x0000027945e44e60, 0x0000027945e45378]
Event: 3.173 Thread 0x000002795a3cd080 2630       4       sun.java2d.SunGraphics2D::invalidatePipe (41 bytes)
Event: 3.175 Thread 0x000002795a3cd080 nmethod 2630 0x0000027945e45690 code [0x0000027945e45800, 0x0000027945e45d18]
Event: 3.275 Thread 0x000002795a3cd080 2631       4       sun.awt.image.PixelConverter$Argb::rgbToPixel (2 bytes)
Event: 3.275 Thread 0x000002795a3cd080 nmethod 2631 0x0000027945e45d90 code [0x0000027945e45f00, 0x0000027945e45f58]
Event: 3.553 Thread 0x000002795a3cd080 2632 %     4       engine.physics2d.Collisions::detection @ 32 (144 bytes)
Event: 3.557 Thread 0x000002795a3cd080 nmethod 2632% 0x0000027945e46090 code [0x0000027945e46260, 0x0000027945e46718]
Event: 4.086 Thread 0x000002795a3d3800 2633       1       java.awt.Component::getWidth (5 bytes)
Event: 4.086 Thread 0x000002795a3d3800 nmethod 2633 0x0000027945e46b10 code [0x0000027945e46ca0, 0x0000027945e46d58]
Event: 4.086 Thread 0x000002795a3d3800 2635       3       jdk.internal.logger.LazyLoggers$LazyLoggerWrapper::platformProxy (10 bytes)
Event: 4.086 Thread 0x000002795a3d3800 nmethod 2635 0x000002793ec99890 code [0x000002793ec99a40, 0x000002793ec99bc8]
Event: 4.086 Thread 0x000002795a3d3800 2634       1       java.awt.Component::getHeight (5 bytes)
Event: 4.086 Thread 0x000002795a3d3800 nmethod 2634 0x0000027945e46e10 code [0x0000027945e46fa0, 0x0000027945e47058]
Event: 4.086 Thread 0x000002795a3cd080 2636       4       engine.physics2d.Collisions::detection (144 bytes)
Event: 4.087 Thread 0x000002795a3d3800 2637       3       engine.physics2d.Vector::<init> (11 bytes)
Event: 4.087 Thread 0x000002795a3d3800 nmethod 2637 0x000002793ec99c90 code [0x000002793ec99e40, 0x000002793ec9a018]
Event: 4.088 Thread 0x000002795a3cd080 nmethod 2636 0x0000027945e47110 code [0x0000027945e472a0, 0x0000027945e47378]
Event: 4.340 Thread 0x000002795a3d3800 2638       3       java.util.concurrent.locks.AbstractQueuedSynchronizer::compareAndSetState (13 bytes)
Event: 4.340 Thread 0x000002795a3d3800 nmethod 2638 0x000002793ec9a110 code [0x000002793ec9a2a0, 0x000002793ec9a3b8]

GC Heap History (10 events):
Event: 0.311 GC heap before
{Heap before GC invocations=0 (full 0):
 garbage-first heap   total 262144K, used 28672K [0x0000000701200000, 0x0000000800000000)
  region size 2048K, 11 young (22528K), 0 survivors (0K)
 Metaspace       used 4692K, capacity 4854K, committed 4992K, reserved 1056768K
  class space    used 515K, capacity 574K, committed 640K, reserved 1048576K
}
Event: 0.315 GC heap after
{Heap after GC invocations=1 (full 0):
 garbage-first heap   total 262144K, used 12050K [0x0000000701200000, 0x0000000800000000)
  region size 2048K, 2 young (4096K), 2 survivors (4096K)
 Metaspace       used 4692K, capacity 4854K, committed 4992K, reserved 1056768K
  class space    used 515K, capacity 574K, committed 640K, reserved 1048576K
}
Event: 0.435 GC heap before
{Heap before GC invocations=1 (full 0):
 garbage-first heap   total 262144K, used 38674K [0x0000000701200000, 0x0000000800000000)
  region size 2048K, 12 young (24576K), 2 survivors (4096K)
 Metaspace       used 7714K, capacity 7858K, committed 8064K, reserved 1056768K
  class space    used 800K, capacity 865K, committed 896K, reserved 1048576K
}
Event: 0.438 GC heap after
{Heap after GC invocations=2 (full 0):
 garbage-first heap   total 262144K, used 13348K [0x0000000701200000, 0x0000000800000000)
  region size 2048K, 2 young (4096K), 2 survivors (4096K)
 Metaspace       used 7714K, capacity 7858K, committed 8064K, reserved 1056768K
  class space    used 800K, capacity 865K, committed 896K, reserved 1048576K
}
Event: 0.535 GC heap before
{Heap before GC invocations=2 (full 0):
 garbage-first heap   total 262144K, used 54308K [0x0000000701200000, 0x0000000800000000)
  region size 2048K, 19 young (38912K), 2 survivors (4096K)
 Metaspace       used 10486K, capacity 10712K, committed 11008K, reserved 1058816K
  class space    used 1090K, capacity 1155K, committed 1280K, reserved 1048576K
}
Event: 0.537 GC heap after
{Heap after GC invocations=3 (full 0):
 garbage-first heap   total 262144K, used 24878K [0x0000000701200000, 0x0000000800000000)
  region size 2048K, 3 young (6144K), 3 survivors (6144K)
 Metaspace       used 10486K, capacity 10712K, committed 11008K, reserved 1058816K
  class space    used 1090K, capacity 1155K, committed 1280K, reserved 1048576K
}
Event: 1.100 GC heap before
{Heap before GC invocations=3 (full 0):
 garbage-first heap   total 262144K, used 221486K [0x0000000701200000, 0x0000000800000000)
  region size 2048K, 58 young (118784K), 3 survivors (6144K)
 Metaspace       used 19011K, capacity 19188K, committed 19328K, reserved 1067008K
  class space    used 1993K, capacity 2057K, committed 2176K, reserved 1048576K
}
Event: 1.107 GC heap after
{Heap after GC invocations=4 (full 0):
 garbage-first heap   total 262144K, used 76104K [0x0000000701200000, 0x0000000800000000)
  region size 2048K, 8 young (16384K), 8 survivors (16384K)
 Metaspace       used 19011K, capacity 19188K, committed 19328K, reserved 1067008K
  class space    used 1993K, capacity 2057K, committed 2176K, reserved 1048576K
}
Event: 1.227 GC heap before
{Heap before GC invocations=5 (full 0):
 garbage-first heap   total 262144K, used 123208K [0x0000000701200000, 0x0000000800000000)
  region size 2048K, 9 young (18432K), 8 survivors (16384K)
 Metaspace       used 19414K, capacity 19636K, committed 19840K, reserved 1067008K
  class space    used 2037K, capacity 2121K, committed 2176K, reserved 1048576K
}
Event: 1.250 GC heap after
{Heap after GC invocations=6 (full 0):
 garbage-first heap   total 315392K, used 72749K [0x0000000701200000, 0x0000000800000000)
  region size 2048K, 1 young (2048K), 1 survivors (2048K)
 Metaspace       used 19414K, capacity 19636K, committed 19840K, reserved 1067008K
  class space    used 2037K, capacity 2121K, committed 2176K, reserved 1048576K
}

Deoptimization events (20 events):
Event: 3.554 Thread 0x000002796485a5e0 DEOPT PACKING pc=0x000002793ec92e64 sp=0x0000009ae6bfed40
Event: 3.554 Thread 0x000002796485a5e0 DEOPT UNPACKING pc=0x000002793e28e23f sp=0x0000009ae6bfe210 mode 0
Event: 3.555 Thread 0x000002796485a5e0 DEOPT PACKING pc=0x000002793ec92e64 sp=0x0000009ae6bfed40
Event: 3.555 Thread 0x000002796485a5e0 DEOPT UNPACKING pc=0x000002793e28e23f sp=0x0000009ae6bfe210 mode 0
Event: 4.086 Thread 0x000002796485a5e0 DEOPT PACKING pc=0x000002793ec92e64 sp=0x0000009ae6bfed40
Event: 4.086 Thread 0x000002796485a5e0 DEOPT UNPACKING pc=0x000002793e28e23f sp=0x0000009ae6bfe210 mode 0
Event: 4.087 Thread 0x000002796485a5e0 DEOPT PACKING pc=0x000002793ec92e64 sp=0x0000009ae6bfed40
Event: 4.087 Thread 0x000002796485a5e0 DEOPT UNPACKING pc=0x000002793e28e23f sp=0x0000009ae6bfe210 mode 0
Event: 4.087 Thread 0x000002796485a5e0 DEOPT PACKING pc=0x000002793ec92e64 sp=0x0000009ae6bfed40
Event: 4.087 Thread 0x000002796485a5e0 DEOPT UNPACKING pc=0x000002793e28e23f sp=0x0000009ae6bfe210 mode 0
Event: 4.087 Thread 0x000002796485a5e0 DEOPT PACKING pc=0x000002793ec92e64 sp=0x0000009ae6bfed40
Event: 4.087 Thread 0x000002796485a5e0 DEOPT UNPACKING pc=0x000002793e28e23f sp=0x0000009ae6bfe210 mode 0
Event: 4.340 Thread 0x0000027964d71440 Uncommon trap: trap_request=0xffffffc6 fr.pc=0x0000027945e06e34 relative=0x00000000000003f4
Event: 4.340 Thread 0x0000027964d71440 Uncommon trap: reason=bimorphic_or_optimized_type_check action=maybe_recompile pc=0x0000027945e06e34 method=java.util.HashMap.getNode(Ljava/lang/Object;)Ljava/util/HashMap$Node; @ 128 c2
Event: 4.340 Thread 0x0000027964d71440 DEOPT PACKING pc=0x0000027945e06e34 sp=0x0000009ae7ffe100
Event: 4.340 Thread 0x0000027964d71440 DEOPT UNPACKING pc=0x000002793e28e42f sp=0x0000009ae7ffe008 mode 2
Event: 4.341 Thread 0x0000027964d71440 Uncommon trap: trap_request=0xffffffc6 fr.pc=0x0000027945e06e34 relative=0x00000000000003f4
Event: 4.341 Thread 0x0000027964d71440 Uncommon trap: reason=bimorphic_or_optimized_type_check action=maybe_recompile pc=0x0000027945e06e34 method=java.util.HashMap.getNode(Ljava/lang/Object;)Ljava/util/HashMap$Node; @ 128 c2
Event: 4.341 Thread 0x0000027964d71440 DEOPT PACKING pc=0x0000027945e06e34 sp=0x0000009ae7ffe150
Event: 4.341 Thread 0x0000027964d71440 DEOPT UNPACKING pc=0x000002793e28e42f sp=0x0000009ae7ffe058 mode 2

Classes unloaded (0 events):
No events

Classes redefined (0 events):
No events

Internal exceptions (20 events):
Event: 0.104 Thread 0x0000027936006ff0 Exception <a 'java/lang/NoSuchMethodError'{0x0000000710832d90}: 'java.lang.Object java.lang.invoke.DirectMethodHandle$Holder.invokeStatic(java.lang.Object)'> (0x0000000710832d90) 
thrown [./open/src/hotspot/share/interpreter/linkResolver.cpp, line 782]
Event: 0.126 Thread 0x0000027936006ff0 Exception <a 'java/lang/NoSuchMethodError'{0x000000071088fcb0}: 'java.lang.Object java.lang.invoke.DirectMethodHandle$Holder.invokeStaticInit(java.lang.Object)'> (0x000000071088fcb0) 
thrown [./open/src/hotspot/share/interpreter/linkResolver.cpp, line 782]
Event: 0.244 Thread 0x0000027936006ff0 Exception <a 'java/lang/NoSuchMethodError'{0x00000007109748b8}: 'java.lang.Object java.lang.invoke.DirectMethodHandle$Holder.newInvokeSpecial(java.lang.Object, java.lang.Object, java.lang.Object, java.lang.Object, java.lang.Object)'> (0x00000007109748b8) 
thrown [./open/src/hotspot/share/interpreter/linkResolver.cpp, line 782]
Event: 0.244 Thread 0x0000027936006ff0 Exception <a 'java/lang/NoSuchMethodError'{0x0000000710980348}: 'java.lang.Object java.lang.invoke.DirectMethodHandle$Holder.invokeStatic(java.lang.Object, int, java.lang.Object, java.lang.Object, java.lang.Object, java.lang.Object)'> (0x0000000710980348) 
thrown [./open/src/hotspot/share/interpreter/linkResolver.cpp, line 782]
Event: 0.247 Thread 0x0000027936006ff0 Exception <a 'java/lang/NoSuchMethodError'{0x00000007109a65f0}: 'java.lang.Object java.lang.invoke.DirectMethodHandle$Holder.invokeStatic(java.lang.Object, int, java.lang.Object)'> (0x00000007109a65f0) 
thrown [./open/src/hotspot/share/interpreter/linkResolver.cpp, line 782]
Event: 0.259 Thread 0x0000027936006ff0 Exception <a 'java/lang/ClassNotFoundException'{0x000000071065eaa0}: com/sun/swing/internal/plaf/metal/resources/spi/metalProvider> (0x000000071065eaa0) 
thrown [./open/src/hotspot/share/classfile/systemDictionary.cpp, line 295]
Event: 0.259 Thread 0x0000027936006ff0 Exception <a 'java/lang/ClassNotFoundException'{0x0000000710662ed0}: com/sun/swing/internal/plaf/basic/resources/spi/basicProvider> (0x0000000710662ed0) 
thrown [./open/src/hotspot/share/classfile/systemDictionary.cpp, line 295]
Event: 0.342 Thread 0x000002795b351510 Exception <a 'java/lang/NoSuchMethodError'{0x000000071086eb58}: 'void java.lang.invoke.DirectMethodHandle$Holder.invokeStatic(java.lang.Object, java.lang.Object)'> (0x000000071086eb58) 
thrown [./open/src/hotspot/share/interpreter/linkResolver.cpp, line 782]
Event: 0.342 Thread 0x000002795b351510 Exception <a 'java/lang/NoSuchMethodError'{0x0000000710872560}: 'void java.lang.invoke.DirectMethodHandle$Holder.invokeStaticInit(java.lang.Object, java.lang.Object)'> (0x0000000710872560) 
thrown [./open/src/hotspot/share/interpreter/linkResolver.cpp, line 782]
Event: 0.361 Thread 0x000002795b351510 Implicit null exception at 0x0000027945d40af5 to 0x0000027945d40bd0
Event: 0.519 Thread 0x000002795b351510 Exception <a 'java/lang/NoSuchMethodError'{0x000000070f1bdd90}: 'java.lang.Object java.lang.invoke.DirectMethodHandle$Holder.invokeStaticInit(java.lang.Object, int, int, int, int)'> (0x000000070f1bdd90) 
thrown [./open/src/hotspot/share/interpreter/linkResolver.cpp, line 782]
Event: 0.541 Thread 0x000002795b351510 Exception <a 'java/lang/NoSuchMethodError'{0x0000000711034d98}: 'java.lang.Object java.lang.invoke.DirectMethodHandle$Holder.invokeStaticInit(java.lang.Object, java.lang.Object, int, int, int, int)'> (0x0000000711034d98) 
thrown [./open/src/hotspot/share/interpreter/linkResolver.cpp, line 782]
Event: 0.678 Thread 0x000002795b351510 Implicit null exception at 0x0000027945d53a53 to 0x0000027945d545b4
Event: 0.944 Thread 0x000002795b351510 Exception <a 'java/lang/NoSuchMethodError'{0x000000070adfd018}: 'void java.lang.invoke.DirectMethodHandle$Holder.invokeStaticInit(java.lang.Object)'> (0x000000070adfd018) 
thrown [./open/src/hotspot/share/interpreter/linkResolver.cpp, line 782]
Event: 0.990 Thread 0x000002795b351510 Implicit null exception at 0x0000027945e07cac to 0x0000027945e07dcc
Event: 1.081 Thread 0x000002795b351510 Implicit null exception at 0x0000027945e234bc to 0x0000027945e23c00
Event: 1.081 Thread 0x000002795b351510 Implicit null exception at 0x0000027945e22376 to 0x0000027945e2268c
Event: 1.082 Thread 0x000002795b351510 Implicit null exception at 0x0000027945e24d62 to 0x0000027945e256fc
Event: 1.082 Thread 0x000002795b351510 Implicit null exception at 0x0000027945e26a64 to 0x0000027945e27138
Event: 1.946 Thread 0x000002796485a5e0 Exception <a 'java/lang/NoSuchMethodError'{0x0000000714240b90}: 'void java.lang.invoke.DirectMethodHandle$Holder.invokeStatic(java.lang.Object, java.lang.Object, java.lang.Object)'> (0x0000000714240b90) 
thrown [./open/src/hotspot/share/interpreter/linkResolver.cpp, line 782]

Events (20 events):
Event: 1.456 loading class java/util/concurrent/ForkJoinPool$ManagedBlocker done
Event: 1.456 loading class java/util/concurrent/locks/AbstractQueuedSynchronizer$ConditionNode done
Event: 1.944 loading class java/applet/Applet
Event: 1.944 loading class java/awt/Panel
Event: 1.944 loading class java/awt/Panel done
Event: 1.944 loading class java/applet/Applet done
Event: 2.462 Executing VM operation: HandshakeAllThreads
Event: 2.462 Executing VM operation: HandshakeAllThreads done
Event: 3.475 Executing VM operation: HandshakeAllThreads
Event: 3.475 Executing VM operation: HandshakeAllThreads done
Event: 4.341 loading class sun/awt/DebugSettings
Event: 4.341 loading class sun/awt/DebugSettings done
Event: 4.341 loading class javax/swing/JComponent$KeyboardState
Event: 4.341 loading class javax/swing/JComponent$KeyboardState done
Event: 4.341 loading class javax/swing/JComponent$IntVector
Event: 4.341 loading class javax/swing/JComponent$IntVector done
Event: 4.342 loading class java/awt/KeyboardFocusManager$2
Event: 4.342 loading class java/awt/KeyboardFocusManager$2 done
Event: 4.342 loading class sun/awt/SunToolkit$1
Event: 4.342 loading class sun/awt/SunToolkit$1 done


Dynamic libraries:
0x00007ff67d400000 - 0x00007ff67d40f000 	C:\Program Files\Java\jdk-15.0.2\bin\java.exe
0x00007ffc2ead0000 - 0x00007ffc2ecc6000 	C:\Windows\SYSTEM32\ntdll.dll
0x00007ffc2cce0000 - 0x00007ffc2cd9d000 	C:\Windows\System32\KERNEL32.DLL
0x00007ffc2c420000 - 0x00007ffc2c6e9000 	C:\Windows\System32\KERNELBASE.dll
0x00007ffc2c720000 - 0x00007ffc2c820000 	C:\Windows\System32\ucrtbase.dll
0x00007ffc13dc0000 - 0x00007ffc13dd8000 	C:\Program Files\Java\jdk-15.0.2\bin\jli.dll
0x00007ffc13c10000 - 0x00007ffc13c29000 	C:\Program Files\Java\jdk-15.0.2\bin\VCRUNTIME140.dll
0x00007ffc2dc70000 - 0x00007ffc2dd1c000 	C:\Windows\System32\ADVAPI32.dll
0x00007ffc2e7d0000 - 0x00007ffc2e86e000 	C:\Windows\System32\msvcrt.dll
0x00007ffc2dba0000 - 0x00007ffc2dc3c000 	C:\Windows\System32\sechost.dll
0x00007ffc2e8f0000 - 0x00007ffc2ea1b000 	C:\Windows\System32\RPCRT4.dll
0x00007ffc2e4f0000 - 0x00007ffc2e690000 	C:\Windows\System32\USER32.dll
0x00007ffc2cb00000 - 0x00007ffc2cb22000 	C:\Windows\System32\win32u.dll
0x00007ffc181e0000 - 0x00007ffc1847b000 	C:\Windows\WinSxS\amd64_microsoft.windows.common-controls_6595b64144ccf1df_6.0.19041.746_none_ca02b4b61b8320a4\COMCTL32.dll
0x00007ffc2dc40000 - 0x00007ffc2dc6a000 	C:\Windows\System32\GDI32.dll
0x00007ffc2c820000 - 0x00007ffc2c92b000 	C:\Windows\System32\gdi32full.dll
0x00007ffc2c9b0000 - 0x00007ffc2ca4d000 	C:\Windows\System32\msvcp_win.dll
0x00007ffc26f00000 - 0x00007ffc26f0a000 	C:\Windows\SYSTEM32\VERSION.dll
0x00007ffc2db70000 - 0x00007ffc2dba0000 	C:\Windows\System32\IMM32.DLL
0x00007ffc27d20000 - 0x00007ffc27d2c000 	C:\Program Files\Java\jdk-15.0.2\bin\vcruntime140_1.dll
0x00007ffc13b70000 - 0x00007ffc13c01000 	C:\Program Files\Java\jdk-15.0.2\bin\msvcp140.dll
0x00007ffbea360000 - 0x00007ffbeaebe000 	C:\Program Files\Java\jdk-15.0.2\bin\server\jvm.dll
0x00007ffc2cec0000 - 0x00007ffc2cec8000 	C:\Windows\System32\PSAPI.DLL
0x00007ffc15b90000 - 0x00007ffc15b99000 	C:\Windows\SYSTEM32\WSOCK32.dll
0x00007ffc1ecf0000 - 0x00007ffc1ed17000 	C:\Windows\SYSTEM32\WINMM.dll
0x00007ffc2ea20000 - 0x00007ffc2ea8b000 	C:\Windows\System32\WS2_32.dll
0x00007ffc2a180000 - 0x00007ffc2a192000 	C:\Windows\SYSTEM32\kernel.appcore.dll
0x00007ffc13b60000 - 0x00007ffc13b6a000 	C:\Program Files\Java\jdk-15.0.2\bin\jimage.dll
0x00007ffc1c060000 - 0x00007ffc1c244000 	C:\Windows\SYSTEM32\DBGHELP.DLL
0x00007ffc1c500000 - 0x00007ffc1c52c000 	C:\Windows\SYSTEM32\dbgcore.DLL
0x00007ffc2c930000 - 0x00007ffc2c9b0000 	C:\Windows\System32\bcryptPrimitives.dll
0x00007ffc13b30000 - 0x00007ffc13b55000 	C:\Program Files\Java\jdk-15.0.2\bin\java.dll
0x00007ffc2dd20000 - 0x00007ffc2e462000 	C:\Windows\System32\SHELL32.dll
0x00007ffc2a380000 - 0x00007ffc2ab10000 	C:\Windows\SYSTEM32\windows.storage.dll
0x00007ffc2ced0000 - 0x00007ffc2d226000 	C:\Windows\System32\combase.dll
0x00007ffc2bc70000 - 0x00007ffc2bc9c000 	C:\Windows\SYSTEM32\Wldp.dll
0x00007ffc2e720000 - 0x00007ffc2e7ce000 	C:\Windows\System32\SHCORE.dll
0x00007ffc2e490000 - 0x00007ffc2e4e5000 	C:\Windows\System32\shlwapi.dll
0x00007ffc2c140000 - 0x00007ffc2c166000 	C:\Windows\SYSTEM32\profapi.dll
0x00007ffc114a0000 - 0x00007ffc114b9000 	C:\Program Files\Java\jdk-15.0.2\bin\net.dll
0x00007ffc22610000 - 0x00007ffc22710000 	C:\Windows\SYSTEM32\WINHTTP.dll
0x00007ffc2b9f0000 - 0x00007ffc2ba5a000 	C:\Windows\system32\mswsock.dll
0x00007ffc07d50000 - 0x00007ffc07d62000 	C:\Program Files\Java\jdk-15.0.2\bin\nio.dll
0x00007ffc07d10000 - 0x00007ffc07d28000 	C:\Program Files\Java\jdk-15.0.2\bin\zip.dll
0x00007ffbfddb0000 - 0x00007ffbfdf30000 	C:\Program Files\Java\jdk-15.0.2\bin\awt.dll
0x00007ffc2da30000 - 0x00007ffc2dafd000 	C:\Windows\System32\OLEAUT32.dll
0x00007ffc29af0000 - 0x00007ffc29b80000 	C:\Windows\SYSTEM32\apphelp.dll
0x00007ffc29dc0000 - 0x00007ffc29def000 	C:\Windows\system32\DWMAPI.DLL
0x00007ffc29be0000 - 0x00007ffc29c7e000 	C:\Windows\system32\uxtheme.dll
0x00007ffbf7c70000 - 0x00007ffbf7d95000 	C:\Windows\system32\opengl32.dll
0x00007ffc14a40000 - 0x00007ffc14a6c000 	C:\Windows\SYSTEM32\GLU32.dll
0x00007ffc2cda0000 - 0x00007ffc2ceb5000 	C:\Windows\System32\MSCTF.dll
0x00007ffc2d2f0000 - 0x00007ffc2d41a000 	C:\Windows\System32\ole32.dll
0x00007ffc2bdf0000 - 0x00007ffc2be02000 	C:\Windows\SYSTEM32\msasn1.dll
0x00007ffc26e50000 - 0x00007ffc26e81000 	C:\Windows\SYSTEM32\cryptnet.dll
0x00007ffc2c2c0000 - 0x00007ffc2c416000 	C:\Windows\System32\CRYPT32.dll
0x00007ffc2bbc0000 - 0x00007ffc2bbcc000 	C:\Windows\SYSTEM32\cryptbase.dll
0x00007ffc2c210000 - 0x00007ffc2c270000 	C:\Windows\System32\WINTRUST.DLL
0x00007ffc2e470000 - 0x00007ffc2e48d000 	C:\Windows\System32\imagehlp.dll
0x00007ffc2bbd0000 - 0x00007ffc2bbe8000 	C:\Windows\SYSTEM32\CRYPTSP.dll
0x00007ffc2b320000 - 0x00007ffc2b354000 	C:\Windows\system32\rsaenh.dll
0x00007ffc2c6f0000 - 0x00007ffc2c717000 	C:\Windows\System32\bcrypt.dll
0x00007ffc2ab10000 - 0x00007ffc2ab33000 	C:\Windows\SYSTEM32\gpapi.dll
0x00007ffc23390000 - 0x00007ffc233cb000 	C:\Windows\SYSTEM32\dxcore.dll
0x00007ffc2c270000 - 0x00007ffc2c2be000 	C:\Windows\System32\cfgmgr32.dll
0x00007ffc14a10000 - 0x00007ffc14a3d000 	C:\Program Files\Java\jdk-15.0.2\bin\javajpeg.dll
0x00007ffc14940000 - 0x00007ffc1497f000 	C:\Program Files\Java\jdk-15.0.2\bin\lcms.dll
0x00007ffc2c0c0000 - 0x00007ffc2c0ee000 	C:\Windows\SYSTEM32\USERENV.dll
0x00007ffc2b690000 - 0x00007ffc2b6cb000 	C:\Windows\SYSTEM32\IPHLPAPI.DLL
0x00007ffc2d230000 - 0x00007ffc2d238000 	C:\Windows\System32\NSI.dll
0x00007ffc26380000 - 0x00007ffc26397000 	C:\Windows\SYSTEM32\dhcpcsvc6.DLL
0x00007ffc26290000 - 0x00007ffc262ad000 	C:\Windows\SYSTEM32\dhcpcsvc.DLL
0x00007ffc2b6e0000 - 0x00007ffc2b7ab000 	C:\Windows\SYSTEM32\DNSAPI.dll
0x00007ffc148b0000 - 0x00007ffc14935000 	C:\Program Files\Java\jdk-15.0.2\bin\freetype.dll
0x00007ffc14300000 - 0x00007ffc143a9000 	C:\Program Files\Java\jdk-15.0.2\bin\fontmanager.dll
0x00007ffc142c0000 - 0x00007ffc142fd000 	C:\Users\amaur\AppData\Local\Temp\JOCL_2_0_2-windows-x86_64.dll
0x00007ffc14010000 - 0x00007ffc14081000 	C:\Windows\SYSTEM32\OpenCL.dll
0x00007ffbd7d20000 - 0x00007ffbda304000 	C:\Windows\System32\DriverStore\FileRepository\nvmd.inf_amd64_1408eaf9a25ed64f\nvopencl64.dll
0x00007ffc21110000 - 0x00007ffc217e6000 	C:\Windows\SYSTEM32\nvapi64.dll
0x00007ffc2d420000 - 0x00007ffc2d887000 	C:\Windows\System32\SETUPAPI.DLL
0x00007ffc206b0000 - 0x00007ffc207ab000 	C:\Windows\SYSTEM32\textinputframework.dll
0x00007ffc298c0000 - 0x00007ffc299b2000 	C:\Windows\System32\CoreMessaging.dll
0x00007ffc291e0000 - 0x00007ffc2953e000 	C:\Windows\System32\CoreUIComponents.dll
0x00007ffc2af50000 - 0x00007ffc2af83000 	C:\Windows\SYSTEM32\ntmarta.dll
0x00007ffc28120000 - 0x00007ffc28274000 	C:\Windows\SYSTEM32\wintypes.dll

dbghelp: loaded successfully - version: 4.0.5 - missing functions: none
symbol engine: initialized successfully - sym options: 0x614 - pdb path: .;C:\Program Files\Java\jdk-15.0.2\bin;C:\Windows\SYSTEM32;C:\Windows\WinSxS\amd64_microsoft.windows.common-controls_6595b64144ccf1df_6.0.19041.746_none_ca02b4b61b8320a4;C:\Program Files\Java\jdk-15.0.2\bin\server;C:\Windows\System32\DriverStore\FileRepository\nvmd.inf_amd64_1408eaf9a25ed64f;C:\Users\amaur\AppData\Local\Temp

VM Arguments:
java_command: Launcher
java_class_path (initial): C:\Users\amaur\Desktop\roguelike-proto\lib\runtime\scala-compiler-2.12.2.jar;C:\Users\amaur\Desktop\roguelike-proto\lib\runtime\scala-library-2.12.2.jar;C:\Users\amaur\Desktop\roguelike-proto\lib\runtime\scala-reflect-2.12.2.jar;C:\Users\amaur\Desktop\roguelike-proto\bin;C:\Users\amaur\Desktop\roguelike-proto\lib\third-party\aspose\aspose-psd-20.9-jdk16.jar;C:\Users\amaur\Desktop\roguelike-proto\lib\third-party\jocl\jocl-2.0.2.jar;C:\Users\amaur\Desktop\roguelike-proto\lib\third-party\jxinput\jxinput-0.3.4.jar
Launcher Type: SUN_STANDARD

[Global flags]
     intx CICompilerCount                          = 4                                         {product} {ergonomic}
     uint ConcGCThreads                            = 3                                         {product} {ergonomic}
     uint G1ConcRefinementThreads                  = 10                                        {product} {ergonomic}
   size_t G1HeapRegionSize                         = 2097152                                   {product} {ergonomic}
    uintx GCDrainStackTargetSize                   = 64                                        {product} {ergonomic}
   size_t InitialHeapSize                          = 268435456                                 {product} {ergonomic}
   size_t MarkStackSize                            = 4194304                                   {product} {ergonomic}
   size_t MaxHeapSize                              = 4276092928                                {product} {ergonomic}
   size_t MaxNewSize                               = 2564816896                                {product} {ergonomic}
   size_t MinHeapDeltaBytes                        = 2097152                                   {product} {ergonomic}
   size_t MinHeapSize                              = 8388608                                   {product} {ergonomic}
    uintx NonNMethodCodeHeapSize                   = 5839372                                {pd product} {ergonomic}
    uintx NonProfiledCodeHeapSize                  = 122909434                              {pd product} {ergonomic}
    uintx ProfiledCodeHeapSize                     = 122909434                              {pd product} {ergonomic}
    uintx ReservedCodeCacheSize                    = 251658240                              {pd product} {ergonomic}
     bool SegmentedCodeCache                       = true                                      {product} {ergonomic}
   size_t SoftMaxHeapSize                          = 4276092928                             {manageable} {ergonomic}
     bool UseCompressedClassPointers               = true                                 {lp64_product} {ergonomic}
     bool UseCompressedOops                        = true                                 {lp64_product} {ergonomic}
     bool UseG1GC                                  = true                                      {product} {ergonomic}
     bool UseLargePagesIndividualAllocation        = false                                  {pd product} {ergonomic}

Logging:
Log output configuration:
 #0: stdout all=warning uptime,level,tags
 #1: stderr all=off uptime,level,tags

Environment Variables:
JAVA_HOME=C:/Program Files/Java/jdk-15.0.2
PATH=C:\Program Files\Git\mingw64\bin;C:\Program Files\Git\usr\bin;C:\Users\amaur\bin;C:\Python39\Scripts;C:\Python39;C:\Program Files\Common Files\Oracle\Java\javapath;C:\Program Files (x86)\Common Files\Oracle\Java\javapath;C:\Windows\system32;C:\Windows;C:\Windows\System32\Wbem;C:\Windows\System32\WindowsPowerShell\v1.0;C:\Windows\System32\OpenSSH;C:\Program Files\nodejs;C:\ProgramData\chocolatey\bin;C:\Program Files\Java\jdk-15.0.2\bin;C:\Program Files\Ant\apache-ant-1.10.9\bin;C:\Users\amaur\AppData\Local\Microsoft\WindowsApps;C:\Users\amaur\AppData\Local\Programs\Microsoft VS Code\bin;C:\Users\amaur\AppData\Roaming\npm
USERNAME=amaur
LANG=en_GB.UTF-8
OS=Windows_NT
PROCESSOR_IDENTIFIER=AMD64 Family 23 Model 113 Stepping 0, AuthenticAMD



---------------  S Y S T E M  ---------------

OS:
 Windows 10 , 64 bit Build 19041 (10.0.19041.804)
OS uptime: 0 days 5:39 hours

CPU: total 12 (initial active 12) (12 cores per cpu, 2 threads per core) family 23 model 113 stepping 0 microcode 0x0, cmov, cx8, fxsr, mmx, sse, sse2, sse3, ssse3, sse4.1, sse4.2, popcnt, vzeroupper, avx, avx2, aes, clmul, 3dnowpref, lzcnt, sse4a, ht, tsc, tscinvbit, tscinv, bmi1, bmi2, adx, sha, fma, clflush, clflushopt

Memory: 4k page, system-wide physical 16311M (9961M free)
TotalPageFile size 18743M (AvailPageFile size 8535M)
current process WorkingSet (physical memory assigned to process): 423M, peak: 444M
current process commit charge ("private bytes"): 786M, peak: 843M

vm_info: Java HotSpot(TM) 64-Bit Server VM (15.0.2+7-27) for windows-amd64 JRE (15.0.2+7-27), built on Dec  7 2020 20:07:01 by "mach5one" with unknown MS VC++:1925

END.
