#
# A fatal error has been detected by the Java Runtime Environment:
#
#  EXCEPTION_ACCESS_VIOLATION (0xc0000005) at pc=0x00007ffad4162780, pid=6240, tid=10196
#
# JRE version: Java(TM) SE Runtime Environment (15.0.2+7) (build 15.0.2+7-27)
# Java VM: Java HotSpot(TM) 64-Bit Server VM (15.0.2+7-27, mixed mode, sharing, tiered, compressed oops, g1 gc, windows-amd64)
# Problematic frame:
# C  [OpenCL.dll+0x2780]
#
# No core dump will be written. Minidumps are not enabled by default on client versions of Windows
#
# If you would like to submit a bug report, please visit:
#   https://bugreport.java.com/bugreport/crash.jsp
# The crash happened outside the Java Virtual Machine in native code.
# See problematic frame for where to report the bug.
#

---------------  S U M M A R Y ------------

Command Line: Launcher

Host: AMD Ryzen 5 3600 6-Core Processor              , 12 cores, 15G,  Windows 10 , 64 bit Build 19041 (10.0.19041.804)
Time: Tue Feb 16 00:55:17 2021 Romance Standard Time elapsed time: 3.816884 seconds (0d 0h 0m 3s)

---------------  T H R E A D  ---------------

Current thread (0x00000244bab3c580):  JavaThread "game_loop_thread" daemon [_thread_in_native, id=10196, stack(0x0000007ed9200000,0x0000007ed9300000)]

Stack: [0x0000007ed9200000,0x0000007ed9300000],  sp=0x0000007ed92fef98,  free space=1019k
Native frames: (J=compiled Java code, j=interpreted, Vv=VM code, C=native code)
C  [OpenCL.dll+0x2780]

Java frames: (J=compiled Java code, j=interpreted, Vv=VM code)
J 2552  org.jocl.CL.clCreateImage2DNative(Lorg/jocl/cl_context;J[Lorg/jocl/cl_image_format;JJJLorg/jocl/Pointer;[I)Lorg/jocl/cl_mem; (0 bytes) @ 0x000002449bf0c382 [0x000002449bf0c2c0+0x00000000000000c2]
J 2551 c1 org.jocl.CL.clCreateImage2D(Lorg/jocl/cl_context;J[Lorg/jocl/cl_image_format;JJJLorg/jocl/Pointer;[I)Lorg/jocl/cl_mem; (66 bytes) @ 0x0000024494d407cc [0x0000024494d40600+0x00000000000001cc]
J 2560 c1 engine.render2d.OpenCL.XXX(Ljava/awt/image/BufferedImage;Ljava/awt/image/BufferedImage;FF)V (350 bytes) @ 0x0000024494d4424c [0x0000024494d43a20+0x000000000000082c]
j  engine.scene.Scene.CL_render()V+89
j  engine.stage.Stage.run()V+134
j  java.lang.Thread.run()V+11 java.base@15.0.2
v  ~StubRoutines::call_stub

siginfo: EXCEPTION_ACCESS_VIOLATION (0xc0000005), reading address 0xffffffffffffffff


Register to memory mapping:

RIP=0x00007ffad4162780 OpenCL.dll
RAX=0x0000007ed92fefe0 is pointing into the stack for thread: 0x00000244bab3c580
RBX=0x00000244bab3c8a8 points into unknown readable memory: 0x00007ffaaaf6de40 | 40 de f6 aa fa 7f 00 00
RCX=0x00000244ba2058a0 points into unknown readable memory: 0x00000244b0867a30 | 30 7a 86 b0 44 02 00 00
RDX=0x0000000000000002 is an unknown value
RSP=0x0000007ed92fef98 is pointing into the stack for thread: 0x00000244bab3c580
RBP=0x0000007ed92ff080 is pointing into the stack for thread: 0x00000244bab3c580
RSI=0x00000244b9402ad8 points into unknown readable memory: 0x8000010c623dd8d5 | d5 d8 3d 62 0c 01 00 80
RDI=0x0000000000000001 is an unknown value
R8 =0x00000244b9402ad0 points into unknown readable memory: 0x000010da000010b5 | b5 10 00 00 da 10 00 00
R9 =0x0000000000000780 is an unknown value
R10=0x00000244b95fa920 points into unknown readable memory: 0x00000244b933b450 | 50 b4 33 b9 44 02 00 00
R11=0xcfefdfffffffffff is an unknown value
R12=0x00000244ba2058a0 points into unknown readable memory: 0x00000244b0867a30 | 30 7a 86 b0 44 02 00 00
R13=0x0000000000000002 is an unknown value
R14=0x0000000000000001 is an unknown value
R15=0x00000244b9402ad0 points into unknown readable memory: 0x000010da000010b5 | b5 10 00 00 da 10 00 00


Registers:
RAX=0x0000007ed92fefe0, RBX=0x00000244bab3c8a8, RCX=0x00000244ba2058a0, RDX=0x0000000000000002
RSP=0x0000007ed92fef98, RBP=0x0000007ed92ff080, RSI=0x00000244b9402ad8, RDI=0x0000000000000001
R8 =0x00000244b9402ad0, R9 =0x0000000000000780, R10=0x00000244b95fa920, R11=0xcfefdfffffffffff
R12=0x00000244ba2058a0, R13=0x0000000000000002, R14=0x0000000000000001, R15=0x00000244b9402ad0
RIP=0x00007ffad4162780, EFLAGS=0x0000000000010206

Top of Stack: (sp=0x0000007ed92fef98)
0x0000007ed92fef98:   00007ffada625389 0000007ed92ff080
0x0000007ed92fefa8:   00000244b9402ad0 00000244bab3c8a8
0x0000007ed92fefb8:   0000000000000002 0000000000000438
0x0000007ed92fefc8:   0000000000000000 0000000000000000
0x0000007ed92fefd8:   0000007ed92fefe0 0000000000000000
0x0000007ed92fefe8:   00000244b902e300 00000244bab3c580
0x0000007ed92feff8:   0000007ed92ff0a0 0000000000000780
0x0000007ed92ff008:   0000000000000438 0000000713f523d8
0x0000007ed92ff018:   000002449bf0c422 0000007ed92ff0b0
0x0000007ed92ff028:   0000000000000780 0000000000000000
0x0000007ed92ff038:   0000024400000001 0000007ed92ff080
0x0000007ed92ff048:   0000000000000780 0000000000000438
0x0000007ed92ff058:   0000000000000000 0000000000000000
0x0000007ed92ff068:   0000007ed92ff0c8 0000000714502d48
0x0000007ed92ff078:   00000244b97f69e0 0000000713f523c0
0x0000007ed92ff088:   00000244bab3c580 00000244b90d5301 

Instructions: (pc=0x00007ffad4162780)
0x00007ffad4162680:   8b cb e8 49 e9 04 00 85 c0 75 12 48 8d 05 0e 0d
0x00007ffad4162690:   00 00 48 8b 5c 24 30 48 83 c4 20 5f c3 48 8d 15
0x00007ffad41626a0:   14 a4 05 00 48 8b cb e8 24 e9 04 00 85 c0 75 12
0x00007ffad41626b0:   48 8d 05 b9 0e 00 00 48 8b 5c 24 30 48 83 c4 20
0x00007ffad41626c0:   5f c3 48 85 ff 74 1a 48 8b 07 48 8b d3 48 8b cf
0x00007ffad41626d0:   48 8b 5c 24 30 48 83 c4 20 5f 48 ff a0 58 03 00
0x00007ffad41626e0:   00 48 8b 5c 24 30 33 c0 48 83 c4 20 5f c3 cc cc
0x00007ffad41626f0:   48 85 c9 75 04 8d 41 dc c3 48 8b 01 48 ff 60 68
0x00007ffad4162700:   48 85 c9 75 04 8d 41 df c3 4c 8b 11 49 ff a2 c8
0x00007ffad4162710:   02 00 00 cc cc cc cc cc cc cc cc cc cc cc cc cc
0x00007ffad4162720:   48 85 c9 75 04 8d 41 df c3 48 8b 01 48 ff a0 d0
0x00007ffad4162730:   02 00 00 cc cc cc cc cc cc cc cc cc cc cc cc cc
0x00007ffad4162740:   48 85 c9 75 04 8d 41 df c3 48 8b 01 48 ff a0 d8
0x00007ffad4162750:   02 00 00 cc cc cc cc cc cc cc cc cc cc cc cc cc
0x00007ffad4162760:   48 8b 44 24 40 48 85 c9 75 0e 48 85 c0 74 06 c7
0x00007ffad4162770:   00 de ff ff ff 33 c0 c3 4c 8b 11 48 89 44 24 40
0x00007ffad4162780:   49 ff 62 78 cc cc cc cc cc cc cc cc cc cc cc cc
0x00007ffad4162790:   48 8b 44 24 50 48 85 c9 75 0e 48 85 c0 74 06 c7
0x00007ffad41627a0:   00 de ff ff ff 33 c0 c3 4c 8b 11 48 89 44 24 50
0x00007ffad41627b0:   49 ff a2 80 00 00 00 cc cc cc cc cc cc cc cc cc
0x00007ffad41627c0:   33 c0 c3 cc cc cc cc cc cc cc cc cc cc cc cc cc
0x00007ffad41627d0:   48 85 c9 75 04 8d 41 dc c3 48 8b 01 48 ff a0 f0
0x00007ffad41627e0:   01 00 00 cc cc cc cc cc cc cc cc cc cc cc cc cc
0x00007ffad41627f0:   48 85 c9 75 04 8d 41 dc c3 48 8b 01 48 ff a0 f8
0x00007ffad4162800:   01 00 00 cc cc cc cc cc cc cc cc cc cc cc cc cc
0x00007ffad4162810:   48 85 c9 75 04 8d 41 dc c3 48 8b 01 48 ff a0 00
0x00007ffad4162820:   02 00 00 cc cc cc cc cc cc cc cc cc cc cc cc cc
0x00007ffad4162830:   48 89 5c 24 08 57 48 83 ec 20 48 8b d9 48 85 c9
0x00007ffad4162840:   0f 84 9a 05 00 00 45 33 c9 48 8d 15 80 0f 00 00
0x00007ffad4162850:   45 33 c0 48 8d 0d de 5d 06 00 ff 15 48 f8 04 00
0x00007ffad4162860:   48 c7 c7 ff ff ff ff 48 ff c7 80 3c 3b 00 75 f7
0x00007ffad4162870:   48 8d 15 41 9e 05 00 48 8b cb e8 51 e7 04 00 85 


Stack slot to memory mapping:
stack at sp + 0 slots: 0x00007ffada625389 JOCL_2_0_2-windows-x86_64.dll
stack at sp + 1 slots: 0x0000007ed92ff080 is pointing into the stack for thread: 0x00000244bab3c580
stack at sp + 2 slots: 0x00000244b9402ad0 points into unknown readable memory: 0x000010da000010b5 | b5 10 00 00 da 10 00 00
stack at sp + 3 slots: 0x00000244bab3c8a8 points into unknown readable memory: 0x00007ffaaaf6de40 | 40 de f6 aa fa 7f 00 00
stack at sp + 4 slots: 0x0000000000000002 is an unknown value
stack at sp + 5 slots: 0x0000000000000438 is an unknown value
stack at sp + 6 slots: 0x0 is NULL
stack at sp + 7 slots: 0x0 is NULL


---------------  P R O C E S S  ---------------

Threads class SMR info:
_java_thread_list=0x00000244baddf740, length=16, elements={
0x00000244afc7d210, 0x00000244afc7dbf0, 0x00000244b0497790, 0x00000244b049a060,
0x00000244b049a920, 0x00000244b049c520, 0x00000244b04a03d0, 0x00000244b04aacf0,
0x00000244b05d3a10, 0x00000244b05e41d0, 0x00000244b0805aa0, 0x00000244bab3c580,
0x00000244bab178a0, 0x00000244bab17d70, 0x000002448c0c3c00, 0x00000244b92925b0
}

Java Threads: ( => current thread )
  0x00000244afc7d210 JavaThread "Reference Handler" daemon [_thread_blocked, id=12048, stack(0x0000007ed8000000,0x0000007ed8100000)]
  0x00000244afc7dbf0 JavaThread "Finalizer" daemon [_thread_blocked, id=9580, stack(0x0000007ed8100000,0x0000007ed8200000)]
  0x00000244b0497790 JavaThread "Signal Dispatcher" daemon [_thread_blocked, id=316, stack(0x0000007ed8200000,0x0000007ed8300000)]
  0x00000244b049a060 JavaThread "Attach Listener" daemon [_thread_blocked, id=13028, stack(0x0000007ed8300000,0x0000007ed8400000)]
  0x00000244b049a920 JavaThread "Service Thread" daemon [_thread_blocked, id=5352, stack(0x0000007ed8400000,0x0000007ed8500000)]
  0x00000244b049c520 JavaThread "C2 CompilerThread0" daemon [_thread_blocked, id=9336, stack(0x0000007ed8500000,0x0000007ed8600000)]
  0x00000244b04a03d0 JavaThread "C1 CompilerThread0" daemon [_thread_blocked, id=13004, stack(0x0000007ed8600000,0x0000007ed8700000)]
  0x00000244b04aacf0 JavaThread "Sweeper thread" daemon [_thread_blocked, id=4764, stack(0x0000007ed8700000,0x0000007ed8800000)]
  0x00000244b05d3a10 JavaThread "Notification Thread" daemon [_thread_blocked, id=12900, stack(0x0000007ed8800000,0x0000007ed8900000)]
  0x00000244b05e41d0 JavaThread "Common-Cleaner" daemon [_thread_blocked, id=2812, stack(0x0000007ed8a00000,0x0000007ed8b00000)]
  0x00000244b0805aa0 JavaThread "Java2D Disposer" daemon [_thread_blocked, id=9836, stack(0x0000007ed8b00000,0x0000007ed8c00000)]
=>0x00000244bab3c580 JavaThread "game_loop_thread" daemon [_thread_in_native, id=10196, stack(0x0000007ed9200000,0x0000007ed9300000)]
  0x00000244bab178a0 JavaThread "AWT-Shutdown" [_thread_blocked, id=12320, stack(0x0000007ed9300000,0x0000007ed9400000)]
  0x00000244bab17d70 JavaThread "AWT-EventQueue-0" [_thread_blocked, id=12648, stack(0x0000007eda600000,0x0000007eda700000)]
  0x000002448c0c3c00 JavaThread "DestroyJavaVM" [_thread_blocked, id=9756, stack(0x0000007ed7900000,0x0000007ed7a00000)]
  0x00000244b92925b0 JavaThread "ToolkitShutdown" daemon [_thread_in_native, id=9508, stack(0x0000007eda000000,0x0000007eda100000)]

Other Threads:
  0x00000244afc7c370 VMThread "VM Thread" [stack: 0x0000007ed7f00000,0x0000007ed8000000] [id=2716]
  0x00000244b05e3ec0 WatcherThread [stack: 0x0000007ed8900000,0x0000007ed8a00000] [id=12176]
  0x000002448c114580 GCTaskThread "GC Thread#0" [stack: 0x0000007ed7a00000,0x0000007ed7b00000] [id=12100]
  0x00000244b0c8fde0 GCTaskThread "GC Thread#1" [stack: 0x0000007ed9400000,0x0000007ed9500000] [id=6532]
  0x00000244b0c91a90 GCTaskThread "GC Thread#2" [stack: 0x0000007ed9500000,0x0000007ed9600000] [id=6484]
  0x00000244b0c90110 GCTaskThread "GC Thread#3" [stack: 0x0000007ed9600000,0x0000007ed9700000] [id=288]
  0x00000244b0c90aa0 GCTaskThread "GC Thread#4" [stack: 0x0000007ed9700000,0x0000007ed9800000] [id=12688]
  0x00000244b0c90440 GCTaskThread "GC Thread#5" [stack: 0x0000007ed9800000,0x0000007ed9900000] [id=11384]
  0x00000244b0c91760 GCTaskThread "GC Thread#6" [stack: 0x0000007ed9900000,0x0000007ed9a00000] [id=6468]
  0x00000244b0c90770 GCTaskThread "GC Thread#7" [stack: 0x0000007ed9a00000,0x0000007ed9b00000] [id=4288]
  0x000002448c1254b0 ConcurrentGCThread "G1 Main Marker" [stack: 0x0000007ed7b00000,0x0000007ed7c00000] [id=11812]
  0x000002448c126960 ConcurrentGCThread "G1 Conc#0" [stack: 0x0000007ed7c00000,0x0000007ed7d00000] [id=3708]
  0x00000244b0c8eac0 ConcurrentGCThread "G1 Conc#1" [stack: 0x0000007ed9000000,0x0000007ed9100000] [id=10916]
  0x00000244b0c8f450 ConcurrentGCThread "G1 Conc#2" [stack: 0x0000007ed9f00000,0x0000007eda000000] [id=8764]
  0x000002448c19e460 ConcurrentGCThread "G1 Refine#0" [stack: 0x0000007ed7d00000,0x0000007ed7e00000] [id=10060]
  0x00000244b8ad46b0 ConcurrentGCThread "G1 Refine#1" [stack: 0x0000007ed9b00000,0x0000007ed9c00000] [id=8872]
  0x00000244b8b939b0 ConcurrentGCThread "G1 Refine#2" [stack: 0x0000007ed9c00000,0x0000007ed9d00000] [id=7808]
  0x00000244b13f9cf0 ConcurrentGCThread "G1 Refine#3" [stack: 0x0000007ed9d00000,0x0000007ed9e00000] [id=9096]
  0x00000244b8a12820 ConcurrentGCThread "G1 Refine#4" [stack: 0x0000007ed9e00000,0x0000007ed9f00000] [id=9040]
  0x00000244afaee120 ConcurrentGCThread "G1 Young RemSet Sampling" [stack: 0x0000007ed7e00000,0x0000007ed7f00000] [id=8456]

Threads with active compile tasks:

VM state: not at safepoint (normal execution)

VM Mutex/Monitor currently owned by a thread: None

Heap address: 0x0000000701200000, size: 4078 MB, Compressed Oops mode: Zero based, Oop shift amount: 3
CDS archive(s) mapped at: [0x0000000800000000-0x0000000800b50000-0x0000000800b50000), size 11862016, SharedBaseAddress: 0x0000000800000000, ArchiveRelocationMode: 0.
Compressed class space mapped at: 0x0000000800b50000-0x0000000840b50000, size: 1073741824
Narrow klass base: 0x0000000800000000, Narrow klass shift: 3, Narrow klass range: 0x100000000

GC Precious Log:
 CPUs: 12 total, 12 available
 Memory: 16311M
 Large Page Support: Disabled
 NUMA Support: Disabled
 Compressed Oops: Enabled (Zero based)
 Heap Region Size: 2M
 Heap Min Capacity: 8M
 Heap Initial Capacity: 256M
 Heap Max Capacity: 4078M
 Pre-touch: Disabled
 Parallel Workers: 10
 Concurrent Workers: 3
 Concurrent Refinement Workers: 10
 Periodic GC: Disabled

Heap:
 garbage-first heap   total 315392K, used 97504K [0x0000000701200000, 0x0000000800000000)
  region size 2048K, 6 young (12288K), 1 survivors (2048K)
 Metaspace       used 21309K, capacity 21466K, committed 21632K, reserved 1069056K
  class space    used 2281K, capacity 2323K, committed 2432K, reserved 1048576K

Heap Regions: E=young(eden), S=young(survivor), O=old, HS=humongous(starts), HC=humongous(continues), CS=collection set, F=free, OA=open archive, CA=closed archive, TAMS=top-at-mark-start (previous, next)
|   0|0x0000000701200000, 0x0000000701400000, 0x0000000701400000|100%|HS|  |TAMS 0x0000000701400000, 0x0000000701200000| Complete 
|   1|0x0000000701400000, 0x0000000701600000, 0x0000000701600000|100%| O|  |TAMS 0x0000000701400000, 0x0000000701400000| Untracked 
|   2|0x0000000701600000, 0x0000000701800000, 0x0000000701800000|100%|HS|  |TAMS 0x0000000701800000, 0x0000000701600000| Complete 
|   3|0x0000000701800000, 0x0000000701a00000, 0x0000000701a00000|100%| O|  |TAMS 0x0000000701800000, 0x0000000701800000| Untracked 
|   4|0x0000000701a00000, 0x0000000701c00000, 0x0000000701c00000|100%| O|  |TAMS 0x0000000701c00000, 0x0000000701a00000| Untracked 
|   5|0x0000000701c00000, 0x0000000701e00000, 0x0000000701e00000|100%| O|  |TAMS 0x0000000701e00000, 0x0000000701c00000| Untracked 
|   6|0x0000000701e00000, 0x0000000702000000, 0x0000000702000000|100%| O|  |TAMS 0x0000000701e00000, 0x0000000701e00000| Untracked 
|   7|0x0000000702000000, 0x0000000702200000, 0x0000000702200000|100%| O|  |TAMS 0x0000000702200000, 0x0000000702000000| Untracked 
|   8|0x0000000702200000, 0x0000000702400000, 0x0000000702400000|100%| O|  |TAMS 0x00000007023fe200, 0x0000000702200000| Untracked 
|   9|0x0000000702400000, 0x0000000702400000, 0x0000000702600000|  0%| F|  |TAMS 0x0000000702400000, 0x0000000702400000| Untracked 
|  10|0x0000000702600000, 0x0000000702600000, 0x0000000702800000|  0%| F|  |TAMS 0x0000000702600000, 0x0000000702600000| Untracked 
|  11|0x0000000702800000, 0x0000000702a00000, 0x0000000702a00000|100%| O|  |TAMS 0x0000000702800000, 0x0000000702800000| Untracked 
|  12|0x0000000702a00000, 0x0000000702c00000, 0x0000000702c00000|100%| O|  |TAMS 0x0000000702a00000, 0x0000000702a00000| Untracked 
|  13|0x0000000702c00000, 0x0000000702e00000, 0x0000000702e00000|100%| O|  |TAMS 0x0000000702c00000, 0x0000000702c00000| Untracked 
|  14|0x0000000702e00000, 0x0000000702faae00, 0x0000000703000000| 83%| O|  |TAMS 0x0000000702e00000, 0x0000000702e00000| Untracked 
|  15|0x0000000703000000, 0x0000000703200000, 0x0000000703200000|100%|HS|  |TAMS 0x0000000703200000, 0x0000000703000000| Complete 
|  16|0x0000000703200000, 0x0000000703400000, 0x0000000703400000|100%|HC|  |TAMS 0x0000000703400000, 0x0000000703200000| Complete 
|  17|0x0000000703400000, 0x0000000703600000, 0x0000000703600000|100%|HC|  |TAMS 0x0000000703600000, 0x0000000703400000| Complete 
|  18|0x0000000703600000, 0x0000000703600000, 0x0000000703800000|  0%| F|  |TAMS 0x0000000703600000, 0x0000000703600000| Untracked 
|  19|0x0000000703800000, 0x0000000703a00000, 0x0000000703a00000|100%|HS|  |TAMS 0x0000000703a00000, 0x0000000703800000| Complete 
|  20|0x0000000703a00000, 0x0000000703c00000, 0x0000000703c00000|100%|HS|  |TAMS 0x0000000703a00000, 0x0000000703a00000| Complete 
|  21|0x0000000703c00000, 0x0000000703e00000, 0x0000000703e00000|100%|HC|  |TAMS 0x0000000703c00000, 0x0000000703c00000| Complete 
|  22|0x0000000703e00000, 0x0000000704000000, 0x0000000704000000|100%|HC|  |TAMS 0x0000000703e00000, 0x0000000703e00000| Complete 
|  23|0x0000000704000000, 0x0000000704200000, 0x0000000704200000|100%|HC|  |TAMS 0x0000000704000000, 0x0000000704000000| Complete 
|  24|0x0000000704200000, 0x0000000704400000, 0x0000000704400000|100%|HS|  |TAMS 0x0000000704200000, 0x0000000704200000| Complete 
|  25|0x0000000704400000, 0x0000000704600000, 0x0000000704600000|100%|HC|  |TAMS 0x0000000704400000, 0x0000000704400000| Complete 
|  26|0x0000000704600000, 0x0000000704800000, 0x0000000704800000|100%|HC|  |TAMS 0x0000000704600000, 0x0000000704600000| Complete 
|  27|0x0000000704800000, 0x0000000704a00000, 0x0000000704a00000|100%|HC|  |TAMS 0x0000000704800000, 0x0000000704800000| Complete 
|  28|0x0000000704a00000, 0x0000000704a00000, 0x0000000704c00000|  0%| F|  |TAMS 0x0000000704a00000, 0x0000000704a00000| Untracked 
|  29|0x0000000704c00000, 0x0000000704c00000, 0x0000000704e00000|  0%| F|  |TAMS 0x0000000704c00000, 0x0000000704c00000| Untracked 
|  30|0x0000000704e00000, 0x0000000704e00000, 0x0000000705000000|  0%| F|  |TAMS 0x0000000704e00000, 0x0000000704e00000| Untracked 
|  31|0x0000000705000000, 0x0000000705000000, 0x0000000705200000|  0%| F|  |TAMS 0x0000000705000000, 0x0000000705000000| Untracked 
|  32|0x0000000705200000, 0x0000000705200000, 0x0000000705400000|  0%| F|  |TAMS 0x0000000705200000, 0x0000000705200000| Untracked 
|  33|0x0000000705400000, 0x0000000705400000, 0x0000000705600000|  0%| F|  |TAMS 0x0000000705400000, 0x0000000705400000| Untracked 
|  34|0x0000000705600000, 0x0000000705600000, 0x0000000705800000|  0%| F|  |TAMS 0x0000000705600000, 0x0000000705600000| Untracked 
|  35|0x0000000705800000, 0x0000000705800000, 0x0000000705a00000|  0%| F|  |TAMS 0x0000000705800000, 0x0000000705800000| Untracked 
|  36|0x0000000705a00000, 0x0000000705a00000, 0x0000000705c00000|  0%| F|  |TAMS 0x0000000705a00000, 0x0000000705a00000| Untracked 
|  37|0x0000000705c00000, 0x0000000705c00000, 0x0000000705e00000|  0%| F|  |TAMS 0x0000000705c00000, 0x0000000705c00000| Untracked 
|  38|0x0000000705e00000, 0x0000000705e00000, 0x0000000706000000|  0%| F|  |TAMS 0x0000000705e00000, 0x0000000705e00000| Untracked 
|  39|0x0000000706000000, 0x0000000706000000, 0x0000000706200000|  0%| F|  |TAMS 0x0000000706000000, 0x0000000706000000| Untracked 
|  40|0x0000000706200000, 0x0000000706200000, 0x0000000706400000|  0%| F|  |TAMS 0x0000000706200000, 0x0000000706200000| Untracked 
|  41|0x0000000706400000, 0x0000000706400000, 0x0000000706600000|  0%| F|  |TAMS 0x0000000706400000, 0x0000000706400000| Untracked 
|  42|0x0000000706600000, 0x0000000706600000, 0x0000000706800000|  0%| F|  |TAMS 0x0000000706600000, 0x0000000706600000| Untracked 
|  43|0x0000000706800000, 0x0000000706800000, 0x0000000706a00000|  0%| F|  |TAMS 0x0000000706800000, 0x0000000706800000| Untracked 
|  44|0x0000000706a00000, 0x0000000706a00000, 0x0000000706c00000|  0%| F|  |TAMS 0x0000000706a00000, 0x0000000706a00000| Untracked 
|  45|0x0000000706c00000, 0x0000000706c00000, 0x0000000706e00000|  0%| F|  |TAMS 0x0000000706c00000, 0x0000000706c00000| Untracked 
|  46|0x0000000706e00000, 0x0000000706e00000, 0x0000000707000000|  0%| F|  |TAMS 0x0000000706e00000, 0x0000000706e00000| Untracked 
|  47|0x0000000707000000, 0x0000000707000000, 0x0000000707200000|  0%| F|  |TAMS 0x0000000707000000, 0x0000000707000000| Untracked 
|  48|0x0000000707200000, 0x0000000707200000, 0x0000000707400000|  0%| F|  |TAMS 0x0000000707200000, 0x0000000707200000| Untracked 
|  49|0x0000000707400000, 0x0000000707400000, 0x0000000707600000|  0%| F|  |TAMS 0x0000000707400000, 0x0000000707400000| Untracked 
|  50|0x0000000707600000, 0x0000000707600000, 0x0000000707800000|  0%| F|  |TAMS 0x0000000707600000, 0x0000000707600000| Untracked 
|  51|0x0000000707800000, 0x0000000707a00000, 0x0000000707a00000|100%| O|  |TAMS 0x0000000707800000, 0x0000000707800000| Untracked 
|  52|0x0000000707a00000, 0x0000000707a00000, 0x0000000707c00000|  0%| F|  |TAMS 0x0000000707a00000, 0x0000000707a00000| Untracked 
|  53|0x0000000707c00000, 0x0000000707c00000, 0x0000000707e00000|  0%| F|  |TAMS 0x0000000707c00000, 0x0000000707c00000| Untracked 
|  54|0x0000000707e00000, 0x0000000707e00000, 0x0000000708000000|  0%| F|  |TAMS 0x0000000707e00000, 0x0000000707e00000| Untracked 
|  55|0x0000000708000000, 0x0000000708000000, 0x0000000708200000|  0%| F|  |TAMS 0x0000000708000000, 0x0000000708000000| Untracked 
|  56|0x0000000708200000, 0x0000000708200000, 0x0000000708400000|  0%| F|  |TAMS 0x0000000708200000, 0x0000000708200000| Untracked 
|  57|0x0000000708400000, 0x0000000708400000, 0x0000000708600000|  0%| F|  |TAMS 0x0000000708400000, 0x0000000708400000| Untracked 
|  58|0x0000000708600000, 0x0000000708600000, 0x0000000708800000|  0%| F|  |TAMS 0x0000000708600000, 0x0000000708600000| Untracked 
|  59|0x0000000708800000, 0x0000000708800000, 0x0000000708a00000|  0%| F|  |TAMS 0x0000000708800000, 0x0000000708800000| Untracked 
|  60|0x0000000708a00000, 0x0000000708a00000, 0x0000000708c00000|  0%| F|  |TAMS 0x0000000708a00000, 0x0000000708a00000| Untracked 
|  61|0x0000000708c00000, 0x0000000708c00000, 0x0000000708e00000|  0%| F|  |TAMS 0x0000000708c00000, 0x0000000708c00000| Untracked 
|  62|0x0000000708e00000, 0x0000000708e00000, 0x0000000709000000|  0%| F|  |TAMS 0x0000000708e00000, 0x0000000708e00000| Untracked 
|  63|0x0000000709000000, 0x0000000709000000, 0x0000000709200000|  0%| F|  |TAMS 0x0000000709000000, 0x0000000709000000| Untracked 
|  64|0x0000000709200000, 0x0000000709200000, 0x0000000709400000|  0%| F|  |TAMS 0x0000000709200000, 0x0000000709200000| Untracked 
|  65|0x0000000709400000, 0x0000000709400000, 0x0000000709600000|  0%| F|  |TAMS 0x0000000709400000, 0x0000000709400000| Untracked 
|  66|0x0000000709600000, 0x0000000709600000, 0x0000000709800000|  0%| F|  |TAMS 0x0000000709600000, 0x0000000709600000| Untracked 
|  67|0x0000000709800000, 0x0000000709800000, 0x0000000709a00000|  0%| F|  |TAMS 0x0000000709800000, 0x0000000709800000| Untracked 
|  68|0x0000000709a00000, 0x0000000709a00000, 0x0000000709c00000|  0%| F|  |TAMS 0x0000000709a00000, 0x0000000709a00000| Untracked 
|  69|0x0000000709c00000, 0x0000000709c00000, 0x0000000709e00000|  0%| F|  |TAMS 0x0000000709c00000, 0x0000000709c00000| Untracked 
|  70|0x0000000709e00000, 0x000000070a000000, 0x000000070a000000|100%|HS|  |TAMS 0x0000000709e00000, 0x0000000709e00000| Complete 
|  71|0x000000070a000000, 0x000000070a200000, 0x000000070a200000|100%|HC|  |TAMS 0x000000070a000000, 0x000000070a000000| Complete 
|  72|0x000000070a200000, 0x000000070a400000, 0x000000070a400000|100%|HC|  |TAMS 0x000000070a200000, 0x000000070a200000| Complete 
|  73|0x000000070a400000, 0x000000070a600000, 0x000000070a600000|100%|HC|  |TAMS 0x000000070a400000, 0x000000070a400000| Complete 
|  74|0x000000070a600000, 0x000000070a800000, 0x000000070a800000|100%|HC|  |TAMS 0x000000070a600000, 0x000000070a600000| Complete 
|  75|0x000000070a800000, 0x000000070aa00000, 0x000000070aa00000|100%|HC|  |TAMS 0x000000070a800000, 0x000000070a800000| Complete 
|  76|0x000000070aa00000, 0x000000070ac00000, 0x000000070ac00000|100%|HC|  |TAMS 0x000000070aa00000, 0x000000070aa00000| Complete 
|  77|0x000000070ac00000, 0x000000070ae00000, 0x000000070ae00000|100%|HC|  |TAMS 0x000000070ac00000, 0x000000070ac00000| Complete 
|  78|0x000000070ae00000, 0x000000070b000000, 0x000000070b000000|100%|HC|  |TAMS 0x000000070ae00000, 0x000000070ae00000| Complete 
|  79|0x000000070b000000, 0x000000070b200000, 0x000000070b200000|100%|HC|  |TAMS 0x000000070b000000, 0x000000070b000000| Complete 
|  80|0x000000070b200000, 0x000000070b400000, 0x000000070b400000|100%|HC|  |TAMS 0x000000070b200000, 0x000000070b200000| Complete 
|  81|0x000000070b400000, 0x000000070b600000, 0x000000070b600000|100%|HC|  |TAMS 0x000000070b400000, 0x000000070b400000| Complete 
|  82|0x000000070b600000, 0x000000070b800000, 0x000000070b800000|100%|HC|  |TAMS 0x000000070b600000, 0x000000070b600000| Complete 
|  83|0x000000070b800000, 0x000000070ba00000, 0x000000070ba00000|100%|HC|  |TAMS 0x000000070b800000, 0x000000070b800000| Complete 
|  84|0x000000070ba00000, 0x000000070bc00000, 0x000000070bc00000|100%|HC|  |TAMS 0x000000070ba00000, 0x000000070ba00000| Complete 
|  85|0x000000070bc00000, 0x000000070be00000, 0x000000070be00000|100%|HC|  |TAMS 0x000000070bc00000, 0x000000070bc00000| Complete 
|  86|0x000000070be00000, 0x000000070c000000, 0x000000070c000000|100%|HC|  |TAMS 0x000000070be00000, 0x000000070be00000| Complete 
|  87|0x000000070c000000, 0x000000070c000000, 0x000000070c200000|  0%| F|  |TAMS 0x000000070c000000, 0x000000070c000000| Untracked 
|  88|0x000000070c200000, 0x000000070c200000, 0x000000070c400000|  0%| F|  |TAMS 0x000000070c200000, 0x000000070c200000| Untracked 
|  89|0x000000070c400000, 0x000000070c400000, 0x000000070c600000|  0%| F|  |TAMS 0x000000070c400000, 0x000000070c400000| Untracked 
|  90|0x000000070c600000, 0x000000070c600000, 0x000000070c800000|  0%| F|  |TAMS 0x000000070c600000, 0x000000070c600000| Untracked 
|  91|0x000000070c800000, 0x000000070c800000, 0x000000070ca00000|  0%| F|  |TAMS 0x000000070c800000, 0x000000070c800000| Untracked 
|  92|0x000000070ca00000, 0x000000070ca00000, 0x000000070cc00000|  0%| F|  |TAMS 0x000000070ca00000, 0x000000070ca00000| Untracked 
|  93|0x000000070cc00000, 0x000000070cc00000, 0x000000070ce00000|  0%| F|  |TAMS 0x000000070cc00000, 0x000000070cc00000| Untracked 
|  94|0x000000070ce00000, 0x000000070ce00000, 0x000000070d000000|  0%| F|  |TAMS 0x000000070ce00000, 0x000000070ce00000| Untracked 
|  95|0x000000070d000000, 0x000000070d000000, 0x000000070d200000|  0%| F|  |TAMS 0x000000070d000000, 0x000000070d000000| Untracked 
|  96|0x000000070d200000, 0x000000070d200000, 0x000000070d400000|  0%| F|  |TAMS 0x000000070d200000, 0x000000070d200000| Untracked 
|  97|0x000000070d400000, 0x000000070d400000, 0x000000070d600000|  0%| F|  |TAMS 0x000000070d400000, 0x000000070d400000| Untracked 
|  98|0x000000070d600000, 0x000000070d600000, 0x000000070d800000|  0%| F|  |TAMS 0x000000070d600000, 0x000000070d600000| Untracked 
|  99|0x000000070d800000, 0x000000070d800000, 0x000000070da00000|  0%| F|  |TAMS 0x000000070d800000, 0x000000070d800000| Untracked 
| 100|0x000000070da00000, 0x000000070da00000, 0x000000070dc00000|  0%| F|  |TAMS 0x000000070da00000, 0x000000070da00000| Untracked 
| 101|0x000000070dc00000, 0x000000070dc00000, 0x000000070de00000|  0%| F|  |TAMS 0x000000070dc00000, 0x000000070dc00000| Untracked 
| 102|0x000000070de00000, 0x000000070de00000, 0x000000070e000000|  0%| F|  |TAMS 0x000000070de00000, 0x000000070de00000| Untracked 
| 103|0x000000070e000000, 0x000000070e000000, 0x000000070e200000|  0%| F|  |TAMS 0x000000070e000000, 0x000000070e000000| Untracked 
| 104|0x000000070e200000, 0x000000070e200000, 0x000000070e400000|  0%| F|  |TAMS 0x000000070e200000, 0x000000070e200000| Untracked 
| 105|0x000000070e400000, 0x000000070e400000, 0x000000070e600000|  0%| F|  |TAMS 0x000000070e400000, 0x000000070e400000| Untracked 
| 106|0x000000070e600000, 0x000000070e600000, 0x000000070e800000|  0%| F|  |TAMS 0x000000070e600000, 0x000000070e600000| Untracked 
| 107|0x000000070e800000, 0x000000070e800000, 0x000000070ea00000|  0%| F|  |TAMS 0x000000070e800000, 0x000000070e800000| Untracked 
| 108|0x000000070ea00000, 0x000000070ea00000, 0x000000070ec00000|  0%| F|  |TAMS 0x000000070ea00000, 0x000000070ea00000| Untracked 
| 109|0x000000070ec00000, 0x000000070ec00000, 0x000000070ee00000|  0%| F|  |TAMS 0x000000070ec00000, 0x000000070ec00000| Untracked 
| 110|0x000000070ee00000, 0x000000070ee00000, 0x000000070f000000|  0%| F|  |TAMS 0x000000070ee00000, 0x000000070ee00000| Untracked 
| 111|0x000000070f000000, 0x000000070f000000, 0x000000070f200000|  0%| F|  |TAMS 0x000000070f000000, 0x000000070f000000| Untracked 
| 112|0x000000070f200000, 0x000000070f200000, 0x000000070f400000|  0%| F|  |TAMS 0x000000070f200000, 0x000000070f200000| Untracked 
| 113|0x000000070f400000, 0x000000070f400000, 0x000000070f600000|  0%| F|  |TAMS 0x000000070f400000, 0x000000070f400000| Untracked 
| 114|0x000000070f600000, 0x000000070f600000, 0x000000070f800000|  0%| F|  |TAMS 0x000000070f600000, 0x000000070f600000| Untracked 
| 115|0x000000070f800000, 0x000000070f800000, 0x000000070fa00000|  0%| F|  |TAMS 0x000000070f800000, 0x000000070f800000| Untracked 
| 116|0x000000070fa00000, 0x000000070fa00000, 0x000000070fc00000|  0%| F|  |TAMS 0x000000070fa00000, 0x000000070fa00000| Untracked 
| 117|0x000000070fc00000, 0x000000070fc00000, 0x000000070fe00000|  0%| F|  |TAMS 0x000000070fc00000, 0x000000070fc00000| Untracked 
| 118|0x000000070fe00000, 0x000000070fe00000, 0x0000000710000000|  0%| F|  |TAMS 0x000000070fe00000, 0x000000070fe00000| Untracked 
| 119|0x0000000710000000, 0x0000000710000000, 0x0000000710200000|  0%| F|  |TAMS 0x0000000710000000, 0x0000000710000000| Untracked 
| 120|0x0000000710200000, 0x0000000710200000, 0x0000000710400000|  0%| F|  |TAMS 0x0000000710200000, 0x0000000710200000| Untracked 
| 121|0x0000000710400000, 0x0000000710400000, 0x0000000710600000|  0%| F|  |TAMS 0x0000000710400000, 0x0000000710400000| Untracked 
| 122|0x0000000710600000, 0x0000000710600000, 0x0000000710800000|  0%| F|  |TAMS 0x0000000710600000, 0x0000000710600000| Untracked 
| 123|0x0000000710800000, 0x0000000710800000, 0x0000000710a00000|  0%| F|  |TAMS 0x0000000710800000, 0x0000000710800000| Untracked 
| 124|0x0000000710a00000, 0x0000000710a00000, 0x0000000710c00000|  0%| F|  |TAMS 0x0000000710a00000, 0x0000000710a00000| Untracked 
| 125|0x0000000710c00000, 0x0000000710c00000, 0x0000000710e00000|  0%| F|  |TAMS 0x0000000710c00000, 0x0000000710c00000| Untracked 
| 126|0x0000000710e00000, 0x0000000710f8d508, 0x0000000711000000| 77%| S|CS|TAMS 0x0000000710e00000, 0x0000000710e00000| Complete 
| 127|0x0000000711000000, 0x0000000711000000, 0x0000000711200000|  0%| F|  |TAMS 0x0000000711000000, 0x0000000711000000| Untracked 
| 128|0x0000000711200000, 0x0000000711200000, 0x0000000711400000|  0%| F|  |TAMS 0x0000000711200000, 0x0000000711200000| Untracked 
| 129|0x0000000711400000, 0x0000000711400000, 0x0000000711600000|  0%| F|  |TAMS 0x0000000711400000, 0x0000000711400000| Untracked 
| 130|0x0000000711600000, 0x0000000711600000, 0x0000000711800000|  0%| F|  |TAMS 0x0000000711600000, 0x0000000711600000| Untracked 
| 131|0x0000000711800000, 0x0000000711800000, 0x0000000711a00000|  0%| F|  |TAMS 0x0000000711800000, 0x0000000711800000| Untracked 
| 132|0x0000000711a00000, 0x0000000711a00000, 0x0000000711c00000|  0%| F|  |TAMS 0x0000000711a00000, 0x0000000711a00000| Untracked 
| 133|0x0000000711c00000, 0x0000000711c00000, 0x0000000711e00000|  0%| F|  |TAMS 0x0000000711c00000, 0x0000000711c00000| Untracked 
| 134|0x0000000711e00000, 0x0000000711e00000, 0x0000000712000000|  0%| F|  |TAMS 0x0000000711e00000, 0x0000000711e00000| Untracked 
| 135|0x0000000712000000, 0x0000000712000000, 0x0000000712200000|  0%| F|  |TAMS 0x0000000712000000, 0x0000000712000000| Untracked 
| 136|0x0000000712200000, 0x0000000712200000, 0x0000000712400000|  0%| F|  |TAMS 0x0000000712200000, 0x0000000712200000| Untracked 
| 137|0x0000000712400000, 0x0000000712400000, 0x0000000712600000|  0%| F|  |TAMS 0x0000000712400000, 0x0000000712400000| Untracked 
| 138|0x0000000712600000, 0x0000000712600000, 0x0000000712800000|  0%| F|  |TAMS 0x0000000712600000, 0x0000000712600000| Untracked 
| 139|0x0000000712800000, 0x0000000712800000, 0x0000000712a00000|  0%| F|  |TAMS 0x0000000712800000, 0x0000000712800000| Untracked 
| 140|0x0000000712a00000, 0x0000000712a00000, 0x0000000712c00000|  0%| F|  |TAMS 0x0000000712a00000, 0x0000000712a00000| Untracked 
| 141|0x0000000712c00000, 0x0000000712c00000, 0x0000000712e00000|  0%| F|  |TAMS 0x0000000712c00000, 0x0000000712c00000| Untracked 
| 142|0x0000000712e00000, 0x0000000712e00000, 0x0000000713000000|  0%| F|  |TAMS 0x0000000712e00000, 0x0000000712e00000| Untracked 
| 143|0x0000000713000000, 0x0000000713000000, 0x0000000713200000|  0%| F|  |TAMS 0x0000000713000000, 0x0000000713000000| Untracked 
| 144|0x0000000713200000, 0x0000000713200000, 0x0000000713400000|  0%| F|  |TAMS 0x0000000713200000, 0x0000000713200000| Untracked 
| 145|0x0000000713400000, 0x0000000713400000, 0x0000000713600000|  0%| F|  |TAMS 0x0000000713400000, 0x0000000713400000| Untracked 
| 146|0x0000000713600000, 0x0000000713600000, 0x0000000713800000|  0%| F|  |TAMS 0x0000000713600000, 0x0000000713600000| Untracked 
| 147|0x0000000713800000, 0x0000000713800000, 0x0000000713a00000|  0%| F|  |TAMS 0x0000000713800000, 0x0000000713800000| Untracked 
| 148|0x0000000713a00000, 0x0000000713a00000, 0x0000000713c00000|  0%| F|  |TAMS 0x0000000713a00000, 0x0000000713a00000| Untracked 
| 149|0x0000000713c00000, 0x0000000713d00800, 0x0000000713e00000| 50%| E|  |TAMS 0x0000000713c00000, 0x0000000713c00000| Complete 
| 150|0x0000000713e00000, 0x0000000714000000, 0x0000000714000000|100%| E|CS|TAMS 0x0000000713e00000, 0x0000000713e00000| Complete 
| 151|0x0000000714000000, 0x0000000714200000, 0x0000000714200000|100%| E|CS|TAMS 0x0000000714000000, 0x0000000714000000| Complete 
| 152|0x0000000714200000, 0x0000000714400000, 0x0000000714400000|100%| E|CS|TAMS 0x0000000714200000, 0x0000000714200000| Complete 
| 153|0x0000000714400000, 0x0000000714600000, 0x0000000714600000|100%| E|CS|TAMS 0x0000000714400000, 0x0000000714400000| Complete 

Card table byte_map: [0x00000244a4050000,0x00000244a4850000] _byte_map_base: 0x00000244a0847000

Marking Bits (Prev, Next): (CMBitMap*) 0x000002448c114cc0, (CMBitMap*) 0x000002448c114c80
 Prev Bits: [0x00000244a9010000, 0x00000244acfc8000)
 Next Bits: [0x00000244a5050000, 0x00000244a9008000)

Polling page: 0x000002448b8a0000

Metaspace:

Usage:
  Non-class:     18.69 MB capacity,    18.58 MB (>99%) used,    90.27 KB ( <1%) free+waste,    24.38 KB ( <1%) overhead. 
      Class:      2.27 MB capacity,     2.23 MB ( 98%) used,    33.55 KB (  1%) free+waste,     8.31 KB ( <1%) overhead. 
       Both:     20.96 MB capacity,    20.81 MB (>99%) used,   123.82 KB ( <1%) free+waste,    32.69 KB ( <1%) overhead. 

Virtual space:
  Non-class space:       20.00 MB reserved,      18.75 MB ( 94%) committed 
      Class space:        1.00 GB reserved,       2.38 MB ( <1%) committed 
             Both:        1.02 GB reserved,      21.12 MB (  2%) committed 

Chunk freelists:
   Non-Class:  57.00 KB
       Class:  13.00 KB
        Both:  70.00 KB

MaxMetaspaceSize: 17179869184.00 GB
CompressedClassSpaceSize: 1.00 GB

CodeHeap 'non-profiled nmethods': size=120000Kb used=1287Kb max_used=1287Kb free=118713Kb
 bounds [0x000002449bdd0000, 0x000002449c040000, 0x00000244a3300000]
CodeHeap 'profiled nmethods': size=120000Kb used=4846Kb max_used=4846Kb free=115153Kb
 bounds [0x00000244948a0000, 0x0000024494d60000, 0x000002449bdd0000]
CodeHeap 'non-nmethods': size=5760Kb used=1419Kb max_used=1436Kb free=4340Kb
 bounds [0x0000024494300000, 0x0000024494570000, 0x00000244948a0000]
 total_blobs=3375 nmethods=2627 adapters=661
 compilation: enabled
              stopped_count=0, restarted_count=0
 full_count=0

Compilation events (20 events):
Event: 3.594 Thread 0x00000244b04a03d0 2618       3       java.util.concurrent.locks.ReentrantLock::lock (8 bytes)
Event: 3.595 Thread 0x00000244b04a03d0 nmethod 2618 0x0000024494d59510 code [0x0000024494d596c0, 0x0000024494d59978]
Event: 3.595 Thread 0x00000244b04a03d0 2619       3       java.util.concurrent.locks.ReentrantLock$Sync::lock (13 bytes)
Event: 3.595 Thread 0x00000244b04a03d0 nmethod 2619 0x0000024494d59a90 code [0x0000024494d59c40, 0x0000024494d59e78]
Event: 3.595 Thread 0x00000244b04a03d0 2620       3       java.util.concurrent.locks.ReentrantLock::unlock (10 bytes)
Event: 3.595 Thread 0x00000244b04a03d0 nmethod 2620 0x0000024494d59f10 code [0x0000024494d5a0c0, 0x0000024494d5a378]
Event: 3.776 Thread 0x00000244b04a03d0 2621   !   3       sun.awt.AWTAutoShutdown::setToolkitBusy (124 bytes)
Event: 3.776 Thread 0x00000244b04a03d0 nmethod 2621 0x0000024494d5a490 code [0x0000024494d5a6a0, 0x0000024494d5ac88]
Event: 3.777 Thread 0x00000244b04a03d0 2622       1       java.util.EventObject::getSource (5 bytes)
Event: 3.777 Thread 0x00000244b04a03d0 nmethod 2622 0x000002449bf10910 code [0x000002449bf10aa0, 0x000002449bf10b58]
Event: 3.782 Thread 0x00000244b049c520 2623       4       java.util.StringTokenizer::scanToken (179 bytes)
Event: 3.786 Thread 0x00000244b04a03d0 2625       3       java.lang.StringBuilder::<init> (6 bytes)
Event: 3.787 Thread 0x00000244b04a03d0 nmethod 2625 0x0000024494d5af90 code [0x0000024494d5b140, 0x0000024494d5b268]
Event: 3.787 Thread 0x00000244b049c520 nmethod 2623 0x000002449bf10c10 code [0x000002449bf10da0, 0x000002449bf110d8]
Event: 3.787 Thread 0x00000244b049c520 2624       4       java.util.HashSet::add (20 bytes)
Event: 3.789 Thread 0x00000244b049c520 nmethod 2624 0x000002449bf11310 code [0x000002449bf114c0, 0x000002449bf11718]
Event: 3.789 Thread 0x00000244b04a03d0 2626       3       java.util.IdentityHashMap$IdentityHashMapIterator::nextIndex (72 bytes)
Event: 3.789 Thread 0x00000244b04a03d0 nmethod 2626 0x0000024494d5b310 code [0x0000024494d5b4e0, 0x0000024494d5b868]
Event: 3.790 Thread 0x00000244b04a03d0 2627       1       java.util.concurrent.CopyOnWriteArrayList::getArray (5 bytes)
Event: 3.790 Thread 0x00000244b04a03d0 nmethod 2627 0x000002449bf11910 code [0x000002449bf11aa0, 0x000002449bf11b58]

GC Heap History (10 events):
Event: 0.329 GC heap before
{Heap before GC invocations=0 (full 0):
 garbage-first heap   total 262144K, used 28672K [0x0000000701200000, 0x0000000800000000)
  region size 2048K, 11 young (22528K), 0 survivors (0K)
 Metaspace       used 4689K, capacity 4854K, committed 4992K, reserved 1056768K
  class space    used 515K, capacity 574K, committed 640K, reserved 1048576K
}
Event: 0.333 GC heap after
{Heap after GC invocations=1 (full 0):
 garbage-first heap   total 262144K, used 12058K [0x0000000701200000, 0x0000000800000000)
  region size 2048K, 2 young (4096K), 2 survivors (4096K)
 Metaspace       used 4689K, capacity 4854K, committed 4992K, reserved 1056768K
  class space    used 515K, capacity 574K, committed 640K, reserved 1048576K
}
Event: 0.456 GC heap before
{Heap before GC invocations=1 (full 0):
 garbage-first heap   total 262144K, used 38682K [0x0000000701200000, 0x0000000800000000)
  region size 2048K, 12 young (24576K), 2 survivors (4096K)
 Metaspace       used 7726K, capacity 7858K, committed 8064K, reserved 1056768K
  class space    used 802K, capacity 865K, committed 896K, reserved 1048576K
}
Event: 0.459 GC heap after
{Heap after GC invocations=2 (full 0):
 garbage-first heap   total 262144K, used 13368K [0x0000000701200000, 0x0000000800000000)
  region size 2048K, 2 young (4096K), 2 survivors (4096K)
 Metaspace       used 7726K, capacity 7858K, committed 8064K, reserved 1056768K
  class space    used 802K, capacity 865K, committed 896K, reserved 1048576K
}
Event: 0.558 GC heap before
{Heap before GC invocations=2 (full 0):
 garbage-first heap   total 262144K, used 54328K [0x0000000701200000, 0x0000000800000000)
  region size 2048K, 19 young (38912K), 2 survivors (4096K)
 Metaspace       used 10521K, capacity 10712K, committed 11008K, reserved 1058816K
  class space    used 1095K, capacity 1155K, committed 1280K, reserved 1048576K
}
Event: 0.560 GC heap after
{Heap after GC invocations=3 (full 0):
 garbage-first heap   total 262144K, used 24568K [0x0000000701200000, 0x0000000800000000)
  region size 2048K, 3 young (6144K), 3 survivors (6144K)
 Metaspace       used 10521K, capacity 10712K, committed 11008K, reserved 1058816K
  class space    used 1095K, capacity 1155K, committed 1280K, reserved 1048576K
}
Event: 1.127 GC heap before
{Heap before GC invocations=3 (full 0):
 garbage-first heap   total 262144K, used 221176K [0x0000000701200000, 0x0000000800000000)
  region size 2048K, 58 young (118784K), 3 survivors (6144K)
 Metaspace       used 19009K, capacity 19188K, committed 19328K, reserved 1067008K
  class space    used 1993K, capacity 2057K, committed 2176K, reserved 1048576K
}
Event: 1.133 GC heap after
{Heap after GC invocations=4 (full 0):
 garbage-first heap   total 262144K, used 75975K [0x0000000701200000, 0x0000000800000000)
  region size 2048K, 8 young (16384K), 8 survivors (16384K)
 Metaspace       used 19009K, capacity 19188K, committed 19328K, reserved 1067008K
  class space    used 1993K, capacity 2057K, committed 2176K, reserved 1048576K
}
Event: 1.255 GC heap before
{Heap before GC invocations=5 (full 0):
 garbage-first heap   total 262144K, used 123079K [0x0000000701200000, 0x0000000800000000)
  region size 2048K, 9 young (18432K), 8 survivors (16384K)
 Metaspace       used 19415K, capacity 19636K, committed 19840K, reserved 1067008K
  class space    used 2037K, capacity 2121K, committed 2176K, reserved 1048576K
}
Event: 1.281 GC heap after
{Heap after GC invocations=6 (full 0):
 garbage-first heap   total 315392K, used 72928K [0x0000000701200000, 0x0000000800000000)
  region size 2048K, 1 young (2048K), 1 survivors (2048K)
 Metaspace       used 19415K, capacity 19636K, committed 19840K, reserved 1067008K
  class space    used 2037K, capacity 2121K, committed 2176K, reserved 1048576K
}

Deoptimization events (20 events):
Event: 2.826 Thread 0x00000244bab3c580 Uncommon trap: trap_request=0xffffffbe fr.pc=0x000002449bf0e980 relative=0x0000000000000060
Event: 2.826 Thread 0x00000244bab3c580 Uncommon trap: reason=profile_predicate action=maybe_recompile pc=0x000002449bf0e980 method=engine.physics2d.Collisions.detection(Ljava/util/List;)V @ 9 c2
Event: 2.826 Thread 0x00000244bab3c580 DEOPT PACKING pc=0x000002449bf0e980 sp=0x0000007ed92ff320
Event: 2.826 Thread 0x00000244bab3c580 DEOPT UNPACKING pc=0x000002449434e42f sp=0x0000007ed92ff2a0 mode 2
Event: 2.826 Thread 0x00000244bab3c580 Uncommon trap: trap_request=0xffffffbe fr.pc=0x000002449bf0e980 relative=0x0000000000000060
Event: 2.826 Thread 0x00000244bab3c580 Uncommon trap: reason=profile_predicate action=maybe_recompile pc=0x000002449bf0e980 method=engine.physics2d.Collisions.detection(Ljava/util/List;)V @ 9 c2
Event: 2.826 Thread 0x00000244bab3c580 DEOPT PACKING pc=0x000002449bf0e980 sp=0x0000007ed92ff320
Event: 2.826 Thread 0x00000244bab3c580 DEOPT UNPACKING pc=0x000002449434e42f sp=0x0000007ed92ff2a0 mode 2
Event: 2.826 Thread 0x00000244bab3c580 Uncommon trap: trap_request=0xffffffbe fr.pc=0x000002449bf0e980 relative=0x0000000000000060
Event: 2.826 Thread 0x00000244bab3c580 Uncommon trap: reason=profile_predicate action=maybe_recompile pc=0x000002449bf0e980 method=engine.physics2d.Collisions.detection(Ljava/util/List;)V @ 9 c2
Event: 2.826 Thread 0x00000244bab3c580 DEOPT PACKING pc=0x000002449bf0e980 sp=0x0000007ed92ff320
Event: 2.826 Thread 0x00000244bab3c580 DEOPT UNPACKING pc=0x000002449434e42f sp=0x0000007ed92ff2a0 mode 2
Event: 3.774 Thread 0x00000244bab17d70 Uncommon trap: trap_request=0xffffffc6 fr.pc=0x000002449bed04b4 relative=0x00000000000003f4
Event: 3.774 Thread 0x00000244bab17d70 Uncommon trap: reason=bimorphic_or_optimized_type_check action=maybe_recompile pc=0x000002449bed04b4 method=java.util.HashMap.getNode(Ljava/lang/Object;)Ljava/util/HashMap$Node; @ 128 c2
Event: 3.774 Thread 0x00000244bab17d70 DEOPT PACKING pc=0x000002449bed04b4 sp=0x0000007eda6fdcd0
Event: 3.774 Thread 0x00000244bab17d70 DEOPT UNPACKING pc=0x000002449434e42f sp=0x0000007eda6fdbd8 mode 2
Event: 3.775 Thread 0x00000244bab17d70 Uncommon trap: trap_request=0xffffffc6 fr.pc=0x000002449bed04b4 relative=0x00000000000003f4
Event: 3.775 Thread 0x00000244bab17d70 Uncommon trap: reason=bimorphic_or_optimized_type_check action=maybe_recompile pc=0x000002449bed04b4 method=java.util.HashMap.getNode(Ljava/lang/Object;)Ljava/util/HashMap$Node; @ 128 c2
Event: 3.775 Thread 0x00000244bab17d70 DEOPT PACKING pc=0x000002449bed04b4 sp=0x0000007eda6fdd20
Event: 3.775 Thread 0x00000244bab17d70 DEOPT UNPACKING pc=0x000002449434e42f sp=0x0000007eda6fdc28 mode 2

Classes unloaded (0 events):
No events

Classes redefined (0 events):
No events

Internal exceptions (20 events):
Event: 0.105 Thread 0x000002448c0c3c00 Exception <a 'java/lang/NoSuchMethodError'{0x0000000710832df8}: 'java.lang.Object java.lang.invoke.DirectMethodHandle$Holder.invokeStatic(java.lang.Object)'> (0x0000000710832df8) 
thrown [./open/src/hotspot/share/interpreter/linkResolver.cpp, line 782]
Event: 0.127 Thread 0x000002448c0c3c00 Exception <a 'java/lang/NoSuchMethodError'{0x000000071088fd20}: 'java.lang.Object java.lang.invoke.DirectMethodHandle$Holder.invokeStaticInit(java.lang.Object)'> (0x000000071088fd20) 
thrown [./open/src/hotspot/share/interpreter/linkResolver.cpp, line 782]
Event: 0.262 Thread 0x000002448c0c3c00 Exception <a 'java/lang/NoSuchMethodError'{0x00000007109748c8}: 'java.lang.Object java.lang.invoke.DirectMethodHandle$Holder.newInvokeSpecial(java.lang.Object, java.lang.Object, java.lang.Object, java.lang.Object, java.lang.Object)'> (0x00000007109748c8) 
thrown [./open/src/hotspot/share/interpreter/linkResolver.cpp, line 782]
Event: 0.262 Thread 0x000002448c0c3c00 Exception <a 'java/lang/NoSuchMethodError'{0x0000000710980358}: 'java.lang.Object java.lang.invoke.DirectMethodHandle$Holder.invokeStatic(java.lang.Object, int, java.lang.Object, java.lang.Object, java.lang.Object, java.lang.Object)'> (0x0000000710980358) 
thrown [./open/src/hotspot/share/interpreter/linkResolver.cpp, line 782]
Event: 0.265 Thread 0x000002448c0c3c00 Exception <a 'java/lang/NoSuchMethodError'{0x00000007109a6600}: 'java.lang.Object java.lang.invoke.DirectMethodHandle$Holder.invokeStatic(java.lang.Object, int, java.lang.Object)'> (0x00000007109a6600) 
thrown [./open/src/hotspot/share/interpreter/linkResolver.cpp, line 782]
Event: 0.277 Thread 0x000002448c0c3c00 Exception <a 'java/lang/ClassNotFoundException'{0x000000071065ea68}: com/sun/swing/internal/plaf/metal/resources/spi/metalProvider> (0x000000071065ea68) 
thrown [./open/src/hotspot/share/classfile/systemDictionary.cpp, line 295]
Event: 0.277 Thread 0x000002448c0c3c00 Exception <a 'java/lang/ClassNotFoundException'{0x0000000710662e98}: com/sun/swing/internal/plaf/basic/resources/spi/basicProvider> (0x0000000710662e98) 
thrown [./open/src/hotspot/share/classfile/systemDictionary.cpp, line 295]
Event: 0.359 Thread 0x00000244b1397e30 Exception <a 'java/lang/NoSuchMethodError'{0x000000071086ec98}: 'void java.lang.invoke.DirectMethodHandle$Holder.invokeStatic(java.lang.Object, java.lang.Object)'> (0x000000071086ec98) 
thrown [./open/src/hotspot/share/interpreter/linkResolver.cpp, line 782]
Event: 0.360 Thread 0x00000244b1397e30 Exception <a 'java/lang/NoSuchMethodError'{0x00000007108726a0}: 'void java.lang.invoke.DirectMethodHandle$Holder.invokeStaticInit(java.lang.Object, java.lang.Object)'> (0x00000007108726a0) 
thrown [./open/src/hotspot/share/interpreter/linkResolver.cpp, line 782]
Event: 0.379 Thread 0x00000244b1397e30 Implicit null exception at 0x000002449bdfc175 to 0x000002449bdfc250
Event: 0.539 Thread 0x00000244b1397e30 Exception <a 'java/lang/NoSuchMethodError'{0x000000070f0b0728}: 'java.lang.Object java.lang.invoke.DirectMethodHandle$Holder.invokeStaticInit(java.lang.Object, int, int, int, int)'> (0x000000070f0b0728) 
thrown [./open/src/hotspot/share/interpreter/linkResolver.cpp, line 782]
Event: 0.561 Thread 0x00000244b1397e30 Exception <a 'java/lang/NoSuchMethodError'{0x0000000711005448}: 'java.lang.Object java.lang.invoke.DirectMethodHandle$Holder.invokeStaticInit(java.lang.Object, java.lang.Object, int, int, int, int)'> (0x0000000711005448) 
thrown [./open/src/hotspot/share/interpreter/linkResolver.cpp, line 782]
Event: 0.697 Thread 0x00000244b1397e30 Implicit null exception at 0x000002449be12553 to 0x000002449be130b4
Event: 0.970 Thread 0x00000244b1397e30 Exception <a 'java/lang/NoSuchMethodError'{0x000000070aacc6c8}: 'void java.lang.invoke.DirectMethodHandle$Holder.invokeStaticInit(java.lang.Object)'> (0x000000070aacc6c8) 
thrown [./open/src/hotspot/share/interpreter/linkResolver.cpp, line 782]
Event: 1.017 Thread 0x00000244b1397e30 Implicit null exception at 0x000002449bec87ac to 0x000002449bec88cc
Event: 1.109 Thread 0x00000244b1397e30 Implicit null exception at 0x000002449bee3e76 to 0x000002449bee418c
Event: 1.109 Thread 0x00000244b1397e30 Implicit null exception at 0x000002449bee5062 to 0x000002449bee59fc
Event: 1.109 Thread 0x00000244b1397e30 Implicit null exception at 0x000002449bee6cbc to 0x000002449bee7400
Event: 1.110 Thread 0x00000244b1397e30 Implicit null exception at 0x000002449bee8564 to 0x000002449bee8c38
Event: 1.726 Thread 0x00000244bab3c580 Exception <a 'java/lang/NoSuchMethodError'{0x000000071422bb30}: 'void java.lang.invoke.DirectMethodHandle$Holder.invokeStatic(java.lang.Object, java.lang.Object, java.lang.Object)'> (0x000000071422bb30) 
thrown [./open/src/hotspot/share/interpreter/linkResolver.cpp, line 782]

Events (20 events):
Event: 3.785 loading class sun/util/resources/TimeZoneNames
Event: 3.785 loading class sun/util/resources/TimeZoneNames done
Event: 3.785 loading class sun/util/resources/TimeZoneNames_en
Event: 3.785 loading class sun/util/resources/TimeZoneNames_en done
Event: 3.787 loading class java/io/FileOutputStream$1
Event: 3.787 loading class java/io/FileOutputStream$1 done
Event: 3.787 loading class java/awt/Window$1DisposeAction
Event: 3.787 loading class java/awt/Window$1DisposeAction done
Event: 3.787 loading class java/awt/LightweightDispatcher$2
Event: 3.787 loading class java/awt/LightweightDispatcher$2 done
Event: 3.788 loading class java/awt/event/AWTEventListenerProxy
Event: 3.788 loading class java/awt/event/AWTEventListenerProxy done
Event: 3.788 loading class java/awt/Toolkit$ToolkitEventMulticaster
Event: 3.788 loading class java/awt/Toolkit$ToolkitEventMulticaster done
Event: 3.789 Thread 0x00000244b92925b0 Thread added: 0x00000244b92925b0
Event: 3.789 Thread 0x00000244b0f4f970 Thread added: 0x00000244b0f4f970
Event: 3.789 Thread 0x00000244b0f4e630 Thread added: 0x00000244b0f4e630
Event: 3.789 Thread 0x00000244bb03b430 Thread exited: 0x00000244bb03b430
Event: 3.789 Thread 0x00000244b0f4e630 Thread exited: 0x00000244b0f4e630
Event: 3.790 Thread 0x00000244b0f4f970 Thread exited: 0x00000244b0f4f970


Dynamic libraries:
0x00007ff614ca0000 - 0x00007ff614caf000 	C:\Program Files\Java\jdk-15.0.2\bin\java.exe
0x00007ffaf02f0000 - 0x00007ffaf04e6000 	C:\Windows\SYSTEM32\ntdll.dll
0x00007ffaee760000 - 0x00007ffaee81d000 	C:\Windows\System32\KERNEL32.DLL
0x00007ffaedd60000 - 0x00007ffaee029000 	C:\Windows\System32\KERNELBASE.dll
0x00007ffaee140000 - 0x00007ffaee240000 	C:\Windows\System32\ucrtbase.dll
0x00007ffae8c40000 - 0x00007ffae8c58000 	C:\Program Files\Java\jdk-15.0.2\bin\jli.dll
0x00007ffaab510000 - 0x00007ffaab529000 	C:\Program Files\Java\jdk-15.0.2\bin\VCRUNTIME140.dll
0x00007ffaeef80000 - 0x00007ffaef02c000 	C:\Windows\System32\ADVAPI32.dll
0x00007ffaee400000 - 0x00007ffaee49e000 	C:\Windows\System32\msvcrt.dll
0x00007ffaef030000 - 0x00007ffaef0cc000 	C:\Windows\System32\sechost.dll
0x00007ffaef8c0000 - 0x00007ffaef9eb000 	C:\Windows\System32\RPCRT4.dll
0x00007ffaef480000 - 0x00007ffaef620000 	C:\Windows\System32\USER32.dll
0x00007ffaee0b0000 - 0x00007ffaee0d2000 	C:\Windows\System32\win32u.dll
0x00007ffad8870000 - 0x00007ffad8b0b000 	C:\Windows\WinSxS\amd64_microsoft.windows.common-controls_6595b64144ccf1df_6.0.19041.746_none_ca02b4b61b8320a4\COMCTL32.dll
0x00007ffaef0e0000 - 0x00007ffaef10a000 	C:\Windows\System32\GDI32.dll
0x00007ffaee240000 - 0x00007ffaee34b000 	C:\Windows\System32\gdi32full.dll
0x00007ffaedb90000 - 0x00007ffaedc2d000 	C:\Windows\System32\msvcp_win.dll
0x00007ffae8c10000 - 0x00007ffae8c1a000 	C:\Windows\SYSTEM32\VERSION.dll
0x00007ffaef190000 - 0x00007ffaef1c0000 	C:\Windows\System32\IMM32.DLL
0x00007ffacbaf0000 - 0x00007ffacbafc000 	C:\Program Files\Java\jdk-15.0.2\bin\vcruntime140_1.dll
0x00007ffaab0d0000 - 0x00007ffaab161000 	C:\Program Files\Java\jdk-15.0.2\bin\msvcp140.dll
0x00007ffaaa570000 - 0x00007ffaab0ce000 	C:\Program Files\Java\jdk-15.0.2\bin\server\jvm.dll
0x00007ffaee820000 - 0x00007ffaee828000 	C:\Windows\System32\PSAPI.DLL
0x00007ffae2730000 - 0x00007ffae2757000 	C:\Windows\SYSTEM32\WINMM.dll
0x00007ffac5920000 - 0x00007ffac5929000 	C:\Windows\SYSTEM32\WSOCK32.dll
0x00007ffaef620000 - 0x00007ffaef68b000 	C:\Windows\System32\WS2_32.dll
0x00007ffaeb9a0000 - 0x00007ffaeb9b2000 	C:\Windows\SYSTEM32\kernel.appcore.dll
0x00007ffabc9f0000 - 0x00007ffabc9fa000 	C:\Program Files\Java\jdk-15.0.2\bin\jimage.dll
0x00007ffad8f10000 - 0x00007ffad90f4000 	C:\Windows\SYSTEM32\DBGHELP.DLL
0x00007ffad8ee0000 - 0x00007ffad8f0c000 	C:\Windows\SYSTEM32\dbgcore.DLL
0x00007ffaee030000 - 0x00007ffaee0b0000 	C:\Windows\System32\bcryptPrimitives.dll
0x00007ffaab170000 - 0x00007ffaab195000 	C:\Program Files\Java\jdk-15.0.2\bin\java.dll
0x00007ffaee830000 - 0x00007ffaeef72000 	C:\Windows\System32\SHELL32.dll
0x00007ffaebba0000 - 0x00007ffaec330000 	C:\Windows\SYSTEM32\windows.storage.dll
0x00007ffaef9f0000 - 0x00007ffaefd46000 	C:\Windows\System32\combase.dll
0x00007ffaed490000 - 0x00007ffaed4bc000 	C:\Windows\SYSTEM32\Wldp.dll
0x00007ffaee350000 - 0x00007ffaee3fe000 	C:\Windows\System32\SHCORE.dll
0x00007ffaef130000 - 0x00007ffaef185000 	C:\Windows\System32\shlwapi.dll
0x00007ffaed960000 - 0x00007ffaed986000 	C:\Windows\SYSTEM32\profapi.dll
0x00007ffaab6a0000 - 0x00007ffaab6b9000 	C:\Program Files\Java\jdk-15.0.2\bin\net.dll
0x00007ffae3d70000 - 0x00007ffae3e70000 	C:\Windows\SYSTEM32\WINHTTP.dll
0x00007ffaed210000 - 0x00007ffaed27a000 	C:\Windows\system32\mswsock.dll
0x00007ffaab680000 - 0x00007ffaab692000 	C:\Program Files\Java\jdk-15.0.2\bin\nio.dll
0x00007ffaab660000 - 0x00007ffaab678000 	C:\Program Files\Java\jdk-15.0.2\bin\zip.dll
0x00007ffad27b0000 - 0x00007ffad2930000 	C:\Program Files\Java\jdk-15.0.2\bin\awt.dll
0x00007ffaee4a0000 - 0x00007ffaee56d000 	C:\Windows\System32\OLEAUT32.dll
0x00007ffaeb3e0000 - 0x00007ffaeb470000 	C:\Windows\SYSTEM32\apphelp.dll
0x00007ffaeb6b0000 - 0x00007ffaeb6df000 	C:\Windows\system32\DWMAPI.DLL
0x00007ffaeb4c0000 - 0x00007ffaeb55e000 	C:\Windows\system32\uxtheme.dll
0x00007ffad4290000 - 0x00007ffad43b5000 	C:\Windows\system32\opengl32.dll
0x00007ffae5a50000 - 0x00007ffae5a7c000 	C:\Windows\SYSTEM32\GLU32.dll
0x00007ffaef1c0000 - 0x00007ffaef2d5000 	C:\Windows\System32\MSCTF.dll
0x00007ffaef350000 - 0x00007ffaef47a000 	C:\Windows\System32\ole32.dll
0x00007ffaed610000 - 0x00007ffaed622000 	C:\Windows\SYSTEM32\msasn1.dll
0x00007ffae8bd0000 - 0x00007ffae8c01000 	C:\Windows\SYSTEM32\cryptnet.dll
0x00007ffaeda30000 - 0x00007ffaedb86000 	C:\Windows\System32\CRYPT32.dll
0x00007ffaed400000 - 0x00007ffaed40c000 	C:\Windows\SYSTEM32\cryptbase.dll
0x00007ffaee0e0000 - 0x00007ffaee140000 	C:\Windows\System32\WINTRUST.DLL
0x00007ffaef110000 - 0x00007ffaef12d000 	C:\Windows\System32\imagehlp.dll
0x00007ffaed3e0000 - 0x00007ffaed3f8000 	C:\Windows\SYSTEM32\CRYPTSP.dll
0x00007ffaecb40000 - 0x00007ffaecb74000 	C:\Windows\system32\rsaenh.dll
0x00007ffaedd30000 - 0x00007ffaedd57000 	C:\Windows\System32\bcrypt.dll
0x00007ffaec340000 - 0x00007ffaec363000 	C:\Windows\SYSTEM32\gpapi.dll
0x00007ffae60e0000 - 0x00007ffae611b000 	C:\Windows\SYSTEM32\dxcore.dll
0x00007ffaedc30000 - 0x00007ffaedc7e000 	C:\Windows\System32\cfgmgr32.dll
0x00007ffada8c0000 - 0x00007ffada8ed000 	C:\Program Files\Java\jdk-15.0.2\bin\javajpeg.dll
0x00007ffada7f0000 - 0x00007ffada82f000 	C:\Program Files\Java\jdk-15.0.2\bin\lcms.dll
0x00007ffaed920000 - 0x00007ffaed94e000 	C:\Windows\SYSTEM32\USERENV.dll
0x00007ffaeceb0000 - 0x00007ffaeceeb000 	C:\Windows\SYSTEM32\IPHLPAPI.DLL
0x00007ffaef340000 - 0x00007ffaef348000 	C:\Windows\System32\NSI.dll
0x00007ffae8b40000 - 0x00007ffae8b57000 	C:\Windows\SYSTEM32\dhcpcsvc6.DLL
0x00007ffae4de0000 - 0x00007ffae4dfd000 	C:\Windows\SYSTEM32\dhcpcsvc.DLL
0x00007ffaecf00000 - 0x00007ffaecfcb000 	C:\Windows\SYSTEM32\DNSAPI.dll
0x00007ffad2990000 - 0x00007ffad2a15000 	C:\Program Files\Java\jdk-15.0.2\bin\freetype.dll
0x00007ffad2700000 - 0x00007ffad27a9000 	C:\Program Files\Java\jdk-15.0.2\bin\fontmanager.dll
0x00007ffada620000 - 0x00007ffada65d000 	C:\Users\amaur\AppData\Local\Temp\JOCL_2_0_2-windows-x86_64.dll
0x00007ffad4160000 - 0x00007ffad41d1000 	C:\Windows\SYSTEM32\OpenCL.dll
0x00007ffa9e330000 - 0x00007ffaa0914000 	C:\Windows\System32\DriverStore\FileRepository\nvmd.inf_amd64_1408eaf9a25ed64f\nvopencl64.dll
0x00007ffadf770000 - 0x00007ffadfe46000 	C:\Windows\SYSTEM32\nvapi64.dll
0x00007ffaefdb0000 - 0x00007ffaf0217000 	C:\Windows\System32\SETUPAPI.DLL
0x00007ffae01e0000 - 0x00007ffae02db000 	C:\Windows\SYSTEM32\textinputframework.dll
0x00007ffaeb1b0000 - 0x00007ffaeb2a2000 	C:\Windows\System32\CoreMessaging.dll
0x00007ffaeaad0000 - 0x00007ffaeae2e000 	C:\Windows\System32\CoreUIComponents.dll
0x00007ffae99c0000 - 0x00007ffae9b14000 	C:\Windows\SYSTEM32\wintypes.dll
0x00007ffaec770000 - 0x00007ffaec7a3000 	C:\Windows\SYSTEM32\ntmarta.dll

dbghelp: loaded successfully - version: 4.0.5 - missing functions: none
symbol engine: initialized successfully - sym options: 0x614 - pdb path: .;C:\Program Files\Java\jdk-15.0.2\bin;C:\Windows\SYSTEM32;C:\Windows\WinSxS\amd64_microsoft.windows.common-controls_6595b64144ccf1df_6.0.19041.746_none_ca02b4b61b8320a4;C:\Program Files\Java\jdk-15.0.2\bin\server;C:\Windows\System32\DriverStore\FileRepository\nvmd.inf_amd64_1408eaf9a25ed64f;C:\Users\amaur\AppData\Local\Temp

VM Arguments:
java_command: Launcher
java_class_path (initial): C:\Users\amaur\Desktop\roguelike-proto\lib\runtime\scala-compiler-2.12.2.jar;C:\Users\amaur\Desktop\roguelike-proto\lib\runtime\scala-library-2.12.2.jar;C:\Users\amaur\Desktop\roguelike-proto\lib\runtime\scala-reflect-2.12.2.jar;C:\Users\amaur\Desktop\roguelike-proto\bin;C:\Users\amaur\Desktop\roguelike-proto\lib\third-party\aspose\aspose-psd-20.9-jdk16.jar;C:\Users\amaur\Desktop\roguelike-proto\lib\third-party\jocl\jocl-2.0.2.jar;C:\Users\amaur\Desktop\roguelike-proto\lib\third-party\jxinput\jxinput-0.3.4.jar
Launcher Type: SUN_STANDARD

[Global flags]
     intx CICompilerCount                          = 4                                         {product} {ergonomic}
     uint ConcGCThreads                            = 3                                         {product} {ergonomic}
     uint G1ConcRefinementThreads                  = 10                                        {product} {ergonomic}
   size_t G1HeapRegionSize                         = 2097152                                   {product} {ergonomic}
    uintx GCDrainStackTargetSize                   = 64                                        {product} {ergonomic}
   size_t InitialHeapSize                          = 268435456                                 {product} {ergonomic}
   size_t MarkStackSize                            = 4194304                                   {product} {ergonomic}
   size_t MaxHeapSize                              = 4276092928                                {product} {ergonomic}
   size_t MaxNewSize                               = 2564816896                                {product} {ergonomic}
   size_t MinHeapDeltaBytes                        = 2097152                                   {product} {ergonomic}
   size_t MinHeapSize                              = 8388608                                   {product} {ergonomic}
    uintx NonNMethodCodeHeapSize                   = 5839372                                {pd product} {ergonomic}
    uintx NonProfiledCodeHeapSize                  = 122909434                              {pd product} {ergonomic}
    uintx ProfiledCodeHeapSize                     = 122909434                              {pd product} {ergonomic}
    uintx ReservedCodeCacheSize                    = 251658240                              {pd product} {ergonomic}
     bool SegmentedCodeCache                       = true                                      {product} {ergonomic}
   size_t SoftMaxHeapSize                          = 4276092928                             {manageable} {ergonomic}
     bool UseCompressedClassPointers               = true                                 {lp64_product} {ergonomic}
     bool UseCompressedOops                        = true                                 {lp64_product} {ergonomic}
     bool UseG1GC                                  = true                                      {product} {ergonomic}
     bool UseLargePagesIndividualAllocation        = false                                  {pd product} {ergonomic}

Logging:
Log output configuration:
 #0: stdout all=warning uptime,level,tags
 #1: stderr all=off uptime,level,tags

Environment Variables:
JAVA_HOME=C:/Program Files/Java/jdk-15.0.2
PATH=C:\Program Files\Git\mingw64\bin;C:\Program Files\Git\usr\bin;C:\Users\amaur\bin;C:\Python39\Scripts;C:\Python39;C:\Program Files\Common Files\Oracle\Java\javapath;C:\Program Files (x86)\Common Files\Oracle\Java\javapath;C:\Windows\system32;C:\Windows;C:\Windows\System32\Wbem;C:\Windows\System32\WindowsPowerShell\v1.0;C:\Windows\System32\OpenSSH;C:\Program Files\nodejs;C:\ProgramData\chocolatey\bin;C:\Program Files\Java\jdk-15.0.2\bin;C:\Program Files\Ant\apache-ant-1.10.9\bin;C:\Users\amaur\AppData\Local\Microsoft\WindowsApps;C:\Users\amaur\AppData\Local\Programs\Microsoft VS Code\bin;C:\Users\amaur\AppData\Roaming\npm
USERNAME=amaur
LANG=en_GB.UTF-8
OS=Windows_NT
PROCESSOR_IDENTIFIER=AMD64 Family 23 Model 113 Stepping 0, AuthenticAMD



---------------  S Y S T E M  ---------------

OS:
 Windows 10 , 64 bit Build 19041 (10.0.19041.804)
OS uptime: 0 days 8:03 hours

CPU: total 12 (initial active 12) (12 cores per cpu, 2 threads per core) family 23 model 113 stepping 0 microcode 0x0, cmov, cx8, fxsr, mmx, sse, sse2, sse3, ssse3, sse4.1, sse4.2, popcnt, vzeroupper, avx, avx2, aes, clmul, 3dnowpref, lzcnt, sse4a, ht, tsc, tscinvbit, tscinv, bmi1, bmi2, adx, sha, fma, clflush, clflushopt

Memory: 4k page, system-wide physical 16311M (10125M free)
TotalPageFile size 18743M (AvailPageFile size 9293M)
current process WorkingSet (physical memory assigned to process): 357M, peak: 446M
current process commit charge ("private bytes"): 708M, peak: 868M

vm_info: Java HotSpot(TM) 64-Bit Server VM (15.0.2+7-27) for windows-amd64 JRE (15.0.2+7-27), built on Dec  7 2020 20:07:01 by "mach5one" with unknown MS VC++:1925

END.
